{
  "stats": {
    "suites": 1,
    "tests": 1,
    "passes": 1,
    "pending": 0,
    "failures": 0,
    "start": "2025-07-04T01:07:39.340Z",
    "end": "2025-07-04T01:07:39.384Z",
    "duration": 44,
    "testsRegistered": 1,
    "passPercent": 100,
    "pendingPercent": 0,
    "other": 0,
    "hasOther": false,
    "skipped": 0,
    "hasSkipped": false
  },
  "results": [
    {
      "uuid": "d99e3ce1-1a36-41be-8c4d-8dc06229de2d",
      "title": "",
      "fullFile": "D:\\Uni\\C455\\Project\\team10\\server\\src\\tests\\integration\\auth.test.ts",
      "file": "\\src\\tests\\integration\\auth.test.ts",
      "beforeHooks": [],
      "afterHooks": [],
      "tests": [],
      "suites": [
        {
          "uuid": "5eeb9a76-0fc9-43df-af76-60e9fa1c7d0a",
          "title": "Auth API",
          "fullFile": "D:\\Uni\\C455\\Project\\team10\\server\\src\\tests\\integration\\auth.test.ts",
          "file": "\\src\\tests\\integration\\auth.test.ts",
          "beforeHooks": [
            {
              "title": "\"before all\" hook in \"Auth API\"",
              "fullTitle": "Auth API \"before all\" hook in \"Auth API\"",
              "timedOut": false,
              "duration": 1,
              "state": null,
              "speed": null,
              "pass": false,
              "fail": false,
              "pending": false,
              "context": null,
              "code": "app = (0, express_1.default)();\napp.use(express_1.default.json());\napp.use('/api/auth', auth_1.default);",
              "err": {},
              "uuid": "423493a6-0d9c-44e0-bc78-dca74ae13f71",
              "parentUUID": "5eeb9a76-0fc9-43df-af76-60e9fa1c7d0a",
              "isHook": true,
              "skipped": false
            }
          ],
          "afterHooks": [
            {
              "title": "\"after each\" hook in \"Auth API\"",
              "fullTitle": "Auth API \"after each\" hook in \"Auth API\"",
              "timedOut": false,
              "duration": 0,
              "state": null,
              "speed": null,
              "pass": false,
              "fail": false,
              "pending": false,
              "context": null,
              "code": "sinon_1.default.restore();",
              "err": {},
              "uuid": "4aae74bf-8e05-47c0-bc7e-ceddf43136cf",
              "parentUUID": "5eeb9a76-0fc9-43df-af76-60e9fa1c7d0a",
              "isHook": true,
              "skipped": false
            }
          ],
          "tests": [
            {
              "title": "should create a real test data",
              "fullTitle": "Auth API should create a real test data",
              "timedOut": false,
              "duration": 35,
              "state": "passed",
              "speed": "fast",
              "pass": true,
              "fail": false,
              "pending": false,
              "context": null,
              "code": "__awaiter(void 0, void 0, void 0, function* () {\n        const response = yield (0, supertest_1.default)(app)\n            .post('/api/auth/register')\n            .send({\n            email: 'test@example.com',\n            password: 'password123'\n        });\n    })",
              "err": {},
              "uuid": "df47fa6a-bc01-4e84-8212-7c6153a929c3",
              "parentUUID": "5eeb9a76-0fc9-43df-af76-60e9fa1c7d0a",
              "isHook": false,
              "skipped": false
            }
          ],
          "suites": [],
          "passes": [
            "df47fa6a-bc01-4e84-8212-7c6153a929c3"
          ],
          "failures": [],
          "pending": [],
          "skipped": [],
          "duration": 35,
          "root": false,
          "rootEmpty": false,
          "_timeout": 20000
        }
      ],
      "passes": [],
      "failures": [],
      "pending": [],
      "skipped": [],
      "duration": 0,
      "root": true,
      "rootEmpty": true,
      "_timeout": 20000
    }
  ],
  "meta": {
    "mocha": {
      "version": "11.7.0"
    },
    "mochawesome": {
      "options": {
        "quiet": false,
        "reportFilename": "auth-test",
        "saveHtml": true,
        "saveJson": true,
        "consoleReporter": "spec",
        "useInlineDiffs": false,
        "code": true
      },
      "version": "7.1.3"
    },
    "marge": {
      "options": {
        "reportDir": "mochawesome-auth",
        "reportFilename": "auth-test"
      },
      "version": "6.2.0"
    }
  }
}