{
  "stats": {
    "suites": 15,
    "tests": 83,
    "passes": 78,
    "pending": 0,
    "failures": 5,
    "start": "2025-07-02T21:41:46.555Z",
    "end": "2025-07-02T21:41:56.586Z",
    "duration": 10031,
    "testsRegistered": 83,
    "passPercent": 93.97590361445783,
    "pendingPercent": 0,
    "other": 0,
    "hasOther": false,
    "skipped": 0,
    "hasSkipped": false
  },
  "results": [
    {
      "uuid": "5c5cfa17-97b7-4fca-9756-7e6e8867205c",
      "title": "",
      "fullFile": "",
      "file": "",
      "beforeHooks": [],
      "afterHooks": [],
      "tests": [],
      "suites": [
        {
          "uuid": "72344f72-1e96-4264-902e-a752c1509eb5",
          "title": "Auth API",
          "fullFile": "D:\\Uni\\C455\\Project\\team10\\server\\src\\tests\\integration\\auth.test.ts",
          "file": "\\src\\tests\\integration\\auth.test.ts",
          "beforeHooks": [
            {
              "title": "\"before all\" hook in \"Auth API\"",
              "fullTitle": "Auth API \"before all\" hook in \"Auth API\"",
              "timedOut": false,
              "duration": 1,
              "state": null,
              "speed": null,
              "pass": false,
              "fail": false,
              "pending": false,
              "context": null,
              "code": "app = (0, express_1.default)();\napp.use(express_1.default.json());\napp.use('/api/auth', auth_1.default);",
              "err": {},
              "uuid": "6fb28e9c-7886-4e3f-a5da-8aef4b83a801",
              "parentUUID": "72344f72-1e96-4264-902e-a752c1509eb5",
              "isHook": true,
              "skipped": false
            }
          ],
          "afterHooks": [
            {
              "title": "\"after each\" hook in \"Auth API\"",
              "fullTitle": "Auth API \"after each\" hook in \"Auth API\"",
              "timedOut": false,
              "duration": 0,
              "state": null,
              "speed": null,
              "pass": false,
              "fail": false,
              "pending": false,
              "context": null,
              "code": "sinon_1.default.restore();",
              "err": {},
              "uuid": "f33d7999-9504-4133-b1b4-24cc53e206d1",
              "parentUUID": "72344f72-1e96-4264-902e-a752c1509eb5",
              "isHook": true,
              "skipped": false
            }
          ],
          "tests": [],
          "suites": [
            {
              "uuid": "dcbd12c8-b432-4e88-88c4-3fb15192c159",
              "title": "/api/auth/register POST",
              "fullFile": "D:\\Uni\\C455\\Project\\team10\\server\\src\\tests\\integration\\auth.test.ts",
              "file": "\\src\\tests\\integration\\auth.test.ts",
              "beforeHooks": [],
              "afterHooks": [],
              "tests": [
                {
                  "title": "should return 400 for missing name",
                  "fullTitle": "Auth API /api/auth/register POST should return 400 for missing name",
                  "timedOut": false,
                  "duration": 47,
                  "state": "passed",
                  "speed": "medium",
                  "pass": true,
                  "fail": false,
                  "pending": false,
                  "context": null,
                  "code": "__awaiter(void 0, void 0, void 0, function* () {\n            const response = yield (0, supertest_1.default)(app)\n                .post('/api/auth/register')\n                .send({\n                email: 'test@example.com',\n                password: 'password123'\n            })\n                .expect(400);\n            (0, chai_1.expect)(response.body).to.deep.equal({\n                success: false,\n                error: 'name, email and password are required'\n            });\n        })",
                  "err": {},
                  "uuid": "bf581e7f-a376-4a08-9e2f-9ffa71b04559",
                  "parentUUID": "dcbd12c8-b432-4e88-88c4-3fb15192c159",
                  "isHook": false,
                  "skipped": false
                },
                {
                  "title": "should return 400 for missing email",
                  "fullTitle": "Auth API /api/auth/register POST should return 400 for missing email",
                  "timedOut": false,
                  "duration": 7,
                  "state": "passed",
                  "speed": "fast",
                  "pass": true,
                  "fail": false,
                  "pending": false,
                  "context": null,
                  "code": "__awaiter(void 0, void 0, void 0, function* () {\n            const response = yield (0, supertest_1.default)(app)\n                .post('/api/auth/register')\n                .send({\n                name: 'test name',\n                password: 'password123'\n            })\n                .expect(400);\n            (0, chai_1.expect)(response.body).to.deep.equal({\n                success: false,\n                error: 'name, email and password are required'\n            });\n        })",
                  "err": {},
                  "uuid": "d1337015-1e28-4e31-99bc-77f8c8ea42e1",
                  "parentUUID": "dcbd12c8-b432-4e88-88c4-3fb15192c159",
                  "isHook": false,
                  "skipped": false
                },
                {
                  "title": "should return 400 for missing password",
                  "fullTitle": "Auth API /api/auth/register POST should return 400 for missing password",
                  "timedOut": false,
                  "duration": 7,
                  "state": "passed",
                  "speed": "fast",
                  "pass": true,
                  "fail": false,
                  "pending": false,
                  "context": null,
                  "code": "__awaiter(void 0, void 0, void 0, function* () {\n            const response = yield (0, supertest_1.default)(app)\n                .post('/api/auth/register')\n                .send({\n                name: 'test name',\n                email: 'test@example.com',\n            })\n                .expect(400);\n            (0, chai_1.expect)(response.body).to.deep.equal({\n                success: false,\n                error: 'name, email and password are required'\n            });\n        })",
                  "err": {},
                  "uuid": "e0efb6bc-70fe-4258-9447-e638783045c9",
                  "parentUUID": "dcbd12c8-b432-4e88-88c4-3fb15192c159",
                  "isHook": false,
                  "skipped": false
                },
                {
                  "title": "should return 400 for non string name",
                  "fullTitle": "Auth API /api/auth/register POST should return 400 for non string name",
                  "timedOut": false,
                  "duration": 26,
                  "state": "passed",
                  "speed": "fast",
                  "pass": true,
                  "fail": false,
                  "pending": false,
                  "context": null,
                  "code": "__awaiter(void 0, void 0, void 0, function* () {\n            const response = yield (0, supertest_1.default)(app)\n                .post('/api/auth/register')\n                .send({\n                name: 123,\n                email: 'test@example.com',\n                password: 'password123'\n            })\n                .expect(400);\n            (0, chai_1.expect)(response.body).to.deep.equal({\n                success: false,\n                error: 'name, email and password need to be strings'\n            });\n        })",
                  "err": {},
                  "uuid": "bd71a27b-43d4-4d4c-a2c2-c5b0f9e3637e",
                  "parentUUID": "dcbd12c8-b432-4e88-88c4-3fb15192c159",
                  "isHook": false,
                  "skipped": false
                },
                {
                  "title": "should return 400 for non string email",
                  "fullTitle": "Auth API /api/auth/register POST should return 400 for non string email",
                  "timedOut": false,
                  "duration": 31,
                  "state": "passed",
                  "speed": "fast",
                  "pass": true,
                  "fail": false,
                  "pending": false,
                  "context": null,
                  "code": "__awaiter(void 0, void 0, void 0, function* () {\n            const response = yield (0, supertest_1.default)(app)\n                .post('/api/auth/register')\n                .send({\n                name: 'test name',\n                email: 123,\n                password: 'password123'\n            })\n                .expect(400);\n            (0, chai_1.expect)(response.body).to.deep.equal({\n                success: false,\n                error: 'name, email and password need to be strings'\n            });\n        })",
                  "err": {},
                  "uuid": "8513a87d-7c98-44ed-8dc6-e53ef5d70908",
                  "parentUUID": "dcbd12c8-b432-4e88-88c4-3fb15192c159",
                  "isHook": false,
                  "skipped": false
                },
                {
                  "title": "should return 400 for non string password",
                  "fullTitle": "Auth API /api/auth/register POST should return 400 for non string password",
                  "timedOut": false,
                  "duration": 48,
                  "state": "passed",
                  "speed": "medium",
                  "pass": true,
                  "fail": false,
                  "pending": false,
                  "context": null,
                  "code": "__awaiter(void 0, void 0, void 0, function* () {\n            const response = yield (0, supertest_1.default)(app)\n                .post('/api/auth/register')\n                .send({\n                name: 'test name',\n                email: 'test@example.com',\n                password: 123\n            })\n                .expect(400);\n            (0, chai_1.expect)(response.body).to.deep.equal({\n                success: false,\n                error: 'name, email and password need to be strings'\n            });\n        })",
                  "err": {},
                  "uuid": "7f767394-a09d-4dbb-a49e-08915ca94567",
                  "parentUUID": "dcbd12c8-b432-4e88-88c4-3fb15192c159",
                  "isHook": false,
                  "skipped": false
                },
                {
                  "title": "should return 500 for failed email validation",
                  "fullTitle": "Auth API /api/auth/register POST should return 500 for failed email validation",
                  "timedOut": false,
                  "duration": 11,
                  "state": "passed",
                  "speed": "fast",
                  "pass": true,
                  "fail": false,
                  "pending": false,
                  "context": null,
                  "code": "__awaiter(void 0, void 0, void 0, function* () {\n            sinon_1.default.stub(UserService_1.UserService, 'getUserByEmail').throws(new Error(\"Error related to searching user with email\"));\n            const response = yield (0, supertest_1.default)(app)\n                .post('/api/auth/register')\n                .send({\n                name: 'test user',\n                email: 'test@example.com',\n                password: 'password123'\n            })\n                .expect(500);\n            (0, chai_1.expect)(response.body).to.deep.equal({\n                success: false,\n                error: 'Unable to determine validity of email'\n            });\n        })",
                  "err": {},
                  "uuid": "7deaf2ad-ee00-4a86-b865-43a1672e2b8b",
                  "parentUUID": "dcbd12c8-b432-4e88-88c4-3fb15192c159",
                  "isHook": false,
                  "skipped": false
                },
                {
                  "title": "should return 400 for existing account",
                  "fullTitle": "Auth API /api/auth/register POST should return 400 for existing account",
                  "timedOut": false,
                  "duration": 32,
                  "state": "passed",
                  "speed": "fast",
                  "pass": true,
                  "fail": false,
                  "pending": false,
                  "context": null,
                  "code": "__awaiter(void 0, void 0, void 0, function* () {\n            sinon_1.default.stub(UserService_1.UserService, 'getUserByEmail').resolves({\n                _id: 'existing_id',\n                name: 'Existing User',\n                email: 'existing@example.com',\n                password: 'hashed_password',\n                isEmailVerified: true\n            });\n            const response = yield (0, supertest_1.default)(app)\n                .post('/api/auth/register')\n                .send({\n                name: 'test user',\n                email: 'existing@example.com',\n                password: 'password123'\n            })\n                .expect(400);\n            (0, chai_1.expect)(response.body).to.deep.equal({\n                success: false,\n                error: 'Email already exists. Pleast try logging in instead'\n            });\n        })",
                  "err": {},
                  "uuid": "2eddafda-3dfe-488c-8267-d5d9bb6b5c93",
                  "parentUUID": "dcbd12c8-b432-4e88-88c4-3fb15192c159",
                  "isHook": false,
                  "skipped": false
                },
                {
                  "title": "should return 500 for failed register",
                  "fullTitle": "Auth API /api/auth/register POST should return 500 for failed register",
                  "timedOut": false,
                  "duration": 13,
                  "state": "passed",
                  "speed": "fast",
                  "pass": true,
                  "fail": false,
                  "pending": false,
                  "context": null,
                  "code": "__awaiter(void 0, void 0, void 0, function* () {\n            sinon_1.default.stub(UserService_1.UserService, 'getUserByEmail').resolves(null);\n            sinon_1.default.stub(authService_1.AuthService, 'register').throws(new Error(\"Unknown error in register\"));\n            const response = yield (0, supertest_1.default)(app)\n                .post('/api/auth/register')\n                .send({\n                name: 'test user',\n                email: 'test@example.com',\n                password: 'password123'\n            })\n                .expect(500);\n            (0, chai_1.expect)(response.body).to.deep.equal({\n                success: false,\n                error: 'Registration failed. Please try again'\n            });\n        })",
                  "err": {},
                  "uuid": "db6b5c7e-6beb-48a8-b4d9-e5c7aaee5c91",
                  "parentUUID": "dcbd12c8-b432-4e88-88c4-3fb15192c159",
                  "isHook": false,
                  "skipped": false
                },
                {
                  "title": "should return 201 on successful register",
                  "fullTitle": "Auth API /api/auth/register POST should return 201 on successful register",
                  "timedOut": false,
                  "duration": 8,
                  "state": "passed",
                  "speed": "fast",
                  "pass": true,
                  "fail": false,
                  "pending": false,
                  "context": null,
                  "code": "__awaiter(void 0, void 0, void 0, function* () {\n            const fakeUser = {\n                _id: 'test user id',\n                name: 'test user',\n                email: 'test@example.com',\n                isEmailVerified: true,\n                verificationToken: 'test token',\n                verificationTokenExpires: (new Date(Date.now() + 24 * 60 * 60 * 1000)).toISOString(),\n                createdAt: (new Date()).toISOString(),\n                updatedAt: (new Date()).toISOString(),\n            };\n            sinon_1.default.stub(UserService_1.UserService, 'getUserByEmail').resolves(null);\n            sinon_1.default.stub(authService_1.AuthService, 'register').resolves({\n                token: '123abc',\n                user: fakeUser\n            });\n            const response = yield (0, supertest_1.default)(app)\n                .post('/api/auth/register')\n                .send({\n                name: 'test user',\n                email: 'test@example.com',\n                password: 'password123'\n            })\n                .expect(201);\n            (0, chai_1.expect)(response.body).to.deep.equal({\n                success: true,\n                message: 'Registration successful! Your account has been created and verified',\n                data: fakeUser,\n                token: '123abc'\n            });\n        })",
                  "err": {},
                  "uuid": "54c0c1ab-62fb-4231-b088-522b9a776794",
                  "parentUUID": "dcbd12c8-b432-4e88-88c4-3fb15192c159",
                  "isHook": false,
                  "skipped": false
                }
              ],
              "suites": [],
              "passes": [
                "bf581e7f-a376-4a08-9e2f-9ffa71b04559",
                "d1337015-1e28-4e31-99bc-77f8c8ea42e1",
                "e0efb6bc-70fe-4258-9447-e638783045c9",
                "bd71a27b-43d4-4d4c-a2c2-c5b0f9e3637e",
                "8513a87d-7c98-44ed-8dc6-e53ef5d70908",
                "7f767394-a09d-4dbb-a49e-08915ca94567",
                "7deaf2ad-ee00-4a86-b865-43a1672e2b8b",
                "2eddafda-3dfe-488c-8267-d5d9bb6b5c93",
                "db6b5c7e-6beb-48a8-b4d9-e5c7aaee5c91",
                "54c0c1ab-62fb-4231-b088-522b9a776794"
              ],
              "failures": [],
              "pending": [],
              "skipped": [],
              "duration": 230,
              "root": false,
              "rootEmpty": false,
              "_timeout": 20000
            },
            {
              "uuid": "c8b35e61-083f-4d87-89cc-57841423235a",
              "title": "/api/auth/login POST",
              "fullFile": "D:\\Uni\\C455\\Project\\team10\\server\\src\\tests\\integration\\auth.test.ts",
              "file": "\\src\\tests\\integration\\auth.test.ts",
              "beforeHooks": [],
              "afterHooks": [],
              "tests": [
                {
                  "title": "should return 400 for missing email",
                  "fullTitle": "Auth API /api/auth/login POST should return 400 for missing email",
                  "timedOut": false,
                  "duration": 5,
                  "state": "passed",
                  "speed": "fast",
                  "pass": true,
                  "fail": false,
                  "pending": false,
                  "context": null,
                  "code": "__awaiter(void 0, void 0, void 0, function* () {\n            const response = yield (0, supertest_1.default)(app)\n                .post('/api/auth/login')\n                .send({\n                password: 'hashed-password'\n            })\n                .expect(400);\n            (0, chai_1.expect)(response.body).to.deep.equal({\n                success: false,\n                error: \"Email and password are required\"\n            });\n        })",
                  "err": {},
                  "uuid": "edb71f14-e3d2-4174-95b6-8f1a1828d582",
                  "parentUUID": "c8b35e61-083f-4d87-89cc-57841423235a",
                  "isHook": false,
                  "skipped": false
                },
                {
                  "title": "should return 400 for missing password",
                  "fullTitle": "Auth API /api/auth/login POST should return 400 for missing password",
                  "timedOut": false,
                  "duration": 4,
                  "state": "passed",
                  "speed": "fast",
                  "pass": true,
                  "fail": false,
                  "pending": false,
                  "context": null,
                  "code": "__awaiter(void 0, void 0, void 0, function* () {\n            const response = yield (0, supertest_1.default)(app)\n                .post('/api/auth/login')\n                .send({\n                email: \"test@example.com\"\n            })\n                .expect(400);\n            (0, chai_1.expect)(response.body).to.deep.equal({\n                success: false,\n                error: \"Email and password are required\"\n            });\n        })",
                  "err": {},
                  "uuid": "2c0fa71a-d4be-4451-ad90-0af0214dd8a8",
                  "parentUUID": "c8b35e61-083f-4d87-89cc-57841423235a",
                  "isHook": false,
                  "skipped": false
                },
                {
                  "title": "should return 400 for non string email",
                  "fullTitle": "Auth API /api/auth/login POST should return 400 for non string email",
                  "timedOut": false,
                  "duration": 7,
                  "state": "passed",
                  "speed": "fast",
                  "pass": true,
                  "fail": false,
                  "pending": false,
                  "context": null,
                  "code": "__awaiter(void 0, void 0, void 0, function* () {\n            const response = yield (0, supertest_1.default)(app)\n                .post('/api/auth/login')\n                .send({\n                email: 123,\n                password: 'test-hash'\n            })\n                .expect(400);\n            (0, chai_1.expect)(response.body).to.deep.equal({\n                success: false,\n                error: \"Email and password must be strings\"\n            });\n        })",
                  "err": {},
                  "uuid": "27c22803-5021-4d53-8f55-16100abf3f19",
                  "parentUUID": "c8b35e61-083f-4d87-89cc-57841423235a",
                  "isHook": false,
                  "skipped": false
                },
                {
                  "title": "should return 400 for non string password",
                  "fullTitle": "Auth API /api/auth/login POST should return 400 for non string password",
                  "timedOut": false,
                  "duration": 5,
                  "state": "passed",
                  "speed": "fast",
                  "pass": true,
                  "fail": false,
                  "pending": false,
                  "context": null,
                  "code": "__awaiter(void 0, void 0, void 0, function* () {\n            const response = yield (0, supertest_1.default)(app)\n                .post('/api/auth/login')\n                .send({\n                email: 'test@example.com',\n                password: 123\n            })\n                .expect(400);\n            (0, chai_1.expect)(response.body).to.deep.equal({\n                success: false,\n                error: \"Email and password must be strings\"\n            });\n        })",
                  "err": {},
                  "uuid": "0c58726e-3c8d-45be-8ae2-23950e7c7e19",
                  "parentUUID": "c8b35e61-083f-4d87-89cc-57841423235a",
                  "isHook": false,
                  "skipped": false
                },
                {
                  "title": "should return 401 for bad email",
                  "fullTitle": "Auth API /api/auth/login POST should return 401 for bad email",
                  "timedOut": false,
                  "duration": 5,
                  "state": "passed",
                  "speed": "fast",
                  "pass": true,
                  "fail": false,
                  "pending": false,
                  "context": null,
                  "code": "__awaiter(void 0, void 0, void 0, function* () {\n            sinon_1.default.stub(UserService_1.UserService, 'getUserByEmail').resolves(null);\n            const response = yield (0, supertest_1.default)(app)\n                .post('/api/auth/login')\n                .send({\n                email: 'test@example.com',\n                password: 'test-hash'\n            })\n                .expect(401);\n            (0, chai_1.expect)(response.body).to.deep.equal({\n                success: false,\n                error: \"Invalid email or password\"\n            });\n        })",
                  "err": {},
                  "uuid": "a8bd2490-cb94-4eec-8e5e-9f768d766c49",
                  "parentUUID": "c8b35e61-083f-4d87-89cc-57841423235a",
                  "isHook": false,
                  "skipped": false
                },
                {
                  "title": "should return 401 for unverified email",
                  "fullTitle": "Auth API /api/auth/login POST should return 401 for unverified email",
                  "timedOut": false,
                  "duration": 5,
                  "state": "passed",
                  "speed": "fast",
                  "pass": true,
                  "fail": false,
                  "pending": false,
                  "context": null,
                  "code": "__awaiter(void 0, void 0, void 0, function* () {\n            const unverifiedUser = {\n                name: 'test name',\n                email: 'test@example.com',\n                password: 'test-hash',\n                isEmailVerified: false\n            };\n            sinon_1.default.stub(UserService_1.UserService, 'getUserByEmail').resolves(unverifiedUser);\n            const response = yield (0, supertest_1.default)(app)\n                .post('/api/auth/login')\n                .send({\n                email: 'test@example.com',\n                password: 'test-hash'\n            })\n                .expect(401);\n            (0, chai_1.expect)(response.body).to.deep.equal({\n                success: false,\n                error: \"Please verify your email before logging in\"\n            });\n        })",
                  "err": {},
                  "uuid": "5ea84c7b-ca85-4705-b041-daee6963c893",
                  "parentUUID": "c8b35e61-083f-4d87-89cc-57841423235a",
                  "isHook": false,
                  "skipped": false
                },
                {
                  "title": "should return 500 for unknown error during login",
                  "fullTitle": "Auth API /api/auth/login POST should return 500 for unknown error during login",
                  "timedOut": false,
                  "duration": 8,
                  "state": "passed",
                  "speed": "fast",
                  "pass": true,
                  "fail": false,
                  "pending": false,
                  "context": null,
                  "code": "__awaiter(void 0, void 0, void 0, function* () {\n            const userWithPassword = {\n                _id: 'test_id',\n                email: 'test@example.com',\n                password: 'test-hash',\n                isEmailVerified: true\n            };\n            sinon_1.default.stub(UserService_1.UserService, 'getUserByEmail').resolves(userWithPassword);\n            sinon_1.default.stub(authService_1.AuthService, 'login').throws(new Error(\"Some error during login\"));\n            const response = yield (0, supertest_1.default)(app)\n                .post('/api/auth/login')\n                .send({\n                email: 'test@example.com',\n                password: 'test-hash'\n            })\n                .expect(500);\n            (0, chai_1.expect)(response.body).to.deep.equal({\n                success: false,\n                error: \"Unknown authentication error\"\n            });\n        })",
                  "err": {},
                  "uuid": "9bd03e3e-c7a0-412a-8dbe-709a515c53a2",
                  "parentUUID": "c8b35e61-083f-4d87-89cc-57841423235a",
                  "isHook": false,
                  "skipped": false
                },
                {
                  "title": "should return 200 with token and user for successful login",
                  "fullTitle": "Auth API /api/auth/login POST should return 200 with token and user for successful login",
                  "timedOut": false,
                  "duration": 5,
                  "state": "passed",
                  "speed": "fast",
                  "pass": true,
                  "fail": false,
                  "pending": false,
                  "context": null,
                  "code": "__awaiter(void 0, void 0, void 0, function* () {\n            const userWithPassword = {\n                email: 'test@example.com',\n                password: 'hashed-password',\n                isEmailVerified: true,\n            };\n            const { password } = userWithPassword, userWithoutPassword = __rest(userWithPassword, [\"password\"]);\n            sinon_1.default.stub(UserService_1.UserService, 'getUserByEmail').resolves(userWithPassword);\n            sinon_1.default.stub(authService_1.AuthService, 'login').resolves({\n                token: 'token123',\n                user: userWithoutPassword\n            });\n            const response = yield (0, supertest_1.default)(app)\n                .post('/api/auth/login')\n                .send({\n                email: 'test@example.com',\n                password: 'hashed-password'\n            })\n                .expect(200);\n            (0, chai_1.expect)(response.body).to.deep.equal({\n                success: true,\n                message: 'Login successful',\n                data: userWithoutPassword,\n                token: 'token123'\n            });\n        })",
                  "err": {},
                  "uuid": "445ec705-d799-43b2-b833-58a4addbe5bf",
                  "parentUUID": "c8b35e61-083f-4d87-89cc-57841423235a",
                  "isHook": false,
                  "skipped": false
                }
              ],
              "suites": [],
              "passes": [
                "edb71f14-e3d2-4174-95b6-8f1a1828d582",
                "2c0fa71a-d4be-4451-ad90-0af0214dd8a8",
                "27c22803-5021-4d53-8f55-16100abf3f19",
                "0c58726e-3c8d-45be-8ae2-23950e7c7e19",
                "a8bd2490-cb94-4eec-8e5e-9f768d766c49",
                "5ea84c7b-ca85-4705-b041-daee6963c893",
                "9bd03e3e-c7a0-412a-8dbe-709a515c53a2",
                "445ec705-d799-43b2-b833-58a4addbe5bf"
              ],
              "failures": [],
              "pending": [],
              "skipped": [],
              "duration": 44,
              "root": false,
              "rootEmpty": false,
              "_timeout": 20000
            }
          ],
          "passes": [],
          "failures": [],
          "pending": [],
          "skipped": [],
          "duration": 0,
          "root": false,
          "rootEmpty": false,
          "_timeout": 20000
        },
        {
          "uuid": "68e38f1f-85a1-47ae-95ee-d36472bf7b8b",
          "title": "Chat API",
          "fullFile": "D:\\Uni\\C455\\Project\\team10\\server\\src\\tests\\integration\\chat.test.ts",
          "file": "\\src\\tests\\integration\\chat.test.ts",
          "beforeHooks": [
            {
              "title": "\"before all\" hook in \"Chat API\"",
              "fullTitle": "Chat API \"before all\" hook in \"Chat API\"",
              "timedOut": false,
              "duration": 0,
              "state": null,
              "speed": null,
              "pass": false,
              "fail": false,
              "pending": false,
              "context": null,
              "code": "app = (0, express_1.default)();\napp.use(express_1.default.json());\napp.use('/api/chat', chat_1.default);",
              "err": {},
              "uuid": "0aa52ba6-9012-4e81-81a8-9d0e0bbb78c7",
              "parentUUID": "68e38f1f-85a1-47ae-95ee-d36472bf7b8b",
              "isHook": true,
              "skipped": false
            }
          ],
          "afterHooks": [
            {
              "title": "\"after each\" hook in \"Chat API\"",
              "fullTitle": "Chat API \"after each\" hook in \"Chat API\"",
              "timedOut": false,
              "duration": 0,
              "state": null,
              "speed": null,
              "pass": false,
              "fail": false,
              "pending": false,
              "context": null,
              "code": "sinon_1.default.restore();",
              "err": {},
              "uuid": "5844b43b-2345-4f35-8861-c3cb0059dedb",
              "parentUUID": "68e38f1f-85a1-47ae-95ee-d36472bf7b8b",
              "isHook": true,
              "skipped": false
            }
          ],
          "tests": [],
          "suites": [
            {
              "uuid": "cae5480f-bd61-44d5-94ae-7517fde7a708",
              "title": "/api/chat POST",
              "fullFile": "D:\\Uni\\C455\\Project\\team10\\server\\src\\tests\\integration\\chat.test.ts",
              "file": "\\src\\tests\\integration\\chat.test.ts",
              "beforeHooks": [],
              "afterHooks": [],
              "tests": [
                {
                  "title": "should return 400 for missing messages",
                  "fullTitle": "Chat API /api/chat POST should return 400 for missing messages",
                  "timedOut": false,
                  "duration": 7,
                  "state": "passed",
                  "speed": "fast",
                  "pass": true,
                  "fail": false,
                  "pending": false,
                  "context": null,
                  "code": "__awaiter(void 0, void 0, void 0, function* () {\n            const response = yield (0, supertest_1.default)(app)\n                .post('/api/chat')\n                .send({\n                email: 'test@example.com'\n            })\n                .expect(400);\n            (0, chai_1.expect)(response.body).to.deep.equal({\n                success: false,\n                error: 'messages and email required'\n            });\n        })",
                  "err": {},
                  "uuid": "baf1c373-2176-47de-8339-442072c83fcb",
                  "parentUUID": "cae5480f-bd61-44d5-94ae-7517fde7a708",
                  "isHook": false,
                  "skipped": false
                },
                {
                  "title": "should return 400 for missing email",
                  "fullTitle": "Chat API /api/chat POST should return 400 for missing email",
                  "timedOut": false,
                  "duration": 4,
                  "state": "passed",
                  "speed": "fast",
                  "pass": true,
                  "fail": false,
                  "pending": false,
                  "context": null,
                  "code": "__awaiter(void 0, void 0, void 0, function* () {\n            const response = yield (0, supertest_1.default)(app)\n                .post('/api/chat')\n                .send({\n                messages: [\n                    {\n                        speaker: 'user',\n                        text: 'first message'\n                    },\n                    {\n                        speaker: 'bot',\n                        text: 'first reply'\n                    }\n                ]\n            })\n                .expect(400);\n            (0, chai_1.expect)(response.body).to.deep.equal({\n                success: false,\n                error: 'messages and email required'\n            });\n        })",
                  "err": {},
                  "uuid": "555aaad1-f060-463a-b3b6-e3891cc50412",
                  "parentUUID": "cae5480f-bd61-44d5-94ae-7517fde7a708",
                  "isHook": false,
                  "skipped": false
                },
                {
                  "title": "should return 400 for non string email",
                  "fullTitle": "Chat API /api/chat POST should return 400 for non string email",
                  "timedOut": false,
                  "duration": 5,
                  "state": "passed",
                  "speed": "fast",
                  "pass": true,
                  "fail": false,
                  "pending": false,
                  "context": null,
                  "code": "__awaiter(void 0, void 0, void 0, function* () {\n            const response = yield (0, supertest_1.default)(app)\n                .post('/api/chat')\n                .send({\n                email: 123,\n                messages: [\n                    {\n                        speaker: 'user',\n                        text: 'first message'\n                    },\n                    {\n                        speaker: 'bot',\n                        text: 'first reply'\n                    }\n                ]\n            })\n                .expect(400);\n            (0, chai_1.expect)(response.body).to.deep.equal({\n                success: false,\n                error: 'email needs to be a string'\n            });\n        })",
                  "err": {},
                  "uuid": "960a57b4-fa89-4c17-8930-97731db8b865",
                  "parentUUID": "cae5480f-bd61-44d5-94ae-7517fde7a708",
                  "isHook": false,
                  "skipped": false
                },
                {
                  "title": "should return 400 for non array messages",
                  "fullTitle": "Chat API /api/chat POST should return 400 for non array messages",
                  "timedOut": false,
                  "duration": 6,
                  "state": "passed",
                  "speed": "fast",
                  "pass": true,
                  "fail": false,
                  "pending": false,
                  "context": null,
                  "code": "__awaiter(void 0, void 0, void 0, function* () {\n            const response = yield (0, supertest_1.default)(app)\n                .post('/api/chat')\n                .send({\n                email: 'text@example.com',\n                messages: 'filler'\n            })\n                .expect(400);\n            (0, chai_1.expect)(response.body).to.deep.equal({\n                success: false,\n                error: 'messages needs to be an array'\n            });\n        })",
                  "err": {},
                  "uuid": "0d05f980-cdf3-4383-af8d-b040eb1e2386",
                  "parentUUID": "cae5480f-bd61-44d5-94ae-7517fde7a708",
                  "isHook": false,
                  "skipped": false
                },
                {
                  "title": "should return 400 for missing text in messages",
                  "fullTitle": "Chat API /api/chat POST should return 400 for missing text in messages",
                  "timedOut": false,
                  "duration": 4,
                  "state": "passed",
                  "speed": "fast",
                  "pass": true,
                  "fail": false,
                  "pending": false,
                  "context": null,
                  "code": "__awaiter(void 0, void 0, void 0, function* () {\n            const response = yield (0, supertest_1.default)(app)\n                .post('/api/chat')\n                .send({\n                email: 'text@example.com',\n                messages: [\n                    {\n                        speaker: 'bot',\n                        text: 'first message'\n                    },\n                    {\n                        speaker: 'user',\n                    },\n                ]\n            })\n                .expect(400);\n            (0, chai_1.expect)(response.body).to.deep.equal({\n                success: false,\n                error: 'Invalid speaker or text found on message'\n            });\n        })",
                  "err": {},
                  "uuid": "3a55a7ba-b363-4071-a83f-13f24155d745",
                  "parentUUID": "cae5480f-bd61-44d5-94ae-7517fde7a708",
                  "isHook": false,
                  "skipped": false
                },
                {
                  "title": "should return 400 for missing speaker in messages",
                  "fullTitle": "Chat API /api/chat POST should return 400 for missing speaker in messages",
                  "timedOut": false,
                  "duration": 3,
                  "state": "passed",
                  "speed": "fast",
                  "pass": true,
                  "fail": false,
                  "pending": false,
                  "context": null,
                  "code": "__awaiter(void 0, void 0, void 0, function* () {\n            const response = yield (0, supertest_1.default)(app)\n                .post('/api/chat')\n                .send({\n                email: 'text@example.com',\n                messages: [\n                    {\n                        speaker: 'bot',\n                        text: 'first message'\n                    },\n                    {\n                        text: 'first reply'\n                    },\n                ]\n            })\n                .expect(400);\n            (0, chai_1.expect)(response.body).to.deep.equal({\n                success: false,\n                error: 'Invalid speaker or text found on message'\n            });\n        })",
                  "err": {},
                  "uuid": "59767b6c-63d4-48df-b5c6-6279bbd4707e",
                  "parentUUID": "cae5480f-bd61-44d5-94ae-7517fde7a708",
                  "isHook": false,
                  "skipped": false
                },
                {
                  "title": "should return 400 for invalid speaker in messages",
                  "fullTitle": "Chat API /api/chat POST should return 400 for invalid speaker in messages",
                  "timedOut": false,
                  "duration": 3,
                  "state": "passed",
                  "speed": "fast",
                  "pass": true,
                  "fail": false,
                  "pending": false,
                  "context": null,
                  "code": "__awaiter(void 0, void 0, void 0, function* () {\n            const response = yield (0, supertest_1.default)(app)\n                .post('/api/chat')\n                .send({\n                email: 'text@example.com',\n                messages: [\n                    {\n                        speaker: 'bot',\n                        text: 'first message'\n                    },\n                    {\n                        speaker: 'NOT A BOT OR A USER',\n                        text: 'first reply'\n                    }\n                ]\n            })\n                .expect(400);\n            (0, chai_1.expect)(response.body).to.deep.equal({\n                success: false,\n                error: 'Invalid speaker or text found on message'\n            });\n        })",
                  "err": {},
                  "uuid": "6e51ccec-6521-464b-b275-d53a83686438",
                  "parentUUID": "cae5480f-bd61-44d5-94ae-7517fde7a708",
                  "isHook": false,
                  "skipped": false
                },
                {
                  "title": "should return 400 for non string text in messages",
                  "fullTitle": "Chat API /api/chat POST should return 400 for non string text in messages",
                  "timedOut": false,
                  "duration": 5,
                  "state": "passed",
                  "speed": "fast",
                  "pass": true,
                  "fail": false,
                  "pending": false,
                  "context": null,
                  "code": "__awaiter(void 0, void 0, void 0, function* () {\n            const response = yield (0, supertest_1.default)(app)\n                .post('/api/chat')\n                .send({\n                email: 'text@example.com',\n                messages: [\n                    {\n                        speaker: 'bot',\n                        text: 'first message'\n                    },\n                    {\n                        speaker: 'user',\n                        text: 12345\n                    }\n                ]\n            })\n                .expect(400);\n            (0, chai_1.expect)(response.body).to.deep.equal({\n                success: false,\n                error: 'Invalid speaker or text found on message'\n            });\n        })",
                  "err": {},
                  "uuid": "860b6c0a-6670-4444-bc07-ad249edd2823",
                  "parentUUID": "cae5480f-bd61-44d5-94ae-7517fde7a708",
                  "isHook": false,
                  "skipped": false
                },
                {
                  "title": "should return 500 for failed save chat",
                  "fullTitle": "Chat API /api/chat POST should return 500 for failed save chat",
                  "timedOut": false,
                  "duration": 7,
                  "state": "passed",
                  "speed": "fast",
                  "pass": true,
                  "fail": false,
                  "pending": false,
                  "context": null,
                  "code": "__awaiter(void 0, void 0, void 0, function* () {\n            sinon_1.default.stub(ChatService_1.ChatService, 'saveChat').throws(new Error(\"Some error in save chat\"));\n            const response = yield (0, supertest_1.default)(app)\n                .post('/api/chat')\n                .send({\n                email: 'text@example.com',\n                messages: [\n                    {\n                        speaker: 'bot',\n                        text: 'first message'\n                    },\n                    {\n                        speaker: 'user',\n                        text: 'first reply'\n                    }\n                ]\n            })\n                .expect(500);\n            (0, chai_1.expect)(response.body).to.deep.equal({\n                success: false,\n                error: 'Unable to save chat'\n            });\n        })",
                  "err": {},
                  "uuid": "ac89d76d-a6f9-4077-9530-11ef328366f3",
                  "parentUUID": "cae5480f-bd61-44d5-94ae-7517fde7a708",
                  "isHook": false,
                  "skipped": false
                },
                {
                  "title": "should return 200 for working save chat",
                  "fullTitle": "Chat API /api/chat POST should return 200 for working save chat",
                  "timedOut": false,
                  "duration": 7,
                  "state": "passed",
                  "speed": "fast",
                  "pass": true,
                  "fail": false,
                  "pending": false,
                  "context": null,
                  "code": "__awaiter(void 0, void 0, void 0, function* () {\n            const testDate = new Date('2025-06-30T01:14:27.853Z').toISOString();\n            const messagesData = [\n                {\n                    speaker: 'bot',\n                    text: 'first message',\n                    timestamp: testDate\n                },\n                {\n                    speaker: 'user',\n                    text: 'first reply',\n                    timestamp: testDate\n                }\n            ];\n            const mockChat = {\n                messages: messagesData,\n                email: 'text@example.com',\n                createdAt: testDate\n            };\n            sinon_1.default.stub(ChatService_1.ChatService, 'saveChat').resolves(mockChat);\n            const response = yield (0, supertest_1.default)(app)\n                .post('/api/chat')\n                .send({\n                email: 'text@example.com',\n                messages: messagesData\n            })\n                .expect(201);\n            (0, chai_1.expect)(response.body).to.deep.equal(mockChat);\n        })",
                  "err": {},
                  "uuid": "c7d046c5-bd01-419f-8a57-9bfcd3700d9e",
                  "parentUUID": "cae5480f-bd61-44d5-94ae-7517fde7a708",
                  "isHook": false,
                  "skipped": false
                }
              ],
              "suites": [],
              "passes": [
                "baf1c373-2176-47de-8339-442072c83fcb",
                "555aaad1-f060-463a-b3b6-e3891cc50412",
                "960a57b4-fa89-4c17-8930-97731db8b865",
                "0d05f980-cdf3-4383-af8d-b040eb1e2386",
                "3a55a7ba-b363-4071-a83f-13f24155d745",
                "59767b6c-63d4-48df-b5c6-6279bbd4707e",
                "6e51ccec-6521-464b-b275-d53a83686438",
                "860b6c0a-6670-4444-bc07-ad249edd2823",
                "ac89d76d-a6f9-4077-9530-11ef328366f3",
                "c7d046c5-bd01-419f-8a57-9bfcd3700d9e"
              ],
              "failures": [],
              "pending": [],
              "skipped": [],
              "duration": 51,
              "root": false,
              "rootEmpty": false,
              "_timeout": 20000
            }
          ],
          "passes": [],
          "failures": [],
          "pending": [],
          "skipped": [],
          "duration": 0,
          "root": false,
          "rootEmpty": false,
          "_timeout": 20000
        },
        {
          "uuid": "5c6d4112-baed-452e-b717-1b5c5739ed56",
          "title": "Chatbot API",
          "fullFile": "D:\\Uni\\C455\\Project\\team10\\server\\src\\tests\\integration\\chatbot.test.ts",
          "file": "\\src\\tests\\integration\\chatbot.test.ts",
          "beforeHooks": [
            {
              "title": "\"before all\" hook in \"Chatbot API\"",
              "fullTitle": "Chatbot API \"before all\" hook in \"Chatbot API\"",
              "timedOut": false,
              "duration": 1,
              "state": null,
              "speed": null,
              "pass": false,
              "fail": false,
              "pending": false,
              "context": null,
              "code": "app = (0, express_1.default)();\napp.use(express_1.default.json());\napp.post('/api/chatbot', chatbot_1.postChat);",
              "err": {},
              "uuid": "2c1cdaf0-180e-46d5-a510-13ab2f84b0e7",
              "parentUUID": "5c6d4112-baed-452e-b717-1b5c5739ed56",
              "isHook": true,
              "skipped": false
            }
          ],
          "afterHooks": [
            {
              "title": "\"after each\" hook in \"Chatbot API\"",
              "fullTitle": "Chatbot API \"after each\" hook in \"Chatbot API\"",
              "timedOut": false,
              "duration": 0,
              "state": null,
              "speed": null,
              "pass": false,
              "fail": false,
              "pending": false,
              "context": null,
              "code": "sinon_1.default.restore();",
              "err": {},
              "uuid": "a7546e49-ae65-4cd1-b86f-b2a8aee5d30f",
              "parentUUID": "5c6d4112-baed-452e-b717-1b5c5739ed56",
              "isHook": true,
              "skipped": false
            }
          ],
          "tests": [],
          "suites": [
            {
              "uuid": "0ed5f2bd-dde7-4ef8-bd69-695ba88da411",
              "title": "/api/chatbot POST",
              "fullFile": "D:\\Uni\\C455\\Project\\team10\\server\\src\\tests\\integration\\chatbot.test.ts",
              "file": "\\src\\tests\\integration\\chatbot.test.ts",
              "beforeHooks": [],
              "afterHooks": [],
              "tests": [
                {
                  "title": "returns 400 code for missing message",
                  "fullTitle": "Chatbot API /api/chatbot POST returns 400 code for missing message",
                  "timedOut": false,
                  "duration": 6,
                  "state": "passed",
                  "speed": "fast",
                  "pass": true,
                  "fail": false,
                  "pending": false,
                  "context": null,
                  "code": "__awaiter(void 0, void 0, void 0, function* () {\n            const response = yield (0, supertest_1.default)(app)\n                .post('/api/chatbot')\n                .send({})\n                .expect(400);\n            expect(response.body).to.deep.equal({ error: 'Message is required' });\n        })",
                  "err": {},
                  "uuid": "a6e4c247-1d28-4a4e-b939-ea696104fa3c",
                  "parentUUID": "0ed5f2bd-dde7-4ef8-bd69-695ba88da411",
                  "isHook": false,
                  "skipped": false
                },
                {
                  "title": "returns 400 code for wrong data type",
                  "fullTitle": "Chatbot API /api/chatbot POST returns 400 code for wrong data type",
                  "timedOut": false,
                  "duration": 4,
                  "state": "passed",
                  "speed": "fast",
                  "pass": true,
                  "fail": false,
                  "pending": false,
                  "context": null,
                  "code": "__awaiter(void 0, void 0, void 0, function* () {\n            const response = yield (0, supertest_1.default)(app)\n                .post('/api/chatbot')\n                .send({ message: 0 })\n                .expect(400);\n            expect(response.body).to.deep.equal({ error: 'Message is required' });\n        })",
                  "err": {},
                  "uuid": "7104bf9b-4ed6-4613-ae57-9f6de8b409b7",
                  "parentUUID": "0ed5f2bd-dde7-4ef8-bd69-695ba88da411",
                  "isHook": false,
                  "skipped": false
                },
                {
                  "title": "returns 400 code for empty message",
                  "fullTitle": "Chatbot API /api/chatbot POST returns 400 code for empty message",
                  "timedOut": false,
                  "duration": 5,
                  "state": "passed",
                  "speed": "fast",
                  "pass": true,
                  "fail": false,
                  "pending": false,
                  "context": null,
                  "code": "__awaiter(void 0, void 0, void 0, function* () {\n            const response = yield (0, supertest_1.default)(app)\n                .post('/api/chatbot')\n                .send({ message: \"\" })\n                .expect(400);\n            expect(response.body).to.deep.equal({ error: 'Message is required' });\n        })",
                  "err": {},
                  "uuid": "54e98b81-f7d1-4dbb-bea5-184262ad7a22",
                  "parentUUID": "0ed5f2bd-dde7-4ef8-bd69-695ba88da411",
                  "isHook": false,
                  "skipped": false
                },
                {
                  "title": "returns 500 code for failed chatbot API call",
                  "fullTitle": "Chatbot API /api/chatbot POST returns 500 code for failed chatbot API call",
                  "timedOut": false,
                  "duration": 1740,
                  "state": "failed",
                  "speed": null,
                  "pass": false,
                  "fail": true,
                  "pending": false,
                  "context": null,
                  "code": "__awaiter(void 0, void 0, void 0, function* () {\n            sinon_1.default.stub(AIService_1.AIService, 'chatCompletionGithubModel').throws(new Error(\"some API error message\"));\n            const response = yield (0, supertest_1.default)(app)\n                .post('/api/chatbot')\n                .send({ message: \"hi\" })\n                .expect(500);\n            expect(response.body).to.deep.equal({ error: 'Unable to call chatbot API' });\n        })",
                  "err": {
                    "message": "Error: expected 500 \"Internal Server Error\", got 200 \"OK\"",
                    "estack": "Error: expected 500 \"Internal Server Error\", got 200 \"OK\"\n    at D:\\Uni\\C455\\Project\\team10\\server\\src\\tests\\integration\\chatbot.test.ts:68:10\n    at Generator.next (<anonymous>)\n    at D:\\Uni\\C455\\Project\\team10\\server\\src\\tests\\integration\\chatbot.test.ts:41:71\n    at new Promise (<anonymous>)\n    at __awaiter (src\\tests\\integration\\chatbot.test.ts:37:12)\n    at Context.<anonymous> (src\\tests\\integration\\chatbot.test.ts:63:67)\n    at processImmediate (node:internal/timers:485:21)\n----\n    at Test._assertStatus (node_modules\\supertest\\lib\\test.js:267:14)\n    at D:\\Uni\\C455\\Project\\team10\\server\\node_modules\\supertest\\lib\\test.js:323:13\n    at Test._assertFunction (node_modules\\supertest\\lib\\test.js:300:13)\n    at Test.assert (node_modules\\supertest\\lib\\test.js:179:23)\n    at Server.localAssert (node_modules\\supertest\\lib\\test.js:135:14)\n    at Object.onceWrapper (node:events:632:28)\n    at Server.emit (node:events:518:28)\n    at Server.emit (node:domain:489:12)\n    at emitCloseNT (node:net:2419:8)\n    at processTicksAndRejections (node:internal/process/task_queues:89:21)",
                    "diff": null
                  },
                  "uuid": "9c29f643-932f-4046-8b05-ce717826441b",
                  "parentUUID": "0ed5f2bd-dde7-4ef8-bd69-695ba88da411",
                  "isHook": false,
                  "skipped": false
                },
                {
                  "title": "returns 500 code for incomplete chatbot response",
                  "fullTitle": "Chatbot API /api/chatbot POST returns 500 code for incomplete chatbot response",
                  "timedOut": false,
                  "duration": 1780,
                  "state": "failed",
                  "speed": null,
                  "pass": false,
                  "fail": true,
                  "pending": false,
                  "context": null,
                  "code": "__awaiter(void 0, void 0, void 0, function* () {\n            sinon_1.default.stub(AIService_1.AIService, 'chatCompletionGithubModel').resolves({\n                chatbotMessage: \"\",\n                productRequested: false,\n                productQuery: \"\"\n            });\n            const response = yield (0, supertest_1.default)(app)\n                .post('/api/chatbot')\n                .send({ message: \"give me an incomplete response\" })\n                .expect(500);\n            expect(response.body).to.deep.equal({ error: 'AI unable to respond' });\n        })",
                  "err": {
                    "message": "Error: expected 500 \"Internal Server Error\", got 200 \"OK\"",
                    "estack": "Error: expected 500 \"Internal Server Error\", got 200 \"OK\"\n    at D:\\Uni\\C455\\Project\\team10\\server\\src\\tests\\integration\\chatbot.test.ts:83:10\n    at Generator.next (<anonymous>)\n    at D:\\Uni\\C455\\Project\\team10\\server\\src\\tests\\integration\\chatbot.test.ts:41:71\n    at new Promise (<anonymous>)\n    at __awaiter (src\\tests\\integration\\chatbot.test.ts:37:12)\n    at Context.<anonymous> (src\\tests\\integration\\chatbot.test.ts:73:71)\n    at processImmediate (node:internal/timers:485:21)\n----\n    at Test._assertStatus (node_modules\\supertest\\lib\\test.js:267:14)\n    at D:\\Uni\\C455\\Project\\team10\\server\\node_modules\\supertest\\lib\\test.js:323:13\n    at Test._assertFunction (node_modules\\supertest\\lib\\test.js:300:13)\n    at Test.assert (node_modules\\supertest\\lib\\test.js:179:23)\n    at Server.localAssert (node_modules\\supertest\\lib\\test.js:135:14)\n    at Object.onceWrapper (node:events:632:28)\n    at Server.emit (node:events:518:28)\n    at Server.emit (node:domain:489:12)\n    at emitCloseNT (node:net:2419:8)\n    at processTicksAndRejections (node:internal/process/task_queues:89:21)",
                    "diff": null
                  },
                  "uuid": "582bd93e-a708-4cd3-b235-b3effe83f16d",
                  "parentUUID": "0ed5f2bd-dde7-4ef8-bd69-695ba88da411",
                  "isHook": false,
                  "skipped": false
                },
                {
                  "title": "returns 200 code for working chatbot API without products",
                  "fullTitle": "Chatbot API /api/chatbot POST returns 200 code for working chatbot API without products",
                  "timedOut": false,
                  "duration": 1880,
                  "state": "failed",
                  "speed": null,
                  "pass": false,
                  "fail": true,
                  "pending": false,
                  "context": null,
                  "code": "__awaiter(void 0, void 0, void 0, function* () {\n            sinon_1.default.stub(AIService_1.AIService, 'chatCompletionGithubModel').resolves({\n                chatbotMessage: \"What would you like to search for?\",\n                productRequested: false,\n                productQuery: \"\"\n            });\n            const response = yield (0, supertest_1.default)(app)\n                .post('/api/chatbot')\n                .send({ message: \"test message\" })\n                .expect(200);\n            expect(response.body).to.deep.equal({\n                chatbotMessage: \"What would you like to search for?\",\n                productData: null\n            });\n        })",
                  "err": {
                    "message": "AssertionError: expected { …(2) } to deeply equal { …(2) }",
                    "estack": "AssertionError: expected { …(2) } to deeply equal { …(2) }\n    at D:\\Uni\\C455\\Project\\team10\\server\\src\\tests\\integration\\chatbot.test.ts:99:37\n    at Generator.next (<anonymous>)\n    at fulfilled (src\\tests\\integration\\chatbot.test.ts:38:58)\n    at processTicksAndRejections (node:internal/process/task_queues:105:5)",
                    "diff": " {\n-   \"chatbotMessage\": \"I'm BuyWise, your shopping assistant for laptops, phones, and computers. I can help you find the perfect tech products, compare prices, and get recommendations. What device are you looking for?\"\n+   \"chatbotMessage\": \"What would you like to search for?\"\n   \"productData\": [null]\n }\n"
                  },
                  "uuid": "0159786e-51b6-43d0-96fd-f951ae25fccb",
                  "parentUUID": "0ed5f2bd-dde7-4ef8-bd69-695ba88da411",
                  "isHook": false,
                  "skipped": false
                },
                {
                  "title": "returns 200 code for working chatbot API and failed product API",
                  "fullTitle": "Chatbot API /api/chatbot POST returns 200 code for working chatbot API and failed product API",
                  "timedOut": false,
                  "duration": 1694,
                  "state": "failed",
                  "speed": null,
                  "pass": false,
                  "fail": true,
                  "pending": false,
                  "context": null,
                  "code": "__awaiter(void 0, void 0, void 0, function* () {\n            sinon_1.default.stub(AIService_1.AIService, 'chatCompletionGithubModel').resolves({\n                chatbotMessage: \"Here are some macbooks I found.\",\n                productRequested: true,\n                productQuery: \"macbook\"\n            });\n            sinon_1.default.stub(ProductService_1.ProductService, 'searchProducts').throws(new Error(\"some API error message\"));\n            const response = yield (0, supertest_1.default)(app)\n                .post('/api/chatbot')\n                .send({ message: \"I want some macbooks\" })\n                .expect(200);\n            expect(response.body).to.deep.equal({\n                chatbotMessage: \"Here are some macbooks I found.\",\n                productData: null\n            });\n        })",
                  "err": {
                    "message": "AssertionError: expected { …(2) } to deeply equal { …(2) }",
                    "estack": "AssertionError: expected { …(2) } to deeply equal { …(2) }\n    at D:\\Uni\\C455\\Project\\team10\\server\\src\\tests\\integration\\chatbot.test.ts:118:37\n    at Generator.next (<anonymous>)\n    at fulfilled (src\\tests\\integration\\chatbot.test.ts:38:58)\n    at processTicksAndRejections (node:internal/process/task_queues:105:5)",
                    "diff": " {\n-   \"chatbotMessage\": \"I found some MacBook options for you! Would you like to see the latest models, or do you have a specific budget or use case in mind?\"\n+   \"chatbotMessage\": \"Here are some macbooks I found.\"\n   \"productData\": [null]\n }\n"
                  },
                  "uuid": "d17f89b1-db8f-4a43-8b84-847e1d2bf342",
                  "parentUUID": "0ed5f2bd-dde7-4ef8-bd69-695ba88da411",
                  "isHook": false,
                  "skipped": false
                },
                {
                  "title": "returns 200 code for working chatbot API and product API",
                  "fullTitle": "Chatbot API /api/chatbot POST returns 200 code for working chatbot API and product API",
                  "timedOut": false,
                  "duration": 2163,
                  "state": "failed",
                  "speed": null,
                  "pass": false,
                  "fail": true,
                  "pending": false,
                  "context": null,
                  "code": "__awaiter(void 0, void 0, void 0, function* () {\n            const mockProduct = {\n                product_id: \"123\",\n                source: \"Best Buy\",\n                title: \"MacBook Pro\",\n                thumbnail: \"image.jpg\",\n                extracted_price: 1299,\n                seller_details: { direct_link: \"http://example.com\" },\n                rating: 4.5,\n                reviews: 120\n            };\n            sinon_1.default.stub(AIService_1.AIService, 'chatCompletionGithubModel').resolves({\n                chatbotMessage: \"Here are some macbooks I found.\",\n                productRequested: true,\n                productQuery: \"macbook\"\n            });\n            sinon_1.default.stub(ProductService_1.ProductService, 'searchProducts').resolves([mockProduct]);\n            const response = yield (0, supertest_1.default)(app)\n                .post('/api/chatbot')\n                .send({ message: \"I want some macbooks\" })\n                .expect(200);\n            expect(response.body).to.deep.equal({\n                chatbotMessage: \"Here are some macbooks I found.\",\n                productData: [{\n                        id: mockProduct.product_id,\n                        source: mockProduct.source,\n                        title: mockProduct.title,\n                        image: mockProduct.thumbnail,\n                        price: mockProduct.extracted_price,\n                        url: mockProduct.seller_details.direct_link,\n                        rating: mockProduct.rating,\n                        reviews: mockProduct.reviews\n                    }]\n            });\n        })",
                  "err": {
                    "message": "AssertionError: expected { …(2) } to deeply equal { …(2) }",
                    "estack": "AssertionError: expected { …(2) } to deeply equal { …(2) }\n    at D:\\Uni\\C455\\Project\\team10\\server\\src\\tests\\integration\\chatbot.test.ts:147:37\n    at Generator.next (<anonymous>)\n    at fulfilled (src\\tests\\integration\\chatbot.test.ts:38:58)\n    at processTicksAndRejections (node:internal/process/task_queues:105:5)",
                    "diff": " {\n-   \"chatbotMessage\": \"I found a MacBook Pro available for $1299 at Best Buy. Would you like more options or details about this model?\"\n+   \"chatbotMessage\": \"Here are some macbooks I found.\"\n   \"productData\": [\n     {\n       \"id\": \"123\"\n       \"image\": \"image.jpg\"\n"
                  },
                  "uuid": "da84a475-bafb-4ed1-a697-c60b0f290ce0",
                  "parentUUID": "0ed5f2bd-dde7-4ef8-bd69-695ba88da411",
                  "isHook": false,
                  "skipped": false
                }
              ],
              "suites": [],
              "passes": [
                "a6e4c247-1d28-4a4e-b939-ea696104fa3c",
                "7104bf9b-4ed6-4613-ae57-9f6de8b409b7",
                "54e98b81-f7d1-4dbb-bea5-184262ad7a22"
              ],
              "failures": [
                "9c29f643-932f-4046-8b05-ce717826441b",
                "582bd93e-a708-4cd3-b235-b3effe83f16d",
                "0159786e-51b6-43d0-96fd-f951ae25fccb",
                "d17f89b1-db8f-4a43-8b84-847e1d2bf342",
                "da84a475-bafb-4ed1-a697-c60b0f290ce0"
              ],
              "pending": [],
              "skipped": [],
              "duration": 9272,
              "root": false,
              "rootEmpty": false,
              "_timeout": 20000
            }
          ],
          "passes": [],
          "failures": [],
          "pending": [],
          "skipped": [],
          "duration": 0,
          "root": false,
          "rootEmpty": false,
          "_timeout": 20000
        },
        {
          "uuid": "c8990973-08ea-47a7-bded-eecff04edef9",
          "title": "Products API",
          "fullFile": "D:\\Uni\\C455\\Project\\team10\\server\\src\\tests\\integration\\products.test.ts",
          "file": "\\src\\tests\\integration\\products.test.ts",
          "beforeHooks": [
            {
              "title": "\"before all\" hook in \"Products API\"",
              "fullTitle": "Products API \"before all\" hook in \"Products API\"",
              "timedOut": false,
              "duration": 0,
              "state": null,
              "speed": null,
              "pass": false,
              "fail": false,
              "pending": false,
              "context": null,
              "code": "app = (0, express_1.default)();\napp.use('/api/products', products_1.default);",
              "err": {},
              "uuid": "7de07878-1abb-4778-960b-d430713e377f",
              "parentUUID": "c8990973-08ea-47a7-bded-eecff04edef9",
              "isHook": true,
              "skipped": false
            }
          ],
          "afterHooks": [
            {
              "title": "\"after each\" hook in \"Products API\"",
              "fullTitle": "Products API \"after each\" hook in \"Products API\"",
              "timedOut": false,
              "duration": 0,
              "state": null,
              "speed": null,
              "pass": false,
              "fail": false,
              "pending": false,
              "context": null,
              "code": "sinon_1.default.restore();",
              "err": {},
              "uuid": "0fc031ce-bf9b-4dbe-81c7-0dbf2eeb2fe8",
              "parentUUID": "c8990973-08ea-47a7-bded-eecff04edef9",
              "isHook": true,
              "skipped": false
            }
          ],
          "tests": [],
          "suites": [
            {
              "uuid": "1c4ab244-d5ca-4829-b7a5-2a62fe4505f8",
              "title": "GET /api/products/search",
              "fullFile": "D:\\Uni\\C455\\Project\\team10\\server\\src\\tests\\integration\\products.test.ts",
              "file": "\\src\\tests\\integration\\products.test.ts",
              "beforeHooks": [],
              "afterHooks": [],
              "tests": [
                {
                  "title": "should return 200 and products for a valid search query",
                  "fullTitle": "Products API GET /api/products/search should return 200 and products for a valid search query",
                  "timedOut": false,
                  "duration": 7,
                  "state": "passed",
                  "speed": "fast",
                  "pass": true,
                  "fail": false,
                  "pending": false,
                  "context": null,
                  "code": "__awaiter(void 0, void 0, void 0, function* () {\n            const fakeProducts = [\n                {\n                    category: 'Popular products',\n                    thumbnail: 'https://example.com/image.jpg',\n                    source_logo: 'https://example.com/logo.png',\n                    source: 'Best Buy',\n                    title: 'HP 14\" Intel Celeron Laptop',\n                    rating: 4.2,\n                    reviews: 148,\n                    price: '$199.99',\n                    extracted_price: 199.99,\n                    location: 'Nearby, 13 mi',\n                    product_id: '2197135960910078338',\n                    seller_details: [\n                        {\n                            position: 1,\n                            name: 'Best Buy',\n                            top_quality_store: true,\n                            payment_methods: 'PayPal, Zip accepted',\n                            rating: 4.6,\n                            reviews: 532,\n                            reviews_original: '(532)',\n                            link: 'https://google.com/redirect',\n                            direct_link: 'https://bestbuy.com/product',\n                            details_and_offers: [{ text: '5.3 mi · In stock at GainesvilleToday: 10:00 AM - 8:00 PM' }],\n                            base_price: '$199.99',\n                            additional_price: { shipping: 'See website' },\n                            total_price: '$199.99',\n                        }\n                    ],\n                },\n            ];\n            sinon_1.default.stub(ProductService_1.ProductService, 'searchProducts').resolves(fakeProducts);\n            const res = yield (0, supertest_1.default)(app)\n                .get('/api/products/search')\n                .query({ q: 'Laptop under $400', device: 'desktop', location: 'Canada' });\n            (0, chai_1.expect)(res.status).to.equal(200);\n            (0, chai_1.expect)(res.body.success).to.be.true;\n            (0, chai_1.expect)(res.body.products).to.deep.equal(fakeProducts);\n        })",
                  "err": {},
                  "uuid": "6e512612-2fa1-4724-83dc-2eee4ea77ed8",
                  "parentUUID": "1c4ab244-d5ca-4829-b7a5-2a62fe4505f8",
                  "isHook": false,
                  "skipped": false
                },
                {
                  "title": "should return 400 if the search query is missing",
                  "fullTitle": "Products API GET /api/products/search should return 400 if the search query is missing",
                  "timedOut": false,
                  "duration": 4,
                  "state": "passed",
                  "speed": "fast",
                  "pass": true,
                  "fail": false,
                  "pending": false,
                  "context": null,
                  "code": "__awaiter(void 0, void 0, void 0, function* () {\n            const res = yield (0, supertest_1.default)(app).get('/api/products/search');\n            (0, chai_1.expect)(res.status).to.equal(400);\n            (0, chai_1.expect)(res.body.success).to.be.false;\n            (0, chai_1.expect)(res.body.error).to.equal('Search query is required');\n        })",
                  "err": {},
                  "uuid": "4c0a72cf-d3c5-4d86-873f-5468694ba24b",
                  "parentUUID": "1c4ab244-d5ca-4829-b7a5-2a62fe4505f8",
                  "isHook": false,
                  "skipped": false
                },
                {
                  "title": "should return 500 if the ProductService throws an error",
                  "fullTitle": "Products API GET /api/products/search should return 500 if the ProductService throws an error",
                  "timedOut": false,
                  "duration": 6,
                  "state": "passed",
                  "speed": "fast",
                  "pass": true,
                  "fail": false,
                  "pending": false,
                  "context": null,
                  "code": "__awaiter(void 0, void 0, void 0, function* () {\n            sinon_1.default.stub(ProductService_1.ProductService, 'searchProducts').throws(new Error('SerpAPI error'));\n            const res = yield (0, supertest_1.default)(app)\n                .get('/api/products/search')\n                .query({ q: 'Laptop' });\n            (0, chai_1.expect)(res.status).to.equal(500);\n            (0, chai_1.expect)(res.body.success).to.be.false;\n            (0, chai_1.expect)(res.body.error).to.equal('SerpAPI error');\n        })",
                  "err": {},
                  "uuid": "75ae07ed-0a31-45c3-b024-c7d48e1cae40",
                  "parentUUID": "1c4ab244-d5ca-4829-b7a5-2a62fe4505f8",
                  "isHook": false,
                  "skipped": false
                }
              ],
              "suites": [],
              "passes": [
                "6e512612-2fa1-4724-83dc-2eee4ea77ed8",
                "4c0a72cf-d3c5-4d86-873f-5468694ba24b",
                "75ae07ed-0a31-45c3-b024-c7d48e1cae40"
              ],
              "failures": [],
              "pending": [],
              "skipped": [],
              "duration": 17,
              "root": false,
              "rootEmpty": false,
              "_timeout": 20000
            }
          ],
          "passes": [],
          "failures": [],
          "pending": [],
          "skipped": [],
          "duration": 0,
          "root": false,
          "rootEmpty": false,
          "_timeout": 20000
        },
        {
          "uuid": "0808bfd9-3e69-49d8-878f-9c7c7c259a41",
          "title": "Profile API",
          "fullFile": "D:\\Uni\\C455\\Project\\team10\\server\\src\\tests\\integration\\profile.test.ts",
          "file": "\\src\\tests\\integration\\profile.test.ts",
          "beforeHooks": [
            {
              "title": "\"before all\" hook in \"Profile API\"",
              "fullTitle": "Profile API \"before all\" hook in \"Profile API\"",
              "timedOut": false,
              "duration": 0,
              "state": null,
              "speed": null,
              "pass": false,
              "fail": false,
              "pending": false,
              "context": null,
              "code": "app = (0, express_1.default)();\napp.use(express_1.default.json());\napp.use('/api/profiles', profile_1.default);",
              "err": {},
              "uuid": "f2346663-7e8f-42ab-85d7-57ba89c68970",
              "parentUUID": "0808bfd9-3e69-49d8-878f-9c7c7c259a41",
              "isHook": true,
              "skipped": false
            }
          ],
          "afterHooks": [
            {
              "title": "\"after each\" hook in \"Profile API\"",
              "fullTitle": "Profile API \"after each\" hook in \"Profile API\"",
              "timedOut": false,
              "duration": 0,
              "state": null,
              "speed": null,
              "pass": false,
              "fail": false,
              "pending": false,
              "context": null,
              "code": "sinon_1.default.restore();",
              "err": {},
              "uuid": "3a24edef-002e-4879-9e03-b55733193cf7",
              "parentUUID": "0808bfd9-3e69-49d8-878f-9c7c7c259a41",
              "isHook": true,
              "skipped": false
            }
          ],
          "tests": [],
          "suites": [
            {
              "uuid": "5d4e156c-bb40-497d-91d4-b0027627c7b8",
              "title": "/api/profiles/verify/:token GET",
              "fullFile": "D:\\Uni\\C455\\Project\\team10\\server\\src\\tests\\integration\\profile.test.ts",
              "file": "\\src\\tests\\integration\\profile.test.ts",
              "beforeHooks": [],
              "afterHooks": [],
              "tests": [
                {
                  "title": "should return 400 for missing token",
                  "fullTitle": "Profile API /api/profiles/verify/:token GET should return 400 for missing token",
                  "timedOut": false,
                  "duration": 8,
                  "state": "passed",
                  "speed": "fast",
                  "pass": true,
                  "fail": false,
                  "pending": false,
                  "context": null,
[...]
                  "context": null,
                  "code": "__awaiter(void 0, void 0, void 0, function* () {\n            sinon_1.default.stub(jsonwebtoken_1.default, 'verify').throws(new jsonwebtoken_1.JsonWebTokenError(\"Some JWT verification error\"));\n            const response = yield (0, supertest_1.default)(app)\n                .patch('/api/profiles/passwords/userId123')\n                .set('Authorization', `Bearer sometoken`)\n                .expect(401);\n            (0, chai_1.expect)(response.body).to.deep.equal({\n                success: false,\n                error: 'Invalid JWT'\n            });\n        })",
                  "err": {},
                  "uuid": "09afec06-907c-4240-bf79-cf68dd493ce3",
                  "parentUUID": "66367e13-6b29-41ac-9ec6-46a4670bf396",
                  "isHook": false,
                  "skipped": false
                },
                {
                  "title": "should return 500 for unknown error JWT",
                  "fullTitle": "Profile API /api/profiles/passwords/:userId should return 500 for unknown error JWT",
                  "timedOut": false,
                  "duration": 5,
                  "state": "passed",
                  "speed": "fast",
                  "pass": true,
                  "fail": false,
                  "pending": false,
                  "context": null,
                  "code": "__awaiter(void 0, void 0, void 0, function* () {\n            sinon_1.default.stub(jsonwebtoken_1.default, 'verify').throws(new Error(\"Some other error during JWT verification\"));\n            const response = yield (0, supertest_1.default)(app)\n                .patch('/api/profiles/passwords/userId123')\n                .set('Authorization', `Bearer sometoken`)\n                .expect(500);\n            (0, chai_1.expect)(response.body).to.deep.equal({\n                success: false,\n                error: 'Unknown error'\n            });\n        })",
                  "err": {},
                  "uuid": "172aa2da-84d8-491a-ada3-683816d17e63",
                  "parentUUID": "66367e13-6b29-41ac-9ec6-46a4670bf396",
                  "isHook": false,
                  "skipped": false
                },
                {
                  "title": "should return 400 for userId missing from params",
                  "fullTitle": "Profile API /api/profiles/passwords/:userId should return 400 for userId missing from params",
                  "timedOut": false,
                  "duration": 6,
                  "state": "passed",
                  "speed": "fast",
                  "pass": true,
                  "fail": false,
                  "pending": false,
                  "context": null,
                  "code": "__awaiter(void 0, void 0, void 0, function* () {\n            const response = yield (0, supertest_1.default)(app)\n                .patch('/api/profiles/passwords')\n                .set('Authorization', `Bearer ${validToken}`)\n                .expect(400);\n            (0, chai_1.expect)(response.body).to.deep.equal({\n                success: false,\n                error: 'userId missing from params'\n            });\n        })",
                  "err": {},
                  "uuid": "3787433e-3277-49ec-838a-2cc7d177e796",
                  "parentUUID": "66367e13-6b29-41ac-9ec6-46a4670bf396",
                  "isHook": false,
                  "skipped": false
                },
                {
                  "title": "should return 400 for missing newPassword",
                  "fullTitle": "Profile API /api/profiles/passwords/:userId should return 400 for missing newPassword",
                  "timedOut": false,
                  "duration": 6,
                  "state": "passed",
                  "speed": "fast",
                  "pass": true,
                  "fail": false,
                  "pending": false,
                  "context": null,
                  "code": "__awaiter(void 0, void 0, void 0, function* () {\n            const response = yield (0, supertest_1.default)(app)\n                .patch('/api/profiles/passwords')\n                .send({\n                currentPassword: 'currentPassword'\n            })\n                .set('Authorization', `Bearer ${validToken}`)\n                .expect(400);\n            (0, chai_1.expect)(response.body).to.deep.equal({\n                success: false,\n                error: 'userId missing from params'\n            });\n        })",
                  "err": {},
                  "uuid": "0f1e18e1-4483-44c8-b39a-26ef59ea33f9",
                  "parentUUID": "66367e13-6b29-41ac-9ec6-46a4670bf396",
                  "isHook": false,
                  "skipped": false
                },
                {
                  "title": "should return 400 for missing currentPassword",
                  "fullTitle": "Profile API /api/profiles/passwords/:userId should return 400 for missing currentPassword",
                  "timedOut": false,
                  "duration": 11,
                  "state": "passed",
                  "speed": "fast",
                  "pass": true,
                  "fail": false,
                  "pending": false,
                  "context": null,
                  "code": "__awaiter(void 0, void 0, void 0, function* () {\n            const response = yield (0, supertest_1.default)(app)\n                .patch('/api/profiles/passwords')\n                .send({\n                newPassword: 'newPassword'\n            })\n                .set('Authorization', `Bearer ${validToken}`)\n                .expect(400);\n            (0, chai_1.expect)(response.body).to.deep.equal({\n                success: false,\n                error: 'userId missing from params'\n            });\n        })",
                  "err": {},
                  "uuid": "8cb1e65d-31a8-4497-90c0-e03438e5bc27",
                  "parentUUID": "66367e13-6b29-41ac-9ec6-46a4670bf396",
                  "isHook": false,
                  "skipped": false
                },
                {
                  "title": "should return 400 for non string currentPassword",
                  "fullTitle": "Profile API /api/profiles/passwords/:userId should return 400 for non string currentPassword",
                  "timedOut": false,
                  "duration": 5,
                  "state": "passed",
                  "speed": "fast",
                  "pass": true,
                  "fail": false,
                  "pending": false,
                  "context": null,
                  "code": "__awaiter(void 0, void 0, void 0, function* () {\n            const response = yield (0, supertest_1.default)(app)\n                .patch('/api/profiles/passwords')\n                .send({\n                currentPassword: 123,\n                newPassword: 'newPassword'\n            })\n                .set('Authorization', `Bearer ${validToken}`)\n                .expect(400);\n            (0, chai_1.expect)(response.body).to.deep.equal({\n                success: false,\n                error: 'userId missing from params'\n            });\n        })",
                  "err": {},
                  "uuid": "11095551-46f0-45f6-9f18-ae3a57cb7806",
                  "parentUUID": "66367e13-6b29-41ac-9ec6-46a4670bf396",
                  "isHook": false,
                  "skipped": false
                },
                {
                  "title": "should return 400 for non string currentPassword",
                  "fullTitle": "Profile API /api/profiles/passwords/:userId should return 400 for non string currentPassword",
                  "timedOut": false,
                  "duration": 7,
                  "state": "passed",
                  "speed": "fast",
                  "pass": true,
                  "fail": false,
                  "pending": false,
                  "context": null,
                  "code": "__awaiter(void 0, void 0, void 0, function* () {\n            const response = yield (0, supertest_1.default)(app)\n                .patch('/api/profiles/passwords')\n                .send({\n                currentPassword: 'test current',\n                newPassword: 123\n            })\n                .set('Authorization', `Bearer ${validToken}`)\n                .expect(400);\n            (0, chai_1.expect)(response.body).to.deep.equal({\n                success: false,\n                error: 'userId missing from params'\n            });\n        })",
                  "err": {},
                  "uuid": "7e13f68d-542a-4ad9-9000-3978ffde43ad",
                  "parentUUID": "66367e13-6b29-41ac-9ec6-46a4670bf396",
                  "isHook": false,
                  "skipped": false
                },
                {
                  "title": "should return 500 for unknown error during getting user",
                  "fullTitle": "Profile API /api/profiles/passwords/:userId should return 500 for unknown error during getting user",
                  "timedOut": false,
                  "duration": 6,
                  "state": "passed",
                  "speed": "fast",
                  "pass": true,
                  "fail": false,
                  "pending": false,
                  "context": null,
                  "code": "__awaiter(void 0, void 0, void 0, function* () {\n            sinon_1.default.stub(UserService_1.UserService, 'getUserById').throws(new Error('Some error during fetching user'));\n            const response = yield (0, supertest_1.default)(app)\n                .patch('/api/profiles/passwords/userId123')\n                .send({\n                currentPassword: 'test current',\n                newPassword: 'test new'\n            })\n                .set('Authorization', `Bearer ${validToken}`)\n                .expect(500);\n            (0, chai_1.expect)(response.body).to.deep.equal({\n                success: false,\n                error: 'Unknown error during getting user'\n            });\n        })",
                  "err": {},
                  "uuid": "a49777f4-ef3f-483c-9986-09c506c42386",
                  "parentUUID": "66367e13-6b29-41ac-9ec6-46a4670bf396",
                  "isHook": false,
                  "skipped": false
                },
                {
                  "title": "should return 404 for unknown user",
                  "fullTitle": "Profile API /api/profiles/passwords/:userId should return 404 for unknown user",
                  "timedOut": false,
                  "duration": 6,
                  "state": "passed",
                  "speed": "fast",
                  "pass": true,
                  "fail": false,
                  "pending": false,
                  "context": null,
                  "code": "__awaiter(void 0, void 0, void 0, function* () {\n            sinon_1.default.stub(UserService_1.UserService, 'getUserById').resolves(null);\n            const response = yield (0, supertest_1.default)(app)\n                .patch('/api/profiles/passwords/userId123')\n                .send({\n                currentPassword: 'test current',\n                newPassword: 'test new'\n            })\n                .set('Authorization', `Bearer ${validToken}`)\n                .expect(404);\n            (0, chai_1.expect)(response.body).to.deep.equal({\n                success: false,\n                error: 'No user found'\n            });\n        })",
                  "err": {},
                  "uuid": "d336f808-0132-4932-8bea-d74edaf9f3c0",
                  "parentUUID": "66367e13-6b29-41ac-9ec6-46a4670bf396",
                  "isHook": false,
                  "skipped": false
                },
                {
                  "title": "should return 401 for invalid currentPassword",
                  "fullTitle": "Profile API /api/profiles/passwords/:userId should return 401 for invalid currentPassword",
                  "timedOut": false,
                  "duration": 8,
                  "state": "passed",
                  "speed": "fast",
                  "pass": true,
                  "fail": false,
                  "pending": false,
                  "context": null,
                  "code": "__awaiter(void 0, void 0, void 0, function* () {\n            const userWithPassword = {\n                name: 'test name',\n                email: 'test@example.com',\n                password: 'test1234',\n                isEmailVerified: true,\n                verificationToken: 'test token',\n                verificationTokenExpires: (new Date()).toISOString(),\n                createdAt: (new Date()).toISOString(),\n                updatedAt: (new Date()).toISOString(),\n            };\n            sinon_1.default.stub(UserService_1.UserService, 'getUserById').resolves(userWithPassword);\n            sinon_1.default.stub(UserService_1.UserService, 'comparePassword').resolves(false);\n            const response = yield (0, supertest_1.default)(app)\n                .patch('/api/profiles/passwords/userId123')\n                .send({\n                currentPassword: 'test4321',\n                newPassword: 'test new'\n            })\n                .set('Authorization', `Bearer ${validToken}`)\n                .expect(401);\n            (0, chai_1.expect)(response.body).to.deep.equal({\n                success: false,\n                error: 'Password incorrect'\n            });\n        })",
                  "err": {},
                  "uuid": "b168380e-f758-4ce2-8f6b-f3d08f0e2b54",
                  "parentUUID": "66367e13-6b29-41ac-9ec6-46a4670bf396",
                  "isHook": false,
                  "skipped": false
                },
                {
                  "title": "should return 500 for failed password update",
                  "fullTitle": "Profile API /api/profiles/passwords/:userId should return 500 for failed password update",
                  "timedOut": false,
                  "duration": 10,
                  "state": "passed",
                  "speed": "fast",
                  "pass": true,
                  "fail": false,
                  "pending": false,
                  "context": null,
                  "code": "__awaiter(void 0, void 0, void 0, function* () {\n            const userWithPassword = {\n                name: 'test name',\n                email: 'test@example.com',\n                password: 'test1234',\n                isEmailVerified: true,\n                verificationToken: 'test token',\n                verificationTokenExpires: (new Date()).toISOString(),\n                createdAt: (new Date()).toISOString(),\n                updatedAt: (new Date()).toISOString(),\n            };\n            sinon_1.default.stub(UserService_1.UserService, 'getUserById').resolves(userWithPassword);\n            sinon_1.default.stub(UserService_1.UserService, 'comparePassword').resolves(true);\n            sinon_1.default.stub(UserService_1.UserService, 'updatePassword').throws(new Error(\"Some error related to updating password\"));\n            const response = yield (0, supertest_1.default)(app)\n                .patch('/api/profiles/passwords/userId123')\n                .send({\n                currentPassword: 'test1234',\n                newPassword: 'test new'\n            })\n                .set('Authorization', `Bearer ${validToken}`)\n                .expect(500);\n            (0, chai_1.expect)(response.body).to.deep.equal({\n                success: false,\n                error: 'Unable to update password'\n            });\n        })",
                  "err": {},
                  "uuid": "45cfcd24-7527-4a06-9487-cd2e7f480090",
                  "parentUUID": "66367e13-6b29-41ac-9ec6-46a4670bf396",
                  "isHook": false,
                  "skipped": false
                },
                {
                  "title": "should return 200 for successful password update",
                  "fullTitle": "Profile API /api/profiles/passwords/:userId should return 200 for successful password update",
                  "timedOut": false,
                  "duration": 7,
                  "state": "passed",
                  "speed": "fast",
                  "pass": true,
                  "fail": false,
                  "pending": false,
                  "context": null,
                  "code": "__awaiter(void 0, void 0, void 0, function* () {\n            const userWithPassword = {\n                name: 'test name',\n                email: 'test@example.com',\n                password: 'test1234',\n                isEmailVerified: true,\n                verificationToken: 'test token',\n                verificationTokenExpires: (new Date()).toISOString(),\n                createdAt: (new Date()).toISOString(),\n                updatedAt: (new Date()).toISOString(),\n            };\n            sinon_1.default.stub(UserService_1.UserService, 'getUserById').resolves(userWithPassword);\n            sinon_1.default.stub(UserService_1.UserService, 'comparePassword').resolves(true);\n            sinon_1.default.stub(UserService_1.UserService, 'updatePassword').resolves();\n            const response = yield (0, supertest_1.default)(app)\n                .patch('/api/profiles/passwords/userId123')\n                .send({\n                currentPassword: 'test1234',\n                newPassword: 'test new'\n            })\n                .set('Authorization', `Bearer ${validToken}`)\n                .expect(200);\n            (0, chai_1.expect)(response.body).to.deep.equal({\n                success: true,\n                message: 'Password updated successfully'\n            });\n        })",
                  "err": {},
                  "uuid": "625bc4b7-18ab-4dbf-9816-016b5a812300",
                  "parentUUID": "66367e13-6b29-41ac-9ec6-46a4670bf396",
                  "isHook": false,
                  "skipped": false
                }
              ],
              "suites": [],
              "passes": [
                "4545463d-4de4-4f4f-b012-5d5a6817bf1d",
                "0ac48400-3ddd-4fc1-9852-e20b05958ce7",
                "09afec06-907c-4240-bf79-cf68dd493ce3",
                "172aa2da-84d8-491a-ada3-683816d17e63",
                "3787433e-3277-49ec-838a-2cc7d177e796",
                "0f1e18e1-4483-44c8-b39a-26ef59ea33f9",
                "8cb1e65d-31a8-4497-90c0-e03438e5bc27",
                "11095551-46f0-45f6-9f18-ae3a57cb7806",
                "7e13f68d-542a-4ad9-9000-3978ffde43ad",
                "a49777f4-ef3f-483c-9986-09c506c42386",
                "d336f808-0132-4932-8bea-d74edaf9f3c0",
                "b168380e-f758-4ce2-8f6b-f3d08f0e2b54",
                "45cfcd24-7527-4a06-9487-cd2e7f480090",
                "625bc4b7-18ab-4dbf-9816-016b5a812300"
              ],
              "failures": [],
              "pending": [],
              "skipped": [],
              "duration": 93,
              "root": false,
              "rootEmpty": false,
              "_timeout": 20000
            }
          ],
          "passes": [],
          "failures": [],
          "pending": [],
          "skipped": [],
          "duration": 0,
          "root": false,
          "rootEmpty": false,
          "_timeout": 20000
        }
      ],
      "passes": [],
      "failures": [],
      "pending": [],
      "skipped": [],
      "duration": 0,
      "root": true,
      "rootEmpty": true,
      "_timeout": 20000
    }
  ],
  "meta": {
    "mocha": {
      "version": "11.7.0"
    },
    "mochawesome": {
      "options": {
        "quiet": false,
        "reportFilename": "integration-tests",
        "saveHtml": true,
        "saveJson": true,
        "consoleReporter": "spec",
        "useInlineDiffs": false,
        "code": true
      },
      "version": "7.1.3"
    },
    "marge": {
      "options": {
        "reportDir": "mochawesome-integration",
        "reportFilename": "integration-tests"
      },
      "version": "6.2.0"
    }
  }
}