{
  "stats": {
    "suites": 16,
    "tests": 86,
    "passes": 81,
    "pending": 0,
    "failures": 5,
    "start": "2025-07-04T02:40:37.021Z",
    "end": "2025-07-04T02:40:46.829Z",
    "duration": 9808,
    "testsRegistered": 86,
    "passPercent": 94.18604651162791,
    "pendingPercent": 0,
    "other": 0,
    "hasOther": false,
    "skipped": 0,
    "hasSkipped": false
  },
  "results": [
    {
      "uuid": "ee0ed9a1-2980-4f26-879f-5cc0987c3f97",
      "title": "",
      "fullFile": "",
      "file": "",
      "beforeHooks": [],
      "afterHooks": [],
      "tests": [],
      "suites": [
        {
          "uuid": "7114af73-476c-4862-9ef1-77dd21a30b64",
          "title": "Auth API",
          "fullFile": "D:\\Uni\\C455\\Project\\team10\\server\\src\\tests\\integration\\auth.test.ts",
          "file": "\\src\\tests\\integration\\auth.test.ts",
          "beforeHooks": [
            {
              "title": "\"before all\" hook in \"Auth API\"",
              "fullTitle": "Auth API \"before all\" hook in \"Auth API\"",
              "timedOut": false,
              "duration": 1,
              "state": null,
              "speed": null,
              "pass": false,
              "fail": false,
              "pending": false,
              "context": null,
              "code": "app = (0, express_1.default)();\napp.use(express_1.default.json());\napp.use('/api/auth', auth_1.default);",
              "err": {},
              "uuid": "6fa6877e-99df-4dfd-b520-0bf60d6e5a6a",
              "parentUUID": "7114af73-476c-4862-9ef1-77dd21a30b64",
              "isHook": true,
              "skipped": false
            }
          ],
          "afterHooks": [
            {
              "title": "\"after each\" hook in \"Auth API\"",
              "fullTitle": "Auth API \"after each\" hook in \"Auth API\"",
              "timedOut": false,
              "duration": 0,
              "state": null,
              "speed": null,
              "pass": false,
              "fail": false,
              "pending": false,
              "context": null,
              "code": "sinon_1.default.restore();",
              "err": {},
              "uuid": "a1eb78e7-b042-4f9f-8cb7-af74c4025e5a",
              "parentUUID": "7114af73-476c-4862-9ef1-77dd21a30b64",
              "isHook": true,
              "skipped": false
            }
          ],
          "tests": [],
          "suites": [
            {
              "uuid": "87821110-7a88-4cd5-9476-475c8ed95d74",
              "title": "/api/auth/register POST",
              "fullFile": "D:\\Uni\\C455\\Project\\team10\\server\\src\\tests\\integration\\auth.test.ts",
              "file": "\\src\\tests\\integration\\auth.test.ts",
              "beforeHooks": [],
              "afterHooks": [],
              "tests": [
                {
                  "title": "should return 400 for missing name",
                  "fullTitle": "Auth API /api/auth/register POST should return 400 for missing name",
                  "timedOut": false,
                  "duration": 46,
                  "state": "passed",
                  "speed": "medium",
                  "pass": true,
                  "fail": false,
                  "pending": false,
                  "context": null,
                  "code": "__awaiter(void 0, void 0, void 0, function* () {\n            const response = yield (0, supertest_1.default)(app)\n                .post('/api/auth/register')\n                .send({\n                email: 'test@example.com',\n                password: 'password123'\n            })\n                .expect(400);\n            (0, chai_1.expect)(response.body).to.deep.equal({\n                success: false,\n                error: 'name, email and password are required'\n            });\n        })",
                  "err": {},
                  "uuid": "d2fb729f-1bcf-4f44-a013-8d50bba1ec6b",
                  "parentUUID": "87821110-7a88-4cd5-9476-475c8ed95d74",
                  "isHook": false,
                  "skipped": false
                },
                {
                  "title": "should return 400 for missing email",
                  "fullTitle": "Auth API /api/auth/register POST should return 400 for missing email",
                  "timedOut": false,
                  "duration": 5,
                  "state": "passed",
                  "speed": "fast",
                  "pass": true,
                  "fail": false,
                  "pending": false,
                  "context": null,
                  "code": "__awaiter(void 0, void 0, void 0, function* () {\n            const response = yield (0, supertest_1.default)(app)\n                .post('/api/auth/register')\n                .send({\n                name: 'test name',\n                password: 'password123'\n            })\n                .expect(400);\n            (0, chai_1.expect)(response.body).to.deep.equal({\n                success: false,\n                error: 'name, email and password are required'\n            });\n        })",
                  "err": {},
                  "uuid": "ad46e8a8-3d33-4c64-a9d1-c559ab4e5958",
                  "parentUUID": "87821110-7a88-4cd5-9476-475c8ed95d74",
                  "isHook": false,
                  "skipped": false
                },
                {
                  "title": "should return 400 for missing password",
                  "fullTitle": "Auth API /api/auth/register POST should return 400 for missing password",
                  "timedOut": false,
                  "duration": 6,
                  "state": "passed",
                  "speed": "fast",
                  "pass": true,
                  "fail": false,
                  "pending": false,
                  "context": null,
                  "code": "__awaiter(void 0, void 0, void 0, function* () {\n            const response = yield (0, supertest_1.default)(app)\n                .post('/api/auth/register')\n                .send({\n                name: 'test name',\n                email: 'test@example.com',\n            })\n                .expect(400);\n            (0, chai_1.expect)(response.body).to.deep.equal({\n                success: false,\n                error: 'name, email and password are required'\n            });\n        })",
                  "err": {},
                  "uuid": "a3575a82-3d13-42ef-bb47-1ca5fbb45eae",
                  "parentUUID": "87821110-7a88-4cd5-9476-475c8ed95d74",
                  "isHook": false,
                  "skipped": false
                },
                {
                  "title": "should return 400 for non string name",
                  "fullTitle": "Auth API /api/auth/register POST should return 400 for non string name",
                  "timedOut": false,
                  "duration": 5,
                  "state": "passed",
                  "speed": "fast",
                  "pass": true,
                  "fail": false,
                  "pending": false,
                  "context": null,
                  "code": "__awaiter(void 0, void 0, void 0, function* () {\n            const response = yield (0, supertest_1.default)(app)\n                .post('/api/auth/register')\n                .send({\n                name: 123,\n                email: 'test@example.com',\n                password: 'password123'\n            })\n                .expect(400);\n            (0, chai_1.expect)(response.body).to.deep.equal({\n                success: false,\n                error: 'name, email and password need to be strings'\n            });\n        })",
                  "err": {},
                  "uuid": "40b6b081-d3c6-4111-85c0-522a2f47c47d",
                  "parentUUID": "87821110-7a88-4cd5-9476-475c8ed95d74",
                  "isHook": false,
                  "skipped": false
                },
                {
                  "title": "should return 400 for non string email",
                  "fullTitle": "Auth API /api/auth/register POST should return 400 for non string email",
                  "timedOut": false,
                  "duration": 9,
                  "state": "passed",
                  "speed": "fast",
                  "pass": true,
                  "fail": false,
                  "pending": false,
                  "context": null,
                  "code": "__awaiter(void 0, void 0, void 0, function* () {\n            const response = yield (0, supertest_1.default)(app)\n                .post('/api/auth/register')\n                .send({\n                name: 'test name',\n                email: 123,\n                password: 'password123'\n            })\n                .expect(400);\n            (0, chai_1.expect)(response.body).to.deep.equal({\n                success: false,\n                error: 'name, email and password need to be strings'\n            });\n        })",
                  "err": {},
                  "uuid": "734f219e-7084-44fb-855d-b2e76cfd3b70",
                  "parentUUID": "87821110-7a88-4cd5-9476-475c8ed95d74",
                  "isHook": false,
                  "skipped": false
                },
                {
                  "title": "should return 400 for non string password",
                  "fullTitle": "Auth API /api/auth/register POST should return 400 for non string password",
                  "timedOut": false,
                  "duration": 6,
                  "state": "passed",
                  "speed": "fast",
                  "pass": true,
                  "fail": false,
                  "pending": false,
                  "context": null,
                  "code": "__awaiter(void 0, void 0, void 0, function* () {\n            const response = yield (0, supertest_1.default)(app)\n                .post('/api/auth/register')\n                .send({\n                name: 'test name',\n                email: 'test@example.com',\n                password: 123\n            })\n                .expect(400);\n            (0, chai_1.expect)(response.body).to.deep.equal({\n                success: false,\n                error: 'name, email and password need to be strings'\n            });\n        })",
                  "err": {},
                  "uuid": "e949caf7-9c87-4758-8e9c-e4c1028318f2",
                  "parentUUID": "87821110-7a88-4cd5-9476-475c8ed95d74",
                  "isHook": false,
                  "skipped": false
                },
                {
                  "title": "should return 500 for failed email validation",
                  "fullTitle": "Auth API /api/auth/register POST should return 500 for failed email validation",
                  "timedOut": false,
                  "duration": 10,
                  "state": "passed",
                  "speed": "fast",
                  "pass": true,
                  "fail": false,
                  "pending": false,
                  "context": null,
                  "code": "__awaiter(void 0, void 0, void 0, function* () {\n            sinon_1.default.stub(UserService_1.UserService, 'getUserByEmail').throws(new Error(\"Error related to searching user with email\"));\n            const response = yield (0, supertest_1.default)(app)\n                .post('/api/auth/register')\n                .send({\n                name: 'test user',\n                email: 'test@example.com',\n                password: 'password123'\n            })\n                .expect(500);\n            (0, chai_1.expect)(response.body).to.deep.equal({\n                success: false,\n                error: 'Unable to register with that email'\n            });\n        })",
                  "err": {},
                  "uuid": "c8289955-6ce1-405d-93de-b38ef7f8ef99",
                  "parentUUID": "87821110-7a88-4cd5-9476-475c8ed95d74",
                  "isHook": false,
                  "skipped": false
                },
                {
                  "title": "should return 400 for existing account",
                  "fullTitle": "Auth API /api/auth/register POST should return 400 for existing account",
                  "timedOut": false,
                  "duration": 9,
                  "state": "passed",
                  "speed": "fast",
                  "pass": true,
                  "fail": false,
                  "pending": false,
                  "context": null,
                  "code": "__awaiter(void 0, void 0, void 0, function* () {\n            sinon_1.default.stub(UserService_1.UserService, 'getUserByEmail').resolves({\n                _id: 'existing_id',\n                name: 'Existing User',\n                email: 'existing@example.com',\n                password: 'hashed_password',\n                isEmailVerified: true\n            });\n            const response = yield (0, supertest_1.default)(app)\n                .post('/api/auth/register')\n                .send({\n                name: 'test user',\n                email: 'existing@example.com',\n                password: 'password123'\n            })\n                .expect(400);\n            (0, chai_1.expect)(response.body).to.deep.equal({\n                success: false,\n                error: 'Email already exists. Please try logging in instead'\n            });\n        })",
                  "err": {},
                  "uuid": "59a0faf4-fd9a-4928-a0d2-45060f0b5e86",
                  "parentUUID": "87821110-7a88-4cd5-9476-475c8ed95d74",
                  "isHook": false,
                  "skipped": false
                },
                {
                  "title": "should return 500 for failed register",
                  "fullTitle": "Auth API /api/auth/register POST should return 500 for failed register",
                  "timedOut": false,
                  "duration": 68,
                  "state": "passed",
                  "speed": "medium",
                  "pass": true,
                  "fail": false,
                  "pending": false,
                  "context": null,
                  "code": "__awaiter(void 0, void 0, void 0, function* () {\n            sinon_1.default.stub(UserService_1.UserService, 'getUserByEmail').resolves(null);\n            sinon_1.default.stub(authService_1.AuthService, 'register').throws(new Error(\"Unknown error in register\"));\n            const response = yield (0, supertest_1.default)(app)\n                .post('/api/auth/register')\n                .send({\n                name: 'test user',\n                email: 'test@example.com',\n                password: 'password123'\n            })\n                .expect(500);\n            (0, chai_1.expect)(response.body).to.deep.equal({\n                success: false,\n                error: 'Registration failed. Please try again'\n            });\n        })",
                  "err": {},
                  "uuid": "3bfdef12-c42b-47f5-a6a9-cdc322e68f53",
                  "parentUUID": "87821110-7a88-4cd5-9476-475c8ed95d74",
                  "isHook": false,
                  "skipped": false
                },
                {
                  "title": "should return 201 on successful register",
                  "fullTitle": "Auth API /api/auth/register POST should return 201 on successful register",
                  "timedOut": false,
                  "duration": 56,
                  "state": "passed",
                  "speed": "medium",
                  "pass": true,
                  "fail": false,
                  "pending": false,
                  "context": null,
                  "code": "__awaiter(void 0, void 0, void 0, function* () {\n            const fakeUser = {\n                _id: 'test user id',\n                name: 'test user',\n                email: 'test@example.com',\n                isEmailVerified: true,\n                verificationToken: 'test token',\n                verificationTokenExpires: (new Date(Date.now() + 24 * 60 * 60 * 1000)).toISOString(),\n                createdAt: (new Date()).toISOString(),\n                updatedAt: (new Date()).toISOString(),\n            };\n            sinon_1.default.stub(UserService_1.UserService, 'getUserByEmail').resolves(null);\n            sinon_1.default.stub(authService_1.AuthService, 'register').resolves({\n                token: '123abc',\n                user: fakeUser\n            });\n            const response = yield (0, supertest_1.default)(app)\n                .post('/api/auth/register')\n                .send({\n                name: 'test user',\n                email: 'test@example.com',\n                password: 'password123'\n            })\n                .expect(201);\n            (0, chai_1.expect)(response.body).to.deep.equal({\n                success: true,\n                message: 'Registration successful! Your account has been created and verified',\n                data: fakeUser,\n                token: '123abc'\n            });\n        })",
                  "err": {},
                  "uuid": "542a6c2a-9c01-4d3f-b0fb-3689cace3135",
                  "parentUUID": "87821110-7a88-4cd5-9476-475c8ed95d74",
                  "isHook": false,
                  "skipped": false
                }
              ],
              "suites": [],
              "passes": [
                "d2fb729f-1bcf-4f44-a013-8d50bba1ec6b",
                "ad46e8a8-3d33-4c64-a9d1-c559ab4e5958",
                "a3575a82-3d13-42ef-bb47-1ca5fbb45eae",
                "40b6b081-d3c6-4111-85c0-522a2f47c47d",
                "734f219e-7084-44fb-855d-b2e76cfd3b70",
                "e949caf7-9c87-4758-8e9c-e4c1028318f2",
                "c8289955-6ce1-405d-93de-b38ef7f8ef99",
                "59a0faf4-fd9a-4928-a0d2-45060f0b5e86",
                "3bfdef12-c42b-47f5-a6a9-cdc322e68f53",
                "542a6c2a-9c01-4d3f-b0fb-3689cace3135"
              ],
              "failures": [],
              "pending": [],
              "skipped": [],
              "duration": 220,
              "root": false,
              "rootEmpty": false,
              "_timeout": 20000
            },
            {
              "uuid": "f139776c-bdeb-4d3a-bd5b-95d989b4a230",
              "title": "/api/auth/login POST",
              "fullFile": "D:\\Uni\\C455\\Project\\team10\\server\\src\\tests\\integration\\auth.test.ts",
              "file": "\\src\\tests\\integration\\auth.test.ts",
              "beforeHooks": [],
              "afterHooks": [],
              "tests": [
                {
                  "title": "should return 400 for missing email",
                  "fullTitle": "Auth API /api/auth/login POST should return 400 for missing email",
                  "timedOut": false,
                  "duration": 6,
                  "state": "passed",
                  "speed": "fast",
                  "pass": true,
                  "fail": false,
                  "pending": false,
                  "context": null,
                  "code": "__awaiter(void 0, void 0, void 0, function* () {\n            const response = yield (0, supertest_1.default)(app)\n                .post('/api/auth/login')\n                .send({\n                password: 'hashed-password'\n            })\n                .expect(400);\n            (0, chai_1.expect)(response.body).to.deep.equal({\n                success: false,\n                error: \"Email and password are required\"\n            });\n        })",
                  "err": {},
                  "uuid": "d0f8eba8-eb2a-4605-af0a-669ca2f4604a",
                  "parentUUID": "f139776c-bdeb-4d3a-bd5b-95d989b4a230",
                  "isHook": false,
                  "skipped": false
                },
                {
                  "title": "should return 400 for missing password",
                  "fullTitle": "Auth API /api/auth/login POST should return 400 for missing password",
                  "timedOut": false,
                  "duration": 6,
                  "state": "passed",
                  "speed": "fast",
                  "pass": true,
                  "fail": false,
                  "pending": false,
                  "context": null,
                  "code": "__awaiter(void 0, void 0, void 0, function* () {\n            const response = yield (0, supertest_1.default)(app)\n                .post('/api/auth/login')\n                .send({\n                email: \"test@example.com\"\n            })\n                .expect(400);\n            (0, chai_1.expect)(response.body).to.deep.equal({\n                success: false,\n                error: \"Email and password are required\"\n            });\n        })",
                  "err": {},
                  "uuid": "aca3ff54-8c16-4b29-96b2-f927fb623408",
                  "parentUUID": "f139776c-bdeb-4d3a-bd5b-95d989b4a230",
                  "isHook": false,
                  "skipped": false
                },
                {
                  "title": "should return 400 for non string email",
                  "fullTitle": "Auth API /api/auth/login POST should return 400 for non string email",
                  "timedOut": false,
                  "duration": 7,
                  "state": "passed",
                  "speed": "fast",
                  "pass": true,
                  "fail": false,
                  "pending": false,
                  "context": null,
                  "code": "__awaiter(void 0, void 0, void 0, function* () {\n            const response = yield (0, supertest_1.default)(app)\n                .post('/api/auth/login')\n                .send({\n                email: 123,\n                password: 'test-hash'\n            })\n                .expect(400);\n            (0, chai_1.expect)(response.body).to.deep.equal({\n                success: false,\n                error: \"Email and password must be strings\"\n            });\n        })",
                  "err": {},
                  "uuid": "5bdbf97d-baa4-4e69-9e19-5557601f98d3",
                  "parentUUID": "f139776c-bdeb-4d3a-bd5b-95d989b4a230",
                  "isHook": false,
                  "skipped": false
                },
                {
                  "title": "should return 400 for non string password",
                  "fullTitle": "Auth API /api/auth/login POST should return 400 for non string password",
                  "timedOut": false,
                  "duration": 14,
                  "state": "passed",
                  "speed": "fast",
                  "pass": true,
                  "fail": false,
                  "pending": false,
                  "context": null,
                  "code": "__awaiter(void 0, void 0, void 0, function* () {\n            const response = yield (0, supertest_1.default)(app)\n                .post('/api/auth/login')\n                .send({\n                email: 'test@example.com',\n                password: 123\n            })\n                .expect(400);\n            (0, chai_1.expect)(response.body).to.deep.equal({\n                success: false,\n                error: \"Email and password must be strings\"\n            });\n        })",
                  "err": {},
                  "uuid": "a5b30fcb-14ca-42f8-881d-aa87cfc4c4bd",
                  "parentUUID": "f139776c-bdeb-4d3a-bd5b-95d989b4a230",
                  "isHook": false,
                  "skipped": false
                },
                {
                  "title": "should return 401 for bad email",
                  "fullTitle": "Auth API /api/auth/login POST should return 401 for bad email",
                  "timedOut": false,
                  "duration": 7,
                  "state": "passed",
                  "speed": "fast",
                  "pass": true,
                  "fail": false,
                  "pending": false,
                  "context": null,
                  "code": "__awaiter(void 0, void 0, void 0, function* () {\n            sinon_1.default.stub(UserService_1.UserService, 'getUserByEmail').resolves(null);\n            const response = yield (0, supertest_1.default)(app)\n                .post('/api/auth/login')\n                .send({\n                email: 'test@example.com',\n                password: 'test-hash'\n            })\n                .expect(401);\n            (0, chai_1.expect)(response.body).to.deep.equal({\n                success: false,\n                error: \"Invalid email or password\"\n            });\n        })",
                  "err": {},
                  "uuid": "f5edc616-7cfc-41df-8025-e33b1ef9ed25",
                  "parentUUID": "f139776c-bdeb-4d3a-bd5b-95d989b4a230",
                  "isHook": false,
                  "skipped": false
                },
                {
                  "title": "should return 401 for unverified email",
                  "fullTitle": "Auth API /api/auth/login POST should return 401 for unverified email",
                  "timedOut": false,
                  "duration": 6,
                  "state": "passed",
                  "speed": "fast",
                  "pass": true,
                  "fail": false,
                  "pending": false,
                  "context": null,
                  "code": "__awaiter(void 0, void 0, void 0, function* () {\n            const unverifiedUser = {\n                name: 'test name',\n                email: 'test@example.com',\n                password: 'test-hash',\n                isEmailVerified: false\n            };\n            sinon_1.default.stub(UserService_1.UserService, 'getUserByEmail').resolves(unverifiedUser);\n            const response = yield (0, supertest_1.default)(app)\n                .post('/api/auth/login')\n                .send({\n                email: 'test@example.com',\n                password: 'test-hash'\n            })\n                .expect(401);\n            (0, chai_1.expect)(response.body).to.deep.equal({\n                success: false,\n                error: \"Please verify your email before logging in\"\n            });\n        })",
                  "err": {},
                  "uuid": "df51cb1c-200e-4a12-9d7b-01300cbd641d",
                  "parentUUID": "f139776c-bdeb-4d3a-bd5b-95d989b4a230",
                  "isHook": false,
                  "skipped": false
                },
                {
                  "title": "should return 500 for unknown error during login",
                  "fullTitle": "Auth API /api/auth/login POST should return 500 for unknown error during login",
                  "timedOut": false,
                  "duration": 9,
                  "state": "passed",
                  "speed": "fast",
                  "pass": true,
                  "fail": false,
                  "pending": false,
                  "context": null,
                  "code": "__awaiter(void 0, void 0, void 0, function* () {\n            const userWithPassword = {\n                _id: 'test_id',\n                email: 'test@example.com',\n                password: 'test-hash',\n                isEmailVerified: true\n            };\n            sinon_1.default.stub(UserService_1.UserService, 'getUserByEmail').resolves(userWithPassword);\n            sinon_1.default.stub(authService_1.AuthService, 'login').throws(new Error(\"Some error during login\"));\n            const response = yield (0, supertest_1.default)(app)\n                .post('/api/auth/login')\n                .send({\n                email: 'test@example.com',\n                password: 'test-hash'\n            })\n                .expect(500);\n            (0, chai_1.expect)(response.body).to.deep.equal({\n                success: false,\n                error: \"Unknown authentication error\"\n            });\n        })",
                  "err": {},
                  "uuid": "36c8dc85-fca6-4080-8377-7ec6278ea1e0",
                  "parentUUID": "f139776c-bdeb-4d3a-bd5b-95d989b4a230",
                  "isHook": false,
                  "skipped": false
                },
                {
                  "title": "should return 200 with token and user for successful login",
                  "fullTitle": "Auth API /api/auth/login POST should return 200 with token and user for successful login",
                  "timedOut": false,
                  "duration": 6,
                  "state": "passed",
                  "speed": "fast",
                  "pass": true,
                  "fail": false,
                  "pending": false,
                  "context": null,
                  "code": "__awaiter(void 0, void 0, void 0, function* () {\n            const userWithPassword = {\n                email: 'test@example.com',\n                password: 'hashed-password',\n                isEmailVerified: true,\n            };\n            const { password } = userWithPassword, userWithoutPassword = __rest(userWithPassword, [\"password\"]);\n            sinon_1.default.stub(UserService_1.UserService, 'getUserByEmail').resolves(userWithPassword);\n            sinon_1.default.stub(authService_1.AuthService, 'login').resolves({\n                token: 'token123',\n                user: userWithoutPassword\n            });\n            const response = yield (0, supertest_1.default)(app)\n                .post('/api/auth/login')\n                .send({\n                email: 'test@example.com',\n                password: 'hashed-password'\n            })\n                .expect(200);\n            (0, chai_1.expect)(response.body).to.deep.equal({\n                success: true,\n                message: 'Login successful',\n                user: userWithoutPassword,\n                token: 'token123'\n            });\n        })",
                  "err": {},
                  "uuid": "d4ed5811-e802-4159-bb65-cb868a561160",
                  "parentUUID": "f139776c-bdeb-4d3a-bd5b-95d989b4a230",
                  "isHook": false,
                  "skipped": false
                }
              ],
              "suites": [],
              "passes": [
                "d0f8eba8-eb2a-4605-af0a-669ca2f4604a",
                "aca3ff54-8c16-4b29-96b2-f927fb623408",
                "5bdbf97d-baa4-4e69-9e19-5557601f98d3",
                "a5b30fcb-14ca-42f8-881d-aa87cfc4c4bd",
                "f5edc616-7cfc-41df-8025-e33b1ef9ed25",
                "df51cb1c-200e-4a12-9d7b-01300cbd641d",
                "36c8dc85-fca6-4080-8377-7ec6278ea1e0",
                "d4ed5811-e802-4159-bb65-cb868a561160"
              ],
              "failures": [],
              "pending": [],
              "skipped": [],
              "duration": 61,
              "root": false,
              "rootEmpty": false,
              "_timeout": 20000
            }
          ],
          "passes": [],
          "failures": [],
          "pending": [],
          "skipped": [],
          "duration": 0,
          "root": false,
          "rootEmpty": false,
          "_timeout": 20000
        },
        {
          "uuid": "42ea2432-8caa-42f6-9c78-e2e6ec47a89a",
          "title": "Chatbot API",
          "fullFile": "D:\\Uni\\C455\\Project\\team10\\server\\src\\tests\\integration\\chatbot.test.ts",
          "file": "\\src\\tests\\integration\\chatbot.test.ts",
          "beforeHooks": [
            {
              "title": "\"before all\" hook in \"Chatbot API\"",
              "fullTitle": "Chatbot API \"before all\" hook in \"Chatbot API\"",
              "timedOut": false,
              "duration": 0,
              "state": null,
              "speed": null,
              "pass": false,
              "fail": false,
              "pending": false,
              "context": null,
              "code": "app = (0, express_1.default)();\napp.use(express_1.default.json());\napp.post('/api/chatbot', chatbot_1.postChat);",
              "err": {},
              "uuid": "8db40098-0d0e-4105-90a5-1f694e92492a",
              "parentUUID": "42ea2432-8caa-42f6-9c78-e2e6ec47a89a",
              "isHook": true,
              "skipped": false
            }
          ],
          "afterHooks": [
            {
              "title": "\"after each\" hook in \"Chatbot API\"",
              "fullTitle": "Chatbot API \"after each\" hook in \"Chatbot API\"",
              "timedOut": false,
              "duration": 0,
              "state": null,
              "speed": null,
              "pass": false,
              "fail": false,
              "pending": false,
              "context": null,
              "code": "sinon_1.default.restore();",
              "err": {},
              "uuid": "8b590db2-d91a-4320-ad5e-9f434da58540",
              "parentUUID": "42ea2432-8caa-42f6-9c78-e2e6ec47a89a",
              "isHook": true,
              "skipped": false
            }
          ],
          "tests": [],
          "suites": [
            {
              "uuid": "61ac60e2-9ee9-496f-908e-7893bb766341",
              "title": "/api/chatbot POST",
              "fullFile": "D:\\Uni\\C455\\Project\\team10\\server\\src\\tests\\integration\\chatbot.test.ts",
              "file": "\\src\\tests\\integration\\chatbot.test.ts",
              "beforeHooks": [],
              "afterHooks": [],
              "tests": [
                {
                  "title": "returns 400 code for missing message",
                  "fullTitle": "Chatbot API /api/chatbot POST returns 400 code for missing message",
                  "timedOut": false,
                  "duration": 9,
                  "state": "passed",
                  "speed": "fast",
                  "pass": true,
                  "fail": false,
                  "pending": false,
                  "context": null,
                  "code": "__awaiter(void 0, void 0, void 0, function* () {\n            const response = yield (0, supertest_1.default)(app)\n                .post('/api/chatbot')\n                .send({})\n                .expect(400);\n            expect(response.body).to.deep.equal({ error: 'Message is required' });\n        })",
                  "err": {},
                  "uuid": "a799b15d-ae16-46fd-8ecf-7de2152ddc9c",
                  "parentUUID": "61ac60e2-9ee9-496f-908e-7893bb766341",
                  "isHook": false,
                  "skipped": false
                },
                {
                  "title": "returns 400 code for wrong data type",
                  "fullTitle": "Chatbot API /api/chatbot POST returns 400 code for wrong data type",
                  "timedOut": false,
                  "duration": 6,
                  "state": "passed",
                  "speed": "fast",
                  "pass": true,
                  "fail": false,
                  "pending": false,
                  "context": null,
                  "code": "__awaiter(void 0, void 0, void 0, function* () {\n            const response = yield (0, supertest_1.default)(app)\n                .post('/api/chatbot')\n                .send({ message: 0 })\n                .expect(400);\n            expect(response.body).to.deep.equal({ error: 'Message is required' });\n        })",
                  "err": {},
                  "uuid": "b008cf44-a57e-4087-8124-ea004fc21df8",
                  "parentUUID": "61ac60e2-9ee9-496f-908e-7893bb766341",
                  "isHook": false,
                  "skipped": false
                },
                {
                  "title": "returns 400 code for empty message",
                  "fullTitle": "Chatbot API /api/chatbot POST returns 400 code for empty message",
                  "timedOut": false,
                  "duration": 4,
                  "state": "passed",
                  "speed": "fast",
                  "pass": true,
                  "fail": false,
                  "pending": false,
                  "context": null,
                  "code": "__awaiter(void 0, void 0, void 0, function* () {\n            const response = yield (0, supertest_1.default)(app)\n                .post('/api/chatbot')\n                .send({ message: \"\" })\n                .expect(400);\n            expect(response.body).to.deep.equal({ error: 'Message is required' });\n        })",
                  "err": {},
                  "uuid": "2f37714d-bff8-4225-8f7f-c69f1f98d4e2",
                  "parentUUID": "61ac60e2-9ee9-496f-908e-7893bb766341",
                  "isHook": false,
                  "skipped": false
                },
                {
                  "title": "returns 500 code for failed chatbot API call",
                  "fullTitle": "Chatbot API /api/chatbot POST returns 500 code for failed chatbot API call",
                  "timedOut": false,
                  "duration": 1588,
                  "state": "failed",
                  "speed": null,
                  "pass": false,
                  "fail": true,
                  "pending": false,
                  "context": null,
                  "code": "__awaiter(void 0, void 0, void 0, function* () {\n            sinon_1.default.stub(AIService_1.AIService, 'chatCompletionGithubModel').throws(new Error(\"some API error message\"));\n            const response = yield (0, supertest_1.default)(app)\n                .post('/api/chatbot')\n                .send({ message: \"hi\" })\n                .expect(500);\n            expect(response.body).to.deep.equal({ error: 'Unable to call chatbot API' });\n        })",
                  "err": {
                    "message": "Error: expected 500 \"Internal Server Error\", got 200 \"OK\"",
                    "estack": "Error: expected 500 \"Internal Server Error\", got 200 \"OK\"\n    at D:\\Uni\\C455\\Project\\team10\\server\\src\\tests\\integration\\chatbot.test.ts:68:10\n    at Generator.next (<anonymous>)\n    at D:\\Uni\\C455\\Project\\team10\\server\\src\\tests\\integration\\chatbot.test.ts:41:71\n    at new Promise (<anonymous>)\n    at __awaiter (src\\tests\\integration\\chatbot.test.ts:37:12)\n    at Context.<anonymous> (src\\tests\\integration\\chatbot.test.ts:63:67)\n    at processImmediate (node:internal/timers:485:21)\n----\n    at Test._assertStatus (node_modules\\supertest\\lib\\test.js:267:14)\n    at D:\\Uni\\C455\\Project\\team10\\server\\node_modules\\supertest\\lib\\test.js:323:13\n    at Test._assertFunction (node_modules\\supertest\\lib\\test.js:300:13)\n    at Test.assert (node_modules\\supertest\\lib\\test.js:179:23)\n    at Server.localAssert (node_modules\\supertest\\lib\\test.js:135:14)\n    at Object.onceWrapper (node:events:632:28)\n    at Server.emit (node:events:518:28)\n    at Server.emit (node:domain:489:12)\n    at emitCloseNT (node:net:2419:8)\n    at processTicksAndRejections (node:internal/process/task_queues:89:21)",
                    "diff": null
                  },
                  "uuid": "78a3ce65-5d35-4042-9b2e-9c5cdb64c9eb",
                  "parentUUID": "61ac60e2-9ee9-496f-908e-7893bb766341",
                  "isHook": false,
                  "skipped": false
                },
                {
                  "title": "returns 500 code for incomplete chatbot response",
                  "fullTitle": "Chatbot API /api/chatbot POST returns 500 code for incomplete chatbot response",
                  "timedOut": false,
                  "duration": 1628,
                  "state": "failed",
                  "speed": null,
                  "pass": false,
                  "fail": true,
                  "pending": false,
                  "context": null,
                  "code": "__awaiter(void 0, void 0, void 0, function* () {\n            sinon_1.default.stub(AIService_1.AIService, 'chatCompletionGithubModel').resolves({\n                chatbotMessage: \"\",\n                productRequested: false,\n                productQuery: \"\"\n            });\n            const response = yield (0, supertest_1.default)(app)\n                .post('/api/chatbot')\n                .send({ message: \"give me an incomplete response\" })\n                .expect(500);\n            expect(response.body).to.deep.equal({ error: 'AI unable to respond' });\n        })",
                  "err": {
                    "message": "Error: expected 500 \"Internal Server Error\", got 200 \"OK\"",
                    "estack": "Error: expected 500 \"Internal Server Error\", got 200 \"OK\"\n    at D:\\Uni\\C455\\Project\\team10\\server\\src\\tests\\integration\\chatbot.test.ts:83:10\n    at Generator.next (<anonymous>)\n    at D:\\Uni\\C455\\Project\\team10\\server\\src\\tests\\integration\\chatbot.test.ts:41:71\n    at new Promise (<anonymous>)\n    at __awaiter (src\\tests\\integration\\chatbot.test.ts:37:12)\n    at Context.<anonymous> (src\\tests\\integration\\chatbot.test.ts:73:71)\n    at processImmediate (node:internal/timers:485:21)\n----\n    at Test._assertStatus (node_modules\\supertest\\lib\\test.js:267:14)\n    at D:\\Uni\\C455\\Project\\team10\\server\\node_modules\\supertest\\lib\\test.js:323:13\n    at Test._assertFunction (node_modules\\supertest\\lib\\test.js:300:13)\n    at Test.assert (node_modules\\supertest\\lib\\test.js:179:23)\n    at Server.localAssert (node_modules\\supertest\\lib\\test.js:135:14)\n    at Object.onceWrapper (node:events:632:28)\n    at Server.emit (node:events:518:28)\n    at Server.emit (node:domain:489:12)\n    at emitCloseNT (node:net:2419:8)\n    at processTicksAndRejections (node:internal/process/task_queues:89:21)",
                    "diff": null
                  },
                  "uuid": "124a7fc7-444a-49b5-841b-204724a2804c",
                  "parentUUID": "61ac60e2-9ee9-496f-908e-7893bb766341",
                  "isHook": false,
                  "skipped": false
                },
                {
                  "title": "returns 200 code for working chatbot API without products",
                  "fullTitle": "Chatbot API /api/chatbot POST returns 200 code for working chatbot API without products",
                  "timedOut": false,
                  "duration": 1361,
                  "state": "failed",
                  "speed": null,
                  "pass": false,
                  "fail": true,
                  "pending": false,
                  "context": null,
                  "code": "__awaiter(void 0, void 0, void 0, function* () {\n            sinon_1.default.stub(AIService_1.AIService, 'chatCompletionGithubModel').resolves({\n                chatbotMessage: \"What would you like to search for?\",\n                productRequested: false,\n                productQuery: \"\"\n            });\n            const response = yield (0, supertest_1.default)(app)\n                .post('/api/chatbot')\n                .send({ message: \"test message\" })\n                .expect(200);\n            expect(response.body).to.deep.equal({\n                chatbotMessage: \"What would you like to search for?\",\n                productData: null\n            });\n        })",
                  "err": {
                    "message": "AssertionError: expected { …(2) } to deeply equal { …(2) }",
                    "estack": "AssertionError: expected { …(2) } to deeply equal { …(2) }\n    at D:\\Uni\\C455\\Project\\team10\\server\\src\\tests\\integration\\chatbot.test.ts:99:37\n    at Generator.next (<anonymous>)\n    at fulfilled (src\\tests\\integration\\chatbot.test.ts:38:58)\n    at processTicksAndRejections (node:internal/process/task_queues:105:5)",
                    "diff": " {\n-   \"chatbotMessage\": \"It looks like your last message was a test message and not related to tech shopping. How can I assist you with laptops, phones, or computers today?\"\n+   \"chatbotMessage\": \"What would you like to search for?\"\n   \"productData\": [null]\n }\n"
                  },
                  "uuid": "09e99302-977b-4496-9160-7978ed811a6d",
                  "parentUUID": "61ac60e2-9ee9-496f-908e-7893bb766341",
                  "isHook": false,
                  "skipped": false
                },
                {
                  "title": "returns 200 code for working chatbot API and failed product API",
                  "fullTitle": "Chatbot API /api/chatbot POST returns 200 code for working chatbot API and failed product API",
                  "timedOut": false,
                  "duration": 1601,
                  "state": "failed",
                  "speed": null,
                  "pass": false,
                  "fail": true,
                  "pending": false,
                  "context": null,
                  "code": "__awaiter(void 0, void 0, void 0, function* () {\n            sinon_1.default.stub(AIService_1.AIService, 'chatCompletionGithubModel').resolves({\n                chatbotMessage: \"Here are some macbooks I found.\",\n                productRequested: true,\n                productQuery: \"macbook\"\n            });\n            sinon_1.default.stub(ProductService_1.ProductService, 'searchProducts').throws(new Error(\"some API error message\"));\n            const response = yield (0, supertest_1.default)(app)\n                .post('/api/chatbot')\n                .send({ message: \"I want some macbooks\" })\n                .expect(200);\n            expect(response.body).to.deep.equal({\n                chatbotMessage: \"Here are some macbooks I found.\",\n                productData: null\n            });\n        })",
                  "err": {
                    "message": "AssertionError: expected { …(2) } to deeply equal { …(2) }",
                    "estack": "AssertionError: expected { …(2) } to deeply equal { …(2) }\n    at D:\\Uni\\C455\\Project\\team10\\server\\src\\tests\\integration\\chatbot.test.ts:118:37\n    at Generator.next (<anonymous>)\n    at fulfilled (src\\tests\\integration\\chatbot.test.ts:38:58)\n    at processTicksAndRejections (node:internal/process/task_queues:105:5)",
                    "diff": " {\n-   \"chatbotMessage\": \"You asked about MacBooks. I have searched for MacBook options for you. Would you like to see the latest models, compare prices, or get recommendations based on your needs?\"\n+   \"chatbotMessage\": \"Here are some macbooks I found.\"\n   \"productData\": [null]\n }\n"
                  },
                  "uuid": "e41be74d-f1ef-43e4-bd7a-e460115f23fb",
                  "parentUUID": "61ac60e2-9ee9-496f-908e-7893bb766341",
                  "isHook": false,
                  "skipped": false
                },
                {
                  "title": "returns 200 code for working chatbot API and product API",
                  "fullTitle": "Chatbot API /api/chatbot POST returns 200 code for working chatbot API and product API",
                  "timedOut": false,
                  "duration": 2787,
                  "state": "failed",
                  "speed": null,
                  "pass": false,
                  "fail": true,
                  "pending": false,
                  "context": null,
                  "code": "__awaiter(void 0, void 0, void 0, function* () {\n            const mockProduct = {\n                product_id: \"123\",\n                source: \"Best Buy\",\n                title: \"MacBook Pro\",\n                thumbnail: \"image.jpg\",\n                extracted_price: 1299,\n                seller_details: { direct_link: \"http://example.com\" },\n                rating: 4.5,\n                reviews: 120\n            };\n            sinon_1.default.stub(AIService_1.AIService, 'chatCompletionGithubModel').resolves({\n                chatbotMessage: \"Here are some macbooks I found.\",\n                productRequested: true,\n                productQuery: \"macbook\"\n            });\n            sinon_1.default.stub(ProductService_1.ProductService, 'searchProducts').resolves([mockProduct]);\n            const response = yield (0, supertest_1.default)(app)\n                .post('/api/chatbot')\n                .send({ message: \"I want some macbooks\" })\n                .expect(200);\n            expect(response.body).to.deep.equal({\n                chatbotMessage: \"Here are some macbooks I found.\",\n                productData: [{\n                        id: mockProduct.product_id,\n                        source: mockProduct.source,\n                        title: mockProduct.title,\n                        image: mockProduct.thumbnail,\n                        price: mockProduct.extracted_price,\n                        url: mockProduct.seller_details.direct_link,\n                        rating: mockProduct.rating,\n                        reviews: mockProduct.reviews\n                    }]\n            });\n        })",
                  "err": {
                    "message": "AssertionError: expected { …(2) } to deeply equal { …(2) }",
                    "estack": "AssertionError: expected { …(2) } to deeply equal { …(2) }\n    at D:\\Uni\\C455\\Project\\team10\\server\\src\\tests\\integration\\chatbot.test.ts:147:37\n    at Generator.next (<anonymous>)\n    at fulfilled (src\\tests\\integration\\chatbot.test.ts:38:58)\n    at processTicksAndRejections (node:internal/process/task_queues:105:5)",
                    "diff": " {\n-   \"chatbotMessage\": \"I found a MacBook Pro available for $1299 with a 4.5-star rating and 120 reviews. You can view it [here](http://localhost:3000/api/buywise/redirect/1751596844432-ti7zva?data=eyJvcmlnaW5hbFVybCI6Imh0dHA6Ly9leGFtcGxlLmNvbSIsInBhcmFtcyI6eyJwcm9kdWN0X2lkIjoiMTIzIiwic291cmNlIjoiQmVzdCBCdXkifQ==). Would you like to see more options or need help with anything else?\"\n+   \"chatbotMessage\": \"Here are some macbooks I found.\"\n   \"productData\": [\n     {\n       \"id\": \"123\"\n       \"image\": \"image.jpg\"\n       \"rating\": 4.5\n       \"reviews\": 120\n       \"source\": \"Best Buy\"\n       \"title\": \"MacBook Pro\"\n-       \"url\": \"http://localhost:3000/api/buywise/redirect/1751596844432-ti7zva?data=eyJvcmlnaW5hbFVybCI6Imh0dHA6Ly9leGFtcGxlLmNvbSIsInBhcmFtcyI6eyJwcm9kdWN0X2lkIjoiMTIzIiwic291cmNlIjoiQmVzdCBCdXkiLCJ0aXRsZSI6Ik1hY0Jvb2sgUHJvIiwicHJpY2UiOjEyOTl9LCJyZWRpcmVjdFVybCI6Imh0dHA6Ly9leGFtcGxlLmNvbT9wcm9kdWN0X2lkPTEyMyZzb3VyY2U9QmVzdCtCdXkmdGl0bGU9TWFjQm9vaytQcm8mcHJpY2U9MTI5OSJ9\"\n+       \"url\": \"http://example.com\"\n     }\n   ]\n }\n"
                  },
                  "uuid": "f11f31df-56c3-493f-b6c4-68faef799138",
                  "parentUUID": "61ac60e2-9ee9-496f-908e-7893bb766341",
                  "isHook": false,
                  "skipped": false
                }
              ],
              "suites": [],
              "passes": [
                "a799b15d-ae16-46fd-8ecf-7de2152ddc9c",
                "b008cf44-a57e-4087-8124-ea004fc21df8",
                "2f37714d-bff8-4225-8f7f-c69f1f98d4e2"
              ],
              "failures": [
                "78a3ce65-5d35-4042-9b2e-9c5cdb64c9eb",
                "124a7fc7-444a-49b5-841b-204724a2804c",
                "09e99302-977b-4496-9160-7978ed811a6d",
                "e41be74d-f1ef-43e4-bd7a-e460115f23fb",
                "f11f31df-56c3-493f-b6c4-68faef799138"
              ],
              "pending": [],
              "skipped": [],
              "duration": 8984,
              "root": false,
              "rootEmpty": false,
              "_timeout": 20000
            }
          ],
          "passes": [],
          "failures": [],
          "pending": [],
          "skipped": [],
          "duration": 0,
          "root": false,
          "rootEmpty": false,
          "_timeout": 20000
        },
        {
          "uuid": "c4301a8b-71db-46f1-89eb-8297d46a9e47",
          "title": "Chat API",
          "fullFile": "D:\\Uni\\C455\\Project\\team10\\server\\src\\tests\\integration\\chats.test.ts",
          "file": "\\src\\tests\\integration\\chats.test.ts",
          "beforeHooks": [
            {
              "title": "\"before all\" hook in \"Chat API\"",
              "fullTitle": "Chat API \"before all\" hook in \"Chat API\"",
              "timedOut": false,
              "duration": 1,
              "state": null,
              "speed": null,
              "pass": false,
              "fail": false,
              "pending": false,
              "context": null,
              "code": "app = (0, express_1.default)();\napp.use(express_1.default.json());\napp.use('/api/chats', chat_1.default);",
              "err": {},
              "uuid": "24b4e8bd-59be-45a4-969d-97e4ab1aeece",
              "parentUUID": "c4301a8b-71db-46f1-89eb-8297d46a9e47",
              "isHook": true,
              "skipped": false
            }
          ],
          "afterHooks": [
            {
              "title": "\"after each\" hook in \"Chat API\"",
              "fullTitle": "Chat API \"after each\" hook in \"Chat API\"",
              "timedOut": false,
              "duration": 0,
              "state": null,
              "speed": null,
              "pass": false,
              "fail": false,
              "pending": false,
              "context": null,
              "code": "sinon_1.default.restore();",
              "err": {},
              "uuid": "7160178c-e190-4d20-a255-f689efbe4a7b",
              "parentUUID": "c4301a8b-71db-46f1-89eb-8297d46a9e47",
              "isHook": true,
              "skipped": false
            }
          ],
          "tests": [],
          "suites": [
            {
              "uuid": "5f0e10e1-9489-4a16-ad8b-0194ba0ab79b",
              "title": "/api/chats POST",
              "fullFile": "D:\\Uni\\C455\\Project\\team10\\server\\src\\tests\\integration\\chats.test.ts",
              "file": "\\src\\tests\\integration\\chats.test.ts",
              "beforeHooks": [],
              "afterHooks": [],
              "tests": [
                {
                  "title": "should return 400 for missing messages",
                  "fullTitle": "Chat API /api/chats POST should return 400 for missing messages",
                  "timedOut": false,
                  "duration": 4,
                  "state": "passed",
                  "speed": "fast",
                  "pass": true,
                  "fail": false,
                  "pending": false,
                  "context": null,
                  "code": "__awaiter(void 0, void 0, void 0, function* () {\n            const response = yield (0, supertest_1.default)(app)\n                .post('/api/chats')\n                .send({\n                email: 'test@example.com'\n            })\n                .expect(400);\n            (0, chai_1.expect)(response.body).to.deep.equal({\n                success: false,\n                error: 'messages and email required'\n            });\n        })",
                  "err": {},
                  "uuid": "dafcd8e1-ea92-4b39-8884-a0c1ae246000",
                  "parentUUID": "5f0e10e1-9489-4a16-ad8b-0194ba0ab79b",
                  "isHook": false,
                  "skipped": false
                },
                {
                  "title": "should return 400 for missing email",
                  "fullTitle": "Chat API /api/chats POST should return 400 for missing email",
                  "timedOut": false,
                  "duration": 3,
                  "state": "passed",
                  "speed": "fast",
                  "pass": true,
                  "fail": false,
                  "pending": false,
                  "context": null,
                  "code": "__awaiter(void 0, void 0, void 0, function* () {\n            const response = yield (0, supertest_1.default)(app)\n                .post('/api/chats')\n                .send({\n                messages: [\n                    {\n                        speaker: 'user',\n                        text: 'first message'\n                    },\n                    {\n                        speaker: 'bot',\n                        text: 'first reply'\n                    }\n                ]\n            })\n                .expect(400);\n            (0, chai_1.expect)(response.body).to.deep.equal({\n                success: false,\n                error: 'messages and email required'\n            });\n        })",
                  "err": {},
                  "uuid": "4e9fcfcb-ddbd-4346-b569-46a365d5b301",
                  "parentUUID": "5f0e10e1-9489-4a16-ad8b-0194ba0ab79b",
                  "isHook": false,
                  "skipped": false
                },
                {
                  "title": "should return 400 for non string email",
                  "fullTitle": "Chat API /api/chats POST should return 400 for non string email",
                  "timedOut": false,
                  "duration": 3,
                  "state": "passed",
                  "speed": "fast",
                  "pass": true,
                  "fail": false,
                  "pending": false,
                  "context": null,
                  "code": "__awaiter(void 0, void 0, void 0, function* () {\n            const response = yield (0, supertest_1.default)(app)\n                .post('/api/chats')\n                .send({\n                email: 123,\n                messages: [\n                    {\n                        speaker: 'user',\n                        text: 'first message'\n                    },\n                    {\n                        speaker: 'bot',\n                        text: 'first reply'\n                    }\n                ]\n            })\n                .expect(400);\n            (0, chai_1.expect)(response.body).to.deep.equal({\n                success: false,\n                error: 'email needs to be a string'\n            });\n        })",
                  "err": {},
                  "uuid": "64a9f0cc-5563-4621-9418-d85428ef367d",
                  "parentUUID": "5f0e10e1-9489-4a16-ad8b-0194ba0ab79b",
                  "isHook": false,
                  "skipped": false
                },
                {
                  "title": "should return 400 for non array messages",
                  "fullTitle": "Chat API /api/chats POST should return 400 for non array messages",
                  "timedOut": false,
                  "duration": 5,
                  "state": "passed",
                  "speed": "fast",
                  "pass": true,
                  "fail": false,
                  "pending": false,
                  "context": null,
                  "code": "__awaiter(void 0, void 0, void 0, function* () {\n            const response = yield (0, supertest_1.default)(app)\n                .post('/api/chats')\n                .send({\n                email: 'text@example.com',\n                messages: 'filler'\n            })\n                .expect(400);\n            (0, chai_1.expect)(response.body).to.deep.equal({\n                success: false,\n                error: 'messages needs to be an array'\n            });\n        })",
                  "err": {},
                  "uuid": "0bd017e0-042b-4b2d-bceb-2d652f001ec1",
                  "parentUUID": "5f0e10e1-9489-4a16-ad8b-0194ba0ab79b",
                  "isHook": false,
                  "skipped": false
                },
                {
                  "title": "should return 400 for missing text in messages",
                  "fullTitle": "Chat API /api/chats POST should return 400 for missing text in messages",
                  "timedOut": false,
                  "duration": 3,
                  "state": "passed",
                  "speed": "fast",
                  "pass": true,
                  "fail": false,
                  "pending": false,
                  "context": null,
                  "code": "__awaiter(void 0, void 0, void 0, function* () {\n            const response = yield (0, supertest_1.default)(app)\n                .post('/api/chats')\n                .send({\n                email: 'text@example.com',\n                messages: [\n                    {\n                        speaker: 'bot',\n                        text: 'first message'\n                    },\n                    {\n                        speaker: 'user',\n                    },\n                ]\n            })\n                .expect(400);\n            (0, chai_1.expect)(response.body).to.deep.equal({\n                success: false,\n                error: 'Invalid speaker or text found on message'\n            });\n        })",
                  "err": {},
                  "uuid": "d1fa9790-19b1-483a-8256-b3927fcf141c",
                  "parentUUID": "5f0e10e1-9489-4a16-ad8b-0194ba0ab79b",
                  "isHook": false,
                  "skipped": false
                },
                {
                  "title": "should return 400 for missing speaker in messages",
                  "fullTitle": "Chat API /api/chats POST should return 400 for missing speaker in messages",
                  "timedOut": false,
                  "duration": 4,
                  "state": "passed",
                  "speed": "fast",
                  "pass": true,
                  "fail": false,
                  "pending": false,
                  "context": null,
                  "code": "__awaiter(void 0, void 0, void 0, function* () {\n            const response = yield (0, supertest_1.default)(app)\n                .post('/api/chats')\n                .send({\n                email: 'text@example.com',\n                messages: [\n                    {\n                        speaker: 'bot',\n                        text: 'first message'\n                    },\n                    {\n                        text: 'first reply'\n                    },\n                ]\n            })\n                .expect(400);\n            (0, chai_1.expect)(response.body).to.deep.equal({\n                success: false,\n                error: 'Invalid speaker or text found on message'\n            });\n        })",
                  "err": {},
                  "uuid": "2076ea4c-2184-42f1-8faf-89a4a0a5ac58",
                  "parentUUID": "5f0e10e1-9489-4a16-ad8b-0194ba0ab79b",
                  "isHook": false,
                  "skipped": false
                },
                {
                  "title": "should return 400 for invalid speaker in messages",
                  "fullTitle": "Chat API /api/chats POST should return 400 for invalid speaker in messages",
                  "timedOut": false,
                  "duration": 5,
                  "state": "passed",
                  "speed": "fast",
                  "pass": true,
                  "fail": false,
                  "pending": false,
                  "context": null,
                  "code": "__awaiter(void 0, void 0, void 0, function* () {\n            const response = yield (0, supertest_1.default)(app)\n                .post('/api/chats')\n                .send({\n                email: 'text@example.com',\n                messages: [\n                    {\n                        speaker: 'bot',\n                        text: 'first message'\n                    },\n                    {\n                        speaker: 'NOT A BOT OR A USER',\n                        text: 'first reply'\n                    }\n                ]\n            })\n                .expect(400);\n            (0, chai_1.expect)(response.body).to.deep.equal({\n                success: false,\n                error: 'Invalid speaker or text found on message'\n            });\n        })",
                  "err": {},
                  "uuid": "e3cfad2c-1fc7-4e04-9121-85b57bcdafe8",
                  "parentUUID": "5f0e10e1-9489-4a16-ad8b-0194ba0ab79b",
                  "isHook": false,
                  "skipped": false
                },
                {
                  "title": "should return 400 for non string text in messages",
                  "fullTitle": "Chat API /api/chats POST should return 400 for non string text in messages",
                  "timedOut": false,
                  "duration": 4,
                  "state": "passed",
                  "speed": "fast",
                  "pass": true,
                  "fail": false,
                  "pending": false,
                  "context": null,
                  "code": "__awaiter(void 0, void 0, void 0, function* () {\n            const response = yield (0, supertest_1.default)(app)\n                .post('/api/chats')\n                .send({\n                email: 'text@example.com',\n                messages: [\n                    {\n                        speaker: 'bot',\n                        text: 'first message'\n                    },\n                    {\n                        speaker: 'user',\n                        text: 12345\n                    }\n                ]\n            })\n                .expect(400);\n            (0, chai_1.expect)(response.body).to.deep.equal({\n                success: false,\n                error: 'Invalid speaker or text found on message'\n            });\n        })",
                  "err": {},
                  "uuid": "b82224aa-4622-4bbf-807c-a75aff51a4e0",
                  "parentUUID": "5f0e10e1-9489-4a16-ad8b-0194ba0ab79b",
                  "isHook": false,
                  "skipped": false
                },
                {
                  "title": "should return 500 for failed save chat",
                  "fullTitle": "Chat API /api/chats POST should return 500 for failed save chat",
                  "timedOut": false,
                  "duration": 6,
                  "state": "passed",
                  "speed": "fast",
                  "pass": true,
                  "fail": false,
                  "pending": false,
                  "context": null,
                  "code": "__awaiter(void 0, void 0, void 0, function* () {\n            sinon_1.default.stub(ChatService_1.ChatService, 'saveChat').throws(new Error(\"Some error in save chat\"));\n            const response = yield (0, supertest_1.default)(app)\n                .post('/api/chats')\n                .send({\n                email: 'text@example.com',\n                messages: [\n                    {\n                        speaker: 'bot',\n                        text: 'first message'\n                    },\n                    {\n                        speaker: 'user',\n                        text: 'first reply'\n                    }\n                ]\n            })\n                .expect(500);\n            (0, chai_1.expect)(response.body).to.deep.equal({\n                success: false,\n                error: 'Unable to save chat'\n            });\n        })",
                  "err": {},
                  "uuid": "18e5ea8b-c93e-4462-829e-6f077df6e4c1",
                  "parentUUID": "5f0e10e1-9489-4a16-ad8b-0194ba0ab79b",
                  "isHook": false,
                  "skipped": false
                },
                {
                  "title": "should return 201 for working save chat",
                  "fullTitle": "Chat API /api/chats POST should return 201 for working save chat",
                  "timedOut": false,
                  "duration": 5,
                  "state": "passed",
                  "speed": "fast",
                  "pass": true,
                  "fail": false,
                  "pending": false,
                  "context": null,
                  "code": "__awaiter(void 0, void 0, void 0, function* () {\n            const testDate = new Date('2025-06-30T01:14:27.853Z').toISOString();\n            const messagesData = [\n                {\n                    speaker: 'bot',\n                    text: 'first message',\n                    timestamp: testDate\n                },\n                {\n                    speaker: 'user',\n                    text: 'first reply',\n                    timestamp: testDate\n                }\n            ];\n            const mockChat = {\n                messages: messagesData,\n                email: 'text@example.com',\n                createdAt: testDate\n            };\n            sinon_1.default.stub(ChatService_1.ChatService, 'saveChat').resolves(mockChat);\n            const response = yield (0, supertest_1.default)(app)\n                .post('/api/chats')\n                .send({\n                email: 'text@example.com',\n                messages: messagesData\n            })\n                .expect(201);\n            (0, chai_1.expect)(response.body).to.deep.equal(mockChat);\n        })",
                  "err": {},
                  "uuid": "89070baa-398f-491f-b4a4-2c4c30815871",
                  "parentUUID": "5f0e10e1-9489-4a16-ad8b-0194ba0ab79b",
                  "isHook": false,
                  "skipped": false
                }
              ],
              "suites": [],
              "passes": [
                "dafcd8e1-ea92-4b39-8884-a0c1ae246000",
                "4e9fcfcb-ddbd-4346-b569-46a365d5b301",
                "64a9f0cc-5563-4621-9418-d85428ef367d",
                "0bd017e0-042b-4b2d-bceb-2d652f001ec1",
                "d1fa9790-19b1-483a-8256-b3927fcf141c",
                "2076ea4c-2184-42f1-8faf-89a4a0a5ac58",
                "e3cfad2c-1fc7-4e04-9121-85b57bcdafe8",
                "b82224aa-4622-4bbf-807c-a75aff51a4e0",
                "18e5ea8b-c93e-4462-829e-6f077df6e4c1",
                "89070baa-398f-491f-b4a4-2c4c30815871"
              ],
              "failures": [],
              "pending": [],
              "skipped": [],
              "duration": 42,
              "root": false,
              "rootEmpty": false,
              "_timeout": 20000
            },
            {
              "uuid": "c9e7fd25-a731-4031-9133-9e7fc0e213b1",
              "title": "/api/chats GET",
              "fullFile": "D:\\Uni\\C455\\Project\\team10\\server\\src\\tests\\integration\\chats.test.ts",
              "file": "\\src\\tests\\integration\\chats.test.ts",
              "beforeHooks": [],
              "afterHooks": [],
              "tests": [
                {
                  "title": "should return 400 for missing email on query params",
                  "fullTitle": "Chat API /api/chats GET should return 400 for missing email on query params",
                  "timedOut": false,
                  "duration": 4,
                  "state": "passed",
                  "speed": "fast",
                  "pass": true,
                  "fail": false,
                  "pending": false,
                  "context": null,
                  "code": "__awaiter(void 0, void 0, void 0, function* () {\n            const response = yield (0, supertest_1.default)(app)\n                .get('/api/chats')\n                .expect(400);\n            (0, chai_1.expect)(response.body).to.deep.equal({\n                success: false,\n                error: 'email missing from query params'\n            });\n        })",
                  "err": {},
                  "uuid": "bd436d14-94d3-495f-95bc-8cb2fe50ea7e",
                  "parentUUID": "c9e7fd25-a731-4031-9133-9e7fc0e213b1",
                  "isHook": false,
                  "skipped": false
                },
                {
                  "title": "should return 500 for unknown error during fetch",
                  "fullTitle": "Chat API /api/chats GET should return 500 for unknown error during fetch",
                  "timedOut": false,
                  "duration": 14,
                  "state": "passed",
                  "speed": "fast",
                  "pass": true,
                  "fail": false,
                  "pending": false,
                  "context": null,
                  "code": "__awaiter(void 0, void 0, void 0, function* () {\n            sinon_1.default.stub(ChatService_1.ChatService, 'getChatsByEmail').throws(new Error(\"Some error related to fetching chats\"));\n            const response = yield (0, supertest_1.default)(app)\n                .get('/api/chats?email=test@example.com')\n                .expect(500);\n            (0, chai_1.expect)(response.body).to.deep.equal({\n                success: false,\n                error: 'Failed to fetch chats'\n            });\n        })",
                  "err": {},
                  "uuid": "4f4f3a12-e43b-4ed0-8cc9-cf82ed62259c",
                  "parentUUID": "c9e7fd25-a731-4031-9133-9e7fc0e213b1",
                  "isHook": false,
                  "skipped": false
                },
                {
                  "title": "should return 200 for successful fetch",
                  "fullTitle": "Chat API /api/chats GET should return 200 for successful fetch",
                  "timedOut": false,
                  "duration": 7,
                  "state": "passed",
                  "speed": "fast",
                  "pass": true,
                  "fail": false,
                  "pending": false,
                  "context": null,
                  "code": "__awaiter(void 0, void 0, void 0, function* () {\n            const testDate = new Date('2025-06-30T01:14:27.853Z').toISOString();\n            const fakeChats = [\n                {\n                    \"_id\": \"507f1f77bcf86cd799439011\",\n                    \"email\": \"test@example.com\",\n                    \"messages\": [\n                        {\n                            \"speaker\": \"user\",\n                            \"text\": \"I want macbooks\",\n                            \"timestamp\": testDate\n                        },\n                        {\n                            \"speaker\": \"bot\",\n                            \"text\": \"Here are some macbooks I found!\",\n                            \"timestamp\": testDate,\n                            \"recommendedProducts\": [\n                                {\n                                    id: 'product id',\n                                    source: 'Apple',\n                                    title: 'macbook air',\n                                    image: 'some image url',\n                                    price: 1400,\n                                    url: 'some url',\n                                    rating: 4.5,\n                                    reviews: 220\n                                },\n                                {\n                                    id: 'product id',\n                                    source: 'Apple',\n                                    title: 'macbook mini',\n                                    image: 'some image url',\n                                    price: 1300,\n                                    url: 'some url',\n                                    rating: 4.0,\n                                    reviews: 30\n                                }\n                            ]\n                        }\n                    ],\n                    \"createdAt\": testDate,\n                    \"updatedAt\": testDate\n                },\n                {\n                    \"_id\": \"507f1f77bcf86cd799439012\",\n                    \"email\": \"test@example.com\",\n                    \"messages\": [\n                        {\n                            \"speaker\": \"user\",\n                            \"text\": \"How are you?\",\n                            \"timestamp\": testDate\n                        },\n                        {\n                            \"speaker\": \"bot\",\n                            \"text\": \"Let's keep this chat focused on electronics!\",\n                            \"timestamp\": testDate,\n                            \"recommendedProducts\": []\n                        }\n                    ],\n                    \"createdAt\": testDate,\n                    \"updatedAt\": testDate\n                }\n            ];\n            sinon_1.default.stub(ChatService_1.ChatService, 'getChatsByEmail').resolves(fakeChats);\n            const response = yield (0, supertest_1.default)(app)\n                .get('/api/chats?email=test@example.com')\n                .expect(200);\n            (0, chai_1.expect)(response.body).to.deep.equal({\n                success: true,\n                chats: fakeChats\n            });\n        })",
                  "err": {},
                  "uuid": "61fca963-d267-4571-ac84-bb3bdf8e3d10",
                  "parentUUID": "c9e7fd25-a731-4031-9133-9e7fc0e213b1",
                  "isHook": false,
                  "skipped": false
                }
              ],
              "suites": [],
              "passes": [
                "bd436d14-94d3-495f-95bc-8cb2fe50ea7e",
                "4f4f3a12-e43b-4ed0-8cc9-cf82ed62259c",
                "61fca963-d267-4571-ac84-bb3bdf8e3d10"
              ],
              "failures": [],
              "pending": [],
              "skipped": [],
              "duration": 25,
              "root": false,
              "rootEmpty": false,
              "_timeout": 20000
            }
          ],
          "passes": [],
          "failures": [],
          "pending": [],
          "skipped": [],
          "duration": 0,
          "root": false,
          "rootEmpty": false,
          "_timeout": 20000
        },
        {
          "uuid": "4a972222-81d6-4055-adff-63591d027552",
          "title": "Products API",
          "fullFile": "D:\\Uni\\C455\\Project\\team10\\server\\src\\tests\\integration\\products.test.ts",
          "file": "\\src\\tests\\integration\\products.test.ts",
          "beforeHooks": [
            {
              "title": "\"before all\" hook in \"Products API\"",
              "fullTitle": "Products API \"before all\" hook in \"Products API\"",
              "timedOut": false,
              "duration": 0,
              "state": null,
              "speed": null,
              "pass": false,
              "fail": false,
              "pending": false,
              "context": null,
              "code": "app = (0, express_1.default)();\napp.use('/api/products', products_1.default);",
              "err": {},
              "uuid": "9c0189af-73ee-40fb-9180-083565db4908",
              "parentUUID": "4a972222-81d6-4055-adff-63591d027552",
              "isHook": true,
              "skipped": false
            }
          ],
          "afterHooks": [
            {
              "title": "\"after each\" hook in \"Products API\"",
              "fullTitle": "Products API \"after each\" hook in \"Products API\"",
              "timedOut": false,
              "duration": 0,
              "state": null,
              "speed": null,
              "pass": false,
              "fail": false,
              "pending": false,
              "context": null,
              "code": "sinon_1.default.restore();",
              "err": {},
              "uuid": "f6368e68-615d-4ab2-8e14-d4bb4fd6c961",
              "parentUUID": "4a972222-81d6-4055-adff-63591d027552",
              "isHook": true,
              "skipped": false
            }
          ],
          "tests": [],
          "suites": [
            {
              "uuid": "1e7c3908-249c-4093-9ede-3fb3bf8cdc14",
              "title": "GET /api/products/search",
              "fullFile": "D:\\Uni\\C455\\Project\\team10\\server\\src\\tests\\integration\\products.test.ts",
              "file": "\\src\\tests\\integration\\products.test.ts",
              "beforeHooks": [],
              "afterHooks": [],
              "tests": [
                {
                  "title": "should return 200 and products for a valid search query",
                  "fullTitle": "Products API GET /api/products/search should return 200 and products for a valid search query",
                  "timedOut": false,
                  "duration": 7,
                  "state": "passed",
                  "speed": "fast",
                  "pass": true,
                  "fail": false,
                  "pending": false,
                  "context": null,
[...]
                  "err": {},
                  "uuid": "be800b5c-d468-48b9-bad4-ba597984c4f6",
                  "parentUUID": "2bba68f6-c480-4667-8633-f5c6072d615e",
                  "isHook": false,
                  "skipped": false
                },
                {
                  "title": "should return 500 for unknown error JWT",
                  "fullTitle": "Profile API /api/profiles/passwords/:userId should return 500 for unknown error JWT",
                  "timedOut": false,
                  "duration": 12,
                  "state": "passed",
                  "speed": "fast",
                  "pass": true,
                  "fail": false,
                  "pending": false,
                  "context": null,
                  "code": "__awaiter(void 0, void 0, void 0, function* () {\n            sinon_1.default.stub(jsonwebtoken_1.default, 'verify').throws(new Error(\"Some other error during JWT verification\"));\n            const response = yield (0, supertest_1.default)(app)\n                .patch('/api/profiles/passwords/userId123')\n                .set('Authorization', `Bearer sometoken`)\n                .expect(500);\n            (0, chai_1.expect)(response.body).to.deep.equal({\n                success: false,\n                error: 'Unknown error'\n            });\n        })",
                  "err": {},
                  "uuid": "0cf600e2-0b5e-440f-8304-bee763f42d59",
                  "parentUUID": "2bba68f6-c480-4667-8633-f5c6072d615e",
                  "isHook": false,
                  "skipped": false
                },
                {
                  "title": "should return 400 for userId missing from params",
                  "fullTitle": "Profile API /api/profiles/passwords/:userId should return 400 for userId missing from params",
                  "timedOut": false,
                  "duration": 11,
                  "state": "passed",
                  "speed": "fast",
                  "pass": true,
                  "fail": false,
                  "pending": false,
                  "context": null,
                  "code": "__awaiter(void 0, void 0, void 0, function* () {\n            const response = yield (0, supertest_1.default)(app)\n                .patch('/api/profiles/passwords')\n                .set('Authorization', `Bearer ${validToken}`)\n                .expect(400);\n            (0, chai_1.expect)(response.body).to.deep.equal({\n                success: false,\n                error: 'userId missing from params'\n            });\n        })",
                  "err": {},
                  "uuid": "0cb3a22e-aa4c-4b70-9059-65791212fec9",
                  "parentUUID": "2bba68f6-c480-4667-8633-f5c6072d615e",
                  "isHook": false,
                  "skipped": false
                },
                {
                  "title": "should return 400 for missing newPassword",
                  "fullTitle": "Profile API /api/profiles/passwords/:userId should return 400 for missing newPassword",
                  "timedOut": false,
                  "duration": 9,
                  "state": "passed",
                  "speed": "fast",
                  "pass": true,
                  "fail": false,
                  "pending": false,
                  "context": null,
                  "code": "__awaiter(void 0, void 0, void 0, function* () {\n            const response = yield (0, supertest_1.default)(app)\n                .patch('/api/profiles/passwords/test123')\n                .send({\n                currentPassword: 'currentPassword'\n            })\n                .set('Authorization', `Bearer ${validToken}`)\n                .expect(400);\n            (0, chai_1.expect)(response.body).to.deep.equal({\n                success: false,\n                error: 'currentPassword and newPassword required'\n            });\n        })",
                  "err": {},
                  "uuid": "d1d1edef-49a3-465f-aa62-05d9c81bd515",
                  "parentUUID": "2bba68f6-c480-4667-8633-f5c6072d615e",
                  "isHook": false,
                  "skipped": false
                },
                {
                  "title": "should return 400 for missing currentPassword",
                  "fullTitle": "Profile API /api/profiles/passwords/:userId should return 400 for missing currentPassword",
                  "timedOut": false,
                  "duration": 17,
                  "state": "passed",
                  "speed": "fast",
                  "pass": true,
                  "fail": false,
                  "pending": false,
                  "context": null,
                  "code": "__awaiter(void 0, void 0, void 0, function* () {\n            const response = yield (0, supertest_1.default)(app)\n                .patch('/api/profiles/passwords/test123')\n                .send({\n                newPassword: 'newPassword'\n            })\n                .set('Authorization', `Bearer ${validToken}`)\n                .expect(400);\n            (0, chai_1.expect)(response.body).to.deep.equal({\n                success: false,\n                error: 'currentPassword and newPassword required'\n            });\n        })",
                  "err": {},
                  "uuid": "67d0912e-2096-4590-b8e4-4bdd5c14bc22",
                  "parentUUID": "2bba68f6-c480-4667-8633-f5c6072d615e",
                  "isHook": false,
                  "skipped": false
                },
                {
                  "title": "should return 400 for non string currentPassword",
                  "fullTitle": "Profile API /api/profiles/passwords/:userId should return 400 for non string currentPassword",
                  "timedOut": false,
                  "duration": 7,
                  "state": "passed",
                  "speed": "fast",
                  "pass": true,
                  "fail": false,
                  "pending": false,
                  "context": null,
                  "code": "__awaiter(void 0, void 0, void 0, function* () {\n            const response = yield (0, supertest_1.default)(app)\n                .patch('/api/profiles/passwords/test123')\n                .send({\n                currentPassword: 123,\n                newPassword: 'newPassword'\n            })\n                .set('Authorization', `Bearer ${validToken}`)\n                .expect(400);\n            (0, chai_1.expect)(response.body).to.deep.equal({\n                success: false,\n                error: 'currentPassword and newPassword need to be strings'\n            });\n        })",
                  "err": {},
                  "uuid": "bb2e0d85-3d62-4b2d-8283-16275344156f",
                  "parentUUID": "2bba68f6-c480-4667-8633-f5c6072d615e",
                  "isHook": false,
                  "skipped": false
                },
                {
                  "title": "should return 400 for non string currentPassword",
                  "fullTitle": "Profile API /api/profiles/passwords/:userId should return 400 for non string currentPassword",
                  "timedOut": false,
                  "duration": 6,
                  "state": "passed",
                  "speed": "fast",
                  "pass": true,
                  "fail": false,
                  "pending": false,
                  "context": null,
                  "code": "__awaiter(void 0, void 0, void 0, function* () {\n            const response = yield (0, supertest_1.default)(app)\n                .patch('/api/profiles/passwords/test123')\n                .send({\n                currentPassword: 'test current',\n                newPassword: 123\n            })\n                .set('Authorization', `Bearer ${validToken}`)\n                .expect(400);\n            (0, chai_1.expect)(response.body).to.deep.equal({\n                success: false,\n                error: 'currentPassword and newPassword need to be strings'\n            });\n        })",
                  "err": {},
                  "uuid": "e88deaf3-087b-4c16-b69d-00a309f7613c",
                  "parentUUID": "2bba68f6-c480-4667-8633-f5c6072d615e",
                  "isHook": false,
                  "skipped": false
                },
                {
                  "title": "should return 500 for unknown error during getting user",
                  "fullTitle": "Profile API /api/profiles/passwords/:userId should return 500 for unknown error during getting user",
                  "timedOut": false,
                  "duration": 7,
                  "state": "passed",
                  "speed": "fast",
                  "pass": true,
                  "fail": false,
                  "pending": false,
                  "context": null,
                  "code": "__awaiter(void 0, void 0, void 0, function* () {\n            sinon_1.default.stub(UserService_1.UserService, 'getUserById').throws(new Error('Some error during fetching user'));\n            const response = yield (0, supertest_1.default)(app)\n                .patch('/api/profiles/passwords/userId123')\n                .send({\n                currentPassword: 'test current',\n                newPassword: 'test new'\n            })\n                .set('Authorization', `Bearer ${validToken}`)\n                .expect(500);\n            (0, chai_1.expect)(response.body).to.deep.equal({\n                success: false,\n                error: 'Unknown error during getting user'\n            });\n        })",
                  "err": {},
                  "uuid": "f2464802-a868-4976-900c-a11dc7a2b724",
                  "parentUUID": "2bba68f6-c480-4667-8633-f5c6072d615e",
                  "isHook": false,
                  "skipped": false
                },
                {
                  "title": "should return 404 for unknown user",
                  "fullTitle": "Profile API /api/profiles/passwords/:userId should return 404 for unknown user",
                  "timedOut": false,
                  "duration": 9,
                  "state": "passed",
                  "speed": "fast",
                  "pass": true,
                  "fail": false,
                  "pending": false,
                  "context": null,
                  "code": "__awaiter(void 0, void 0, void 0, function* () {\n            sinon_1.default.stub(UserService_1.UserService, 'getUserById').resolves(null);\n            const response = yield (0, supertest_1.default)(app)\n                .patch('/api/profiles/passwords/userId123')\n                .send({\n                currentPassword: 'test current',\n                newPassword: 'test new'\n            })\n                .set('Authorization', `Bearer ${validToken}`)\n                .expect(404);\n            (0, chai_1.expect)(response.body).to.deep.equal({\n                success: false,\n                error: 'No user found'\n            });\n        })",
                  "err": {},
                  "uuid": "5456650a-e099-4f07-8a75-52d9a662eb56",
                  "parentUUID": "2bba68f6-c480-4667-8633-f5c6072d615e",
                  "isHook": false,
                  "skipped": false
                },
                {
                  "title": "should return 401 for invalid currentPassword",
                  "fullTitle": "Profile API /api/profiles/passwords/:userId should return 401 for invalid currentPassword",
                  "timedOut": false,
                  "duration": 8,
                  "state": "passed",
                  "speed": "fast",
                  "pass": true,
                  "fail": false,
                  "pending": false,
                  "context": null,
                  "code": "__awaiter(void 0, void 0, void 0, function* () {\n            const userWithPassword = {\n                name: 'test name',\n                email: 'test@example.com',\n                password: 'test1234',\n                isEmailVerified: true,\n                verificationToken: 'test token',\n                verificationTokenExpires: (new Date()).toISOString(),\n                createdAt: (new Date()).toISOString(),\n                updatedAt: (new Date()).toISOString(),\n            };\n            sinon_1.default.stub(UserService_1.UserService, 'getUserById').resolves(userWithPassword);\n            sinon_1.default.stub(UserService_1.UserService, 'comparePassword').resolves(false);\n            const response = yield (0, supertest_1.default)(app)\n                .patch('/api/profiles/passwords/userId123')\n                .send({\n                currentPassword: 'test4321',\n                newPassword: 'test new'\n            })\n                .set('Authorization', `Bearer ${validToken}`)\n                .expect(401);\n            (0, chai_1.expect)(response.body).to.deep.equal({\n                success: false,\n                error: 'Password incorrect'\n            });\n        })",
                  "err": {},
                  "uuid": "479c7808-2ffa-4eab-a5f7-adffe3bb7c44",
                  "parentUUID": "2bba68f6-c480-4667-8633-f5c6072d615e",
                  "isHook": false,
                  "skipped": false
                },
                {
                  "title": "should return 500 for failed password update",
                  "fullTitle": "Profile API /api/profiles/passwords/:userId should return 500 for failed password update",
                  "timedOut": false,
                  "duration": 8,
                  "state": "passed",
                  "speed": "fast",
                  "pass": true,
                  "fail": false,
                  "pending": false,
                  "context": null,
                  "code": "__awaiter(void 0, void 0, void 0, function* () {\n            const userWithPassword = {\n                name: 'test name',\n                email: 'test@example.com',\n                password: 'test1234',\n                isEmailVerified: true,\n                verificationToken: 'test token',\n                verificationTokenExpires: (new Date()).toISOString(),\n                createdAt: (new Date()).toISOString(),\n                updatedAt: (new Date()).toISOString(),\n            };\n            sinon_1.default.stub(UserService_1.UserService, 'getUserById').resolves(userWithPassword);\n            sinon_1.default.stub(UserService_1.UserService, 'comparePassword').resolves(true);\n            sinon_1.default.stub(UserService_1.UserService, 'updatePassword').throws(new Error(\"Some error related to updating password\"));\n            const response = yield (0, supertest_1.default)(app)\n                .patch('/api/profiles/passwords/userId123')\n                .send({\n                currentPassword: 'test1234',\n                newPassword: 'test new'\n            })\n                .set('Authorization', `Bearer ${validToken}`)\n                .expect(500);\n            (0, chai_1.expect)(response.body).to.deep.equal({\n                success: false,\n                error: 'Unable to update password'\n            });\n        })",
                  "err": {},
                  "uuid": "4c719ce6-848d-4321-a4ba-e030b5ef42b1",
                  "parentUUID": "2bba68f6-c480-4667-8633-f5c6072d615e",
                  "isHook": false,
                  "skipped": false
                },
                {
                  "title": "should return 200 for successful password update",
                  "fullTitle": "Profile API /api/profiles/passwords/:userId should return 200 for successful password update",
                  "timedOut": false,
                  "duration": 6,
                  "state": "passed",
                  "speed": "fast",
                  "pass": true,
                  "fail": false,
                  "pending": false,
                  "context": null,
                  "code": "__awaiter(void 0, void 0, void 0, function* () {\n            const userWithPassword = {\n                name: 'test name',\n                email: 'test@example.com',\n                password: 'test1234',\n                isEmailVerified: true,\n                verificationToken: 'test token',\n                verificationTokenExpires: (new Date()).toISOString(),\n                createdAt: (new Date()).toISOString(),\n                updatedAt: (new Date()).toISOString(),\n            };\n            sinon_1.default.stub(UserService_1.UserService, 'getUserById').resolves(userWithPassword);\n            sinon_1.default.stub(UserService_1.UserService, 'comparePassword').resolves(true);\n            sinon_1.default.stub(UserService_1.UserService, 'updatePassword').resolves();\n            const response = yield (0, supertest_1.default)(app)\n                .patch('/api/profiles/passwords/userId123')\n                .send({\n                currentPassword: 'test1234',\n                newPassword: 'test new'\n            })\n                .set('Authorization', `Bearer ${validToken}`)\n                .expect(200);\n            (0, chai_1.expect)(response.body).to.deep.equal({\n                success: true,\n                message: 'Password updated successfully'\n            });\n        })",
                  "err": {},
                  "uuid": "1ec903e5-32da-44ed-aad8-9cd368da768c",
                  "parentUUID": "2bba68f6-c480-4667-8633-f5c6072d615e",
                  "isHook": false,
                  "skipped": false
                }
              ],
              "suites": [],
              "passes": [
                "1f591287-d498-4187-8878-79c3b67aceef",
                "9344828e-24a3-429e-9aa6-b13caf916f53",
                "be800b5c-d468-48b9-bad4-ba597984c4f6",
                "0cf600e2-0b5e-440f-8304-bee763f42d59",
                "0cb3a22e-aa4c-4b70-9059-65791212fec9",
                "d1d1edef-49a3-465f-aa62-05d9c81bd515",
                "67d0912e-2096-4590-b8e4-4bdd5c14bc22",
                "bb2e0d85-3d62-4b2d-8283-16275344156f",
                "e88deaf3-087b-4c16-b69d-00a309f7613c",
                "f2464802-a868-4976-900c-a11dc7a2b724",
                "5456650a-e099-4f07-8a75-52d9a662eb56",
                "479c7808-2ffa-4eab-a5f7-adffe3bb7c44",
                "4c719ce6-848d-4321-a4ba-e030b5ef42b1",
                "1ec903e5-32da-44ed-aad8-9cd368da768c"
              ],
              "failures": [],
              "pending": [],
              "skipped": [],
              "duration": 118,
              "root": false,
              "rootEmpty": false,
              "_timeout": 20000
            }
          ],
          "passes": [],
          "failures": [],
          "pending": [],
          "skipped": [],
          "duration": 0,
          "root": false,
          "rootEmpty": false,
          "_timeout": 20000
        }
      ],
      "passes": [],
      "failures": [],
      "pending": [],
      "skipped": [],
      "duration": 0,
      "root": true,
      "rootEmpty": true,
      "_timeout": 20000
    }
  ],
  "meta": {
    "mocha": {
      "version": "11.7.0"
    },
    "mochawesome": {
      "options": {
        "quiet": false,
        "reportFilename": "integration-tests",
        "saveHtml": true,
        "saveJson": true,
        "consoleReporter": "spec",
        "useInlineDiffs": false,
        "code": true
      },
      "version": "7.1.3"
    },
    "marge": {
      "options": {
        "reportDir": "mochawesome-integration",
        "reportFilename": "integration-tests"
      },
      "version": "6.2.0"
    }
  }
}