{
  "stats": {
    "suites": 12,
    "tests": 51,
    "passes": 44,
    "pending": 0,
    "failures": 7,
    "start": "2025-07-02T01:51:14.567Z",
    "end": "2025-07-02T01:51:25.933Z",
    "duration": 11366,
    "testsRegistered": 51,
    "passPercent": 86.27450980392157,
    "pendingPercent": 0,
    "other": 0,
    "hasOther": false,
    "skipped": 0,
    "hasSkipped": false
  },
  "results": [
    {
      "uuid": "5d13de65-1a9f-416b-b93f-b19c001b9b94",
      "title": "",
      "fullFile": "",
      "file": "",
      "beforeHooks": [],
      "afterHooks": [],
      "tests": [],
      "suites": [
        {
          "uuid": "7e369834-a235-4ebb-ab7e-338629d52f99",
          "title": "Auth API",
          "fullFile": "D:\\Uni\\C455\\Project\\team10\\server\\src\\tests\\integration\\auth.test.ts",
          "file": "\\src\\tests\\integration\\auth.test.ts",
          "beforeHooks": [
            {
              "title": "\"before all\" hook in \"Auth API\"",
              "fullTitle": "Auth API \"before all\" hook in \"Auth API\"",
              "timedOut": false,
              "duration": 1,
              "state": null,
              "speed": null,
              "pass": false,
              "fail": false,
              "pending": false,
              "context": null,
              "code": "app = (0, express_1.default)();\napp.use(express_1.default.json());\napp.use('/api/auth', auth_1.default);",
              "err": {},
              "uuid": "8c70ab6f-f126-46ac-83c7-1b15a2882175",
              "parentUUID": "7e369834-a235-4ebb-ab7e-338629d52f99",
              "isHook": true,
              "skipped": false
            }
          ],
          "afterHooks": [
            {
              "title": "\"after each\" hook in \"Auth API\"",
              "fullTitle": "Auth API \"after each\" hook in \"Auth API\"",
              "timedOut": false,
              "duration": 0,
              "state": null,
              "speed": null,
              "pass": false,
              "fail": false,
              "pending": false,
              "context": null,
              "code": "sinon_1.default.restore();",
              "err": {},
              "uuid": "c8b11545-b689-478f-8c37-80318104ad76",
              "parentUUID": "7e369834-a235-4ebb-ab7e-338629d52f99",
              "isHook": true,
              "skipped": false
            }
          ],
          "tests": [],
          "suites": [
            {
              "uuid": "b3ee1ff3-e4fc-49cc-80ab-180830683a42",
              "title": "/api/auth/register POST",
              "fullFile": "D:\\Uni\\C455\\Project\\team10\\server\\src\\tests\\integration\\auth.test.ts",
              "file": "\\src\\tests\\integration\\auth.test.ts",
              "beforeHooks": [],
              "afterHooks": [],
              "tests": [
                {
                  "title": "should return 400 for missing name",
                  "fullTitle": "Auth API /api/auth/register POST should return 400 for missing name",
                  "timedOut": false,
                  "duration": 52,
                  "state": "passed",
                  "speed": "medium",
                  "pass": true,
                  "fail": false,
                  "pending": false,
                  "context": null,
                  "code": "__awaiter(void 0, void 0, void 0, function* () {\n            const response = yield (0, supertest_1.default)(app)\n                .post('/api/auth/register')\n                .send({\n                email: 'test@example.com',\n                password: 'password123'\n            })\n                .expect(400);\n            (0, chai_1.expect)(response.body).to.deep.equal({\n                success: false,\n                error: 'name, email and password are required'\n            });\n        })",
                  "err": {},
                  "uuid": "45f3b1ed-a25a-43d7-ab1d-72d9d7ebad43",
                  "parentUUID": "b3ee1ff3-e4fc-49cc-80ab-180830683a42",
                  "isHook": false,
                  "skipped": false
                },
                {
                  "title": "should return 400 for missing email",
                  "fullTitle": "Auth API /api/auth/register POST should return 400 for missing email",
                  "timedOut": false,
                  "duration": 6,
                  "state": "passed",
                  "speed": "fast",
                  "pass": true,
                  "fail": false,
                  "pending": false,
                  "context": null,
                  "code": "__awaiter(void 0, void 0, void 0, function* () {\n            const response = yield (0, supertest_1.default)(app)\n                .post('/api/auth/register')\n                .send({\n                name: 'test name',\n                password: 'password123'\n            })\n                .expect(400);\n            (0, chai_1.expect)(response.body).to.deep.equal({\n                success: false,\n                error: 'name, email and password are required'\n            });\n        })",
                  "err": {},
                  "uuid": "36bdb9f1-b6e8-49f2-8102-08fb596a1b11",
                  "parentUUID": "b3ee1ff3-e4fc-49cc-80ab-180830683a42",
                  "isHook": false,
                  "skipped": false
                },
                {
                  "title": "should return 400 for missing password",
                  "fullTitle": "Auth API /api/auth/register POST should return 400 for missing password",
                  "timedOut": false,
                  "duration": 6,
                  "state": "passed",
                  "speed": "fast",
                  "pass": true,
                  "fail": false,
                  "pending": false,
                  "context": null,
                  "code": "__awaiter(void 0, void 0, void 0, function* () {\n            const response = yield (0, supertest_1.default)(app)\n                .post('/api/auth/register')\n                .send({\n                name: 'test name',\n                email: 'test@example.com',\n            })\n                .expect(400);\n            (0, chai_1.expect)(response.body).to.deep.equal({\n                success: false,\n                error: 'name, email and password are required'\n            });\n        })",
                  "err": {},
                  "uuid": "1194ad37-71a5-4652-909a-0f9ea48533f5",
                  "parentUUID": "b3ee1ff3-e4fc-49cc-80ab-180830683a42",
                  "isHook": false,
                  "skipped": false
                },
                {
                  "title": "should return 400 for non string name",
                  "fullTitle": "Auth API /api/auth/register POST should return 400 for non string name",
                  "timedOut": false,
                  "duration": 5,
                  "state": "passed",
                  "speed": "fast",
                  "pass": true,
                  "fail": false,
                  "pending": false,
                  "context": null,
                  "code": "__awaiter(void 0, void 0, void 0, function* () {\n            const response = yield (0, supertest_1.default)(app)\n                .post('/api/auth/register')\n                .send({\n                name: 123,\n                email: 'test@example.com',\n                password: 'password123'\n            })\n                .expect(400);\n            (0, chai_1.expect)(response.body).to.deep.equal({\n                success: false,\n                error: 'name, email and password need to be strings'\n            });\n        })",
                  "err": {},
                  "uuid": "30d1a992-8ac6-4628-906f-d6f5b422e2b5",
                  "parentUUID": "b3ee1ff3-e4fc-49cc-80ab-180830683a42",
                  "isHook": false,
                  "skipped": false
                },
                {
                  "title": "should return 400 for non string email",
                  "fullTitle": "Auth API /api/auth/register POST should return 400 for non string email",
                  "timedOut": false,
                  "duration": 6,
                  "state": "passed",
                  "speed": "fast",
                  "pass": true,
                  "fail": false,
                  "pending": false,
                  "context": null,
                  "code": "__awaiter(void 0, void 0, void 0, function* () {\n            const response = yield (0, supertest_1.default)(app)\n                .post('/api/auth/register')\n                .send({\n                name: 'test name',\n                email: 123,\n                password: 'password123'\n            })\n                .expect(400);\n            (0, chai_1.expect)(response.body).to.deep.equal({\n                success: false,\n                error: 'name, email and password need to be strings'\n            });\n        })",
                  "err": {},
                  "uuid": "f2bcdb15-02f4-4304-9dae-9c0bf2017219",
                  "parentUUID": "b3ee1ff3-e4fc-49cc-80ab-180830683a42",
                  "isHook": false,
                  "skipped": false
                },
                {
                  "title": "should return 400 for non string password",
                  "fullTitle": "Auth API /api/auth/register POST should return 400 for non string password",
                  "timedOut": false,
                  "duration": 6,
                  "state": "passed",
                  "speed": "fast",
                  "pass": true,
                  "fail": false,
                  "pending": false,
                  "context": null,
                  "code": "__awaiter(void 0, void 0, void 0, function* () {\n            const response = yield (0, supertest_1.default)(app)\n                .post('/api/auth/register')\n                .send({\n                name: 'test name',\n                email: 'test@example.com',\n                password: 123\n            })\n                .expect(400);\n            (0, chai_1.expect)(response.body).to.deep.equal({\n                success: false,\n                error: 'name, email and password need to be strings'\n            });\n        })",
                  "err": {},
                  "uuid": "0cd5c56b-b3d1-428f-9d3c-8282523e6889",
                  "parentUUID": "b3ee1ff3-e4fc-49cc-80ab-180830683a42",
                  "isHook": false,
                  "skipped": false
                },
                {
                  "title": "should return 500 for failed email validation",
                  "fullTitle": "Auth API /api/auth/register POST should return 500 for failed email validation",
                  "timedOut": false,
                  "duration": 8,
                  "state": "passed",
                  "speed": "fast",
                  "pass": true,
                  "fail": false,
                  "pending": false,
                  "context": null,
                  "code": "__awaiter(void 0, void 0, void 0, function* () {\n            sinon_1.default.stub(UserService_1.UserService, 'getUserByEmail').throws(new Error(\"Error related to searching user with email\"));\n            const response = yield (0, supertest_1.default)(app)\n                .post('/api/auth/register')\n                .send({\n                name: 'test user',\n                email: 'test@example.com',\n                password: 'password123'\n            })\n                .expect(500);\n            (0, chai_1.expect)(response.body).to.deep.equal({\n                success: false,\n                error: 'Unable to determine validity of email'\n            });\n        })",
                  "err": {},
                  "uuid": "32ffd8aa-5e27-49af-9077-6d95f8538e0c",
                  "parentUUID": "b3ee1ff3-e4fc-49cc-80ab-180830683a42",
                  "isHook": false,
                  "skipped": false
                },
                {
                  "title": "should return 400 for existing account",
                  "fullTitle": "Auth API /api/auth/register POST should return 400 for existing account",
                  "timedOut": false,
                  "duration": 7,
                  "state": "passed",
                  "speed": "fast",
                  "pass": true,
                  "fail": false,
                  "pending": false,
                  "context": null,
                  "code": "__awaiter(void 0, void 0, void 0, function* () {\n            sinon_1.default.stub(UserService_1.UserService, 'getUserByEmail').resolves({\n                _id: 'existing_id',\n                name: 'Existing User',\n                email: 'existing@example.com',\n                password: 'hashed_password',\n                isEmailVerified: true\n            });\n            const response = yield (0, supertest_1.default)(app)\n                .post('/api/auth/register')\n                .send({\n                name: 'test user',\n                email: 'existing@example.com',\n                password: 'password123'\n            })\n                .expect(400);\n            (0, chai_1.expect)(response.body).to.deep.equal({\n                success: false,\n                error: 'Email already exists. Pleast try logging in instead'\n            });\n        })",
                  "err": {},
                  "uuid": "21c162d6-50d8-410c-8858-15582e1de554",
                  "parentUUID": "b3ee1ff3-e4fc-49cc-80ab-180830683a42",
                  "isHook": false,
                  "skipped": false
                },
                {
                  "title": "should return 500 for failed register",
                  "fullTitle": "Auth API /api/auth/register POST should return 500 for failed register",
                  "timedOut": false,
                  "duration": 15,
                  "state": "passed",
                  "speed": "fast",
                  "pass": true,
                  "fail": false,
                  "pending": false,
                  "context": null,
                  "code": "__awaiter(void 0, void 0, void 0, function* () {\n            sinon_1.default.stub(UserService_1.UserService, 'getUserByEmail').resolves(null);\n            sinon_1.default.stub(authService_1.AuthService, 'register').throws(new Error(\"Unknown error in register\"));\n            const response = yield (0, supertest_1.default)(app)\n                .post('/api/auth/register')\n                .send({\n                name: 'test user',\n                email: 'test@example.com',\n                password: 'password123'\n            })\n                .expect(500);\n            (0, chai_1.expect)(response.body).to.deep.equal({\n                success: false,\n                error: 'Registration failed. Please try again'\n            });\n        })",
                  "err": {},
                  "uuid": "7c4997ce-1855-41cf-838b-6342bd0e21b9",
                  "parentUUID": "b3ee1ff3-e4fc-49cc-80ab-180830683a42",
                  "isHook": false,
                  "skipped": false
                },
                {
                  "title": "should return 201 on successful register",
                  "fullTitle": "Auth API /api/auth/register POST should return 201 on successful register",
                  "timedOut": false,
                  "duration": 10,
                  "state": "passed",
                  "speed": "fast",
                  "pass": true,
                  "fail": false,
                  "pending": false,
                  "context": null,
                  "code": "__awaiter(void 0, void 0, void 0, function* () {\n            const fakeUser = {\n                _id: 'test user id',\n                name: 'test user',\n                email: 'test@example.com',\n                isEmailVerified: true,\n                verificationToken: 'test token',\n                verificationTokenExpires: (new Date(Date.now() + 24 * 60 * 60 * 1000)).toISOString(),\n                createdAt: (new Date()).toISOString(),\n                updatedAt: (new Date()).toISOString(),\n            };\n            sinon_1.default.stub(UserService_1.UserService, 'getUserByEmail').resolves(null);\n            sinon_1.default.stub(authService_1.AuthService, 'register').resolves({\n                token: '123abc',\n                user: fakeUser\n            });\n            const response = yield (0, supertest_1.default)(app)\n                .post('/api/auth/register')\n                .send({\n                name: 'test user',\n                email: 'test@example.com',\n                password: 'password123'\n            })\n                .expect(201);\n            (0, chai_1.expect)(response.body).to.deep.equal({\n                success: true,\n                message: 'Registration successful! Your account has been created and verified',\n                data: fakeUser,\n                token: '123abc'\n            });\n        })",
                  "err": {},
                  "uuid": "accaa921-1f16-46e7-a9ee-a354ac7dbf69",
                  "parentUUID": "b3ee1ff3-e4fc-49cc-80ab-180830683a42",
                  "isHook": false,
                  "skipped": false
                }
              ],
              "suites": [],
              "passes": [
                "45f3b1ed-a25a-43d7-ab1d-72d9d7ebad43",
                "36bdb9f1-b6e8-49f2-8102-08fb596a1b11",
                "1194ad37-71a5-4652-909a-0f9ea48533f5",
                "30d1a992-8ac6-4628-906f-d6f5b422e2b5",
                "f2bcdb15-02f4-4304-9dae-9c0bf2017219",
                "0cd5c56b-b3d1-428f-9d3c-8282523e6889",
                "32ffd8aa-5e27-49af-9077-6d95f8538e0c",
                "21c162d6-50d8-410c-8858-15582e1de554",
                "7c4997ce-1855-41cf-838b-6342bd0e21b9",
                "accaa921-1f16-46e7-a9ee-a354ac7dbf69"
              ],
              "failures": [],
              "pending": [],
              "skipped": [],
              "duration": 121,
              "root": false,
              "rootEmpty": false,
              "_timeout": 20000
            },
            {
              "uuid": "d9d1ff92-c52e-4db6-a296-f696ffd36721",
              "title": "/api/auth/login POST",
              "fullFile": "D:\\Uni\\C455\\Project\\team10\\server\\src\\tests\\integration\\auth.test.ts",
              "file": "\\src\\tests\\integration\\auth.test.ts",
              "beforeHooks": [],
              "afterHooks": [],
              "tests": [
                {
                  "title": "should return 400 for missing email",
                  "fullTitle": "Auth API /api/auth/login POST should return 400 for missing email",
                  "timedOut": false,
                  "duration": 8,
                  "state": "passed",
                  "speed": "fast",
                  "pass": true,
                  "fail": false,
                  "pending": false,
                  "context": null,
                  "code": "__awaiter(void 0, void 0, void 0, function* () {\n            const response = yield (0, supertest_1.default)(app)\n                .post('/api/auth/login')\n                .send({\n                password: 'hashed-password'\n            })\n                .expect(400);\n            (0, chai_1.expect)(response.body).to.deep.equal({\n                success: false,\n                error: \"Email and password are required\"\n            });\n        })",
                  "err": {},
                  "uuid": "8d2b8d13-84ae-4aba-8db4-e14730bded34",
                  "parentUUID": "d9d1ff92-c52e-4db6-a296-f696ffd36721",
                  "isHook": false,
                  "skipped": false
                },
                {
                  "title": "should return 400 for missing password",
                  "fullTitle": "Auth API /api/auth/login POST should return 400 for missing password",
                  "timedOut": false,
                  "duration": 5,
                  "state": "passed",
                  "speed": "fast",
                  "pass": true,
                  "fail": false,
                  "pending": false,
                  "context": null,
                  "code": "__awaiter(void 0, void 0, void 0, function* () {\n            const response = yield (0, supertest_1.default)(app)\n                .post('/api/auth/login')\n                .send({\n                email: \"test@example.com\"\n            })\n                .expect(400);\n            (0, chai_1.expect)(response.body).to.deep.equal({\n                success: false,\n                error: \"Email and password are required\"\n            });\n        })",
                  "err": {},
                  "uuid": "b6460244-6e6c-421a-bd50-4f8917bf8a54",
                  "parentUUID": "d9d1ff92-c52e-4db6-a296-f696ffd36721",
                  "isHook": false,
                  "skipped": false
                },
                {
                  "title": "should return 400 for non string email",
                  "fullTitle": "Auth API /api/auth/login POST should return 400 for non string email",
                  "timedOut": false,
                  "duration": 5,
                  "state": "passed",
                  "speed": "fast",
                  "pass": true,
                  "fail": false,
                  "pending": false,
                  "context": null,
                  "code": "__awaiter(void 0, void 0, void 0, function* () {\n            const response = yield (0, supertest_1.default)(app)\n                .post('/api/auth/login')\n                .send({\n                email: 123,\n                password: 'test-hash'\n            })\n                .expect(400);\n            (0, chai_1.expect)(response.body).to.deep.equal({\n                success: false,\n                error: \"Email and password must be strings\"\n            });\n        })",
                  "err": {},
                  "uuid": "f49d2bdd-fedc-498c-bbd9-ee9101164bb0",
                  "parentUUID": "d9d1ff92-c52e-4db6-a296-f696ffd36721",
                  "isHook": false,
                  "skipped": false
                },
                {
                  "title": "should return 400 for non string password",
                  "fullTitle": "Auth API /api/auth/login POST should return 400 for non string password",
                  "timedOut": false,
                  "duration": 5,
                  "state": "passed",
                  "speed": "fast",
                  "pass": true,
                  "fail": false,
                  "pending": false,
                  "context": null,
                  "code": "__awaiter(void 0, void 0, void 0, function* () {\n            const response = yield (0, supertest_1.default)(app)\n                .post('/api/auth/login')\n                .send({\n                email: 'test@example.com',\n                password: 123\n            })\n                .expect(400);\n            (0, chai_1.expect)(response.body).to.deep.equal({\n                success: false,\n                error: \"Email and password must be strings\"\n            });\n        })",
                  "err": {},
                  "uuid": "96a11132-a5e1-43bc-a364-4cf41ce7ea0a",
                  "parentUUID": "d9d1ff92-c52e-4db6-a296-f696ffd36721",
                  "isHook": false,
                  "skipped": false
                },
                {
                  "title": "should return 401 for bad email",
                  "fullTitle": "Auth API /api/auth/login POST should return 401 for bad email",
                  "timedOut": false,
                  "duration": 8,
                  "state": "passed",
                  "speed": "fast",
                  "pass": true,
                  "fail": false,
                  "pending": false,
                  "context": null,
                  "code": "__awaiter(void 0, void 0, void 0, function* () {\n            sinon_1.default.stub(UserService_1.UserService, 'getUserByEmail').resolves(null);\n            const response = yield (0, supertest_1.default)(app)\n                .post('/api/auth/login')\n                .send({\n                email: 'test@example.com',\n                password: 'test-hash'\n            })\n                .expect(401);\n            (0, chai_1.expect)(response.body).to.deep.equal({\n                success: false,\n                error: \"Invalid email or password\"\n            });\n        })",
                  "err": {},
                  "uuid": "03cea7e3-9564-4763-a639-f04751ecae75",
                  "parentUUID": "d9d1ff92-c52e-4db6-a296-f696ffd36721",
                  "isHook": false,
                  "skipped": false
                },
                {
                  "title": "should return 401 for unverified email",
                  "fullTitle": "Auth API /api/auth/login POST should return 401 for unverified email",
                  "timedOut": false,
                  "duration": 9,
                  "state": "passed",
                  "speed": "fast",
                  "pass": true,
                  "fail": false,
                  "pending": false,
                  "context": null,
                  "code": "__awaiter(void 0, void 0, void 0, function* () {\n            const unverifiedUser = {\n                name: 'test name',\n                email: 'test@example.com',\n                password: 'test-hash',\n                isEmailVerified: false\n            };\n            sinon_1.default.stub(UserService_1.UserService, 'getUserByEmail').resolves(unverifiedUser);\n            const response = yield (0, supertest_1.default)(app)\n                .post('/api/auth/login')\n                .send({\n                email: 'test@example.com',\n                password: 'test-hash'\n            })\n                .expect(401);\n            (0, chai_1.expect)(response.body).to.deep.equal({\n                success: false,\n                error: \"Please verify your email before logging in\"\n            });\n        })",
                  "err": {},
                  "uuid": "aa47fc1d-5d02-4aa5-b27f-a6b7b93eea51",
                  "parentUUID": "d9d1ff92-c52e-4db6-a296-f696ffd36721",
                  "isHook": false,
                  "skipped": false
                },
                {
                  "title": "should return 500 for unknown error during login",
                  "fullTitle": "Auth API /api/auth/login POST should return 500 for unknown error during login",
                  "timedOut": false,
                  "duration": 9,
                  "state": "passed",
                  "speed": "fast",
                  "pass": true,
                  "fail": false,
                  "pending": false,
                  "context": null,
                  "code": "__awaiter(void 0, void 0, void 0, function* () {\n            const userWithPassword = {\n                _id: 'test_id',\n                email: 'test@example.com',\n                password: 'test-hash',\n                isEmailVerified: true\n            };\n            sinon_1.default.stub(UserService_1.UserService, 'getUserByEmail').resolves(userWithPassword);\n            sinon_1.default.stub(authService_1.AuthService, 'login').throws(new Error(\"Some error during login\"));\n            const response = yield (0, supertest_1.default)(app)\n                .post('/api/auth/login')\n                .send({\n                email: 'test@example.com',\n                password: 'test-hash'\n            })\n                .expect(500);\n            (0, chai_1.expect)(response.body).to.deep.equal({\n                success: false,\n                error: \"Unknown authentication error\"\n            });\n        })",
                  "err": {},
                  "uuid": "93135b10-118b-425b-a4b3-5f74e3376891",
                  "parentUUID": "d9d1ff92-c52e-4db6-a296-f696ffd36721",
                  "isHook": false,
                  "skipped": false
                },
                {
                  "title": "should return 200 with token and user for successful login",
                  "fullTitle": "Auth API /api/auth/login POST should return 200 with token and user for successful login",
                  "timedOut": false,
                  "duration": 8,
                  "state": "passed",
                  "speed": "fast",
                  "pass": true,
                  "fail": false,
                  "pending": false,
                  "context": null,
                  "code": "__awaiter(void 0, void 0, void 0, function* () {\n            const userWithPassword = {\n                email: 'test@example.com',\n                password: 'hashed-password',\n                isEmailVerified: true,\n            };\n            const { password } = userWithPassword, userWithoutPassword = __rest(userWithPassword, [\"password\"]);\n            sinon_1.default.stub(UserService_1.UserService, 'getUserByEmail').resolves(userWithPassword);\n            sinon_1.default.stub(authService_1.AuthService, 'login').resolves({\n                token: 'token123',\n                user: userWithoutPassword\n            });\n            const response = yield (0, supertest_1.default)(app)\n                .post('/api/auth/login')\n                .send({\n                email: 'test@example.com',\n                password: 'hashed-password'\n            })\n                .expect(200);\n            (0, chai_1.expect)(response.body).to.deep.equal({\n                success: true,\n                message: 'Login successful',\n                data: userWithoutPassword,\n                token: 'token123'\n            });\n        })",
                  "err": {},
                  "uuid": "82de6a20-fbca-416a-a6e0-7ae4a32a8ae8",
                  "parentUUID": "d9d1ff92-c52e-4db6-a296-f696ffd36721",
                  "isHook": false,
                  "skipped": false
                }
              ],
              "suites": [],
              "passes": [
                "8d2b8d13-84ae-4aba-8db4-e14730bded34",
                "b6460244-6e6c-421a-bd50-4f8917bf8a54",
                "f49d2bdd-fedc-498c-bbd9-ee9101164bb0",
                "96a11132-a5e1-43bc-a364-4cf41ce7ea0a",
                "03cea7e3-9564-4763-a639-f04751ecae75",
                "aa47fc1d-5d02-4aa5-b27f-a6b7b93eea51",
                "93135b10-118b-425b-a4b3-5f74e3376891",
                "82de6a20-fbca-416a-a6e0-7ae4a32a8ae8"
              ],
              "failures": [],
              "pending": [],
              "skipped": [],
              "duration": 57,
              "root": false,
              "rootEmpty": false,
              "_timeout": 20000
            }
          ],
          "passes": [],
          "failures": [],
          "pending": [],
          "skipped": [],
          "duration": 0,
          "root": false,
          "rootEmpty": false,
          "_timeout": 20000
        },
        {
          "uuid": "19c336d4-f95f-4220-8b91-18cb65c9dc1c",
          "title": "Chat API",
          "fullFile": "D:\\Uni\\C455\\Project\\team10\\server\\src\\tests\\integration\\chat.test.ts",
          "file": "\\src\\tests\\integration\\chat.test.ts",
          "beforeHooks": [
            {
              "title": "\"before all\" hook in \"Chat API\"",
              "fullTitle": "Chat API \"before all\" hook in \"Chat API\"",
              "timedOut": false,
              "duration": 0,
              "state": null,
              "speed": null,
              "pass": false,
              "fail": false,
              "pending": false,
              "context": null,
              "code": "app = (0, express_1.default)();\napp.use(express_1.default.json());\napp.use('/api/chat', chat_1.default);",
              "err": {},
              "uuid": "b7c488ec-efee-4414-a199-d7403b015898",
              "parentUUID": "19c336d4-f95f-4220-8b91-18cb65c9dc1c",
              "isHook": true,
              "skipped": false
            }
          ],
          "afterHooks": [
            {
              "title": "\"after each\" hook in \"Chat API\"",
              "fullTitle": "Chat API \"after each\" hook in \"Chat API\"",
              "timedOut": false,
              "duration": 0,
              "state": null,
              "speed": null,
              "pass": false,
              "fail": false,
              "pending": false,
              "context": null,
              "code": "sinon_1.default.restore();",
              "err": {},
              "uuid": "04dcda59-aa6e-4615-a4d6-5b2fe6520042",
              "parentUUID": "19c336d4-f95f-4220-8b91-18cb65c9dc1c",
              "isHook": true,
              "skipped": false
            }
          ],
          "tests": [],
          "suites": [
            {
              "uuid": "e34a0501-367b-4d1e-881e-5b5a4f50993c",
              "title": "/api/chat POST",
              "fullFile": "D:\\Uni\\C455\\Project\\team10\\server\\src\\tests\\integration\\chat.test.ts",
              "file": "\\src\\tests\\integration\\chat.test.ts",
              "beforeHooks": [],
              "afterHooks": [],
              "tests": [
                {
                  "title": "should return 400 for missing messages",
                  "fullTitle": "Chat API /api/chat POST should return 400 for missing messages",
                  "timedOut": false,
                  "duration": 6,
                  "state": "passed",
                  "speed": "fast",
                  "pass": true,
                  "fail": false,
                  "pending": false,
                  "context": null,
                  "code": "__awaiter(void 0, void 0, void 0, function* () {\n            const response = yield (0, supertest_1.default)(app)\n                .post('/api/chat')\n                .send({\n                email: 'test@example.com'\n            })\n                .expect(400);\n            (0, chai_1.expect)(response.body).to.deep.equal({\n                success: false,\n                error: 'messages and email required'\n            });\n        })",
                  "err": {},
                  "uuid": "f3e44ca4-dd99-4a69-9a1b-7ef1a4a65b34",
                  "parentUUID": "e34a0501-367b-4d1e-881e-5b5a4f50993c",
                  "isHook": false,
                  "skipped": false
                },
                {
                  "title": "should return 400 for missing email",
                  "fullTitle": "Chat API /api/chat POST should return 400 for missing email",
                  "timedOut": false,
                  "duration": 5,
                  "state": "passed",
                  "speed": "fast",
                  "pass": true,
                  "fail": false,
                  "pending": false,
                  "context": null,
                  "code": "__awaiter(void 0, void 0, void 0, function* () {\n            const response = yield (0, supertest_1.default)(app)\n                .post('/api/chat')\n                .send({\n                messages: [\n                    {\n                        speaker: 'user',\n                        text: 'first message'\n                    },\n                    {\n                        speaker: 'bot',\n                        text: 'first reply'\n                    }\n                ]\n            })\n                .expect(400);\n            (0, chai_1.expect)(response.body).to.deep.equal({\n                success: false,\n                error: 'messages and email required'\n            });\n        })",
                  "err": {},
                  "uuid": "7ccf2fed-32f7-4045-b8e1-e4a24efe5d05",
                  "parentUUID": "e34a0501-367b-4d1e-881e-5b5a4f50993c",
                  "isHook": false,
                  "skipped": false
                },
                {
                  "title": "should return 400 for non string email",
                  "fullTitle": "Chat API /api/chat POST should return 400 for non string email",
                  "timedOut": false,
                  "duration": 4,
                  "state": "passed",
                  "speed": "fast",
                  "pass": true,
                  "fail": false,
                  "pending": false,
                  "context": null,
                  "code": "__awaiter(void 0, void 0, void 0, function* () {\n            const response = yield (0, supertest_1.default)(app)\n                .post('/api/chat')\n                .send({\n                email: 123,\n                messages: [\n                    {\n                        speaker: 'user',\n                        text: 'first message'\n                    },\n                    {\n                        speaker: 'bot',\n                        text: 'first reply'\n                    }\n                ]\n            })\n                .expect(400);\n            (0, chai_1.expect)(response.body).to.deep.equal({\n                success: false,\n                error: 'email needs to be a string'\n            });\n        })",
                  "err": {},
                  "uuid": "74a7266d-2d6d-4eda-969c-88eb475a33d5",
                  "parentUUID": "e34a0501-367b-4d1e-881e-5b5a4f50993c",
                  "isHook": false,
                  "skipped": false
                },
                {
                  "title": "should return 400 for non array messages",
                  "fullTitle": "Chat API /api/chat POST should return 400 for non array messages",
                  "timedOut": false,
                  "duration": 5,
                  "state": "passed",
                  "speed": "fast",
                  "pass": true,
                  "fail": false,
                  "pending": false,
                  "context": null,
                  "code": "__awaiter(void 0, void 0, void 0, function* () {\n            const response = yield (0, supertest_1.default)(app)\n                .post('/api/chat')\n                .send({\n                email: 'text@example.com',\n                messages: 'filler'\n            })\n                .expect(400);\n            (0, chai_1.expect)(response.body).to.deep.equal({\n                success: false,\n                error: 'messages needs to be an array'\n            });\n        })",
                  "err": {},
                  "uuid": "a3fb8d42-84cf-4ee5-9bee-800bc46772ac",
                  "parentUUID": "e34a0501-367b-4d1e-881e-5b5a4f50993c",
                  "isHook": false,
                  "skipped": false
                },
                {
                  "title": "should return 400 for missing text in messages",
                  "fullTitle": "Chat API /api/chat POST should return 400 for missing text in messages",
                  "timedOut": false,
                  "duration": 4,
                  "state": "passed",
                  "speed": "fast",
                  "pass": true,
                  "fail": false,
                  "pending": false,
                  "context": null,
                  "code": "__awaiter(void 0, void 0, void 0, function* () {\n            const response = yield (0, supertest_1.default)(app)\n                .post('/api/chat')\n                .send({\n                email: 'text@example.com',\n                messages: [\n                    {\n                        speaker: 'bot',\n                        text: 'first message'\n                    },\n                    {\n                        speaker: 'user',\n                    },\n                ]\n            })\n                .expect(400);\n            (0, chai_1.expect)(response.body).to.deep.equal({\n                success: false,\n                error: 'Invalid speaker or text found on message'\n            });\n        })",
                  "err": {},
                  "uuid": "abecd4d0-8146-407a-a9b4-97414551eeb5",
                  "parentUUID": "e34a0501-367b-4d1e-881e-5b5a4f50993c",
                  "isHook": false,
                  "skipped": false
                },
                {
                  "title": "should return 400 for missing speaker in messages",
                  "fullTitle": "Chat API /api/chat POST should return 400 for missing speaker in messages",
                  "timedOut": false,
                  "duration": 10,
                  "state": "passed",
                  "speed": "fast",
                  "pass": true,
                  "fail": false,
                  "pending": false,
                  "context": null,
                  "code": "__awaiter(void 0, void 0, void 0, function* () {\n            const response = yield (0, supertest_1.default)(app)\n                .post('/api/chat')\n                .send({\n                email: 'text@example.com',\n                messages: [\n                    {\n                        speaker: 'bot',\n                        text: 'first message'\n                    },\n                    {\n                        text: 'first reply'\n                    },\n                ]\n            })\n                .expect(400);\n            (0, chai_1.expect)(response.body).to.deep.equal({\n                success: false,\n                error: 'Invalid speaker or text found on message'\n            });\n        })",
                  "err": {},
                  "uuid": "1c3de1b0-b398-4708-b649-9b7a847df051",
                  "parentUUID": "e34a0501-367b-4d1e-881e-5b5a4f50993c",
                  "isHook": false,
                  "skipped": false
                },
                {
                  "title": "should return 400 for invalid speaker in messages",
                  "fullTitle": "Chat API /api/chat POST should return 400 for invalid speaker in messages",
                  "timedOut": false,
                  "duration": 6,
                  "state": "passed",
                  "speed": "fast",
                  "pass": true,
                  "fail": false,
                  "pending": false,
                  "context": null,
                  "code": "__awaiter(void 0, void 0, void 0, function* () {\n            const response = yield (0, supertest_1.default)(app)\n                .post('/api/chat')\n                .send({\n                email: 'text@example.com',\n                messages: [\n                    {\n                        speaker: 'bot',\n                        text: 'first message'\n                    },\n                    {\n                        speaker: 'NOT A BOT OR A USER',\n                        text: 'first reply'\n                    }\n                ]\n            })\n                .expect(400);\n            (0, chai_1.expect)(response.body).to.deep.equal({\n                success: false,\n                error: 'Invalid speaker or text found on message'\n            });\n        })",
                  "err": {},
                  "uuid": "1f0e7c40-4096-44ef-8dde-5cde6bf576b3",
                  "parentUUID": "e34a0501-367b-4d1e-881e-5b5a4f50993c",
                  "isHook": false,
                  "skipped": false
                },
                {
                  "title": "should return 400 for non string text in messages",
                  "fullTitle": "Chat API /api/chat POST should return 400 for non string text in messages",
                  "timedOut": false,
                  "duration": 4,
                  "state": "passed",
                  "speed": "fast",
                  "pass": true,
                  "fail": false,
                  "pending": false,
                  "context": null,
                  "code": "__awaiter(void 0, void 0, void 0, function* () {\n            const response = yield (0, supertest_1.default)(app)\n                .post('/api/chat')\n                .send({\n                email: 'text@example.com',\n                messages: [\n                    {\n                        speaker: 'bot',\n                        text: 'first message'\n                    },\n                    {\n                        speaker: 'user',\n                        text: 12345\n                    }\n                ]\n            })\n                .expect(400);\n            (0, chai_1.expect)(response.body).to.deep.equal({\n                success: false,\n                error: 'Invalid speaker or text found on message'\n            });\n        })",
                  "err": {},
                  "uuid": "1c40b4b5-2a1c-4c64-a3a5-c3e5e3b4cee6",
                  "parentUUID": "e34a0501-367b-4d1e-881e-5b5a4f50993c",
                  "isHook": false,
                  "skipped": false
                },
                {
                  "title": "should return 500 for failed save chat",
                  "fullTitle": "Chat API /api/chat POST should return 500 for failed save chat",
                  "timedOut": false,
                  "duration": 6,
                  "state": "passed",
                  "speed": "fast",
                  "pass": true,
                  "fail": false,
                  "pending": false,
                  "context": null,
                  "code": "__awaiter(void 0, void 0, void 0, function* () {\n            sinon_1.default.stub(ChatService_1.ChatService, 'saveChat').throws(new Error(\"Some error in save chat\"));\n            const response = yield (0, supertest_1.default)(app)\n                .post('/api/chat')\n                .send({\n                email: 'text@example.com',\n                messages: [\n                    {\n                        speaker: 'bot',\n                        text: 'first message'\n                    },\n                    {\n                        speaker: 'user',\n                        text: 'first reply'\n                    }\n                ]\n            })\n                .expect(500);\n            (0, chai_1.expect)(response.body).to.deep.equal({\n                success: false,\n                error: 'Unable to save chat'\n            });\n        })",
                  "err": {},
                  "uuid": "4fa3fc9f-47bc-48cc-8a18-4db5b72a485f",
                  "parentUUID": "e34a0501-367b-4d1e-881e-5b5a4f50993c",
                  "isHook": false,
                  "skipped": false
                },
                {
                  "title": "should return 200 for working save chat",
                  "fullTitle": "Chat API /api/chat POST should return 200 for working save chat",
                  "timedOut": false,
                  "duration": 7,
                  "state": "passed",
                  "speed": "fast",
                  "pass": true,
                  "fail": false,
                  "pending": false,
                  "context": null,
                  "code": "__awaiter(void 0, void 0, void 0, function* () {\n            const testDate = new Date('2025-06-30T01:14:27.853Z').toISOString();\n            const messagesData = [\n                {\n                    speaker: 'bot',\n                    text: 'first message',\n                    timestamp: testDate\n                },\n                {\n                    speaker: 'user',\n                    text: 'first reply',\n                    timestamp: testDate\n                }\n            ];\n            const mockChat = {\n                messages: messagesData,\n                email: 'text@example.com',\n                createdAt: testDate\n            };\n            sinon_1.default.stub(ChatService_1.ChatService, 'saveChat').resolves(mockChat);\n            const response = yield (0, supertest_1.default)(app)\n                .post('/api/chat')\n                .send({\n                email: 'text@example.com',\n                messages: messagesData\n            })\n                .expect(201);\n            (0, chai_1.expect)(response.body).to.deep.equal(mockChat);\n        })",
                  "err": {},
                  "uuid": "9b224b95-3b69-402a-88a8-55ce74635879",
                  "parentUUID": "e34a0501-367b-4d1e-881e-5b5a4f50993c",
                  "isHook": false,
                  "skipped": false
                }
              ],
              "suites": [],
              "passes": [
                "f3e44ca4-dd99-4a69-9a1b-7ef1a4a65b34",
                "7ccf2fed-32f7-4045-b8e1-e4a24efe5d05",
                "74a7266d-2d6d-4eda-969c-88eb475a33d5",
                "a3fb8d42-84cf-4ee5-9bee-800bc46772ac",
                "abecd4d0-8146-407a-a9b4-97414551eeb5",
                "1c3de1b0-b398-4708-b649-9b7a847df051",
                "1f0e7c40-4096-44ef-8dde-5cde6bf576b3",
                "1c40b4b5-2a1c-4c64-a3a5-c3e5e3b4cee6",
                "4fa3fc9f-47bc-48cc-8a18-4db5b72a485f",
                "9b224b95-3b69-402a-88a8-55ce74635879"
              ],
              "failures": [],
              "pending": [],
              "skipped": [],
              "duration": 57,
              "root": false,
              "rootEmpty": false,
              "_timeout": 20000
            }
          ],
          "passes": [],
          "failures": [],
          "pending": [],
          "skipped": [],
          "duration": 0,
          "root": false,
          "rootEmpty": false,
          "_timeout": 20000
        },
        {
          "uuid": "cc3c1c8f-4087-40e2-97a0-d6b52b456e90",
          "title": "Chatbot API",
          "fullFile": "D:\\Uni\\C455\\Project\\team10\\server\\src\\tests\\integration\\chatbot.test.ts",
          "file": "\\src\\tests\\integration\\chatbot.test.ts",
          "beforeHooks": [
            {
              "title": "\"before all\" hook in \"Chatbot API\"",
              "fullTitle": "Chatbot API \"before all\" hook in \"Chatbot API\"",
              "timedOut": false,
              "duration": 1,
              "state": null,
              "speed": null,
              "pass": false,
              "fail": false,
              "pending": false,
              "context": null,
              "code": "app = (0, express_1.default)();\napp.use(express_1.default.json());\napp.post('/api/chatbot', chatbot_1.postChat);",
              "err": {},
              "uuid": "58b3d3c7-cdfa-4d02-b1a3-a895e92efd26",
              "parentUUID": "cc3c1c8f-4087-40e2-97a0-d6b52b456e90",
              "isHook": true,
              "skipped": false
            }
          ],
          "afterHooks": [
            {
              "title": "\"after each\" hook in \"Chatbot API\"",
              "fullTitle": "Chatbot API \"after each\" hook in \"Chatbot API\"",
              "timedOut": false,
              "duration": 0,
              "state": null,
              "speed": null,
              "pass": false,
              "fail": false,
              "pending": false,
              "context": null,
              "code": "sinon_1.default.restore();",
              "err": {},
              "uuid": "28d68068-d9f9-4875-867c-fb1f2dc4b6ef",
              "parentUUID": "cc3c1c8f-4087-40e2-97a0-d6b52b456e90",
              "isHook": true,
              "skipped": false
            }
          ],
          "tests": [],
          "suites": [
            {
              "uuid": "b491aa8a-2a58-42a8-8d0e-ff4c474b33b5",
              "title": "/api/chatbot POST",
              "fullFile": "D:\\Uni\\C455\\Project\\team10\\server\\src\\tests\\integration\\chatbot.test.ts",
              "file": "\\src\\tests\\integration\\chatbot.test.ts",
              "beforeHooks": [],
              "afterHooks": [],
              "tests": [
                {
                  "title": "returns 400 code for missing message",
                  "fullTitle": "Chatbot API /api/chatbot POST returns 400 code for missing message",
                  "timedOut": false,
                  "duration": 8,
                  "state": "passed",
                  "speed": "fast",
                  "pass": true,
                  "fail": false,
                  "pending": false,
                  "context": null,
                  "code": "__awaiter(void 0, void 0, void 0, function* () {\n            const response = yield (0, supertest_1.default)(app)\n                .post('/api/chatbot')\n                .send({})\n                .expect(400);\n            expect(response.body).to.deep.equal({ error: 'Message is required' });\n        })",
                  "err": {},
                  "uuid": "5006e40a-4f28-47db-82ef-b5e21d821923",
                  "parentUUID": "b491aa8a-2a58-42a8-8d0e-ff4c474b33b5",
                  "isHook": false,
                  "skipped": false
                },
                {
                  "title": "returns 400 code for wrong data type",
                  "fullTitle": "Chatbot API /api/chatbot POST returns 400 code for wrong data type",
                  "timedOut": false,
                  "duration": 8,
                  "state": "failed",
                  "speed": null,
                  "pass": false,
                  "fail": true,
                  "pending": false,
                  "context": null,
                  "code": "__awaiter(void 0, void 0, void 0, function* () {\n            const response = yield (0, supertest_1.default)(app)\n                .post('/api/chatbot')\n                .send({ message: 0 })\n                .expect(400);\n            expect(response.body).to.deep.equal({ error: 'Message must be a string' });\n        })",
                  "err": {
                    "message": "AssertionError: expected { error: 'Message is required' } to deeply equal { error: 'Message must be a string' }",
                    "estack": "AssertionError: expected { error: 'Message is required' } to deeply equal { error: 'Message must be a string' }\n    at D:\\Uni\\C455\\Project\\team10\\server\\src\\tests\\integration\\chatbot.test.ts:51:37\n    at Generator.next (<anonymous>)\n    at fulfilled (src\\tests\\integration\\chatbot.test.ts:38:58)\n    at processTicksAndRejections (node:internal/process/task_queues:105:5)",
                    "diff": " {\n-   \"error\": \"Message is required\"\n+   \"error\": \"Message must be a string\"\n }\n"
                  },
                  "uuid": "2b0191ac-78e3-40a8-8bff-6e7c16d081b2",
                  "parentUUID": "b491aa8a-2a58-42a8-8d0e-ff4c474b33b5",
                  "isHook": false,
                  "skipped": false
                },
                {
                  "title": "returns 400 code for empty message",
                  "fullTitle": "Chatbot API /api/chatbot POST returns 400 code for empty message",
                  "timedOut": false,
                  "duration": 5,
                  "state": "failed",
                  "speed": null,
                  "pass": false,
                  "fail": true,
                  "pending": false,
                  "context": null,
                  "code": "__awaiter(void 0, void 0, void 0, function* () {\n            const response = yield (0, supertest_1.default)(app)\n                .post('/api/chatbot')\n                .send({ message: \"\" })\n                .expect(400);\n            expect(response.body).to.deep.equal({ error: 'Message cannot be empty' });\n        })",
                  "err": {
                    "message": "AssertionError: expected { error: 'Message is required' } to deeply equal { error: 'Message cannot be empty' }",
                    "estack": "AssertionError: expected { error: 'Message is required' } to deeply equal { error: 'Message cannot be empty' }\n    at D:\\Uni\\C455\\Project\\team10\\server\\src\\tests\\integration\\chatbot.test.ts:60:37\n    at Generator.next (<anonymous>)\n    at fulfilled (src\\tests\\integration\\chatbot.test.ts:38:58)\n    at processTicksAndRejections (node:internal/process/task_queues:105:5)",
                    "diff": " {\n-   \"error\": \"Message is required\"\n+   \"error\": \"Message cannot be empty\"\n }\n"
                  },
                  "uuid": "74e842e3-3a00-403a-9724-847265eda06b",
                  "parentUUID": "b491aa8a-2a58-42a8-8d0e-ff4c474b33b5",
                  "isHook": false,
                  "skipped": false
                },
                {
                  "title": "returns 500 code for failed chatbot API call",
                  "fullTitle": "Chatbot API /api/chatbot POST returns 500 code for failed chatbot API call",
                  "timedOut": false,
                  "duration": 2487,
                  "state": "failed",
                  "speed": null,
                  "pass": false,
                  "fail": true,
                  "pending": false,
                  "context": null,
                  "code": "__awaiter(void 0, void 0, void 0, function* () {\n            sinon_1.default.stub(AIService_1.AIService, 'chatCompletionGithubModel').throws(new Error(\"some API error message\"));\n            const response = yield (0, supertest_1.default)(app)\n                .post('/api/chatbot')\n                .send({ message: \"hi\" })\n                .expect(500);\n            expect(response.body).to.deep.equal({ error: 'Unable to call chatbot API' });\n        })",
                  "err": {
                    "message": "Error: expected 500 \"Internal Server Error\", got 200 \"OK\"",
                    "estack": "Error: expected 500 \"Internal Server Error\", got 200 \"OK\"\n    at D:\\Uni\\C455\\Project\\team10\\server\\src\\tests\\integration\\chatbot.test.ts:68:10\n    at Generator.next (<anonymous>)\n    at D:\\Uni\\C455\\Project\\team10\\server\\src\\tests\\integration\\chatbot.test.ts:41:71\n    at new Promise (<anonymous>)\n    at __awaiter (src\\tests\\integration\\chatbot.test.ts:37:12)\n    at Context.<anonymous> (src\\tests\\integration\\chatbot.test.ts:63:67)\n    at processImmediate (node:internal/timers:485:21)\n----\n    at Test._assertStatus (node_modules\\supertest\\lib\\test.js:267:14)\n    at D:\\Uni\\C455\\Project\\team10\\server\\node_modules\\supertest\\lib\\test.js:323:13\n    at Test._assertFunction (node_modules\\supertest\\lib\\test.js:300:13)\n    at Test.assert (node_modules\\supertest\\lib\\test.js:179:23)\n    at Server.localAssert (node_modules\\supertest\\lib\\test.js:135:14)\n    at Object.onceWrapper (node:events:632:28)\n    at Server.emit (node:events:518:28)\n    at Server.emit (node:domain:489:12)\n    at emitCloseNT (node:net:2419:8)\n    at processTicksAndRejections (node:internal/process/task_queues:89:21)",
                    "diff": null
                  },
                  "uuid": "101aa6c5-0d99-4e4b-af35-1c077bc141ed",
                  "parentUUID": "b491aa8a-2a58-42a8-8d0e-ff4c474b33b5",
                  "isHook": false,
                  "skipped": false
                },
                {
                  "title": "returns 500 code for incomplete chatbot response",
                  "fullTitle": "Chatbot API /api/chatbot POST returns 500 code for incomplete chatbot response",
                  "timedOut": false,
                  "duration": 3315,
                  "state": "failed",
                  "speed": null,
                  "pass": false,
                  "fail": true,
                  "pending": false,
                  "context": null,
                  "code": "__awaiter(void 0, void 0, void 0, function* () {\n            sinon_1.default.stub(AIService_1.AIService, 'chatCompletionGithubModel').resolves({\n                chatbotMessage: \"\",\n                productRequested: false,\n                productQuery: \"\"\n            });\n            const response = yield (0, supertest_1.default)(app)\n                .post('/api/chatbot')\n                .send({ message: \"give me an incomplete response\" })\n                .expect(500);\n            expect(response.body).to.deep.equal({ error: 'AI unable to respond' });\n        })",
                  "err": {
                    "message": "Error: expected 500 \"Internal Server Error\", got 200 \"OK\"",
                    "estack": "Error: expected 500 \"Internal Server Error\", got 200 \"OK\"\n    at D:\\Uni\\C455\\Project\\team10\\server\\src\\tests\\integration\\chatbot.test.ts:83:10\n    at Generator.next (<anonymous>)\n    at D:\\Uni\\C455\\Project\\team10\\server\\src\\tests\\integration\\chatbot.test.ts:41:71\n    at new Promise (<anonymous>)\n    at __awaiter (src\\tests\\integration\\chatbot.test.ts:37:12)\n    at Context.<anonymous> (src\\tests\\integration\\chatbot.test.ts:73:71)\n    at processImmediate (node:internal/timers:485:21)\n----\n    at Test._assertStatus (node_modules\\supertest\\lib\\test.js:267:14)\n    at D:\\Uni\\C455\\Project\\team10\\server\\node_modules\\supertest\\lib\\test.js:323:13\n    at Test._assertFunction (node_modules\\supertest\\lib\\test.js:300:13)\n    at Test.assert (node_modules\\supertest\\lib\\test.js:179:23)\n    at Server.localAssert (node_modules\\supertest\\lib\\test.js:135:14)\n    at Object.onceWrapper (node:events:632:28)\n    at Server.emit (node:events:518:28)\n    at Server.emit (node:domain:489:12)\n    at emitCloseNT (node:net:2419:8)\n    at processTicksAndRejections (node:internal/process/task_queues:89:21)",
                    "diff": null
                  },
                  "uuid": "3c131ed9-704d-4ae3-a93a-e7d0c39eee1a",
                  "parentUUID": "b491aa8a-2a58-42a8-8d0e-ff4c474b33b5",
                  "isHook": false,
                  "skipped": false
                },
                {
                  "title": "returns 200 code for working chatbot API without products",
                  "fullTitle": "Chatbot API /api/chatbot POST returns 200 code for working chatbot API without products",
                  "timedOut": false,
                  "duration": 1801,
                  "state": "failed",
                  "speed": null,
                  "pass": false,
                  "fail": true,
                  "pending": false,
                  "context": null,
                  "code": "__awaiter(void 0, void 0, void 0, function* () {\n            sinon_1.default.stub(AIService_1.AIService, 'chatCompletionGithubModel').resolves({\n                chatbotMessage: \"What would you like to search for?\",\n                productRequested: false,\n                productQuery: \"\"\n            });\n            const response = yield (0, supertest_1.default)(app)\n                .post('/api/chatbot')\n                .send({ message: \"test message\" })\n                .expect(200);\n            expect(response.body).to.deep.equal({\n                chatbotMessage: \"What would you like to search for?\",\n                productData: null\n            });\n        })",
                  "err": {
                    "message": "AssertionError: expected { …(2) } to deeply equal { …(2) }",
                    "estack": "AssertionError: expected { …(2) } to deeply equal { …(2) }\n    at D:\\Uni\\C455\\Project\\team10\\server\\src\\tests\\integration\\chatbot.test.ts:99:37\n    at Generator.next (<anonymous>)\n    at fulfilled (src\\tests\\integration\\chatbot.test.ts:38:58)\n    at processTicksAndRejections (node:internal/process/task_queues:105:5)",
                    "diff": " {\n-   \"chatbotMessage\": \"I'm here to help you find laptops, phones, or computers. Please let me know what specific device you're interested in or how I can assist you with tech shopping!\"\n+   \"chatbotMessage\": \"What would you like to search for?\"\n   \"productData\": [null]\n }\n"
                  },
                  "uuid": "23f684de-f0fd-4dbe-85de-c1ca71b8da47",
                  "parentUUID": "b491aa8a-2a58-42a8-8d0e-ff4c474b33b5",
                  "isHook": false,
                  "skipped": false
                },
                {
                  "title": "returns 200 code for working chatbot API and failed product API",
                  "fullTitle": "Chatbot API /api/chatbot POST returns 200 code for working chatbot API and failed product API",
                  "timedOut": false,
                  "duration": 1769,
                  "state": "failed",
                  "speed": null,
                  "pass": false,
                  "fail": true,
                  "pending": false,
                  "context": null,
                  "code": "__awaiter(void 0, void 0, void 0, function* () {\n            sinon_1.default.stub(AIService_1.AIService, 'chatCompletionGithubModel').resolves({\n                chatbotMessage: \"Here are some macbooks I found.\",\n                productRequested: true,\n                productQuery: \"macbook\"\n            });\n            sinon_1.default.stub(ProductService_1.ProductService, 'searchProducts').throws(new Error(\"some API error message\"));\n            const response = yield (0, supertest_1.default)(app)\n                .post('/api/chatbot')\n                .send({ message: \"I want some macbooks\" })\n                .expect(200);\n            expect(response.body).to.deep.equal({\n                chatbotMessage: \"Here are some macbooks I found.\",\n                productData: []\n            });\n        })",
                  "err": {
                    "message": "AssertionError: expected { …(2) } to deeply equal { …(2) }",
                    "estack": "AssertionError: expected { …(2) } to deeply equal { …(2) }\n    at D:\\Uni\\C455\\Project\\team10\\server\\src\\tests\\integration\\chatbot.test.ts:118:37\n    at Generator.next (<anonymous>)\n    at fulfilled (src\\tests\\integration\\chatbot.test.ts:38:58)\n    at processTicksAndRejections (node:internal/process/task_queues:105:5)",
                    "diff": " {\n-   \"chatbotMessage\": \"You asked about MacBooks. I can help you find the latest models or budget-friendly options. Would you like to see some recommendations or specific features you're interested in?\"\n-   \"productData\": [null]\n+   \"chatbotMessage\": \"Here are some macbooks I found.\"\n+   \"productData\": []\n }\n"
                  },
                  "uuid": "ee87327c-df2c-43a1-be18-d3fac8d9beb9",
                  "parentUUID": "b491aa8a-2a58-42a8-8d0e-ff4c474b33b5",
                  "isHook": false,
                  "skipped": false
                },
                {
                  "title": "returns 200 code for working chatbot API and product API",
                  "fullTitle": "Chatbot API /api/chatbot POST returns 200 code for working chatbot API and product API",
                  "timedOut": false,
                  "duration": 1565,
                  "state": "failed",
                  "speed": null,
                  "pass": false,
                  "fail": true,
                  "pending": false,
                  "context": null,
                  "code": "__awaiter(void 0, void 0, void 0, function* () {\n            const mockProduct = {\n                product_id: \"123\",\n                source: \"Best Buy\",\n                title: \"MacBook Pro\",\n                thumbnail: \"image.jpg\",\n                extracted_price: 1299,\n                seller_details: { direct_link: \"http://example.com\" },\n                rating: 4.5,\n                reviews: 120\n            };\n            sinon_1.default.stub(AIService_1.AIService, 'chatCompletionGithubModel').resolves({\n                chatbotMessage: \"Here are some macbooks I found.\",\n                productRequested: true,\n                productQuery: \"macbook\"\n            });\n            sinon_1.default.stub(ProductService_1.ProductService, 'searchProducts').resolves([mockProduct]);\n            const response = yield (0, supertest_1.default)(app)\n                .post('/api/chatbot')\n                .send({ message: \"I want some macbooks\" })\n                .expect(200);\n            expect(response.body).to.deep.equal({\n                chatbotMessage: \"Here are some macbooks I found.\",\n                productData: [{\n                        id: mockProduct.product_id,\n                        source: mockProduct.source,\n                        title: mockProduct.title,\n                        image: mockProduct.thumbnail,\n                        price: mockProduct.extracted_price,\n                        url: mockProduct.seller_details.direct_link,\n                        rating: mockProduct.rating,\n                        reviews: mockProduct.reviews\n                    }]\n            });\n        })",
                  "err": {
                    "message": "AssertionError: expected { …(2) } to deeply equal { …(2) }",
                    "estack": "AssertionError: expected { …(2) } to deeply equal { …(2) }\n    at D:\\Uni\\C455\\Project\\team10\\server\\src\\tests\\integration\\chatbot.test.ts:147:37\n    at Generator.next (<anonymous>)\n    at fulfilled (src\\tests\\integration\\chatbot.test.ts:38:58)\n    at processTicksAndRejections (node:internal/process/task_queues:105:5)",
                    "diff": " {\n-   \"chatbotMessage\": \"I found a MacBook Pro available for $1299 at Best Buy. Would you like more options or details about this model?\"\n+   \"chatbotMessage\": \"Here are some macbooks I found.\"\n   \"productData\": [\n     {\n       \"id\": \"123\"\n       \"image\": \"image.jpg\"\n"
                  },
                  "uuid": "36add6dd-ca1d-49f1-88b5-1ccad975e2e2",
                  "parentUUID": "b491aa8a-2a58-42a8-8d0e-ff4c474b33b5",
                  "isHook": false,
                  "skipped": false
                }
              ],
              "suites": [],
              "passes": [
                "5006e40a-4f28-47db-82ef-b5e21d821923"
              ],
              "failures": [
                "2b0191ac-78e3-40a8-8bff-6e7c16d081b2",
                "74e842e3-3a00-403a-9724-847265eda06b",
                "101aa6c5-0d99-4e4b-af35-1c077bc141ed",
                "3c131ed9-704d-4ae3-a93a-e7d0c39eee1a",
                "23f684de-f0fd-4dbe-85de-c1ca71b8da47",
                "ee87327c-df2c-43a1-be18-d3fac8d9beb9",
                "36add6dd-ca1d-49f1-88b5-1ccad975e2e2"
              ],
              "pending": [],
              "skipped": [],
              "duration": 10958,
              "root": false,
              "rootEmpty": false,
              "_timeout": 20000
            }
          ],
          "passes": [],
          "failures": [],
          "pending": [],
          "skipped": [],
          "duration": 0,
          "root": false,
          "rootEmpty": false,
          "_timeout": 20000
        },
        {
          "uuid": "5ded9e96-15f6-44d5-acb3-4293722548c2",
          "title": "Products API",
          "fullFile": "D:\\Uni\\C455\\Project\\team10\\server\\src\\tests\\integration\\products.test.ts",
          "file": "\\src\\tests\\integration\\products.test.ts",
          "beforeHooks": [
            {
              "title": "\"before all\" hook in \"Products API\"",
              "fullTitle": "Products API \"before all\" hook in \"Products API\"",
              "timedOut": false,
              "duration": 1,
              "state": null,
              "speed": null,
              "pass": false,
              "fail": false,
              "pending": false,
              "context": null,
              "code": "app = (0, express_1.default)();\napp.use('/api/products', products_1.default);",
              "err": {},
              "uuid": "c2ec76a8-54a3-4bc7-89d2-fdb1cb1ff62d",
              "parentUUID": "5ded9e96-15f6-44d5-acb3-4293722548c2",
              "isHook": true,
              "skipped": false
            }
          ],
          "afterHooks": [
            {
              "title": "\"after each\" hook in \"Products API\"",
              "fullTitle": "Products API \"after each\" hook in \"Products API\"",
              "timedOut": false,
              "duration": 0,
              "state": null,
              "speed": null,
              "pass": false,
              "fail": false,
              "pending": false,
              "context": null,
              "code": "sinon_1.default.restore();",
              "err": {},
              "uuid": "bfe52825-add7-40e4-828c-1a7d105f2c61",
              "parentUUID": "5ded9e96-15f6-44d5-acb3-4293722548c2",
              "isHook": true,
              "skipped": false
            }
          ],
          "tests": [],
          "suites": [
            {
              "uuid": "54c5aed6-a014-4581-a113-744b055de946",
              "title": "GET /api/products/search",
              "fullFile": "D:\\Uni\\C455\\Project\\team10\\server\\src\\tests\\integration\\products.test.ts",
              "file": "\\src\\tests\\integration\\products.test.ts",
              "beforeHooks": [],
              "afterHooks": [],
              "tests": [
                {
                  "title": "should return 200 and products for a valid search query",
                  "fullTitle": "Products API GET /api/products/search should return 200 and products for a valid search query",
                  "timedOut": false,
                  "duration": 10,
                  "state": "passed",
                  "speed": "fast",
                  "pass": true,
                  "fail": false,
                  "pending": false,
                  "context": null,
                  "code": "__awaiter(void 0, void 0, void 0, function* () {\n            const fakeProducts = [\n                {\n                    category: 'Popular products',\n                    thumbnail: 'https://example.com/image.jpg',\n                    source_logo: 'https://example.com/logo.png',\n                    source: 'Best Buy',\n                    title: 'HP 14\" Intel Celeron Laptop',\n                    rating: 4.2,\n                    reviews: 148,\n                    price: '$199.99',\n                    extracted_price: 199.99,\n                    location: 'Nearby, 13 mi',\n                    product_id: '2197135960910078338',\n                    seller_details: [\n                        {\n                            position: 1,\n                            name: 'Best Buy',\n                            top_quality_store: true,\n                            payment_methods: 'PayPal, Zip accepted',\n                            rating: 4.6,\n                            reviews: 532,\n                            reviews_original: '(532)',\n                            link: 'https://google.com/redirect',\n                            direct_link: 'https://bestbuy.com/product',\n                            details_and_offers: [{ text: '5.3 mi · In stock at GainesvilleToday: 10:00 AM - 8:00 PM' }],\n                            base_price: '$199.99',\n                            additional_price: { shipping: 'See website' },\n                            total_price: '$199.99',\n                        }\n                    ],\n                },\n            ];\n            sinon_1.default.stub(ProductService_1.ProductService, 'searchProducts').resolves(fakeProducts);\n            const res = yield (0, supertest_1.default)(app)\n                .get('/api/products/search')\n                .query({ q: 'Laptop under $400', device: 'desktop', location: 'Canada' });\n            (0, chai_1.expect)(res.status).to.equal(200);\n            (0, chai_1.expect)(res.body.success).to.be.true;\n            (0, chai_1.expect)(res.body.products).to.deep.equal(fakeProducts);\n        })",
                  "err": {},
                  "uuid": "5fb73e06-20ca-4e13-bd28-a7195851193e",
                  "parentUUID": "54c5aed6-a014-4581-a113-744b055de946",
                  "isHook": false,
                  "skipped": false
                },
                {
                  "title": "should return 400 if the search query is missing",
                  "fullTitle": "Products API GET /api/products/search should return 400 if the search query is missing",
                  "timedOut": false,
                  "duration": 3,
                  "state": "passed",
                  "speed": "fast",
                  "pass": true,
                  "fail": false,
                  "pending": false,
                  "context": null,
                  "code": "__awaiter(void 0, void 0, void 0, function* () {\n            const res = yield (0, supertest_1.default)(app).get('/api/products/search');\n            (0, chai_1.expect)(res.status).to.equal(400);\n            (0, chai_1.expect)(res.body.success).to.be.false;\n            (0, chai_1.expect)(res.body.error).to.equal('Search query is required');\n        })",
                  "err": {},
                  "uuid": "a1103400-5ae6-4c57-be6b-2d99a4381c2e",
                  "parentUUID": "54c5aed6-a014-4581-a113-744b055de946",
                  "isHook": false,
                  "skipped": false
                },
                {
                  "title": "should return 500 if the ProductService throws an error",
                  "fullTitle": "Products API GET /api/products/search should return 500 if the ProductService throws an error",
                  "timedOut": false,
                  "duration": 9,
                  "state": "passed",
                  "speed": "fast",
                  "pass": true,
                  "fail": false,
                  "pending": false,
                  "context": null,
                  "code": "__awaiter(void 0, void 0, void 0, function* () {\n            sinon_1.default.stub(ProductService_1.ProductService, 'searchProducts').throws(new Error('SerpAPI error'));\n            const res = yield (0, supertest_1.default)(app)\n                .get('/api/products/search')\n                .query({ q: 'Laptop' });\n            (0, chai_1.expect)(res.status).to.equal(500);\n            (0, chai_1.expect)(res.body.success).to.be.false;\n            (0, chai_1.expect)(res.body.error).to.equal('SerpAPI error');\n        })",
                  "err": {},
                  "uuid": "ff277786-be5b-4a92-9339-fecf82ea7c7e",
                  "parentUUID": "54c5aed6-a014-4581-a113-744b055de946",
                  "isHook": false,
                  "skipped": false
                }
              ],
              "suites": [],
              "passes": [
                "5fb73e06-20ca-4e13-bd28-a7195851193e",
                "a1103400-5ae6-4c57-be6b-2d99a4381c2e",
                "ff277786-be5b-4a92-9339-fecf82ea7c7e"
              ],
              "failures": [],
              "pending": [],
              "skipped": [],
              "duration": 22,
              "root": false,
              "rootEmpty": false,
              "_timeout": 20000
            }
          ],
          "passes": [],
          "failures": [],
          "pending": [],
          "skipped": [],
          "duration": 0,
          "root": false,
          "rootEmpty": false,
          "_timeout": 20000
        },
        {
          "uuid": "3a3f819f-7cf6-4070-907a-d79940042661",
          "title": "Profile API",
          "fullFile": "D:\\Uni\\C455\\Project\\team10\\server\\src\\tests\\integration\\profile.test.ts",
          "file": "\\src\\tests\\integration\\profile.test.ts",
          "beforeHooks": [
            {
              "title": "\"before all\" hook in \"Profile API\"",
              "fullTitle": "Profile API \"before all\" hook in \"Profile API\"",
              "timedOut": false,
              "duration": 1,
              "state": null,
              "speed": null,
              "pass": false,
              "fail": false,
              "pending": false,
              "context": null,
              "code": "app = (0, express_1.default)();\napp.use(express_1.default.json());\napp.use('/api/profiles', profile_1.default);",
              "err": {},
              "uuid": "7600b3ba-1c88-42b2-b881-e41c28a32ccb",
              "parentUUID": "3a3f819f-7cf6-4070-907a-d79940042661",
              "isHook": true,
              "skipped": false
            }
          ],
          "afterHooks": [
            {
              "title": "\"after each\" hook in \"Profile API\"",
              "fullTitle": "Profile API \"after each\" hook in \"Profile API\"",
              "timedOut": false,
              "duration": 0,
              "state": null,
[...]
                  "timedOut": false,
                  "duration": 8,
                  "state": "passed",
                  "speed": "fast",
                  "pass": true,
                  "fail": false,
                  "pending": false,
                  "context": null,
                  "code": "__awaiter(void 0, void 0, void 0, function* () {\n            const response = yield (0, supertest_1.default)(app)\n                .get('/api/profiles/verify')\n                .query({})\n                .expect(400);\n            (0, chai_1.expect)(response.body).to.deep.equal({\n                success: false,\n                error: 'token missing from params'\n            });\n        })",
                  "err": {},
                  "uuid": "9e023920-996c-4ca6-8e8b-33356b0ed7b5",
                  "parentUUID": "a06c03c3-986a-49bb-a5ca-b0e43f157ea3",
                  "isHook": false,
                  "skipped": false
                },
                {
                  "title": "should return 500 for failing to get user",
                  "fullTitle": "Profile API /api/profiles/verify/:token GET should return 500 for failing to get user",
                  "timedOut": false,
                  "duration": 7,
                  "state": "passed",
                  "speed": "fast",
                  "pass": true,
                  "fail": false,
                  "pending": false,
                  "context": null,
                  "code": "__awaiter(void 0, void 0, void 0, function* () {\n            sinon_1.default.stub(UserService_1.UserService, 'getUserByToken').throws(new Error(\"Some error related to getting user\"));\n            const response = yield (0, supertest_1.default)(app)\n                .get('/api/profiles/verify/test123')\n                .expect(500);\n            (0, chai_1.expect)(response.body).to.deep.equal({\n                success: false,\n                error: 'Unable to get user'\n            });\n        })",
                  "err": {},
                  "uuid": "78562dba-3d9f-408d-9808-0bab7d06410b",
                  "parentUUID": "a06c03c3-986a-49bb-a5ca-b0e43f157ea3",
                  "isHook": false,
                  "skipped": false
                },
                {
                  "title": "should return 404 for not finding valid user",
                  "fullTitle": "Profile API /api/profiles/verify/:token GET should return 404 for not finding valid user",
                  "timedOut": false,
                  "duration": 6,
                  "state": "passed",
                  "speed": "fast",
                  "pass": true,
                  "fail": false,
                  "pending": false,
                  "context": null,
                  "code": "__awaiter(void 0, void 0, void 0, function* () {\n            sinon_1.default.stub(UserService_1.UserService, 'getUserByToken').resolves(null);\n            const response = yield (0, supertest_1.default)(app)\n                .get('/api/profiles/verify/test123')\n                .expect(404);\n            (0, chai_1.expect)(response.body).to.deep.equal({\n                success: false,\n                error: 'Invalid or expired verification token'\n            });\n        })",
                  "err": {},
                  "uuid": "6ca207b7-66e1-4cb5-94fd-0a5b6a68879c",
                  "parentUUID": "a06c03c3-986a-49bb-a5ca-b0e43f157ea3",
                  "isHook": false,
                  "skipped": false
                },
                {
                  "title": "should return 500 for failing to verify email",
                  "fullTitle": "Profile API /api/profiles/verify/:token GET should return 500 for failing to verify email",
                  "timedOut": false,
                  "duration": 5,
                  "state": "passed",
                  "speed": "fast",
                  "pass": true,
                  "fail": false,
                  "pending": false,
                  "context": null,
                  "code": "__awaiter(void 0, void 0, void 0, function* () {\n            const fakeDate = new Date();\n            const fakeUser = {\n                name: 'test name',\n                email: 'test@example.com',\n                isEmailVerified: true,\n                verificationToken: 'test123',\n                verificationTokenExpires: fakeDate,\n                createdAt: fakeDate,\n                updatedAt: fakeDate,\n            };\n            sinon_1.default.stub(UserService_1.UserService, 'getUserByToken').resolves(fakeUser);\n            sinon_1.default.stub(UserService_1.UserService, 'verifyEmail').throws(new Error(\"Some error related to verifying email\"));\n            const response = yield (0, supertest_1.default)(app)\n                .get('/api/profiles/verify/test123')\n                .expect(500);\n            (0, chai_1.expect)(response.body).to.deep.equal({\n                success: false,\n                error: 'Unable to verify email'\n            });\n        })",
                  "err": {},
                  "uuid": "d96f7f91-e4e8-4724-9884-85ddd595763f",
                  "parentUUID": "a06c03c3-986a-49bb-a5ca-b0e43f157ea3",
                  "isHook": false,
                  "skipped": false
                },
                {
                  "title": "should return 200 for successfully verifying email",
                  "fullTitle": "Profile API /api/profiles/verify/:token GET should return 200 for successfully verifying email",
                  "timedOut": false,
                  "duration": 5,
                  "state": "passed",
                  "speed": "fast",
                  "pass": true,
                  "fail": false,
                  "pending": false,
                  "context": null,
                  "code": "__awaiter(void 0, void 0, void 0, function* () {\n            const fakeDate = new Date();\n            const fakeUser = {\n                name: 'test name',\n                email: 'test@example.com',\n                isEmailVerified: true,\n                verificationToken: 'test123',\n                verificationTokenExpires: fakeDate,\n                createdAt: fakeDate,\n                updatedAt: fakeDate,\n            };\n            sinon_1.default.stub(UserService_1.UserService, 'getUserByToken').resolves(fakeUser);\n            sinon_1.default.stub(UserService_1.UserService, 'verifyEmail').resolves();\n            const response = yield (0, supertest_1.default)(app)\n                .get('/api/profiles/verify/test123')\n                .expect(200);\n            (0, chai_1.expect)(response.body).to.deep.equal({\n                success: true,\n                message: 'Email verified successfully'\n            });\n        })",
                  "err": {},
                  "uuid": "3aa582f7-438d-4f12-9f85-195dc9d7ea0b",
                  "parentUUID": "a06c03c3-986a-49bb-a5ca-b0e43f157ea3",
                  "isHook": false,
                  "skipped": false
                }
              ],
              "suites": [],
              "passes": [
                "9e023920-996c-4ca6-8e8b-33356b0ed7b5",
                "78562dba-3d9f-408d-9808-0bab7d06410b",
                "6ca207b7-66e1-4cb5-94fd-0a5b6a68879c",
                "d96f7f91-e4e8-4724-9884-85ddd595763f",
                "3aa582f7-438d-4f12-9f85-195dc9d7ea0b"
              ],
              "failures": [],
              "pending": [],
              "skipped": [],
              "duration": 31,
              "root": false,
              "rootEmpty": false,
              "_timeout": 20000
            },
            {
              "uuid": "7d90a70b-3c6a-4835-83d9-d8c99495d725",
              "title": "/api/profiles/resend-verification POST",
              "fullFile": "D:\\Uni\\C455\\Project\\team10\\server\\src\\tests\\integration\\profile.test.ts",
              "file": "\\src\\tests\\integration\\profile.test.ts",
              "beforeHooks": [],
              "afterHooks": [],
              "tests": [
                {
                  "title": "should return 400 for missing email",
                  "fullTitle": "Profile API /api/profiles/resend-verification POST should return 400 for missing email",
                  "timedOut": false,
                  "duration": 7,
                  "state": "passed",
                  "speed": "fast",
                  "pass": true,
                  "fail": false,
                  "pending": false,
                  "context": null,
                  "code": "__awaiter(void 0, void 0, void 0, function* () {\n            const response = yield (0, supertest_1.default)(app)\n                .post('/api/profiles/resend-verification')\n                .send({})\n                .expect(400);\n            (0, chai_1.expect)(response.body).to.deep.equal({\n                success: false,\n                error: 'email is required'\n            });\n        })",
                  "err": {},
                  "uuid": "ab031867-76bf-4acd-9083-a15352e2c6e2",
                  "parentUUID": "7d90a70b-3c6a-4835-83d9-d8c99495d725",
                  "isHook": false,
                  "skipped": false
                },
                {
                  "title": "should return 400 for non string email",
                  "fullTitle": "Profile API /api/profiles/resend-verification POST should return 400 for non string email",
                  "timedOut": false,
                  "duration": 6,
                  "state": "passed",
                  "speed": "fast",
                  "pass": true,
                  "fail": false,
                  "pending": false,
                  "context": null,
                  "code": "__awaiter(void 0, void 0, void 0, function* () {\n            const response = yield (0, supertest_1.default)(app)\n                .post('/api/profiles/resend-verification')\n                .send({ email: 123 })\n                .expect(400);\n            (0, chai_1.expect)(response.body).to.deep.equal({\n                success: false,\n                error: 'email must be a string'\n            });\n        })",
                  "err": {},
                  "uuid": "1455f9cf-74e4-4c31-a9bb-cc4fe08712bc",
                  "parentUUID": "7d90a70b-3c6a-4835-83d9-d8c99495d725",
                  "isHook": false,
                  "skipped": false
                },
                {
                  "title": "should return 500 for unknown error while getting user",
                  "fullTitle": "Profile API /api/profiles/resend-verification POST should return 500 for unknown error while getting user",
                  "timedOut": false,
                  "duration": 7,
                  "state": "passed",
                  "speed": "fast",
                  "pass": true,
                  "fail": false,
                  "pending": false,
                  "context": null,
                  "code": "__awaiter(void 0, void 0, void 0, function* () {\n            sinon_1.default.stub(UserService_1.UserService, 'getUserByEmail').throws(new Error(\"Some error related to getting user\"));\n            const response = yield (0, supertest_1.default)(app)\n                .post('/api/profiles/resend-verification')\n                .send({ email: 'test@example.com' })\n                .expect(500);\n            (0, chai_1.expect)(response.body).to.deep.equal({\n                success: false,\n                error: 'Unable to get user while verifying email'\n            });\n        })",
                  "err": {},
                  "uuid": "c0bb12fd-f5b9-411b-991e-98da656bd321",
                  "parentUUID": "7d90a70b-3c6a-4835-83d9-d8c99495d725",
                  "isHook": false,
                  "skipped": false
                },
                {
                  "title": "should return 404 for unknown user",
                  "fullTitle": "Profile API /api/profiles/resend-verification POST should return 404 for unknown user",
                  "timedOut": false,
                  "duration": 5,
                  "state": "passed",
                  "speed": "fast",
                  "pass": true,
                  "fail": false,
                  "pending": false,
                  "context": null,
                  "code": "__awaiter(void 0, void 0, void 0, function* () {\n            sinon_1.default.stub(UserService_1.UserService, 'getUserByEmail').resolves(null);\n            const response = yield (0, supertest_1.default)(app)\n                .post('/api/profiles/resend-verification')\n                .send({ email: 'test@example.com' })\n                .expect(404);\n            (0, chai_1.expect)(response.body).to.deep.equal({\n                success: false,\n                error: 'user cannot be found'\n            });\n        })",
                  "err": {},
                  "uuid": "2dacf703-5b56-48b1-9123-0bbcbe843601",
                  "parentUUID": "7d90a70b-3c6a-4835-83d9-d8c99495d725",
                  "isHook": false,
                  "skipped": false
                },
                {
                  "title": "should return 400 for user with verified email",
                  "fullTitle": "Profile API /api/profiles/resend-verification POST should return 400 for user with verified email",
                  "timedOut": false,
                  "duration": 4,
                  "state": "passed",
                  "speed": "fast",
                  "pass": true,
                  "fail": false,
                  "pending": false,
                  "context": null,
                  "code": "__awaiter(void 0, void 0, void 0, function* () {\n            const fakeUserWithoutPassword = {\n                _id: 'existing_id',\n                name: 'Existing User',\n                email: 'existing@example.com',\n                password: 'hashed_password',\n                isEmailVerified: true\n            };\n            sinon_1.default.stub(UserService_1.UserService, 'getUserByEmail').resolves(fakeUserWithoutPassword);\n            const response = yield (0, supertest_1.default)(app)\n                .post('/api/profiles/resend-verification')\n                .send({ email: 'test@example.com' })\n                .expect(400);\n            (0, chai_1.expect)(response.body).to.deep.equal({\n                success: false,\n                error: 'email is already verified'\n            });\n        })",
                  "err": {},
                  "uuid": "209dc4a8-dea1-47f5-b7c3-434f729b7208",
                  "parentUUID": "7d90a70b-3c6a-4835-83d9-d8c99495d725",
                  "isHook": false,
                  "skipped": false
                },
                {
                  "title": "should return 500 for unknown error during resending verification email",
                  "fullTitle": "Profile API /api/profiles/resend-verification POST should return 500 for unknown error during resending verification email",
                  "timedOut": false,
                  "duration": 4,
                  "state": "passed",
                  "speed": "fast",
                  "pass": true,
                  "fail": false,
                  "pending": false,
                  "context": null,
                  "code": "__awaiter(void 0, void 0, void 0, function* () {\n            const fakeUserWithoutPassword = {\n                _id: 'existing_id',\n                name: 'Existing User',\n                email: 'existing@example.com',\n                password: 'hashed_password',\n                isEmailVerified: false\n            };\n            sinon_1.default.stub(UserService_1.UserService, 'getUserByEmail').resolves(fakeUserWithoutPassword);\n            sinon_1.default.stub(UserService_1.UserService, 'resendVerificationEmail').throws(new Error(\"Some error related to resending verification email\"));\n            const response = yield (0, supertest_1.default)(app)\n                .post('/api/profiles/resend-verification')\n                .send({ email: 'test@example.com' })\n                .expect(500);\n            (0, chai_1.expect)(response.body).to.deep.equal({\n                success: false,\n                error: 'Unable to resend verification email'\n            });\n        })",
                  "err": {},
                  "uuid": "b5375883-a477-4d67-8c03-5891aa74acc2",
                  "parentUUID": "7d90a70b-3c6a-4835-83d9-d8c99495d725",
                  "isHook": false,
                  "skipped": false
                },
                {
                  "title": "should return 200 for successfully resending email",
                  "fullTitle": "Profile API /api/profiles/resend-verification POST should return 200 for successfully resending email",
                  "timedOut": false,
                  "duration": 5,
                  "state": "passed",
                  "speed": "fast",
                  "pass": true,
                  "fail": false,
                  "pending": false,
                  "context": null,
                  "code": "__awaiter(void 0, void 0, void 0, function* () {\n            const fakeUserWithoutPassword = {\n                _id: 'existing_id',\n                name: 'Existing User',\n                email: 'existing@example.com',\n                password: 'hashed_password',\n                isEmailVerified: false\n            };\n            sinon_1.default.stub(UserService_1.UserService, 'getUserByEmail').resolves(fakeUserWithoutPassword);\n            sinon_1.default.stub(UserService_1.UserService, 'resendVerificationEmail').resolves();\n            const response = yield (0, supertest_1.default)(app)\n                .post('/api/profiles/resend-verification')\n                .send({ email: 'test@example.com' })\n                .expect(200);\n            (0, chai_1.expect)(response.body).to.deep.equal({\n                success: true,\n                message: 'Verification email sent'\n            });\n        })",
                  "err": {},
                  "uuid": "221f7aa8-731f-4012-9694-c7a789def81d",
                  "parentUUID": "7d90a70b-3c6a-4835-83d9-d8c99495d725",
                  "isHook": false,
                  "skipped": false
                }
              ],
              "suites": [],
              "passes": [
                "ab031867-76bf-4acd-9083-a15352e2c6e2",
                "1455f9cf-74e4-4c31-a9bb-cc4fe08712bc",
                "c0bb12fd-f5b9-411b-991e-98da656bd321",
                "2dacf703-5b56-48b1-9123-0bbcbe843601",
                "209dc4a8-dea1-47f5-b7c3-434f729b7208",
                "b5375883-a477-4d67-8c03-5891aa74acc2",
                "221f7aa8-731f-4012-9694-c7a789def81d"
              ],
              "failures": [],
              "pending": [],
              "skipped": [],
              "duration": 38,
              "root": false,
              "rootEmpty": false,
              "_timeout": 20000
            }
          ],
          "passes": [],
          "failures": [],
          "pending": [],
          "skipped": [],
          "duration": 0,
          "root": false,
          "rootEmpty": false,
          "_timeout": 20000
        }
      ],
      "passes": [],
      "failures": [],
      "pending": [],
      "skipped": [],
      "duration": 0,
      "root": true,
      "rootEmpty": true,
      "_timeout": 20000
    }
  ],
  "meta": {
    "mocha": {
      "version": "11.7.0"
    },
    "mochawesome": {
      "options": {
        "quiet": false,
        "reportFilename": "integration-tests",
        "saveHtml": true,
        "saveJson": true,
        "consoleReporter": "spec",
        "useInlineDiffs": false,
        "code": true
      },
      "version": "7.1.3"
    },
    "marge": {
      "options": {
        "reportDir": "mochawesome-integration",
        "reportFilename": "integration-tests"
      },
      "version": "6.2.0"
    }
  }
}