{
  "stats": {
    "suites": 16,
    "tests": 86,
    "passes": 81,
    "pending": 0,
    "failures": 5,
    "start": "2025-07-05T15:32:15.197Z",
    "end": "2025-07-05T15:32:29.357Z",
    "duration": 14160,
    "testsRegistered": 86,
    "passPercent": 94.18604651162791,
    "pendingPercent": 0,
    "other": 0,
    "hasOther": false,
    "skipped": 0,
    "hasSkipped": false
  },
  "results": [
    {
      "uuid": "a2f9de1a-75e4-466b-8d9f-bebc3ff80202",
      "title": "",
      "fullFile": "",
      "file": "",
      "beforeHooks": [],
      "afterHooks": [],
      "tests": [],
      "suites": [
        {
          "uuid": "a29d6aa0-f5c1-4f3b-ad78-68da13101212",
          "title": "Auth API",
          "fullFile": "D:\\Uni\\C455\\Project\\team10\\server\\src\\tests\\integration\\auth.test.ts",
          "file": "\\src\\tests\\integration\\auth.test.ts",
          "beforeHooks": [
            {
              "title": "\"before all\" hook in \"Auth API\"",
              "fullTitle": "Auth API \"before all\" hook in \"Auth API\"",
              "timedOut": false,
              "duration": 1,
              "state": null,
              "speed": null,
              "pass": false,
              "fail": false,
              "pending": false,
              "context": null,
              "code": "app = (0, express_1.default)();\napp.use(express_1.default.json());\napp.use('/api/auth', auth_1.default);",
              "err": {},
              "uuid": "c6c60b70-1fc3-4a0a-b1fa-f98c6e29fd8d",
              "parentUUID": "a29d6aa0-f5c1-4f3b-ad78-68da13101212",
              "isHook": true,
              "skipped": false
            }
          ],
          "afterHooks": [
            {
              "title": "\"after each\" hook in \"Auth API\"",
              "fullTitle": "Auth API \"after each\" hook in \"Auth API\"",
              "timedOut": false,
              "duration": 0,
              "state": null,
              "speed": null,
              "pass": false,
              "fail": false,
              "pending": false,
              "context": null,
              "code": "sinon_1.default.restore();",
              "err": {},
              "uuid": "173e5de5-748b-43d4-89da-89bfe5bb3359",
              "parentUUID": "a29d6aa0-f5c1-4f3b-ad78-68da13101212",
              "isHook": true,
              "skipped": false
            }
          ],
          "tests": [],
          "suites": [
            {
              "uuid": "a125a220-af3e-4792-b804-25a52d89b0ba",
              "title": "/api/auth/register POST",
              "fullFile": "D:\\Uni\\C455\\Project\\team10\\server\\src\\tests\\integration\\auth.test.ts",
              "file": "\\src\\tests\\integration\\auth.test.ts",
              "beforeHooks": [],
              "afterHooks": [],
              "tests": [
                {
                  "title": "should return 400 for missing name",
                  "fullTitle": "Auth API /api/auth/register POST should return 400 for missing name",
                  "timedOut": false,
                  "duration": 40,
                  "state": "passed",
                  "speed": "medium",
                  "pass": true,
                  "fail": false,
                  "pending": false,
                  "context": null,
                  "code": "__awaiter(void 0, void 0, void 0, function* () {\n            const response = yield (0, supertest_1.default)(app)\n                .post('/api/auth/register')\n                .send({\n                email: 'test@example.com',\n                password: 'password123'\n            })\n                .expect(400);\n            (0, chai_1.expect)(response.body).to.deep.equal({\n                success: false,\n                error: 'name, email and password are required'\n            });\n        })",
                  "err": {},
                  "uuid": "e7048e1c-cf12-490f-aa0c-622e446688c8",
                  "parentUUID": "a125a220-af3e-4792-b804-25a52d89b0ba",
                  "isHook": false,
                  "skipped": false
                },
                {
                  "title": "should return 400 for missing email",
                  "fullTitle": "Auth API /api/auth/register POST should return 400 for missing email",
                  "timedOut": false,
                  "duration": 5,
                  "state": "passed",
                  "speed": "fast",
                  "pass": true,
                  "fail": false,
                  "pending": false,
                  "context": null,
                  "code": "__awaiter(void 0, void 0, void 0, function* () {\n            const response = yield (0, supertest_1.default)(app)\n                .post('/api/auth/register')\n                .send({\n                name: 'test name',\n                password: 'password123'\n            })\n                .expect(400);\n            (0, chai_1.expect)(response.body).to.deep.equal({\n                success: false,\n                error: 'name, email and password are required'\n            });\n        })",
                  "err": {},
                  "uuid": "b3fd088b-5ef4-4a48-b9f8-1429f1b3bcef",
                  "parentUUID": "a125a220-af3e-4792-b804-25a52d89b0ba",
                  "isHook": false,
                  "skipped": false
                },
                {
                  "title": "should return 400 for missing password",
                  "fullTitle": "Auth API /api/auth/register POST should return 400 for missing password",
                  "timedOut": false,
                  "duration": 7,
                  "state": "passed",
                  "speed": "fast",
                  "pass": true,
                  "fail": false,
                  "pending": false,
                  "context": null,
                  "code": "__awaiter(void 0, void 0, void 0, function* () {\n            const response = yield (0, supertest_1.default)(app)\n                .post('/api/auth/register')\n                .send({\n                name: 'test name',\n                email: 'test@example.com',\n            })\n                .expect(400);\n            (0, chai_1.expect)(response.body).to.deep.equal({\n                success: false,\n                error: 'name, email and password are required'\n            });\n        })",
                  "err": {},
                  "uuid": "b35de1e5-eaf2-4e88-9ecc-cee3dfb3ee1b",
                  "parentUUID": "a125a220-af3e-4792-b804-25a52d89b0ba",
                  "isHook": false,
                  "skipped": false
                },
                {
                  "title": "should return 400 for non string name",
                  "fullTitle": "Auth API /api/auth/register POST should return 400 for non string name",
                  "timedOut": false,
                  "duration": 5,
                  "state": "passed",
                  "speed": "fast",
                  "pass": true,
                  "fail": false,
                  "pending": false,
                  "context": null,
                  "code": "__awaiter(void 0, void 0, void 0, function* () {\n            const response = yield (0, supertest_1.default)(app)\n                .post('/api/auth/register')\n                .send({\n                name: 123,\n                email: 'test@example.com',\n                password: 'password123'\n            })\n                .expect(400);\n            (0, chai_1.expect)(response.body).to.deep.equal({\n                success: false,\n                error: 'name, email and password need to be strings'\n            });\n        })",
                  "err": {},
                  "uuid": "2b818fb4-122a-4162-82da-905a6caacaef",
                  "parentUUID": "a125a220-af3e-4792-b804-25a52d89b0ba",
                  "isHook": false,
                  "skipped": false
                },
                {
                  "title": "should return 400 for non string email",
                  "fullTitle": "Auth API /api/auth/register POST should return 400 for non string email",
                  "timedOut": false,
                  "duration": 6,
                  "state": "passed",
                  "speed": "fast",
                  "pass": true,
                  "fail": false,
                  "pending": false,
                  "context": null,
                  "code": "__awaiter(void 0, void 0, void 0, function* () {\n            const response = yield (0, supertest_1.default)(app)\n                .post('/api/auth/register')\n                .send({\n                name: 'test name',\n                email: 123,\n                password: 'password123'\n            })\n                .expect(400);\n            (0, chai_1.expect)(response.body).to.deep.equal({\n                success: false,\n                error: 'name, email and password need to be strings'\n            });\n        })",
                  "err": {},
                  "uuid": "6d3994f2-9423-462d-ab7a-b87121f95d14",
                  "parentUUID": "a125a220-af3e-4792-b804-25a52d89b0ba",
                  "isHook": false,
                  "skipped": false
                },
                {
                  "title": "should return 400 for non string password",
                  "fullTitle": "Auth API /api/auth/register POST should return 400 for non string password",
                  "timedOut": false,
                  "duration": 6,
                  "state": "passed",
                  "speed": "fast",
                  "pass": true,
                  "fail": false,
                  "pending": false,
                  "context": null,
                  "code": "__awaiter(void 0, void 0, void 0, function* () {\n            const response = yield (0, supertest_1.default)(app)\n                .post('/api/auth/register')\n                .send({\n                name: 'test name',\n                email: 'test@example.com',\n                password: 123\n            })\n                .expect(400);\n            (0, chai_1.expect)(response.body).to.deep.equal({\n                success: false,\n                error: 'name, email and password need to be strings'\n            });\n        })",
                  "err": {},
                  "uuid": "a6a1ed02-d3e0-4ebf-a7fc-a772fc6f427c",
                  "parentUUID": "a125a220-af3e-4792-b804-25a52d89b0ba",
                  "isHook": false,
                  "skipped": false
                },
                {
                  "title": "should return 500 for failed email validation",
                  "fullTitle": "Auth API /api/auth/register POST should return 500 for failed email validation",
                  "timedOut": false,
                  "duration": 6,
                  "state": "passed",
                  "speed": "fast",
                  "pass": true,
                  "fail": false,
                  "pending": false,
                  "context": null,
                  "code": "__awaiter(void 0, void 0, void 0, function* () {\n            sinon_1.default.stub(UserService_1.UserService, 'getUserByEmail').throws(new Error(\"Error related to searching user with email\"));\n            const response = yield (0, supertest_1.default)(app)\n                .post('/api/auth/register')\n                .send({\n                name: 'test user',\n                email: 'test@example.com',\n                password: 'password123'\n            })\n                .expect(500);\n            (0, chai_1.expect)(response.body).to.deep.equal({\n                success: false,\n                error: 'Unable to register with that email'\n            });\n        })",
                  "err": {},
                  "uuid": "06df5d93-90ce-4eec-81aa-b9040416ae47",
                  "parentUUID": "a125a220-af3e-4792-b804-25a52d89b0ba",
                  "isHook": false,
                  "skipped": false
                },
                {
                  "title": "should return 400 for existing account",
                  "fullTitle": "Auth API /api/auth/register POST should return 400 for existing account",
                  "timedOut": false,
                  "duration": 5,
                  "state": "passed",
                  "speed": "fast",
                  "pass": true,
                  "fail": false,
                  "pending": false,
                  "context": null,
                  "code": "__awaiter(void 0, void 0, void 0, function* () {\n            sinon_1.default.stub(UserService_1.UserService, 'getUserByEmail').resolves({\n                _id: 'existing_id',\n                name: 'Existing User',\n                email: 'existing@example.com',\n                password: 'hashed_password',\n                isEmailVerified: true\n            });\n            const response = yield (0, supertest_1.default)(app)\n                .post('/api/auth/register')\n                .send({\n                name: 'test user',\n                email: 'existing@example.com',\n                password: 'password123'\n            })\n                .expect(400);\n            (0, chai_1.expect)(response.body).to.deep.equal({\n                success: false,\n                error: 'Email already exists. Please try logging in instead'\n            });\n        })",
                  "err": {},
                  "uuid": "53984e23-7526-47dd-98d3-d467186d2e8d",
                  "parentUUID": "a125a220-af3e-4792-b804-25a52d89b0ba",
                  "isHook": false,
                  "skipped": false
                },
                {
                  "title": "should return 500 for failed register",
                  "fullTitle": "Auth API /api/auth/register POST should return 500 for failed register",
                  "timedOut": false,
                  "duration": 8,
                  "state": "passed",
                  "speed": "fast",
                  "pass": true,
                  "fail": false,
                  "pending": false,
                  "context": null,
                  "code": "__awaiter(void 0, void 0, void 0, function* () {\n            sinon_1.default.stub(UserService_1.UserService, 'getUserByEmail').resolves(null);\n            sinon_1.default.stub(authService_1.AuthService, 'register').throws(new Error(\"Unknown error in register\"));\n            const response = yield (0, supertest_1.default)(app)\n                .post('/api/auth/register')\n                .send({\n                name: 'test user',\n                email: 'test@example.com',\n                password: 'password123'\n            })\n                .expect(500);\n            (0, chai_1.expect)(response.body).to.deep.equal({\n                success: false,\n                error: 'Registration failed. Please try again'\n            });\n        })",
                  "err": {},
                  "uuid": "566dab71-e727-4b53-ab61-2a13ac4ed59e",
                  "parentUUID": "a125a220-af3e-4792-b804-25a52d89b0ba",
                  "isHook": false,
                  "skipped": false
                },
                {
                  "title": "should return 201 on successful register",
                  "fullTitle": "Auth API /api/auth/register POST should return 201 on successful register",
                  "timedOut": false,
                  "duration": 6,
                  "state": "passed",
                  "speed": "fast",
                  "pass": true,
                  "fail": false,
                  "pending": false,
                  "context": null,
                  "code": "__awaiter(void 0, void 0, void 0, function* () {\n            const fakeUser = {\n                _id: 'test user id',\n                name: 'test user',\n                email: 'test@example.com',\n                isEmailVerified: true,\n                verificationToken: 'test token',\n                verificationTokenExpires: (new Date(Date.now() + 24 * 60 * 60 * 1000)).toISOString(),\n                createdAt: (new Date()).toISOString(),\n                updatedAt: (new Date()).toISOString(),\n            };\n            sinon_1.default.stub(UserService_1.UserService, 'getUserByEmail').resolves(null);\n            sinon_1.default.stub(authService_1.AuthService, 'register').resolves({\n                token: '123abc',\n                user: fakeUser\n            });\n            const response = yield (0, supertest_1.default)(app)\n                .post('/api/auth/register')\n                .send({\n                name: 'test user',\n                email: 'test@example.com',\n                password: 'password123'\n            })\n                .expect(201);\n            (0, chai_1.expect)(response.body).to.deep.equal({\n                success: true,\n                message: 'Registration successful! Your account has been created and verified',\n                data: fakeUser,\n                token: '123abc'\n            });\n        })",
                  "err": {},
                  "uuid": "70561161-4eb2-45a6-aa56-a3dfc039010c",
                  "parentUUID": "a125a220-af3e-4792-b804-25a52d89b0ba",
                  "isHook": false,
                  "skipped": false
                }
              ],
              "suites": [],
              "passes": [
                "e7048e1c-cf12-490f-aa0c-622e446688c8",
                "b3fd088b-5ef4-4a48-b9f8-1429f1b3bcef",
                "b35de1e5-eaf2-4e88-9ecc-cee3dfb3ee1b",
                "2b818fb4-122a-4162-82da-905a6caacaef",
                "6d3994f2-9423-462d-ab7a-b87121f95d14",
                "a6a1ed02-d3e0-4ebf-a7fc-a772fc6f427c",
                "06df5d93-90ce-4eec-81aa-b9040416ae47",
                "53984e23-7526-47dd-98d3-d467186d2e8d",
                "566dab71-e727-4b53-ab61-2a13ac4ed59e",
                "70561161-4eb2-45a6-aa56-a3dfc039010c"
              ],
              "failures": [],
              "pending": [],
              "skipped": [],
              "duration": 94,
              "root": false,
              "rootEmpty": false,
              "_timeout": 20000
            },
            {
              "uuid": "456757c5-a5e3-4446-9440-214e7e7e850f",
              "title": "/api/auth/login POST",
              "fullFile": "D:\\Uni\\C455\\Project\\team10\\server\\src\\tests\\integration\\auth.test.ts",
              "file": "\\src\\tests\\integration\\auth.test.ts",
              "beforeHooks": [],
              "afterHooks": [],
              "tests": [
                {
                  "title": "should return 400 for missing email",
                  "fullTitle": "Auth API /api/auth/login POST should return 400 for missing email",
                  "timedOut": false,
                  "duration": 3,
                  "state": "passed",
                  "speed": "fast",
                  "pass": true,
                  "fail": false,
                  "pending": false,
                  "context": null,
                  "code": "__awaiter(void 0, void 0, void 0, function* () {\n            const response = yield (0, supertest_1.default)(app)\n                .post('/api/auth/login')\n                .send({\n                password: 'hashed-password'\n            })\n                .expect(400);\n            (0, chai_1.expect)(response.body).to.deep.equal({\n                success: false,\n                error: \"Email and password are required\"\n            });\n        })",
                  "err": {},
                  "uuid": "f9034e5c-cdf6-4a17-8da0-322162b4d067",
                  "parentUUID": "456757c5-a5e3-4446-9440-214e7e7e850f",
                  "isHook": false,
                  "skipped": false
                },
                {
                  "title": "should return 400 for missing password",
                  "fullTitle": "Auth API /api/auth/login POST should return 400 for missing password",
                  "timedOut": false,
                  "duration": 4,
                  "state": "passed",
                  "speed": "fast",
                  "pass": true,
                  "fail": false,
                  "pending": false,
                  "context": null,
                  "code": "__awaiter(void 0, void 0, void 0, function* () {\n            const response = yield (0, supertest_1.default)(app)\n                .post('/api/auth/login')\n                .send({\n                email: \"test@example.com\"\n            })\n                .expect(400);\n            (0, chai_1.expect)(response.body).to.deep.equal({\n                success: false,\n                error: \"Email and password are required\"\n            });\n        })",
                  "err": {},
                  "uuid": "71a0b860-a946-4124-ba4e-6d6cc36940ef",
                  "parentUUID": "456757c5-a5e3-4446-9440-214e7e7e850f",
                  "isHook": false,
                  "skipped": false
                },
                {
                  "title": "should return 400 for non string email",
                  "fullTitle": "Auth API /api/auth/login POST should return 400 for non string email",
                  "timedOut": false,
                  "duration": 3,
                  "state": "passed",
                  "speed": "fast",
                  "pass": true,
                  "fail": false,
                  "pending": false,
                  "context": null,
                  "code": "__awaiter(void 0, void 0, void 0, function* () {\n            const response = yield (0, supertest_1.default)(app)\n                .post('/api/auth/login')\n                .send({\n                email: 123,\n                password: 'test-hash'\n            })\n                .expect(400);\n            (0, chai_1.expect)(response.body).to.deep.equal({\n                success: false,\n                error: \"Email and password must be strings\"\n            });\n        })",
                  "err": {},
                  "uuid": "15ffbb51-bf59-4977-beaa-32c7f64152e5",
                  "parentUUID": "456757c5-a5e3-4446-9440-214e7e7e850f",
                  "isHook": false,
                  "skipped": false
                },
                {
                  "title": "should return 400 for non string password",
                  "fullTitle": "Auth API /api/auth/login POST should return 400 for non string password",
                  "timedOut": false,
                  "duration": 5,
                  "state": "passed",
                  "speed": "fast",
                  "pass": true,
                  "fail": false,
                  "pending": false,
                  "context": null,
                  "code": "__awaiter(void 0, void 0, void 0, function* () {\n            const response = yield (0, supertest_1.default)(app)\n                .post('/api/auth/login')\n                .send({\n                email: 'test@example.com',\n                password: 123\n            })\n                .expect(400);\n            (0, chai_1.expect)(response.body).to.deep.equal({\n                success: false,\n                error: \"Email and password must be strings\"\n            });\n        })",
                  "err": {},
                  "uuid": "53949f47-69aa-433d-a24f-98553234b61b",
                  "parentUUID": "456757c5-a5e3-4446-9440-214e7e7e850f",
                  "isHook": false,
                  "skipped": false
                },
                {
                  "title": "should return 401 for bad email",
                  "fullTitle": "Auth API /api/auth/login POST should return 401 for bad email",
                  "timedOut": false,
                  "duration": 4,
                  "state": "passed",
                  "speed": "fast",
                  "pass": true,
                  "fail": false,
                  "pending": false,
                  "context": null,
                  "code": "__awaiter(void 0, void 0, void 0, function* () {\n            sinon_1.default.stub(UserService_1.UserService, 'getUserByEmail').resolves(null);\n            const response = yield (0, supertest_1.default)(app)\n                .post('/api/auth/login')\n                .send({\n                email: 'test@example.com',\n                password: 'test-hash'\n            })\n                .expect(401);\n            (0, chai_1.expect)(response.body).to.deep.equal({\n                success: false,\n                error: \"Invalid email or password\"\n            });\n        })",
                  "err": {},
                  "uuid": "d5a146df-8c0a-4afb-be0f-c1dfbc0f2661",
                  "parentUUID": "456757c5-a5e3-4446-9440-214e7e7e850f",
                  "isHook": false,
                  "skipped": false
                },
                {
                  "title": "should return 401 for unverified email",
                  "fullTitle": "Auth API /api/auth/login POST should return 401 for unverified email",
                  "timedOut": false,
                  "duration": 4,
                  "state": "passed",
                  "speed": "fast",
                  "pass": true,
                  "fail": false,
                  "pending": false,
                  "context": null,
                  "code": "__awaiter(void 0, void 0, void 0, function* () {\n            const unverifiedUser = {\n                name: 'test name',\n                email: 'test@example.com',\n                password: 'test-hash',\n                isEmailVerified: false\n            };\n            sinon_1.default.stub(UserService_1.UserService, 'getUserByEmail').resolves(unverifiedUser);\n            const response = yield (0, supertest_1.default)(app)\n                .post('/api/auth/login')\n                .send({\n                email: 'test@example.com',\n                password: 'test-hash'\n            })\n                .expect(401);\n            (0, chai_1.expect)(response.body).to.deep.equal({\n                success: false,\n                error: \"Please verify your email before logging in\"\n            });\n        })",
                  "err": {},
                  "uuid": "3c709286-a2d0-4d38-88f5-1fcbf5cc2a24",
                  "parentUUID": "456757c5-a5e3-4446-9440-214e7e7e850f",
                  "isHook": false,
                  "skipped": false
                },
                {
                  "title": "should return 500 for unknown error during login",
                  "fullTitle": "Auth API /api/auth/login POST should return 500 for unknown error during login",
                  "timedOut": false,
                  "duration": 9,
                  "state": "passed",
                  "speed": "fast",
                  "pass": true,
                  "fail": false,
                  "pending": false,
                  "context": null,
                  "code": "__awaiter(void 0, void 0, void 0, function* () {\n            const userWithPassword = {\n                _id: 'test_id',\n                email: 'test@example.com',\n                password: 'test-hash',\n                isEmailVerified: true\n            };\n            sinon_1.default.stub(UserService_1.UserService, 'getUserByEmail').resolves(userWithPassword);\n            sinon_1.default.stub(authService_1.AuthService, 'login').throws(new Error(\"Some error during login\"));\n            const response = yield (0, supertest_1.default)(app)\n                .post('/api/auth/login')\n                .send({\n                email: 'test@example.com',\n                password: 'test-hash'\n            })\n                .expect(500);\n            (0, chai_1.expect)(response.body).to.deep.equal({\n                success: false,\n                error: \"Unknown authentication error\"\n            });\n        })",
                  "err": {},
                  "uuid": "e6851411-2748-47b0-baac-a32666be7cee",
                  "parentUUID": "456757c5-a5e3-4446-9440-214e7e7e850f",
                  "isHook": false,
                  "skipped": false
                },
                {
                  "title": "should return 200 with token and user for successful login",
                  "fullTitle": "Auth API /api/auth/login POST should return 200 with token and user for successful login",
                  "timedOut": false,
                  "duration": 5,
                  "state": "passed",
                  "speed": "fast",
                  "pass": true,
                  "fail": false,
                  "pending": false,
                  "context": null,
                  "code": "__awaiter(void 0, void 0, void 0, function* () {\n            const userWithPassword = {\n                email: 'test@example.com',\n                password: 'hashed-password',\n                isEmailVerified: true,\n            };\n            const { password } = userWithPassword, userWithoutPassword = __rest(userWithPassword, [\"password\"]);\n            sinon_1.default.stub(UserService_1.UserService, 'getUserByEmail').resolves(userWithPassword);\n            sinon_1.default.stub(authService_1.AuthService, 'login').resolves({\n                token: 'token123',\n                user: userWithoutPassword\n            });\n            const response = yield (0, supertest_1.default)(app)\n                .post('/api/auth/login')\n                .send({\n                email: 'test@example.com',\n                password: 'hashed-password'\n            })\n                .expect(200);\n            (0, chai_1.expect)(response.body).to.deep.equal({\n                success: true,\n                message: 'Login successful',\n                user: userWithoutPassword,\n                token: 'token123'\n            });\n        })",
                  "err": {},
                  "uuid": "3612150e-5a5e-4153-8a99-48dc435a7801",
                  "parentUUID": "456757c5-a5e3-4446-9440-214e7e7e850f",
                  "isHook": false,
                  "skipped": false
                }
              ],
              "suites": [],
              "passes": [
                "f9034e5c-cdf6-4a17-8da0-322162b4d067",
                "71a0b860-a946-4124-ba4e-6d6cc36940ef",
                "15ffbb51-bf59-4977-beaa-32c7f64152e5",
                "53949f47-69aa-433d-a24f-98553234b61b",
                "d5a146df-8c0a-4afb-be0f-c1dfbc0f2661",
                "3c709286-a2d0-4d38-88f5-1fcbf5cc2a24",
                "e6851411-2748-47b0-baac-a32666be7cee",
                "3612150e-5a5e-4153-8a99-48dc435a7801"
              ],
              "failures": [],
              "pending": [],
              "skipped": [],
              "duration": 37,
              "root": false,
              "rootEmpty": false,
              "_timeout": 20000
            }
          ],
          "passes": [],
          "failures": [],
          "pending": [],
          "skipped": [],
          "duration": 0,
          "root": false,
          "rootEmpty": false,
          "_timeout": 20000
        },
        {
          "uuid": "f207b507-04d5-4ed3-b2ef-5f0962011942",
          "title": "Chatbot API",
          "fullFile": "D:\\Uni\\C455\\Project\\team10\\server\\src\\tests\\integration\\chatbot.test.ts",
          "file": "\\src\\tests\\integration\\chatbot.test.ts",
          "beforeHooks": [
            {
              "title": "\"before all\" hook in \"Chatbot API\"",
              "fullTitle": "Chatbot API \"before all\" hook in \"Chatbot API\"",
              "timedOut": false,
              "duration": 0,
              "state": null,
              "speed": null,
              "pass": false,
              "fail": false,
              "pending": false,
              "context": null,
              "code": "app = (0, express_1.default)();\napp.use(express_1.default.json());\napp.post('/api/chatbot', chatbot_1.postChat);",
              "err": {},
              "uuid": "5615405c-0617-494b-8a1c-b6a954aa8636",
              "parentUUID": "f207b507-04d5-4ed3-b2ef-5f0962011942",
              "isHook": true,
              "skipped": false
            }
          ],
          "afterHooks": [
            {
              "title": "\"after each\" hook in \"Chatbot API\"",
              "fullTitle": "Chatbot API \"after each\" hook in \"Chatbot API\"",
              "timedOut": false,
              "duration": 0,
              "state": null,
              "speed": null,
              "pass": false,
              "fail": false,
              "pending": false,
              "context": null,
              "code": "sinon_1.default.restore();",
              "err": {},
              "uuid": "f4fcff37-edde-40a0-a015-8553369f4b58",
              "parentUUID": "f207b507-04d5-4ed3-b2ef-5f0962011942",
              "isHook": true,
              "skipped": false
            }
          ],
          "tests": [],
          "suites": [
            {
              "uuid": "fd93525c-1cd0-43ed-934d-72c03916d700",
              "title": "/api/chatbot POST",
              "fullFile": "D:\\Uni\\C455\\Project\\team10\\server\\src\\tests\\integration\\chatbot.test.ts",
              "file": "\\src\\tests\\integration\\chatbot.test.ts",
              "beforeHooks": [],
              "afterHooks": [],
              "tests": [
                {
                  "title": "returns 400 code for missing message",
                  "fullTitle": "Chatbot API /api/chatbot POST returns 400 code for missing message",
                  "timedOut": false,
                  "duration": 6,
                  "state": "passed",
                  "speed": "fast",
                  "pass": true,
                  "fail": false,
                  "pending": false,
                  "context": null,
                  "code": "__awaiter(void 0, void 0, void 0, function* () {\n            const response = yield (0, supertest_1.default)(app)\n                .post('/api/chatbot')\n                .send({})\n                .expect(400);\n            expect(response.body).to.deep.equal({ error: 'Message is required' });\n        })",
                  "err": {},
                  "uuid": "24915343-dd9d-4d0a-8ff2-dd8ba1d1c115",
                  "parentUUID": "fd93525c-1cd0-43ed-934d-72c03916d700",
                  "isHook": false,
                  "skipped": false
                },
                {
                  "title": "returns 400 code for wrong data type",
                  "fullTitle": "Chatbot API /api/chatbot POST returns 400 code for wrong data type",
                  "timedOut": false,
                  "duration": 5,
                  "state": "passed",
                  "speed": "fast",
                  "pass": true,
                  "fail": false,
                  "pending": false,
                  "context": null,
                  "code": "__awaiter(void 0, void 0, void 0, function* () {\n            const response = yield (0, supertest_1.default)(app)\n                .post('/api/chatbot')\n                .send({ message: 0 })\n                .expect(400);\n            expect(response.body).to.deep.equal({ error: 'Message is required' });\n        })",
                  "err": {},
                  "uuid": "35de0d9d-3797-490b-81ad-e8fd0ee11070",
                  "parentUUID": "fd93525c-1cd0-43ed-934d-72c03916d700",
                  "isHook": false,
                  "skipped": false
                },
                {
                  "title": "returns 400 code for empty message",
                  "fullTitle": "Chatbot API /api/chatbot POST returns 400 code for empty message",
                  "timedOut": false,
                  "duration": 4,
                  "state": "passed",
                  "speed": "fast",
                  "pass": true,
                  "fail": false,
                  "pending": false,
                  "context": null,
                  "code": "__awaiter(void 0, void 0, void 0, function* () {\n            const response = yield (0, supertest_1.default)(app)\n                .post('/api/chatbot')\n                .send({ message: \"\" })\n                .expect(400);\n            expect(response.body).to.deep.equal({ error: 'Message is required' });\n        })",
                  "err": {},
                  "uuid": "e52f1924-3a2e-47af-9b9d-faed3b44ff79",
                  "parentUUID": "fd93525c-1cd0-43ed-934d-72c03916d700",
                  "isHook": false,
                  "skipped": false
                },
                {
                  "title": "returns 500 code for failed chatbot API call",
                  "fullTitle": "Chatbot API /api/chatbot POST returns 500 code for failed chatbot API call",
                  "timedOut": false,
                  "duration": 2192,
                  "state": "failed",
                  "speed": null,
                  "pass": false,
                  "fail": true,
                  "pending": false,
                  "context": null,
                  "code": "__awaiter(void 0, void 0, void 0, function* () {\n            sinon_1.default.stub(AIService_1.AIService, 'chatCompletionGithubModel').throws(new Error(\"some API error message\"));\n            const response = yield (0, supertest_1.default)(app)\n                .post('/api/chatbot')\n                .send({ message: \"hi\" })\n                .expect(500);\n            expect(response.body).to.deep.equal({ error: 'Unable to call chatbot API' });\n        })",
                  "err": {
                    "message": "Error: expected 500 \"Internal Server Error\", got 200 \"OK\"",
                    "estack": "Error: expected 500 \"Internal Server Error\", got 200 \"OK\"\n    at D:\\Uni\\C455\\Project\\team10\\server\\src\\tests\\integration\\chatbot.test.ts:68:10\n    at Generator.next (<anonymous>)\n    at D:\\Uni\\C455\\Project\\team10\\server\\src\\tests\\integration\\chatbot.test.ts:41:71\n    at new Promise (<anonymous>)\n    at __awaiter (src\\tests\\integration\\chatbot.test.ts:37:12)\n    at Context.<anonymous> (src\\tests\\integration\\chatbot.test.ts:63:67)\n    at processImmediate (node:internal/timers:485:21)\n----\n    at Test._assertStatus (node_modules\\supertest\\lib\\test.js:267:14)\n    at D:\\Uni\\C455\\Project\\team10\\server\\node_modules\\supertest\\lib\\test.js:323:13\n    at Test._assertFunction (node_modules\\supertest\\lib\\test.js:300:13)\n    at Test.assert (node_modules\\supertest\\lib\\test.js:179:23)\n    at Server.localAssert (node_modules\\supertest\\lib\\test.js:135:14)\n    at Object.onceWrapper (node:events:632:28)\n    at Server.emit (node:events:518:28)\n    at Server.emit (node:domain:489:12)\n    at emitCloseNT (node:net:2419:8)\n    at processTicksAndRejections (node:internal/process/task_queues:89:21)",
                    "diff": null
                  },
                  "uuid": "7124aa4d-8ec2-4a43-86fb-ff8b97431396",
                  "parentUUID": "fd93525c-1cd0-43ed-934d-72c03916d700",
                  "isHook": false,
                  "skipped": false
                },
                {
                  "title": "returns 500 code for incomplete chatbot response",
                  "fullTitle": "Chatbot API /api/chatbot POST returns 500 code for incomplete chatbot response",
                  "timedOut": false,
                  "duration": 1852,
                  "state": "failed",
                  "speed": null,
                  "pass": false,
                  "fail": true,
                  "pending": false,
                  "context": null,
                  "code": "__awaiter(void 0, void 0, void 0, function* () {\n            sinon_1.default.stub(AIService_1.AIService, 'chatCompletionGithubModel').resolves({\n                chatbotMessage: \"\",\n                productRequested: false,\n                productQuery: \"\"\n            });\n            const response = yield (0, supertest_1.default)(app)\n                .post('/api/chatbot')\n                .send({ message: \"give me an incomplete response\" })\n                .expect(500);\n            expect(response.body).to.deep.equal({ error: 'AI unable to respond' });\n        })",
                  "err": {
                    "message": "Error: expected 500 \"Internal Server Error\", got 200 \"OK\"",
                    "estack": "Error: expected 500 \"Internal Server Error\", got 200 \"OK\"\n    at D:\\Uni\\C455\\Project\\team10\\server\\src\\tests\\integration\\chatbot.test.ts:83:10\n    at Generator.next (<anonymous>)\n    at D:\\Uni\\C455\\Project\\team10\\server\\src\\tests\\integration\\chatbot.test.ts:41:71\n    at new Promise (<anonymous>)\n    at __awaiter (src\\tests\\integration\\chatbot.test.ts:37:12)\n    at Context.<anonymous> (src\\tests\\integration\\chatbot.test.ts:73:71)\n    at processImmediate (node:internal/timers:485:21)\n----\n    at Test._assertStatus (node_modules\\supertest\\lib\\test.js:267:14)\n    at D:\\Uni\\C455\\Project\\team10\\server\\node_modules\\supertest\\lib\\test.js:323:13\n    at Test._assertFunction (node_modules\\supertest\\lib\\test.js:300:13)\n    at Test.assert (node_modules\\supertest\\lib\\test.js:179:23)\n    at Server.localAssert (node_modules\\supertest\\lib\\test.js:135:14)\n    at Object.onceWrapper (node:events:632:28)\n    at Server.emit (node:events:518:28)\n    at Server.emit (node:domain:489:12)\n    at emitCloseNT (node:net:2419:8)\n    at processTicksAndRejections (node:internal/process/task_queues:89:21)",
                    "diff": null
                  },
                  "uuid": "a8ea6aa2-419e-4fcd-847c-84e6be54ed5b",
                  "parentUUID": "fd93525c-1cd0-43ed-934d-72c03916d700",
                  "isHook": false,
                  "skipped": false
                },
                {
                  "title": "returns 200 code for working chatbot API without products",
                  "fullTitle": "Chatbot API /api/chatbot POST returns 200 code for working chatbot API without products",
                  "timedOut": false,
                  "duration": 2818,
                  "state": "failed",
                  "speed": null,
                  "pass": false,
                  "fail": true,
                  "pending": false,
                  "context": null,
                  "code": "__awaiter(void 0, void 0, void 0, function* () {\n            sinon_1.default.stub(AIService_1.AIService, 'chatCompletionGithubModel').resolves({\n                chatbotMessage: \"What would you like to search for?\",\n                productRequested: false,\n                productQuery: \"\"\n            });\n            const response = yield (0, supertest_1.default)(app)\n                .post('/api/chatbot')\n                .send({ message: \"test message\" })\n                .expect(200);\n            expect(response.body).to.deep.equal({\n                chatbotMessage: \"What would you like to search for?\",\n                productData: null\n            });\n        })",
                  "err": {
                    "message": "AssertionError: expected { …(2) } to deeply equal { …(2) }",
                    "estack": "AssertionError: expected { …(2) } to deeply equal { …(2) }\n    at D:\\Uni\\C455\\Project\\team10\\server\\src\\tests\\integration\\chatbot.test.ts:99:37\n    at Generator.next (<anonymous>)\n    at fulfilled (src\\tests\\integration\\chatbot.test.ts:38:58)\n    at processTicksAndRejections (node:internal/process/task_queues:105:5)",
                    "diff": " {\n-   \"chatbotMessage\": \"Hey hey! That looks like a test message. 😄 If you're ready to chat about laptops, phones, or computers, just throw me a line! What tech treasure are you hunting today?\"\n+   \"chatbotMessage\": \"What would you like to search for?\"\n   \"productData\": [null]\n }\n"
                  },
                  "uuid": "4169d253-4b36-4b0f-b3c3-b791dc410bd6",
                  "parentUUID": "fd93525c-1cd0-43ed-934d-72c03916d700",
                  "isHook": false,
                  "skipped": false
                },
                {
                  "title": "returns 200 code for working chatbot API and failed product API",
                  "fullTitle": "Chatbot API /api/chatbot POST returns 200 code for working chatbot API and failed product API",
                  "timedOut": false,
                  "duration": 3623,
                  "state": "failed",
                  "speed": null,
                  "pass": false,
                  "fail": true,
                  "pending": false,
                  "context": null,
                  "code": "__awaiter(void 0, void 0, void 0, function* () {\n            sinon_1.default.stub(AIService_1.AIService, 'chatCompletionGithubModel').resolves({\n                chatbotMessage: \"Here are some macbooks I found.\",\n                productRequested: true,\n                productQuery: \"macbook\"\n            });\n            sinon_1.default.stub(ProductService_1.ProductService, 'searchProducts').throws(new Error(\"some API error message\"));\n            const response = yield (0, supertest_1.default)(app)\n                .post('/api/chatbot')\n                .send({ message: \"I want some macbooks\" })\n                .expect(200);\n            expect(response.body).to.deep.equal({\n                chatbotMessage: \"Here are some macbooks I found.\",\n                productData: null\n            });\n        })",
                  "err": {
                    "message": "AssertionError: expected { …(2) } to deeply equal { …(2) }",
                    "estack": "AssertionError: expected { …(2) } to deeply equal { …(2) }\n    at D:\\Uni\\C455\\Project\\team10\\server\\src\\tests\\integration\\chatbot.test.ts:118:37\n    at Generator.next (<anonymous>)\n    at fulfilled (src\\tests\\integration\\chatbot.test.ts:38:58)\n    at processTicksAndRejections (node:internal/process/task_queues:105:5)",
                    "diff": " {\n-   \"chatbotMessage\": \"Awesome choice! MacBooks are sleek, powerful, and perfect for everything from creative work to everyday tasks. Are you looking for the latest MacBook Air, the supercharged MacBook Pro, or something specific like screen size or budget? Let me know, and I’ll help you find the perfect one! 🍏💻\"\n+   \"chatbotMessage\": \"Here are some macbooks I found.\"\n   \"productData\": [null]\n }\n"
                  },
                  "uuid": "10e36c1e-7c48-4741-bc57-e3f4da648d4a",
                  "parentUUID": "fd93525c-1cd0-43ed-934d-72c03916d700",
                  "isHook": false,
                  "skipped": false
                },
                {
                  "title": "returns 200 code for working chatbot API and product API",
                  "fullTitle": "Chatbot API /api/chatbot POST returns 200 code for working chatbot API and product API",
                  "timedOut": false,
                  "duration": 3146,
                  "state": "failed",
                  "speed": null,
                  "pass": false,
                  "fail": true,
                  "pending": false,
                  "context": null,
                  "code": "__awaiter(void 0, void 0, void 0, function* () {\n            const mockProduct = {\n                product_id: \"123\",\n                source: \"Best Buy\",\n                title: \"MacBook Pro\",\n                thumbnail: \"image.jpg\",\n                extracted_price: 1299,\n                seller_details: { direct_link: \"http://example.com\" },\n                rating: 4.5,\n                reviews: 120\n            };\n            sinon_1.default.stub(AIService_1.AIService, 'chatCompletionGithubModel').resolves({\n                chatbotMessage: \"Here are some macbooks I found.\",\n                productRequested: true,\n                productQuery: \"macbook\"\n            });\n            sinon_1.default.stub(ProductService_1.ProductService, 'searchProducts').resolves([mockProduct]);\n            const response = yield (0, supertest_1.default)(app)\n                .post('/api/chatbot')\n                .send({ message: \"I want some macbooks\" })\n                .expect(200);\n            expect(response.body).to.deep.equal({\n                chatbotMessage: \"Here are some macbooks I found.\",\n                productData: [{\n                        id: mockProduct.product_id,\n                        source: mockProduct.source,\n                        title: mockProduct.title,\n                        image: mockProduct.thumbnail,\n                        price: mockProduct.extracted_price,\n                        url: mockProduct.seller_details.direct_link,\n                        rating: mockProduct.rating,\n                        reviews: mockProduct.reviews\n                    }]\n            });\n        })",
                  "err": {
                    "message": "AssertionError: expected { …(2) } to deeply equal { …(2) }",
                    "estack": "AssertionError: expected { …(2) } to deeply equal { …(2) }\n    at D:\\Uni\\C455\\Project\\team10\\server\\src\\tests\\integration\\chatbot.test.ts:147:37\n    at Generator.next (<anonymous>)\n    at fulfilled (src\\tests\\integration\\chatbot.test.ts:38:58)\n    at processTicksAndRejections (node:internal/process/task_queues:105:5)",
                    "diff": " {\n-   \"chatbotMessage\": \"I found a great option for you! There's a MacBook Pro available for $1299 with a solid 4.5-star rating from 120 reviews. It's a powerful choice if you're looking for performance and reliability. Want me to help you explore more options or details about this one? 🍏💻\"\n+   \"chatbotMessage\": \"Here are some macbooks I found.\"\n   \"productData\": [\n     {\n       \"id\": \"123\"\n       \"image\": \"image.jpg\"\n       \"rating\": 4.5\n       \"reviews\": 120\n       \"source\": \"Best Buy\"\n       \"title\": \"MacBook Pro\"\n-       \"url\": \"http://localhost:3000/api/buywise/redirect/1751729547210-uvy57r?data=eyJvcmlnaW5hbFVybCI6Imh0dHA6Ly9leGFtcGxlLmNvbSIsInBhcmFtcyI6eyJwcm9kdWN0X2lkIjoiMTIzIiwic291cmNlIjoiQmVzdCBCdXkiLCJ0aXRsZSI6Ik1hY0Jvb2sgUHJvIiwicHJpY2UiOjEyOTl9LCJyZWRpcmVjdFVybCI6Imh0dHA6Ly9leGFtcGxlLmNvbT9wcm9kdWN0X2lkPTEyMyZzb3VyY2U9QmVzdCtCdXkmdGl0bGU9TWFjQm9vaytQcm8mcHJpY2U9MTI5OSJ9\"\n+       \"url\": \"http://example.com\"\n     }\n   ]\n }\n"
                  },
                  "uuid": "5b0308d6-59d3-40b9-9d9e-c6ece99f2550",
                  "parentUUID": "fd93525c-1cd0-43ed-934d-72c03916d700",
                  "isHook": false,
                  "skipped": false
                }
              ],
              "suites": [],
              "passes": [
                "24915343-dd9d-4d0a-8ff2-dd8ba1d1c115",
                "35de0d9d-3797-490b-81ad-e8fd0ee11070",
                "e52f1924-3a2e-47af-9b9d-faed3b44ff79"
              ],
              "failures": [
                "7124aa4d-8ec2-4a43-86fb-ff8b97431396",
                "a8ea6aa2-419e-4fcd-847c-84e6be54ed5b",
                "4169d253-4b36-4b0f-b3c3-b791dc410bd6",
                "10e36c1e-7c48-4741-bc57-e3f4da648d4a",
                "5b0308d6-59d3-40b9-9d9e-c6ece99f2550"
              ],
              "pending": [],
              "skipped": [],
              "duration": 13646,
              "root": false,
              "rootEmpty": false,
              "_timeout": 20000
            }
          ],
          "passes": [],
          "failures": [],
          "pending": [],
          "skipped": [],
          "duration": 0,
          "root": false,
          "rootEmpty": false,
          "_timeout": 20000
        },
        {
          "uuid": "ae31687e-c121-4dbe-b7b6-7ea8ee8d4dc3",
          "title": "Chat API",
          "fullFile": "D:\\Uni\\C455\\Project\\team10\\server\\src\\tests\\integration\\chats.test.ts",
          "file": "\\src\\tests\\integration\\chats.test.ts",
          "beforeHooks": [
            {
              "title": "\"before all\" hook in \"Chat API\"",
              "fullTitle": "Chat API \"before all\" hook in \"Chat API\"",
              "timedOut": false,
              "duration": 0,
              "state": null,
              "speed": null,
              "pass": false,
              "fail": false,
              "pending": false,
              "context": null,
              "code": "app = (0, express_1.default)();\napp.use(express_1.default.json());\napp.use('/api/chats', chat_1.default);",
              "err": {},
              "uuid": "6b95e9d8-93f1-4832-a3f7-5166799a6494",
              "parentUUID": "ae31687e-c121-4dbe-b7b6-7ea8ee8d4dc3",
              "isHook": true,
              "skipped": false
            }
          ],
          "afterHooks": [
            {
              "title": "\"after each\" hook in \"Chat API\"",
              "fullTitle": "Chat API \"after each\" hook in \"Chat API\"",
              "timedOut": false,
              "duration": 0,
              "state": null,
              "speed": null,
              "pass": false,
              "fail": false,
              "pending": false,
              "context": null,
              "code": "sinon_1.default.restore();",
              "err": {},
              "uuid": "b10be6b7-124d-465b-8637-dc63b6c07f16",
              "parentUUID": "ae31687e-c121-4dbe-b7b6-7ea8ee8d4dc3",
              "isHook": true,
              "skipped": false
            }
          ],
          "tests": [],
          "suites": [
            {
              "uuid": "1c7f27d0-302a-4312-8405-a51aa45b8795",
              "title": "/api/chats POST",
              "fullFile": "D:\\Uni\\C455\\Project\\team10\\server\\src\\tests\\integration\\chats.test.ts",
              "file": "\\src\\tests\\integration\\chats.test.ts",
              "beforeHooks": [],
              "afterHooks": [],
              "tests": [
                {
                  "title": "should return 400 for missing messages",
                  "fullTitle": "Chat API /api/chats POST should return 400 for missing messages",
                  "timedOut": false,
                  "duration": 5,
                  "state": "passed",
                  "speed": "fast",
                  "pass": true,
                  "fail": false,
                  "pending": false,
                  "context": null,
                  "code": "__awaiter(void 0, void 0, void 0, function* () {\n            const response = yield (0, supertest_1.default)(app)\n                .post('/api/chats')\n                .send({\n                email: 'test@example.com'\n            })\n                .expect(400);\n            (0, chai_1.expect)(response.body).to.deep.equal({\n                success: false,\n                error: 'messages and email required'\n            });\n        })",
                  "err": {},
                  "uuid": "37915f65-c103-4806-a254-422aa44b0e83",
                  "parentUUID": "1c7f27d0-302a-4312-8405-a51aa45b8795",
                  "isHook": false,
                  "skipped": false
                },
                {
                  "title": "should return 400 for missing email",
                  "fullTitle": "Chat API /api/chats POST should return 400 for missing email",
                  "timedOut": false,
                  "duration": 4,
                  "state": "passed",
                  "speed": "fast",
                  "pass": true,
                  "fail": false,
                  "pending": false,
                  "context": null,
                  "code": "__awaiter(void 0, void 0, void 0, function* () {\n            const response = yield (0, supertest_1.default)(app)\n                .post('/api/chats')\n                .send({\n                messages: [\n                    {\n                        speaker: 'user',\n                        text: 'first message'\n                    },\n                    {\n                        speaker: 'bot',\n                        text: 'first reply'\n                    }\n                ]\n            })\n                .expect(400);\n            (0, chai_1.expect)(response.body).to.deep.equal({\n                success: false,\n                error: 'messages and email required'\n            });\n        })",
                  "err": {},
                  "uuid": "53e5b06e-2fa6-4bb3-9d02-64d95d593331",
                  "parentUUID": "1c7f27d0-302a-4312-8405-a51aa45b8795",
                  "isHook": false,
                  "skipped": false
                },
                {
                  "title": "should return 400 for non string email",
                  "fullTitle": "Chat API /api/chats POST should return 400 for non string email",
                  "timedOut": false,
                  "duration": 4,
                  "state": "passed",
                  "speed": "fast",
                  "pass": true,
                  "fail": false,
                  "pending": false,
                  "context": null,
                  "code": "__awaiter(void 0, void 0, void 0, function* () {\n            const response = yield (0, supertest_1.default)(app)\n                .post('/api/chats')\n                .send({\n                email: 123,\n                messages: [\n                    {\n                        speaker: 'user',\n                        text: 'first message'\n                    },\n                    {\n                        speaker: 'bot',\n                        text: 'first reply'\n                    }\n                ]\n            })\n                .expect(400);\n            (0, chai_1.expect)(response.body).to.deep.equal({\n                success: false,\n                error: 'email needs to be a string'\n            });\n        })",
                  "err": {},
                  "uuid": "f669603f-7e16-4507-a9ac-08f6d4d69227",
                  "parentUUID": "1c7f27d0-302a-4312-8405-a51aa45b8795",
                  "isHook": false,
                  "skipped": false
                },
                {
                  "title": "should return 400 for non array messages",
                  "fullTitle": "Chat API /api/chats POST should return 400 for non array messages",
                  "timedOut": false,
                  "duration": 3,
                  "state": "passed",
                  "speed": "fast",
                  "pass": true,
                  "fail": false,
                  "pending": false,
                  "context": null,
                  "code": "__awaiter(void 0, void 0, void 0, function* () {\n            const response = yield (0, supertest_1.default)(app)\n                .post('/api/chats')\n                .send({\n                email: 'text@example.com',\n                messages: 'filler'\n            })\n                .expect(400);\n            (0, chai_1.expect)(response.body).to.deep.equal({\n                success: false,\n                error: 'messages needs to be an array'\n            });\n        })",
                  "err": {},
                  "uuid": "53f193f4-4de5-40ba-9cc6-deee2a75a7b2",
                  "parentUUID": "1c7f27d0-302a-4312-8405-a51aa45b8795",
                  "isHook": false,
                  "skipped": false
                },
                {
                  "title": "should return 400 for missing text in messages",
                  "fullTitle": "Chat API /api/chats POST should return 400 for missing text in messages",
                  "timedOut": false,
                  "duration": 3,
                  "state": "passed",
                  "speed": "fast",
                  "pass": true,
                  "fail": false,
                  "pending": false,
                  "context": null,
                  "code": "__awaiter(void 0, void 0, void 0, function* () {\n            const response = yield (0, supertest_1.default)(app)\n                .post('/api/chats')\n                .send({\n                email: 'text@example.com',\n                messages: [\n                    {\n                        speaker: 'bot',\n                        text: 'first message'\n                    },\n                    {\n                        speaker: 'user',\n                    },\n                ]\n            })\n                .expect(400);\n            (0, chai_1.expect)(response.body).to.deep.equal({\n                success: false,\n                error: 'Invalid speaker or text found on message'\n            });\n        })",
                  "err": {},
                  "uuid": "eabb42e8-3250-46fb-b20f-cffbf3416f4a",
                  "parentUUID": "1c7f27d0-302a-4312-8405-a51aa45b8795",
                  "isHook": false,
                  "skipped": false
                },
                {
                  "title": "should return 400 for missing speaker in messages",
                  "fullTitle": "Chat API /api/chats POST should return 400 for missing speaker in messages",
                  "timedOut": false,
                  "duration": 4,
                  "state": "passed",
                  "speed": "fast",
                  "pass": true,
                  "fail": false,
                  "pending": false,
                  "context": null,
                  "code": "__awaiter(void 0, void 0, void 0, function* () {\n            const response = yield (0, supertest_1.default)(app)\n                .post('/api/chats')\n                .send({\n                email: 'text@example.com',\n                messages: [\n                    {\n                        speaker: 'bot',\n                        text: 'first message'\n                    },\n                    {\n                        text: 'first reply'\n                    },\n                ]\n            })\n                .expect(400);\n            (0, chai_1.expect)(response.body).to.deep.equal({\n                success: false,\n                error: 'Invalid speaker or text found on message'\n            });\n        })",
                  "err": {},
                  "uuid": "35bb8322-7a88-47ce-a0be-c70132f41447",
                  "parentUUID": "1c7f27d0-302a-4312-8405-a51aa45b8795",
                  "isHook": false,
                  "skipped": false
                },
                {
                  "title": "should return 400 for invalid speaker in messages",
                  "fullTitle": "Chat API /api/chats POST should return 400 for invalid speaker in messages",
                  "timedOut": false,
                  "duration": 3,
                  "state": "passed",
                  "speed": "fast",
                  "pass": true,
                  "fail": false,
                  "pending": false,
                  "context": null,
                  "code": "__awaiter(void 0, void 0, void 0, function* () {\n            const response = yield (0, supertest_1.default)(app)\n                .post('/api/chats')\n                .send({\n                email: 'text@example.com',\n                messages: [\n                    {\n                        speaker: 'bot',\n                        text: 'first message'\n                    },\n                    {\n                        speaker: 'NOT A BOT OR A USER',\n                        text: 'first reply'\n                    }\n                ]\n            })\n                .expect(400);\n            (0, chai_1.expect)(response.body).to.deep.equal({\n                success: false,\n                error: 'Invalid speaker or text found on message'\n            });\n        })",
                  "err": {},
                  "uuid": "fd920145-5a70-4e93-91bb-ddc19aa47dae",
                  "parentUUID": "1c7f27d0-302a-4312-8405-a51aa45b8795",
                  "isHook": false,
                  "skipped": false
                },
                {
                  "title": "should return 400 for non string text in messages",
                  "fullTitle": "Chat API /api/chats POST should return 400 for non string text in messages",
                  "timedOut": false,
                  "duration": 4,
                  "state": "passed",
                  "speed": "fast",
                  "pass": true,
                  "fail": false,
                  "pending": false,
                  "context": null,
                  "code": "__awaiter(void 0, void 0, void 0, function* () {\n            const response = yield (0, supertest_1.default)(app)\n                .post('/api/chats')\n                .send({\n                email: 'text@example.com',\n                messages: [\n                    {\n                        speaker: 'bot',\n                        text: 'first message'\n                    },\n                    {\n                        speaker: 'user',\n                        text: 12345\n                    }\n                ]\n            })\n                .expect(400);\n            (0, chai_1.expect)(response.body).to.deep.equal({\n                success: false,\n                error: 'Invalid speaker or text found on message'\n            });\n        })",
                  "err": {},
                  "uuid": "e7171a09-4bd4-4130-b31b-b145256b9cdc",
                  "parentUUID": "1c7f27d0-302a-4312-8405-a51aa45b8795",
                  "isHook": false,
                  "skipped": false
                },
                {
                  "title": "should return 500 for failed save chat",
                  "fullTitle": "Chat API /api/chats POST should return 500 for failed save chat",
                  "timedOut": false,
                  "duration": 4,
                  "state": "passed",
                  "speed": "fast",
                  "pass": true,
                  "fail": false,
                  "pending": false,
                  "context": null,
                  "code": "__awaiter(void 0, void 0, void 0, function* () {\n            sinon_1.default.stub(ChatService_1.ChatService, 'saveChat').throws(new Error(\"Some error in save chat\"));\n            const response = yield (0, supertest_1.default)(app)\n                .post('/api/chats')\n                .send({\n                email: 'text@example.com',\n                messages: [\n                    {\n                        speaker: 'bot',\n                        text: 'first message'\n                    },\n                    {\n                        speaker: 'user',\n                        text: 'first reply'\n                    }\n                ]\n            })\n                .expect(500);\n            (0, chai_1.expect)(response.body).to.deep.equal({\n                success: false,\n                error: 'Unable to save chat'\n            });\n        })",
                  "err": {},
                  "uuid": "62a567b6-d525-4166-9707-4f16c7f64300",
                  "parentUUID": "1c7f27d0-302a-4312-8405-a51aa45b8795",
                  "isHook": false,
                  "skipped": false
                },
                {
                  "title": "should return 201 for working save chat",
                  "fullTitle": "Chat API /api/chats POST should return 201 for working save chat",
                  "timedOut": false,
                  "duration": 4,
                  "state": "passed",
                  "speed": "fast",
                  "pass": true,
                  "fail": false,
                  "pending": false,
                  "context": null,
                  "code": "__awaiter(void 0, void 0, void 0, function* () {\n            const testDate = new Date('2025-06-30T01:14:27.853Z').toISOString();\n            const messagesData = [\n                {\n                    speaker: 'bot',\n                    text: 'first message',\n                    timestamp: testDate\n                },\n                {\n                    speaker: 'user',\n                    text: 'first reply',\n                    timestamp: testDate\n                }\n            ];\n            const mockChat = {\n                messages: messagesData,\n                email: 'text@example.com',\n                createdAt: testDate\n            };\n            sinon_1.default.stub(ChatService_1.ChatService, 'saveChat').resolves(mockChat);\n            const response = yield (0, supertest_1.default)(app)\n                .post('/api/chats')\n                .send({\n                email: 'text@example.com',\n                messages: messagesData\n            })\n                .expect(201);\n            (0, chai_1.expect)(response.body).to.deep.equal(mockChat);\n        })",
                  "err": {},
                  "uuid": "d258c905-9a2f-4125-ba3b-48d87e23b7d3",
                  "parentUUID": "1c7f27d0-302a-4312-8405-a51aa45b8795",
                  "isHook": false,
                  "skipped": false
                }
              ],
              "suites": [],
              "passes": [
                "37915f65-c103-4806-a254-422aa44b0e83",
                "53e5b06e-2fa6-4bb3-9d02-64d95d593331",
                "f669603f-7e16-4507-a9ac-08f6d4d69227",
                "53f193f4-4de5-40ba-9cc6-deee2a75a7b2",
                "eabb42e8-3250-46fb-b20f-cffbf3416f4a",
                "35bb8322-7a88-47ce-a0be-c70132f41447",
                "fd920145-5a70-4e93-91bb-ddc19aa47dae",
                "e7171a09-4bd4-4130-b31b-b145256b9cdc",
                "62a567b6-d525-4166-9707-4f16c7f64300",
                "d258c905-9a2f-4125-ba3b-48d87e23b7d3"
              ],
              "failures": [],
              "pending": [],
              "skipped": [],
              "duration": 38,
              "root": false,
              "rootEmpty": false,
              "_timeout": 20000
            },
            {
              "uuid": "657a6fe5-3791-43f2-b972-383021cb9ba9",
              "title": "/api/chats GET",
              "fullFile": "D:\\Uni\\C455\\Project\\team10\\server\\src\\tests\\integration\\chats.test.ts",
              "file": "\\src\\tests\\integration\\chats.test.ts",
              "beforeHooks": [],
              "afterHooks": [],
              "tests": [
                {
                  "title": "should return 400 for missing email on query params",
                  "fullTitle": "Chat API /api/chats GET should return 400 for missing email on query params",
                  "timedOut": false,
                  "duration": 5,
                  "state": "passed",
                  "speed": "fast",
                  "pass": true,
                  "fail": false,
                  "pending": false,
                  "context": null,
                  "code": "__awaiter(void 0, void 0, void 0, function* () {\n            const response = yield (0, supertest_1.default)(app)\n                .get('/api/chats')\n                .expect(400);\n            (0, chai_1.expect)(response.body).to.deep.equal({\n                success: false,\n                error: 'email missing from query params'\n            });\n        })",
                  "err": {},
                  "uuid": "c24e6d14-2dda-44ce-91e8-b8d01d9619c4",
                  "parentUUID": "657a6fe5-3791-43f2-b972-383021cb9ba9",
                  "isHook": false,
                  "skipped": false
                },
                {
                  "title": "should return 500 for unknown error during fetch",
                  "fullTitle": "Chat API /api/chats GET should return 500 for unknown error during fetch",
                  "timedOut": false,
                  "duration": 5,
                  "state": "passed",
                  "speed": "fast",
                  "pass": true,
                  "fail": false,
                  "pending": false,
                  "context": null,
                  "code": "__awaiter(void 0, void 0, void 0, function* () {\n            sinon_1.default.stub(ChatService_1.ChatService, 'getChatsByEmail').throws(new Error(\"Some error related to fetching chats\"));\n            const response = yield (0, supertest_1.default)(app)\n                .get('/api/chats?email=test@example.com')\n                .expect(500);\n            (0, chai_1.expect)(response.body).to.deep.equal({\n                success: false,\n                error: 'Failed to fetch chats'\n            });\n        })",
                  "err": {},
                  "uuid": "cc7198fe-4c17-4c5d-b228-e992438ff1ee",
                  "parentUUID": "657a6fe5-3791-43f2-b972-383021cb9ba9",
                  "isHook": false,
                  "skipped": false
                },
                {
                  "title": "should return 200 for successful fetch",
                  "fullTitle": "Chat API /api/chats GET should return 200 for successful fetch",
                  "timedOut": false,
                  "duration": 5,
                  "state": "passed",
                  "speed": "fast",
                  "pass": true,
                  "fail": false,
                  "pending": false,
                  "context": null,
                  "code": "__awaiter(void 0, void 0, void 0, function* () {\n            const testDate = new Date('2025-06-30T01:14:27.853Z').toISOString();\n            const fakeChats = [\n                {\n                    \"_id\": \"507f1f77bcf86cd799439011\",\n                    \"email\": \"test@example.com\",\n                    \"messages\": [\n                        {\n                            \"speaker\": \"user\",\n                            \"text\": \"I want macbooks\",\n                            \"timestamp\": testDate\n                        },\n                        {\n                            \"speaker\": \"bot\",\n                            \"text\": \"Here are some macbooks I found!\",\n                            \"timestamp\": testDate,\n                            \"recommendedProducts\": [\n                                {\n                                    id: 'product id',\n                                    source: 'Apple',\n                                    title: 'macbook air',\n                                    image: 'some image url',\n                                    price: 1400,\n                                    url: 'some url',\n                                    rating: 4.5,\n                                    reviews: 220\n                                },\n                                {\n                                    id: 'product id',\n                                    source: 'Apple',\n                                    title: 'macbook mini',\n                                    image: 'some image url',\n                                    price: 1300,\n                                    url: 'some url',\n                                    rating: 4.0,\n                                    reviews: 30\n                                }\n                            ]\n                        }\n                    ],\n                    \"createdAt\": testDate,\n                    \"updatedAt\": testDate\n                },\n                {\n                    \"_id\": \"507f1f77bcf86cd799439012\",\n                    \"email\": \"test@example.com\",\n                    \"messages\": [\n                        {\n                            \"speaker\": \"user\",\n                            \"text\": \"How are you?\",\n                            \"timestamp\": testDate\n                        },\n                        {\n                            \"speaker\": \"bot\",\n                            \"text\": \"Let's keep this chat focused on electronics!\",\n                            \"timestamp\": testDate,\n                            \"recommendedProducts\": []\n                        }\n                    ],\n                    \"createdAt\": testDate,\n                    \"updatedAt\": testDate\n                }\n            ];\n            sinon_1.default.stub(ChatService_1.ChatService, 'getChatsByEmail').resolves(fakeChats);\n            const response = yield (0, supertest_1.default)(app)\n                .get('/api/chats?email=test@example.com')\n                .expect(200);\n            (0, chai_1.expect)(response.body).to.deep.equal({\n                success: true,\n                chats: fakeChats\n            });\n        })",
                  "err": {},
                  "uuid": "531bb32d-4801-4d65-87c6-121b69c9330a",
                  "parentUUID": "657a6fe5-3791-43f2-b972-383021cb9ba9",
                  "isHook": false,
                  "skipped": false
                }
              ],
              "suites": [],
              "passes": [
                "c24e6d14-2dda-44ce-91e8-b8d01d9619c4",
                "cc7198fe-4c17-4c5d-b228-e992438ff1ee",
                "531bb32d-4801-4d65-87c6-121b69c9330a"
              ],
              "failures": [],
              "pending": [],
              "skipped": [],
              "duration": 15,
              "root": false,
              "rootEmpty": false,
              "_timeout": 20000
            }
          ],
          "passes": [],
          "failures": [],
          "pending": [],
          "skipped": [],
          "duration": 0,
          "root": false,
          "rootEmpty": false,
          "_timeout": 20000
        },
        {
          "uuid": "40ea9b08-0ff4-4df0-993f-182b4b7ed702",
          "title": "Products API",
          "fullFile": "D:\\Uni\\C455\\Project\\team10\\server\\src\\tests\\integration\\products.test.ts",
          "file": "\\src\\tests\\integration\\products.test.ts",
          "beforeHooks": [
            {
              "title": "\"before all\" hook in \"Products API\"",
              "fullTitle": "Products API \"before all\" hook in \"Products API\"",
              "timedOut": false,
              "duration": 0,
              "state": null,
              "speed": null,
              "pass": false,
              "fail": false,
              "pending": false,
              "context": null,
              "code": "app = (0, express_1.default)();\napp.use('/api/products', products_1.default);",
              "err": {},
              "uuid": "36107b60-bef0-4488-be43-8e24c27190d2",
              "parentUUID": "40ea9b08-0ff4-4df0-993f-182b4b7ed702",
              "isHook": true,
              "skipped": false
            }
          ],
          "afterHooks": [
            {
              "title": "\"after each\" hook in \"Products API\"",
              "fullTitle": "Products API \"after each\" hook in \"Products API\"",
              "timedOut": false,
              "duration": 0,
              "state": null,
              "speed": null,
              "pass": false,
              "fail": false,
              "pending": false,
              "context": null,
              "code": "sinon_1.default.restore();",
              "err": {},
              "uuid": "0878dcaf-c496-420e-b502-83d6e855629b",
              "parentUUID": "40ea9b08-0ff4-4df0-993f-182b4b7ed702",
              "isHook": true,
              "skipped": false
            }
          ],
          "tests": [],
          "suites": [
            {
              "uuid": "779cd9b0-d5d0-4735-b6bc-7a54cc62ba9e",
              "title": "GET /api/products/search",
              "fullFile": "D:\\Uni\\C455\\Project\\team10\\server\\src\\tests\\integration\\products.test.ts",
              "file": "\\src\\tests\\integration\\products.test.ts",
              "beforeHooks": [],
              "afterHooks": [],
              "tests": [
                {
                  "title": "should return 200 and products for a valid search query",
                  "fullTitle": "Products API GET /api/products/search should return 200 and products for a valid search query",
                  "timedOut": false,
                  "duration": 10,
                  "state": "passed",
                  "speed": "fast",
                  "pass": true,
                  "fail": false,
                  "pending": false,
                  "context": null,
[...]
                  "err": {},
                  "uuid": "89d6f900-939e-4f0e-aaf9-7c50435789a0",
                  "parentUUID": "5e9d5446-bccc-4528-b3a1-7247db2df4a0",
                  "isHook": false,
                  "skipped": false
                },
                {
                  "title": "should return 500 for unknown error JWT",
                  "fullTitle": "Profile API /api/profiles/passwords/:userId should return 500 for unknown error JWT",
                  "timedOut": false,
                  "duration": 6,
                  "state": "passed",
                  "speed": "fast",
                  "pass": true,
                  "fail": false,
                  "pending": false,
                  "context": null,
                  "code": "__awaiter(void 0, void 0, void 0, function* () {\n            sinon_1.default.stub(jsonwebtoken_1.default, 'verify').throws(new Error(\"Some other error during JWT verification\"));\n            const response = yield (0, supertest_1.default)(app)\n                .patch('/api/profiles/passwords/userId123')\n                .set('Authorization', `Bearer sometoken`)\n                .expect(500);\n            (0, chai_1.expect)(response.body).to.deep.equal({\n                success: false,\n                error: 'Unknown error'\n            });\n        })",
                  "err": {},
                  "uuid": "ad859580-06bb-4890-a96d-f06108d3a3cf",
                  "parentUUID": "5e9d5446-bccc-4528-b3a1-7247db2df4a0",
                  "isHook": false,
                  "skipped": false
                },
                {
                  "title": "should return 400 for userId missing from params",
                  "fullTitle": "Profile API /api/profiles/passwords/:userId should return 400 for userId missing from params",
                  "timedOut": false,
                  "duration": 4,
                  "state": "passed",
                  "speed": "fast",
                  "pass": true,
                  "fail": false,
                  "pending": false,
                  "context": null,
                  "code": "__awaiter(void 0, void 0, void 0, function* () {\n            const response = yield (0, supertest_1.default)(app)\n                .patch('/api/profiles/passwords')\n                .set('Authorization', `Bearer ${validToken}`)\n                .expect(400);\n            (0, chai_1.expect)(response.body).to.deep.equal({\n                success: false,\n                error: 'userId missing from params'\n            });\n        })",
                  "err": {},
                  "uuid": "3c54f782-9ec1-47b7-8067-2b0f3fb2e4e0",
                  "parentUUID": "5e9d5446-bccc-4528-b3a1-7247db2df4a0",
                  "isHook": false,
                  "skipped": false
                },
                {
                  "title": "should return 400 for missing newPassword",
                  "fullTitle": "Profile API /api/profiles/passwords/:userId should return 400 for missing newPassword",
                  "timedOut": false,
                  "duration": 5,
                  "state": "passed",
                  "speed": "fast",
                  "pass": true,
                  "fail": false,
                  "pending": false,
                  "context": null,
                  "code": "__awaiter(void 0, void 0, void 0, function* () {\n            const response = yield (0, supertest_1.default)(app)\n                .patch('/api/profiles/passwords/test123')\n                .send({\n                currentPassword: 'currentPassword'\n            })\n                .set('Authorization', `Bearer ${validToken}`)\n                .expect(400);\n            (0, chai_1.expect)(response.body).to.deep.equal({\n                success: false,\n                error: 'currentPassword and newPassword required'\n            });\n        })",
                  "err": {},
                  "uuid": "482752b1-3ffb-4741-80ba-32bd71e5cc1f",
                  "parentUUID": "5e9d5446-bccc-4528-b3a1-7247db2df4a0",
                  "isHook": false,
                  "skipped": false
                },
                {
                  "title": "should return 400 for missing currentPassword",
                  "fullTitle": "Profile API /api/profiles/passwords/:userId should return 400 for missing currentPassword",
                  "timedOut": false,
                  "duration": 6,
                  "state": "passed",
                  "speed": "fast",
                  "pass": true,
                  "fail": false,
                  "pending": false,
                  "context": null,
                  "code": "__awaiter(void 0, void 0, void 0, function* () {\n            const response = yield (0, supertest_1.default)(app)\n                .patch('/api/profiles/passwords/test123')\n                .send({\n                newPassword: 'newPassword'\n            })\n                .set('Authorization', `Bearer ${validToken}`)\n                .expect(400);\n            (0, chai_1.expect)(response.body).to.deep.equal({\n                success: false,\n                error: 'currentPassword and newPassword required'\n            });\n        })",
                  "err": {},
                  "uuid": "6830dac2-084d-4584-9e41-64740bdd45b1",
                  "parentUUID": "5e9d5446-bccc-4528-b3a1-7247db2df4a0",
                  "isHook": false,
                  "skipped": false
                },
                {
                  "title": "should return 400 for non string currentPassword",
                  "fullTitle": "Profile API /api/profiles/passwords/:userId should return 400 for non string currentPassword",
                  "timedOut": false,
                  "duration": 5,
                  "state": "passed",
                  "speed": "fast",
                  "pass": true,
                  "fail": false,
                  "pending": false,
                  "context": null,
                  "code": "__awaiter(void 0, void 0, void 0, function* () {\n            const response = yield (0, supertest_1.default)(app)\n                .patch('/api/profiles/passwords/test123')\n                .send({\n                currentPassword: 123,\n                newPassword: 'newPassword'\n            })\n                .set('Authorization', `Bearer ${validToken}`)\n                .expect(400);\n            (0, chai_1.expect)(response.body).to.deep.equal({\n                success: false,\n                error: 'currentPassword and newPassword need to be strings'\n            });\n        })",
                  "err": {},
                  "uuid": "20595939-b819-41b8-a0f4-b9a8866bec2a",
                  "parentUUID": "5e9d5446-bccc-4528-b3a1-7247db2df4a0",
                  "isHook": false,
                  "skipped": false
                },
                {
                  "title": "should return 400 for non string currentPassword",
                  "fullTitle": "Profile API /api/profiles/passwords/:userId should return 400 for non string currentPassword",
                  "timedOut": false,
                  "duration": 6,
                  "state": "passed",
                  "speed": "fast",
                  "pass": true,
                  "fail": false,
                  "pending": false,
                  "context": null,
                  "code": "__awaiter(void 0, void 0, void 0, function* () {\n            const response = yield (0, supertest_1.default)(app)\n                .patch('/api/profiles/passwords/test123')\n                .send({\n                currentPassword: 'test current',\n                newPassword: 123\n            })\n                .set('Authorization', `Bearer ${validToken}`)\n                .expect(400);\n            (0, chai_1.expect)(response.body).to.deep.equal({\n                success: false,\n                error: 'currentPassword and newPassword need to be strings'\n            });\n        })",
                  "err": {},
                  "uuid": "4f9f83eb-f50e-4c10-8718-128f8492bad0",
                  "parentUUID": "5e9d5446-bccc-4528-b3a1-7247db2df4a0",
                  "isHook": false,
                  "skipped": false
                },
                {
                  "title": "should return 500 for unknown error during getting user",
                  "fullTitle": "Profile API /api/profiles/passwords/:userId should return 500 for unknown error during getting user",
                  "timedOut": false,
                  "duration": 5,
                  "state": "passed",
                  "speed": "fast",
                  "pass": true,
                  "fail": false,
                  "pending": false,
                  "context": null,
                  "code": "__awaiter(void 0, void 0, void 0, function* () {\n            sinon_1.default.stub(UserService_1.UserService, 'getUserById').throws(new Error('Some error during fetching user'));\n            const response = yield (0, supertest_1.default)(app)\n                .patch('/api/profiles/passwords/userId123')\n                .send({\n                currentPassword: 'test current',\n                newPassword: 'test new'\n            })\n                .set('Authorization', `Bearer ${validToken}`)\n                .expect(500);\n            (0, chai_1.expect)(response.body).to.deep.equal({\n                success: false,\n                error: 'Unknown error during getting user'\n            });\n        })",
                  "err": {},
                  "uuid": "58d562e2-d27b-4e69-88a3-d4647f76d60f",
                  "parentUUID": "5e9d5446-bccc-4528-b3a1-7247db2df4a0",
                  "isHook": false,
                  "skipped": false
                },
                {
                  "title": "should return 404 for unknown user",
                  "fullTitle": "Profile API /api/profiles/passwords/:userId should return 404 for unknown user",
                  "timedOut": false,
                  "duration": 4,
                  "state": "passed",
                  "speed": "fast",
                  "pass": true,
                  "fail": false,
                  "pending": false,
                  "context": null,
                  "code": "__awaiter(void 0, void 0, void 0, function* () {\n            sinon_1.default.stub(UserService_1.UserService, 'getUserById').resolves(null);\n            const response = yield (0, supertest_1.default)(app)\n                .patch('/api/profiles/passwords/userId123')\n                .send({\n                currentPassword: 'test current',\n                newPassword: 'test new'\n            })\n                .set('Authorization', `Bearer ${validToken}`)\n                .expect(404);\n            (0, chai_1.expect)(response.body).to.deep.equal({\n                success: false,\n                error: 'No user found'\n            });\n        })",
                  "err": {},
                  "uuid": "8ffefdd1-a5d6-427c-b713-0cf21d6d0eee",
                  "parentUUID": "5e9d5446-bccc-4528-b3a1-7247db2df4a0",
                  "isHook": false,
                  "skipped": false
                },
                {
                  "title": "should return 401 for invalid currentPassword",
                  "fullTitle": "Profile API /api/profiles/passwords/:userId should return 401 for invalid currentPassword",
                  "timedOut": false,
                  "duration": 6,
                  "state": "passed",
                  "speed": "fast",
                  "pass": true,
                  "fail": false,
                  "pending": false,
                  "context": null,
                  "code": "__awaiter(void 0, void 0, void 0, function* () {\n            const userWithPassword = {\n                name: 'test name',\n                email: 'test@example.com',\n                password: 'test1234',\n                isEmailVerified: true,\n                verificationToken: 'test token',\n                verificationTokenExpires: (new Date()).toISOString(),\n                createdAt: (new Date()).toISOString(),\n                updatedAt: (new Date()).toISOString(),\n            };\n            sinon_1.default.stub(UserService_1.UserService, 'getUserById').resolves(userWithPassword);\n            sinon_1.default.stub(UserService_1.UserService, 'comparePassword').resolves(false);\n            const response = yield (0, supertest_1.default)(app)\n                .patch('/api/profiles/passwords/userId123')\n                .send({\n                currentPassword: 'test4321',\n                newPassword: 'test new'\n            })\n                .set('Authorization', `Bearer ${validToken}`)\n                .expect(401);\n            (0, chai_1.expect)(response.body).to.deep.equal({\n                success: false,\n                error: 'Password incorrect'\n            });\n        })",
                  "err": {},
                  "uuid": "3870e7c7-3453-408c-a455-b079677c64b3",
                  "parentUUID": "5e9d5446-bccc-4528-b3a1-7247db2df4a0",
                  "isHook": false,
                  "skipped": false
                },
                {
                  "title": "should return 500 for failed password update",
                  "fullTitle": "Profile API /api/profiles/passwords/:userId should return 500 for failed password update",
                  "timedOut": false,
                  "duration": 5,
                  "state": "passed",
                  "speed": "fast",
                  "pass": true,
                  "fail": false,
                  "pending": false,
                  "context": null,
                  "code": "__awaiter(void 0, void 0, void 0, function* () {\n            const userWithPassword = {\n                name: 'test name',\n                email: 'test@example.com',\n                password: 'test1234',\n                isEmailVerified: true,\n                verificationToken: 'test token',\n                verificationTokenExpires: (new Date()).toISOString(),\n                createdAt: (new Date()).toISOString(),\n                updatedAt: (new Date()).toISOString(),\n            };\n            sinon_1.default.stub(UserService_1.UserService, 'getUserById').resolves(userWithPassword);\n            sinon_1.default.stub(UserService_1.UserService, 'comparePassword').resolves(true);\n            sinon_1.default.stub(UserService_1.UserService, 'updatePassword').throws(new Error(\"Some error related to updating password\"));\n            const response = yield (0, supertest_1.default)(app)\n                .patch('/api/profiles/passwords/userId123')\n                .send({\n                currentPassword: 'test1234',\n                newPassword: 'test new'\n            })\n                .set('Authorization', `Bearer ${validToken}`)\n                .expect(500);\n            (0, chai_1.expect)(response.body).to.deep.equal({\n                success: false,\n                error: 'Unable to update password'\n            });\n        })",
                  "err": {},
                  "uuid": "757b6c2e-7de6-41ad-849f-c71c146fe0d0",
                  "parentUUID": "5e9d5446-bccc-4528-b3a1-7247db2df4a0",
                  "isHook": false,
                  "skipped": false
                },
                {
                  "title": "should return 200 for successful password update",
                  "fullTitle": "Profile API /api/profiles/passwords/:userId should return 200 for successful password update",
                  "timedOut": false,
                  "duration": 5,
                  "state": "passed",
                  "speed": "fast",
                  "pass": true,
                  "fail": false,
                  "pending": false,
                  "context": null,
                  "code": "__awaiter(void 0, void 0, void 0, function* () {\n            const userWithPassword = {\n                name: 'test name',\n                email: 'test@example.com',\n                password: 'test1234',\n                isEmailVerified: true,\n                verificationToken: 'test token',\n                verificationTokenExpires: (new Date()).toISOString(),\n                createdAt: (new Date()).toISOString(),\n                updatedAt: (new Date()).toISOString(),\n            };\n            sinon_1.default.stub(UserService_1.UserService, 'getUserById').resolves(userWithPassword);\n            sinon_1.default.stub(UserService_1.UserService, 'comparePassword').resolves(true);\n            sinon_1.default.stub(UserService_1.UserService, 'updatePassword').resolves();\n            const response = yield (0, supertest_1.default)(app)\n                .patch('/api/profiles/passwords/userId123')\n                .send({\n                currentPassword: 'test1234',\n                newPassword: 'test new'\n            })\n                .set('Authorization', `Bearer ${validToken}`)\n                .expect(200);\n            (0, chai_1.expect)(response.body).to.deep.equal({\n                success: true,\n                message: 'Password updated successfully'\n            });\n        })",
                  "err": {},
                  "uuid": "274543d0-861f-4763-8343-f7fd914291e2",
                  "parentUUID": "5e9d5446-bccc-4528-b3a1-7247db2df4a0",
                  "isHook": false,
                  "skipped": false
                }
              ],
              "suites": [],
              "passes": [
                "ee6e0cc1-33d1-4b6b-a221-b5d1001f1068",
                "ae76f862-c7a4-407d-af33-364b63915e87",
                "89d6f900-939e-4f0e-aaf9-7c50435789a0",
                "ad859580-06bb-4890-a96d-f06108d3a3cf",
                "3c54f782-9ec1-47b7-8067-2b0f3fb2e4e0",
                "482752b1-3ffb-4741-80ba-32bd71e5cc1f",
                "6830dac2-084d-4584-9e41-64740bdd45b1",
                "20595939-b819-41b8-a0f4-b9a8866bec2a",
                "4f9f83eb-f50e-4c10-8718-128f8492bad0",
                "58d562e2-d27b-4e69-88a3-d4647f76d60f",
                "8ffefdd1-a5d6-427c-b713-0cf21d6d0eee",
                "3870e7c7-3453-408c-a455-b079677c64b3",
                "757b6c2e-7de6-41ad-849f-c71c146fe0d0",
                "274543d0-861f-4763-8343-f7fd914291e2"
              ],
              "failures": [],
              "pending": [],
              "skipped": [],
              "duration": 68,
              "root": false,
              "rootEmpty": false,
              "_timeout": 20000
            }
          ],
          "passes": [],
          "failures": [],
          "pending": [],
          "skipped": [],
          "duration": 0,
          "root": false,
          "rootEmpty": false,
          "_timeout": 20000
        }
      ],
      "passes": [],
      "failures": [],
      "pending": [],
      "skipped": [],
      "duration": 0,
      "root": true,
      "rootEmpty": true,
      "_timeout": 20000
    }
  ],
  "meta": {
    "mocha": {
      "version": "11.7.0"
    },
    "mochawesome": {
      "options": {
        "quiet": false,
        "reportFilename": "integration-tests",
        "saveHtml": true,
        "saveJson": true,
        "consoleReporter": "spec",
        "useInlineDiffs": false,
        "code": true
      },
      "version": "7.1.3"
    },
    "marge": {
      "options": {
        "reportDir": "mochawesome-integration",
        "reportFilename": "integration-tests"
      },
      "version": "6.2.0"
    }
  }
}