{"numTotalTestSuites":27,"numPassedTestSuites":27,"numFailedTestSuites":0,"numPendingTestSuites":0,"numTotalTests":104,"numPassedTests":104,"numFailedTests":0,"numPendingTests":0,"numTodoTests":0,"snapshot":{"added":0,"failure":false,"filesAdded":0,"filesRemoved":0,"filesRemovedList":[],"filesUnmatched":0,"filesUpdated":0,"matched":0,"total":0,"unchecked":0,"uncheckedKeysByFile":[],"unmatched":0,"updated":0,"didUpdate":false},"startTime":1754098969226,"success":true,"testResults":[{"assertionResults":[{"ancestorTitles":["Auth API","/api/auth/register POST"],"fullName":"Auth API /api/auth/register POST should return 400 for missing name","status":"passed","title":"should return 400 for missing name","duration":60.720700000000306,"failureMessages":[],"location":{"line":27,"column":5},"meta":{}},{"ancestorTitles":["Auth API","/api/auth/register POST"],"fullName":"Auth API /api/auth/register POST should return 400 for missing email","status":"passed","title":"should return 400 for missing email","duration":14.65020000000004,"failureMessages":[],"location":{"line":42,"column":5},"meta":{}},{"ancestorTitles":["Auth API","/api/auth/register POST"],"fullName":"Auth API /api/auth/register POST should return 400 for missing password","status":"passed","title":"should return 400 for missing password","duration":21.463199999999688,"failureMessages":[],"location":{"line":57,"column":5},"meta":{}},{"ancestorTitles":["Auth API","/api/auth/register POST"],"fullName":"Auth API /api/auth/register POST should return 400 for non string name","status":"passed","title":"should return 400 for non string name","duration":18.551100000000133,"failureMessages":[],"location":{"line":72,"column":5},"meta":{}},{"ancestorTitles":["Auth API","/api/auth/register POST"],"fullName":"Auth API /api/auth/register POST should return 400 for non string email","status":"passed","title":"should return 400 for non string email","duration":9.345600000000104,"failureMessages":[],"location":{"line":88,"column":5},"meta":{}},{"ancestorTitles":["Auth API","/api/auth/register POST"],"fullName":"Auth API /api/auth/register POST should return 400 for non string password","status":"passed","title":"should return 400 for non string password","duration":6.788199999999961,"failureMessages":[],"location":{"line":104,"column":5},"meta":{}},{"ancestorTitles":["Auth API","/api/auth/register POST"],"fullName":"Auth API /api/auth/register POST should return 500 for failed email validation","status":"passed","title":"should return 500 for failed email validation","duration":10.805100000000039,"failureMessages":[],"location":{"line":120,"column":5},"meta":{}},{"ancestorTitles":["Auth API","/api/auth/register POST"],"fullName":"Auth API /api/auth/register POST should return 400 for existing account","status":"passed","title":"should return 400 for existing account","duration":7.669600000000173,"failureMessages":[],"location":{"line":138,"column":5},"meta":{}},{"ancestorTitles":["Auth API","/api/auth/register POST"],"fullName":"Auth API /api/auth/register POST should return 500 for failed register","status":"passed","title":"should return 500 for failed register","duration":13.065399999999954,"failureMessages":[],"location":{"line":162,"column":5},"meta":{}},{"ancestorTitles":["Auth API","/api/auth/register POST"],"fullName":"Auth API /api/auth/register POST should return 201 on successful register","status":"passed","title":"should return 201 on successful register","duration":7.938799999999901,"failureMessages":[],"location":{"line":181,"column":5},"meta":{}},{"ancestorTitles":["Auth API","/api/auth/login POST"],"fullName":"Auth API /api/auth/login POST should return 400 for missing email","status":"passed","title":"should return 400 for missing email","duration":6.29549999999972,"failureMessages":[],"location":{"line":218,"column":5},"meta":{}},{"ancestorTitles":["Auth API","/api/auth/login POST"],"fullName":"Auth API /api/auth/login POST should return 400 for missing password","status":"passed","title":"should return 400 for missing password","duration":5.358400000000074,"failureMessages":[],"location":{"line":232,"column":5},"meta":{}},{"ancestorTitles":["Auth API","/api/auth/login POST"],"fullName":"Auth API /api/auth/login POST should return 400 for non string email","status":"passed","title":"should return 400 for non string email","duration":7.43100000000004,"failureMessages":[],"location":{"line":246,"column":5},"meta":{}},{"ancestorTitles":["Auth API","/api/auth/login POST"],"fullName":"Auth API /api/auth/login POST should return 400 for non string password","status":"passed","title":"should return 400 for non string password","duration":8.219900000000052,"failureMessages":[],"location":{"line":261,"column":5},"meta":{}},{"ancestorTitles":["Auth API","/api/auth/login POST"],"fullName":"Auth API /api/auth/login POST should return 401 for bad email","status":"passed","title":"should return 401 for bad email","duration":8.784999999999854,"failureMessages":[],"location":{"line":276,"column":5},"meta":{}},{"ancestorTitles":["Auth API","/api/auth/login POST"],"fullName":"Auth API /api/auth/login POST should return 401 for unverified email","status":"passed","title":"should return 401 for unverified email","duration":5.731299999999919,"failureMessages":[],"location":{"line":292,"column":5},"meta":{}},{"ancestorTitles":["Auth API","/api/auth/login POST"],"fullName":"Auth API /api/auth/login POST should return 500 for unknown error during login","status":"passed","title":"should return 500 for unknown error during login","duration":6.967999999999847,"failureMessages":[],"location":{"line":314,"column":5},"meta":{}},{"ancestorTitles":["Auth API","/api/auth/login POST"],"fullName":"Auth API /api/auth/login POST should return 200 with token and user for successful login","status":"passed","title":"should return 200 with token and user for successful login","duration":6.252899999999954,"failureMessages":[],"location":{"line":339,"column":5},"meta":{}}],"startTime":1754098972087,"endTime":1754098972314.253,"status":"passed","message":"","name":"D:/Uni/C455/Project/team10/server/src/tests/integration/auth.test.ts"},{"assertionResults":[{"ancestorTitles":["Chatbot API","/api/chatbot POST"],"fullName":"Chatbot API /api/chatbot POST should return 401 for no auth token on header","status":"passed","title":"should return 401 for no auth token on header","duration":42.20049999999992,"failureMessages":[],"location":{"line":47,"column":5},"meta":{}},{"ancestorTitles":["Chatbot API","/api/chatbot POST"],"fullName":"Chatbot API /api/chatbot POST returns 400 code for missing message","status":"passed","title":"returns 400 code for missing message","duration":834.1629000000003,"failureMessages":[],"location":{"line":60,"column":5},"meta":{}},{"ancestorTitles":["Chatbot API","/api/chatbot POST"],"fullName":"Chatbot API /api/chatbot POST returns 400 code for wrong data type","status":"passed","title":"returns 400 code for wrong data type","duration":72.2456000000002,"failureMessages":[],"location":{"line":71,"column":5},"meta":{}},{"ancestorTitles":["Chatbot API","/api/chatbot POST"],"fullName":"Chatbot API /api/chatbot POST returns 400 code for empty message","status":"passed","title":"returns 400 code for empty message","duration":65.89460000000054,"failureMessages":[],"location":{"line":82,"column":5},"meta":{}},{"ancestorTitles":["Chatbot API","/api/chatbot POST"],"fullName":"Chatbot API /api/chatbot POST returns 500 code for failed chatbot API call","status":"passed","title":"returns 500 code for failed chatbot API call","duration":56.66530000000057,"failureMessages":[],"location":{"line":93,"column":5},"meta":{}},{"ancestorTitles":["Chatbot API","/api/chatbot POST"],"fullName":"Chatbot API /api/chatbot POST returns 200 code for working chatbot API without products","status":"passed","title":"returns 200 code for working chatbot API without products","duration":57.925499999999374,"failureMessages":[],"location":{"line":105,"column":5},"meta":{}},{"ancestorTitles":["Chatbot API","/api/chatbot POST"],"fullName":"Chatbot API /api/chatbot POST returns 200 code for working chatbot API","status":"passed","title":"returns 200 code for working chatbot API","duration":58.12249999999949,"failureMessages":[],"location":{"line":124,"column":5},"meta":{}}],"startTime":1754098972836,"endTime":1754098974024.1226,"status":"passed","message":"","name":"D:/Uni/C455/Project/team10/server/src/tests/integration/chatbot.test.ts"},{"assertionResults":[{"ancestorTitles":["Chat API","/api/chats POST"],"fullName":"Chat API /api/chats POST should return 401 for no auth token on header","status":"passed","title":"should return 401 for no auth token on header","duration":43.283300000000054,"failureMessages":[],"location":{"line":36,"column":5},"meta":{}},{"ancestorTitles":["Chat API","/api/chats POST"],"fullName":"Chat API /api/chats POST should return 500 for unconfigured JWT","status":"passed","title":"should return 500 for unconfigured JWT","duration":11.09979999999996,"failureMessages":[],"location":{"line":47,"column":5},"meta":{}},{"ancestorTitles":["Chat API","/api/chats POST"],"fullName":"Chat API /api/chats POST should return 401 for JWT verification error","status":"passed","title":"should return 401 for JWT verification error","duration":15.314000000000306,"failureMessages":[],"location":{"line":60,"column":5},"meta":{}},{"ancestorTitles":["Chat API","/api/chats POST"],"fullName":"Chat API /api/chats POST should return 500 for unknown error JWT","status":"passed","title":"should return 500 for unknown error JWT","duration":10.215500000000247,"failureMessages":[],"location":{"line":74,"column":5},"meta":{}},{"ancestorTitles":["Chat API","/api/chats POST"],"fullName":"Chat API /api/chats POST should return 400 for missing messages","status":"passed","title":"should return 400 for missing messages","duration":1173.1019999999999,"failureMessages":[],"location":{"line":88,"column":5},"meta":{}},{"ancestorTitles":["Chat API","/api/chats POST"],"fullName":"Chat API /api/chats POST should return 400 for missing email","status":"passed","title":"should return 400 for missing email","duration":65.07770000000028,"failureMessages":[],"location":{"line":105,"column":5},"meta":{}},{"ancestorTitles":["Chat API","/api/chats POST"],"fullName":"Chat API /api/chats POST should return 400 for non string email","status":"passed","title":"should return 400 for non string email","duration":60.63130000000001,"failureMessages":[],"location":{"line":131,"column":5},"meta":{}},{"ancestorTitles":["Chat API","/api/chats POST"],"fullName":"Chat API /api/chats POST should return 400 for non array messages","status":"passed","title":"should return 400 for non array messages","duration":55.58919999999989,"failureMessages":[],"location":{"line":158,"column":5},"meta":{}},{"ancestorTitles":["Chat API","/api/chats POST"],"fullName":"Chat API /api/chats POST should return 400 for missing text in messages","status":"passed","title":"should return 400 for missing text in messages","duration":78.91229999999996,"failureMessages":[],"location":{"line":176,"column":5},"meta":{}},{"ancestorTitles":["Chat API","/api/chats POST"],"fullName":"Chat API /api/chats POST should return 400 for missing speaker in messages","status":"passed","title":"should return 400 for missing speaker in messages","duration":57.41699999999946,"failureMessages":[],"location":{"line":202,"column":5},"meta":{}},{"ancestorTitles":["Chat API","/api/chats POST"],"fullName":"Chat API /api/chats POST should return 400 for invalid speaker in messages","status":"passed","title":"should return 400 for invalid speaker in messages","duration":61.34060000000045,"failureMessages":[],"location":{"line":228,"column":5},"meta":{}},{"ancestorTitles":["Chat API","/api/chats POST"],"fullName":"Chat API /api/chats POST should return 400 for non string text in messages","status":"passed","title":"should return 400 for non string text in messages","duration":145.9886000000006,"failureMessages":[],"location":{"line":255,"column":5},"meta":{}},{"ancestorTitles":["Chat API","/api/chats POST"],"fullName":"Chat API /api/chats POST should return 500 for failed save chat","status":"passed","title":"should return 500 for failed save chat","duration":70.23919999999998,"failureMessages":[],"location":{"line":282,"column":5},"meta":{}},{"ancestorTitles":["Chat API","/api/chats POST"],"fullName":"Chat API /api/chats POST should return 201 for working save chat","status":"passed","title":"should return 201 for working save chat","duration":61.28890000000047,"failureMessages":[],"location":{"line":310,"column":5},"meta":{}},{"ancestorTitles":["Chat API","/api/chats GET"],"fullName":"Chat API /api/chats GET should return 401 for no auth token on header","status":"passed","title":"should return 401 for no auth token on header","duration":3.206699999999728,"failureMessages":[],"location":{"line":357,"column":6},"meta":{}},{"ancestorTitles":["Chat API","/api/chats GET"],"fullName":"Chat API /api/chats GET should return 500 for unconfigured JWT","status":"passed","title":"should return 500 for unconfigured JWT","duration":3.036399999999958,"failureMessages":[],"location":{"line":368,"column":5},"meta":{}},{"ancestorTitles":["Chat API","/api/chats GET"],"fullName":"Chat API /api/chats GET should return 401 for JWT verification error","status":"passed","title":"should return 401 for JWT verification error","duration":3.3079999999999927,"failureMessages":[],"location":{"line":381,"column":5},"meta":{}},{"ancestorTitles":["Chat API","/api/chats GET"],"fullName":"Chat API /api/chats GET should return 500 for unknown error JWT","status":"passed","title":"should return 500 for unknown error JWT","duration":5.441899999999805,"failureMessages":[],"location":{"line":395,"column":5},"meta":{}},{"ancestorTitles":["Chat API","/api/chats GET"],"fullName":"Chat API /api/chats GET should return 400 for missing email on query params","status":"passed","title":"should return 400 for missing email on query params","duration":63.990499999999884,"failureMessages":[],"location":{"line":409,"column":5},"meta":{}},{"ancestorTitles":["Chat API","/api/chats GET"],"fullName":"Chat API /api/chats GET should return 500 for unknown error during fetch","status":"passed","title":"should return 500 for unknown error during fetch","duration":50.8762999999999,"failureMessages":[],"location":{"line":423,"column":5},"meta":{}},{"ancestorTitles":["Chat API","/api/chats GET"],"fullName":"Chat API /api/chats GET should return 200 for successful fetch","status":"passed","title":"should return 200 for successful fetch","duration":58.67829999999958,"failureMessages":[],"location":{"line":438,"column":5},"meta":{}}],"startTime":1754098972006,"endTime":1754098974104.6782,"status":"passed","message":"","name":"D:/Uni/C455/Project/team10/server/src/tests/integration/chats.test.ts"},{"assertionResults":[{"ancestorTitles":["Products API","GET /api/products/search"],"fullName":"Products API GET /api/products/search should return 200 and products for a valid search query","status":"passed","title":"should return 200 and products for a valid search query","duration":68.79640000000018,"failureMessages":[],"location":{"line":21,"column":5},"meta":{}},{"ancestorTitles":["Products API","GET /api/products/search"],"fullName":"Products API GET /api/products/search should return 400 if the search query is missing","status":"passed","title":"should return 400 if the search query is missing","duration":15.995099999999638,"failureMessages":[],"location":{"line":66,"column":5},"meta":{}},{"ancestorTitles":["Products API","GET /api/products/search"],"fullName":"Products API GET /api/products/search should return 500 if the ProductService throws an error","status":"passed","title":"should return 500 if the ProductService throws an error","duration":31.52529999999979,"failureMessages":[],"location":{"line":74,"column":5},"meta":{}}],"startTime":1754098971735,"endTime":1754098971852.5254,"status":"passed","message":"","name":"D:/Uni/C455/Project/team10/server/src/tests/integration/products.test.ts"},{"assertionResults":[{"ancestorTitles":["Profile API","/api/profiles/verify/:token GET"],"fullName":"Profile API /api/profiles/verify/:token GET should return 400 for missing token","status":"passed","title":"should return 400 for missing token","duration":69.37040000000025,"failureMessages":[],"location":{"line":27,"column":5},"meta":{}},{"ancestorTitles":["Profile API","/api/profiles/verify/:token GET"],"fullName":"Profile API /api/profiles/verify/:token GET should return 500 for failing to get user","status":"passed","title":"should return 500 for failing to get user","duration":13.83889999999974,"failureMessages":[],"location":{"line":39,"column":5},"meta":{}},{"ancestorTitles":["Profile API","/api/profiles/verify/:token GET"],"fullName":"Profile API /api/profiles/verify/:token GET should return 404 for not finding valid user","status":"passed","title":"should return 404 for not finding valid user","duration":6.00630000000001,"failureMessages":[],"location":{"line":52,"column":5},"meta":{}},{"ancestorTitles":["Profile API","/api/profiles/verify/:token GET"],"fullName":"Profile API /api/profiles/verify/:token GET should return 500 for failing to verify email","status":"passed","title":"should return 500 for failing to verify email","duration":9.333600000000388,"failureMessages":[],"location":{"line":65,"column":5},"meta":{}},{"ancestorTitles":["Profile API","/api/profiles/verify/:token GET"],"fullName":"Profile API /api/profiles/verify/:token GET should return 200 for successfully verifying email","status":"passed","title":"should return 200 for successfully verifying email","duration":10.295300000000225,"failureMessages":[],"location":{"line":89,"column":5},"meta":{}},{"ancestorTitles":["Profile API","/api/profiles/resend-verification POST"],"fullName":"Profile API /api/profiles/resend-verification POST should return 400 for missing email","status":"passed","title":"should return 400 for missing email","duration":25.888800000000174,"failureMessages":[],"location":{"line":115,"column":5},"meta":{}},{"ancestorTitles":["Profile API","/api/profiles/resend-verification POST"],"fullName":"Profile API /api/profiles/resend-verification POST should return 400 for non string email","status":"passed","title":"should return 400 for non string email","duration":6.583599999999933,"failureMessages":[],"location":{"line":127,"column":5},"meta":{}},{"ancestorTitles":["Profile API","/api/profiles/resend-verification POST"],"fullName":"Profile API /api/profiles/resend-verification POST should return 500 for unknown error while getting user","status":"passed","title":"should return 500 for unknown error while getting user","duration":6.567300000000159,"failureMessages":[],"location":{"line":139,"column":5},"meta":{}},{"ancestorTitles":["Profile API","/api/profiles/resend-verification POST"],"fullName":"Profile API /api/profiles/resend-verification POST should return 404 for unknown user","status":"passed","title":"should return 404 for unknown user","duration":8.934000000000196,"failureMessages":[],"location":{"line":153,"column":5},"meta":{}},{"ancestorTitles":["Profile API","/api/profiles/resend-verification POST"],"fullName":"Profile API /api/profiles/resend-verification POST should return 400 for user with verified email","status":"passed","title":"should return 400 for user with verified email","duration":12.311599999999999,"failureMessages":[],"location":{"line":167,"column":5},"meta":{}},{"ancestorTitles":["Profile API","/api/profiles/resend-verification POST"],"fullName":"Profile API /api/profiles/resend-verification POST should return 500 for unknown error during resending verification email","status":"passed","title":"should return 500 for unknown error during resending verification email","duration":6.501299999999901,"failureMessages":[],"location":{"line":188,"column":5},"meta":{}},{"ancestorTitles":["Profile API","/api/profiles/resend-verification POST"],"fullName":"Profile API /api/profiles/resend-verification POST should return 200 for successfully resending email","status":"passed","title":"should return 200 for successfully resending email","duration":6.056499999999687,"failureMessages":[],"location":{"line":210,"column":5},"meta":{}},{"ancestorTitles":["Profile API","/api/profiles/:userId GET"],"fullName":"Profile API /api/profiles/:userId GET should return 401 for no auth token on header","status":"passed","title":"should return 401 for no auth token on header","duration":6.666900000000169,"failureMessages":[],"location":{"line":251,"column":5},"meta":{}},{"ancestorTitles":["Profile API","/api/profiles/:userId GET"],"fullName":"Profile API /api/profiles/:userId GET should return 500 for unconfigured JWT","status":"passed","title":"should return 500 for unconfigured JWT","duration":5.688500000000204,"failureMessages":[],"location":{"line":262,"column":5},"meta":{}},{"ancestorTitles":["Profile API","/api/profiles/:userId GET"],"fullName":"Profile API /api/profiles/:userId GET should return 401 for JWT verification error","status":"passed","title":"should return 401 for JWT verification error","duration":6.029399999999896,"failureMessages":[],"location":{"line":275,"column":5},"meta":{}},{"ancestorTitles":["Profile API","/api/profiles/:userId GET"],"fullName":"Profile API /api/profiles/:userId GET should return 500 for unknown error JWT","status":"passed","title":"should return 500 for unknown error JWT","duration":7.5978000000000065,"failureMessages":[],"location":{"line":289,"column":5},"meta":{}},{"ancestorTitles":["Profile API","/api/profiles/:userId GET"],"fullName":"Profile API /api/profiles/:userId GET should return 400 for missing userId on params","status":"passed","title":"should return 400 for missing userId on params","duration":1100.9591000000005,"failureMessages":[],"location":{"line":303,"column":5},"meta":{}},{"ancestorTitles":["Profile API","/api/profiles/:userId GET"],"fullName":"Profile API /api/profiles/:userId GET should return 500 for error during getting profile","status":"passed","title":"should return 500 for error during getting profile","duration":54.72320000000036,"failureMessages":[],"location":{"line":317,"column":5},"meta":{}},{"ancestorTitles":["Profile API","/api/profiles/:userId GET"],"fullName":"Profile API /api/profiles/:userId GET should return 404 for missing profile for userId","status":"passed","title":"should return 404 for missing profile for userId","duration":59.76839999999993,"failureMessages":[],"location":{"line":332,"column":5},"meta":{}},{"ancestorTitles":["Profile API","/api/profiles/:userId GET"],"fullName":"Profile API /api/profiles/:userId GET should return 200 for successfully getting profile","status":"passed","title":"should return 200 for successfully getting profile","duration":55.83919999999944,"failureMessages":[],"location":{"line":347,"column":5},"meta":{}},{"ancestorTitles":["Profile API","/api/profiles/:userId PATCH"],"fullName":"Profile API /api/profiles/:userId PATCH should return 401 for no auth token on header","status":"passed","title":"should return 401 for no auth token on header","duration":2.8726999999998952,"failureMessages":[],"location":{"line":398,"column":5},"meta":{}},{"ancestorTitles":["Profile API","/api/profiles/:userId PATCH"],"fullName":"Profile API /api/profiles/:userId PATCH should return 500 for unconfigured JWT","status":"passed","title":"should return 500 for unconfigured JWT","duration":2.7427999999999884,"failureMessages":[],"location":{"line":409,"column":5},"meta":{}},{"ancestorTitles":["Profile API","/api/profiles/:userId PATCH"],"fullName":"Profile API /api/profiles/:userId PATCH should return 401 for JWT verification error","status":"passed","title":"should return 401 for JWT verification error","duration":2.7682000000004336,"failureMessages":[],"location":{"line":422,"column":5},"meta":{}},{"ancestorTitles":["Profile API","/api/profiles/:userId PATCH"],"fullName":"Profile API /api/profiles/:userId PATCH should return 500 for unknown error JWT","status":"passed","title":"should return 500 for unknown error JWT","duration":2.89850000000024,"failureMessages":[],"location":{"line":436,"column":5},"meta":{}},{"ancestorTitles":["Profile API","/api/profiles/:userId PATCH"],"fullName":"Profile API /api/profiles/:userId PATCH should return 400 for missing userId on params","status":"passed","title":"should return 400 for missing userId on params","duration":121.4363999999996,"failureMessages":[],"location":{"line":450,"column":5},"meta":{}},{"ancestorTitles":["Profile API","/api/profiles/:userId PATCH"],"fullName":"Profile API /api/profiles/:userId PATCH should return 400 for missing profileData in body","status":"passed","title":"should return 400 for missing profileData in body","duration":67.45200000000023,"failureMessages":[],"location":{"line":464,"column":5},"meta":{}},{"ancestorTitles":["Profile API","/api/profiles/:userId PATCH"],"fullName":"Profile API /api/profiles/:userId PATCH should return 500 for error during getting profile","status":"passed","title":"should return 500 for error during getting profile","duration":62.06790000000001,"failureMessages":[],"location":{"line":479,"column":5},"meta":{}},{"ancestorTitles":["Profile API","/api/profiles/:userId PATCH"],"fullName":"Profile API /api/profiles/:userId PATCH should return 404 for missing profile for userId","status":"passed","title":"should return 404 for missing profile for userId","duration":57.68080000000009,"failureMessages":[],"location":{"line":511,"column":5},"meta":{}},{"ancestorTitles":["Profile API","/api/profiles/:userId PATCH"],"fullName":"Profile API /api/profiles/:userId PATCH should return 500 for error with updating profile","status":"passed","title":"should return 500 for error with updating profile","duration":59.65859999999975,"failureMessages":[],"location":{"line":543,"column":5},"meta":{}},{"ancestorTitles":["Profile API","/api/profiles/:userId PATCH"],"fullName":"Profile API /api/profiles/:userId PATCH should return 200 for successfully updating profile","status":"passed","title":"should return 200 for successfully updating profile","duration":64.76690000000053,"failureMessages":[],"location":{"line":591,"column":5},"meta":{}},{"ancestorTitles":["Profile API","/api/profiles/passwords/:userId"],"fullName":"Profile API /api/profiles/passwords/:userId should return 401 for no auth token on header","status":"passed","title":"should return 401 for no auth token on header","duration":6.022699999999531,"failureMessages":[],"location":{"line":659,"column":5},"meta":{}},{"ancestorTitles":["Profile API","/api/profiles/passwords/:userId"],"fullName":"Profile API /api/profiles/passwords/:userId should return 500 for unconfigured JWT","status":"passed","title":"should return 500 for unconfigured JWT","duration":4.805400000000191,"failureMessages":[],"location":{"line":670,"column":5},"meta":{}},{"ancestorTitles":["Profile API","/api/profiles/passwords/:userId"],"fullName":"Profile API /api/profiles/passwords/:userId should return 401 for JWT verification error","status":"passed","title":"should return 401 for JWT verification error","duration":3.6414999999997235,"failureMessages":[],"location":{"line":683,"column":5},"meta":{}},{"ancestorTitles":["Profile API","/api/profiles/passwords/:userId"],"fullName":"Profile API /api/profiles/passwords/:userId should return 500 for unknown error JWT","status":"passed","title":"should return 500 for unknown error JWT","duration":3.636700000000019,"failureMessages":[],"location":{"line":697,"column":5},"meta":{}},{"ancestorTitles":["Profile API","/api/profiles/passwords/:userId"],"fullName":"Profile API /api/profiles/passwords/:userId should return 400 for userId missing from params","status":"passed","title":"should return 400 for userId missing from params","duration":67.8139000000001,"failureMessages":[],"location":{"line":711,"column":5},"meta":{}},{"ancestorTitles":["Profile API","/api/profiles/passwords/:userId"],"fullName":"Profile API /api/profiles/passwords/:userId should return 400 for missing newPassword","status":"passed","title":"should return 400 for missing newPassword","duration":60.97679999999946,"failureMessages":[],"location":{"line":725,"column":5},"meta":{}},{"ancestorTitles":["Profile API","/api/profiles/passwords/:userId"],"fullName":"Profile API /api/profiles/passwords/:userId should return 400 for missing currentPassword","status":"passed","title":"should return 400 for missing currentPassword","duration":51.84190000000035,"failureMessages":[],"location":{"line":742,"column":5},"meta":{}},{"ancestorTitles":["Profile API","/api/profiles/passwords/:userId"],"fullName":"Profile API /api/profiles/passwords/:userId should return 400 for non string currentPassword","status":"passed","title":"should return 400 for non string currentPassword","duration":48.415899999999965,"failureMessages":[],"location":{"line":759,"column":5},"meta":{}},{"ancestorTitles":["Profile API","/api/profiles/passwords/:userId"],"fullName":"Profile API /api/profiles/passwords/:userId should return 400 for non string currentPassword","status":"passed","title":"should return 400 for non string currentPassword","duration":57.290899999999965,"failureMessages":[],"location":{"line":777,"column":5},"meta":{}},{"ancestorTitles":["Profile API","/api/profiles/passwords/:userId"],"fullName":"Profile API /api/profiles/passwords/:userId should return 500 for unknown error during getting user","status":"passed","title":"should return 500 for unknown error during getting user","duration":67.44799999999941,"failureMessages":[],"location":{"line":795,"column":5},"meta":{}},{"ancestorTitles":["Profile API","/api/profiles/passwords/:userId"],"fullName":"Profile API /api/profiles/passwords/:userId should return 404 for unknown user","status":"passed","title":"should return 404 for unknown user","duration":67.18309999999929,"failureMessages":[],"location":{"line":814,"column":5},"meta":{}},{"ancestorTitles":["Profile API","/api/profiles/passwords/:userId"],"fullName":"Profile API /api/profiles/passwords/:userId should return 401 for invalid currentPassword","status":"passed","title":"should return 401 for invalid currentPassword","duration":57.67879999999968,"failureMessages":[],"location":{"line":833,"column":5},"meta":{}},{"ancestorTitles":["Profile API","/api/profiles/passwords/:userId"],"fullName":"Profile API /api/profiles/passwords/:userId should return 500 for failed password update","status":"passed","title":"should return 500 for failed password update","duration":62.17860000000019,"failureMessages":[],"location":{"line":864,"column":5},"meta":{}},{"ancestorTitles":["Profile API","/api/profiles/passwords/:userId"],"fullName":"Profile API /api/profiles/passwords/:userId should return 200 for successful password update","status":"passed","title":"should return 200 for successful password update","duration":56.75839999999971,"failureMessages":[],"location":{"line":896,"column":5},"meta":{}}],"startTime":1754098972171,"endTime":1754098974711.7583,"status":"passed","message":"","name":"D:/Uni/C455/Project/team10/server/src/tests/integration/profile.test.ts"},{"assertionResults":[{"ancestorTitles":["SearchHistory Service","getOrCreateSearchHistory"],"fullName":"SearchHistory Service getOrCreateSearchHistory should return existing search history for user","status":"passed","title":"should return existing search history for user","duration":12.797000000000025,"failureMessages":[],"location":{"line":13,"column":5},"meta":{}},{"ancestorTitles":["SearchHistory Service","getOrCreateSearchHistory"],"fullName":"SearchHistory Service getOrCreateSearchHistory should create new search history for new user","status":"passed","title":"should create new search history for new user","duration":2.031300000000101,"failureMessages":[],"location":{"line":29,"column":5},"meta":{}},{"ancestorTitles":["SearchHistory Service","getOrCreateSearchHistory"],"fullName":"SearchHistory Service getOrCreateSearchHistory should throw error for database failure","status":"passed","title":"should throw error for database failure","duration":1.6278000000002066,"failureMessages":[],"location":{"line":45,"column":5},"meta":{}},{"ancestorTitles":["SearchHistory Service","addSearchTerm"],"fullName":"SearchHistory Service addSearchTerm should add new search term to existing history","status":"passed","title":"should add new search term to existing history","duration":1.9336999999995896,"failureMessages":[],"location":{"line":58,"column":5},"meta":{}},{"ancestorTitles":["SearchHistory Service","addSearchTerm"],"fullName":"SearchHistory Service addSearchTerm should enforce 25 search term limit","status":"passed","title":"should enforce 25 search term limit","duration":4.041700000000219,"failureMessages":[],"location":{"line":74,"column":5},"meta":{}},{"ancestorTitles":["SearchHistory Service","addSearchTerm"],"fullName":"SearchHistory Service addSearchTerm should throw error for database failure during add","status":"passed","title":"should throw error for database failure during add","duration":1.5682999999999083,"failureMessages":[],"location":{"line":91,"column":5},"meta":{}},{"ancestorTitles":["SearchHistory Service","getSearchHistory"],"fullName":"SearchHistory Service getSearchHistory should return search terms array for existing user","status":"passed","title":"should return search terms array for existing user","duration":1.8135000000002037,"failureMessages":[],"location":{"line":104,"column":5},"meta":{}},{"ancestorTitles":["SearchHistory Service","getSearchHistory"],"fullName":"SearchHistory Service getSearchHistory should return empty array for user with no search history","status":"passed","title":"should return empty array for user with no search history","duration":2.1194000000000415,"failureMessages":[],"location":{"line":114,"column":5},"meta":{}},{"ancestorTitles":["SearchHistory Service","getSearchHistory"],"fullName":"SearchHistory Service getSearchHistory should throw error for database failure during get","status":"passed","title":"should throw error for database failure during get","duration":3.309099999999944,"failureMessages":[],"location":{"line":122,"column":5},"meta":{}},{"ancestorTitles":["SearchHistory Service","Edge Cases"],"fullName":"SearchHistory Service Edge Cases should handle special characters in search terms","status":"passed","title":"should handle special characters in search terms","duration":10.549800000000232,"failureMessages":[],"location":{"line":135,"column":5},"meta":{}},{"ancestorTitles":["SearchHistory Service","Edge Cases"],"fullName":"SearchHistory Service Edge Cases should handle unicode characters in search terms","status":"passed","title":"should handle unicode characters in search terms","duration":0.944300000000112,"failureMessages":[],"location":{"line":152,"column":5},"meta":{}}],"startTime":1754098971383,"endTime":1754098971431.9443,"status":"passed","message":"","name":"D:/Uni/C455/Project/team10/server/src/tests/integration/searchHistory.test.ts"}]}