{"numTotalTestSuites":7,"numPassedTestSuites":7,"numFailedTestSuites":0,"numPendingTestSuites":0,"numTotalTests":44,"numPassedTests":44,"numFailedTests":0,"numPendingTests":0,"numTodoTests":0,"snapshot":{"added":0,"failure":false,"filesAdded":0,"filesRemoved":0,"filesRemovedList":[],"filesUnmatched":0,"filesUpdated":0,"matched":0,"total":0,"unchecked":0,"uncheckedKeysByFile":[],"unmatched":0,"updated":0,"didUpdate":false},"startTime":1753943170622,"success":true,"testResults":[{"assertionResults":[{"ancestorTitles":["Profile API","/api/profiles/verify/:token GET"],"fullName":"Profile API /api/profiles/verify/:token GET should return 400 for missing token","status":"passed","title":"should return 400 for missing token","duration":10.809082999999987,"failureMessages":[],"location":{"line":27,"column":5},"meta":{}},{"ancestorTitles":["Profile API","/api/profiles/verify/:token GET"],"fullName":"Profile API /api/profiles/verify/:token GET should return 500 for failing to get user","status":"passed","title":"should return 500 for failing to get user","duration":2.894457999999986,"failureMessages":[],"location":{"line":39,"column":5},"meta":{}},{"ancestorTitles":["Profile API","/api/profiles/verify/:token GET"],"fullName":"Profile API /api/profiles/verify/:token GET should return 404 for not finding valid user","status":"passed","title":"should return 404 for not finding valid user","duration":1.302000000000021,"failureMessages":[],"location":{"line":52,"column":5},"meta":{}},{"ancestorTitles":["Profile API","/api/profiles/verify/:token GET"],"fullName":"Profile API /api/profiles/verify/:token GET should return 500 for failing to verify email","status":"passed","title":"should return 500 for failing to verify email","duration":1.3183750000000032,"failureMessages":[],"location":{"line":65,"column":5},"meta":{}},{"ancestorTitles":["Profile API","/api/profiles/verify/:token GET"],"fullName":"Profile API /api/profiles/verify/:token GET should return 200 for successfully verifying email","status":"passed","title":"should return 200 for successfully verifying email","duration":1.5623749999999745,"failureMessages":[],"location":{"line":89,"column":5},"meta":{}},{"ancestorTitles":["Profile API","/api/profiles/resend-verification POST"],"fullName":"Profile API /api/profiles/resend-verification POST should return 400 for missing email","status":"passed","title":"should return 400 for missing email","duration":6.52795900000001,"failureMessages":[],"location":{"line":115,"column":5},"meta":{}},{"ancestorTitles":["Profile API","/api/profiles/resend-verification POST"],"fullName":"Profile API /api/profiles/resend-verification POST should return 400 for non string email","status":"passed","title":"should return 400 for non string email","duration":1.2080000000000268,"failureMessages":[],"location":{"line":127,"column":5},"meta":{}},{"ancestorTitles":["Profile API","/api/profiles/resend-verification POST"],"fullName":"Profile API /api/profiles/resend-verification POST should return 500 for unknown error while getting user","status":"passed","title":"should return 500 for unknown error while getting user","duration":1.0173340000000053,"failureMessages":[],"location":{"line":139,"column":5},"meta":{}},{"ancestorTitles":["Profile API","/api/profiles/resend-verification POST"],"fullName":"Profile API /api/profiles/resend-verification POST should return 404 for unknown user","status":"passed","title":"should return 404 for unknown user","duration":2.8198750000000246,"failureMessages":[],"location":{"line":153,"column":5},"meta":{}},{"ancestorTitles":["Profile API","/api/profiles/resend-verification POST"],"fullName":"Profile API /api/profiles/resend-verification POST should return 400 for user with verified email","status":"passed","title":"should return 400 for user with verified email","duration":1.5120000000000005,"failureMessages":[],"location":{"line":167,"column":5},"meta":{}},{"ancestorTitles":["Profile API","/api/profiles/resend-verification POST"],"fullName":"Profile API /api/profiles/resend-verification POST should return 500 for unknown error during resending verification email","status":"passed","title":"should return 500 for unknown error during resending verification email","duration":0.9757079999999974,"failureMessages":[],"location":{"line":188,"column":5},"meta":{}},{"ancestorTitles":["Profile API","/api/profiles/resend-verification POST"],"fullName":"Profile API /api/profiles/resend-verification POST should return 200 for successfully resending email","status":"passed","title":"should return 200 for successfully resending email","duration":1.0504159999999843,"failureMessages":[],"location":{"line":210,"column":5},"meta":{}},{"ancestorTitles":["Profile API","/api/profiles/:userId GET"],"fullName":"Profile API /api/profiles/:userId GET should return 401 for no auth token on header","status":"passed","title":"should return 401 for no auth token on header","duration":0.8385420000000181,"failureMessages":[],"location":{"line":251,"column":5},"meta":{}},{"ancestorTitles":["Profile API","/api/profiles/:userId GET"],"fullName":"Profile API /api/profiles/:userId GET should return 500 for unconfigured JWT","status":"passed","title":"should return 500 for unconfigured JWT","duration":0.7767499999999927,"failureMessages":[],"location":{"line":262,"column":5},"meta":{}},{"ancestorTitles":["Profile API","/api/profiles/:userId GET"],"fullName":"Profile API /api/profiles/:userId GET should return 401 for JWT verification error","status":"passed","title":"should return 401 for JWT verification error","duration":0.7902090000000044,"failureMessages":[],"location":{"line":275,"column":5},"meta":{}},{"ancestorTitles":["Profile API","/api/profiles/:userId GET"],"fullName":"Profile API /api/profiles/:userId GET should return 500 for unknown error JWT","status":"passed","title":"should return 500 for unknown error JWT","duration":0.7345419999999763,"failureMessages":[],"location":{"line":289,"column":5},"meta":{}},{"ancestorTitles":["Profile API","/api/profiles/:userId GET"],"fullName":"Profile API /api/profiles/:userId GET should return 400 for missing userId on params","status":"passed","title":"should return 400 for missing userId on params","duration":0.9200000000000159,"failureMessages":[],"location":{"line":303,"column":5},"meta":{}},{"ancestorTitles":["Profile API","/api/profiles/:userId GET"],"fullName":"Profile API /api/profiles/:userId GET should return 500 for error during getting profile","status":"passed","title":"should return 500 for error during getting profile","duration":1.360416999999984,"failureMessages":[],"location":{"line":317,"column":5},"meta":{}},{"ancestorTitles":["Profile API","/api/profiles/:userId GET"],"fullName":"Profile API /api/profiles/:userId GET should return 404 for missing profile for userId","status":"passed","title":"should return 404 for missing profile for userId","duration":1.011000000000024,"failureMessages":[],"location":{"line":332,"column":5},"meta":{}},{"ancestorTitles":["Profile API","/api/profiles/:userId GET"],"fullName":"Profile API /api/profiles/:userId GET should return 200 for successfully getting profile","status":"passed","title":"should return 200 for successfully getting profile","duration":1.0170840000000112,"failureMessages":[],"location":{"line":347,"column":5},"meta":{}},{"ancestorTitles":["Profile API","/api/profiles/:userId PATCH"],"fullName":"Profile API /api/profiles/:userId PATCH should return 401 for no auth token on header","status":"passed","title":"should return 401 for no auth token on header","duration":0.652499999999975,"failureMessages":[],"location":{"line":396,"column":5},"meta":{}},{"ancestorTitles":["Profile API","/api/profiles/:userId PATCH"],"fullName":"Profile API /api/profiles/:userId PATCH should return 500 for unconfigured JWT","status":"passed","title":"should return 500 for unconfigured JWT","duration":0.5736249999999927,"failureMessages":[],"location":{"line":407,"column":5},"meta":{}},{"ancestorTitles":["Profile API","/api/profiles/:userId PATCH"],"fullName":"Profile API /api/profiles/:userId PATCH should return 401 for JWT verification error","status":"passed","title":"should return 401 for JWT verification error","duration":0.6299579999999878,"failureMessages":[],"location":{"line":420,"column":5},"meta":{}},{"ancestorTitles":["Profile API","/api/profiles/:userId PATCH"],"fullName":"Profile API /api/profiles/:userId PATCH should return 500 for unknown error JWT","status":"passed","title":"should return 500 for unknown error JWT","duration":0.6505839999999807,"failureMessages":[],"location":{"line":434,"column":5},"meta":{}},{"ancestorTitles":["Profile API","/api/profiles/:userId PATCH"],"fullName":"Profile API /api/profiles/:userId PATCH should return 400 for missing userId on params","status":"passed","title":"should return 400 for missing userId on params","duration":0.7382500000000505,"failureMessages":[],"location":{"line":448,"column":5},"meta":{}},{"ancestorTitles":["Profile API","/api/profiles/:userId PATCH"],"fullName":"Profile API /api/profiles/:userId PATCH should return 400 for missing profileData in body","status":"passed","title":"should return 400 for missing profileData in body","duration":0.6649590000000103,"failureMessages":[],"location":{"line":462,"column":5},"meta":{}},{"ancestorTitles":["Profile API","/api/profiles/:userId PATCH"],"fullName":"Profile API /api/profiles/:userId PATCH should return 500 for error during getting profile","status":"passed","title":"should return 500 for error during getting profile","duration":1.5217499999999973,"failureMessages":[],"location":{"line":477,"column":5},"meta":{}},{"ancestorTitles":["Profile API","/api/profiles/:userId PATCH"],"fullName":"Profile API /api/profiles/:userId PATCH should return 404 for missing profile for userId","status":"passed","title":"should return 404 for missing profile for userId","duration":3.557542000000012,"failureMessages":[],"location":{"line":508,"column":5},"meta":{}},{"ancestorTitles":["Profile API","/api/profiles/:userId PATCH"],"fullName":"Profile API /api/profiles/:userId PATCH should return 500 for error with updating profile","status":"passed","title":"should return 500 for error with updating profile","duration":1.63658300000003,"failureMessages":[],"location":{"line":539,"column":5},"meta":{}},{"ancestorTitles":["Profile API","/api/profiles/:userId PATCH"],"fullName":"Profile API /api/profiles/:userId PATCH should return 200 for successfully updating profile","status":"passed","title":"should return 200 for successfully updating profile","duration":1.0820420000000013,"failureMessages":[],"location":{"line":586,"column":5},"meta":{}},{"ancestorTitles":["Profile API","/api/profiles/passwords/:userId"],"fullName":"Profile API /api/profiles/passwords/:userId should return 401 for no auth token on header","status":"passed","title":"should return 401 for no auth token on header","duration":0.5664170000000013,"failureMessages":[],"location":{"line":653,"column":5},"meta":{}},{"ancestorTitles":["Profile API","/api/profiles/passwords/:userId"],"fullName":"Profile API /api/profiles/passwords/:userId should return 500 for unconfigured JWT","status":"passed","title":"should return 500 for unconfigured JWT","duration":0.5507089999999835,"failureMessages":[],"location":{"line":664,"column":5},"meta":{}},{"ancestorTitles":["Profile API","/api/profiles/passwords/:userId"],"fullName":"Profile API /api/profiles/passwords/:userId should return 401 for JWT verification error","status":"passed","title":"should return 401 for JWT verification error","duration":0.6802920000000086,"failureMessages":[],"location":{"line":677,"column":5},"meta":{}},{"ancestorTitles":["Profile API","/api/profiles/passwords/:userId"],"fullName":"Profile API /api/profiles/passwords/:userId should return 500 for unknown error JWT","status":"passed","title":"should return 500 for unknown error JWT","duration":0.6063750000000141,"failureMessages":[],"location":{"line":691,"column":5},"meta":{}},{"ancestorTitles":["Profile API","/api/profiles/passwords/:userId"],"fullName":"Profile API /api/profiles/passwords/:userId should return 400 for userId missing from params","status":"passed","title":"should return 400 for userId missing from params","duration":1.044667000000004,"failureMessages":[],"location":{"line":705,"column":5},"meta":{}},{"ancestorTitles":["Profile API","/api/profiles/passwords/:userId"],"fullName":"Profile API /api/profiles/passwords/:userId should return 400 for missing newPassword","status":"passed","title":"should return 400 for missing newPassword","duration":1.3609159999999747,"failureMessages":[],"location":{"line":717,"column":5},"meta":{}},{"ancestorTitles":["Profile API","/api/profiles/passwords/:userId"],"fullName":"Profile API /api/profiles/passwords/:userId should return 400 for missing currentPassword","status":"passed","title":"should return 400 for missing currentPassword","duration":0.9534590000000094,"failureMessages":[],"location":{"line":732,"column":5},"meta":{}},{"ancestorTitles":["Profile API","/api/profiles/passwords/:userId"],"fullName":"Profile API /api/profiles/passwords/:userId should return 400 for non string currentPassword","status":"passed","title":"should return 400 for non string currentPassword","duration":0.8359169999999949,"failureMessages":[],"location":{"line":747,"column":5},"meta":{}},{"ancestorTitles":["Profile API","/api/profiles/passwords/:userId"],"fullName":"Profile API /api/profiles/passwords/:userId should return 400 for non string currentPassword","status":"passed","title":"should return 400 for non string currentPassword","duration":0.8593330000000492,"failureMessages":[],"location":{"line":763,"column":5},"meta":{}},{"ancestorTitles":["Profile API","/api/profiles/passwords/:userId"],"fullName":"Profile API /api/profiles/passwords/:userId should return 500 for unknown error during getting user","status":"passed","title":"should return 500 for unknown error during getting user","duration":0.9362919999999804,"failureMessages":[],"location":{"line":779,"column":5},"meta":{}},{"ancestorTitles":["Profile API","/api/profiles/passwords/:userId"],"fullName":"Profile API /api/profiles/passwords/:userId should return 404 for unknown user","status":"passed","title":"should return 404 for unknown user","duration":1.0532089999999812,"failureMessages":[],"location":{"line":796,"column":5},"meta":{}},{"ancestorTitles":["Profile API","/api/profiles/passwords/:userId"],"fullName":"Profile API /api/profiles/passwords/:userId should return 401 for invalid currentPassword","status":"passed","title":"should return 401 for invalid currentPassword","duration":1.192625000000021,"failureMessages":[],"location":{"line":813,"column":5},"meta":{}},{"ancestorTitles":["Profile API","/api/profiles/passwords/:userId"],"fullName":"Profile API /api/profiles/passwords/:userId should return 500 for failed password update","status":"passed","title":"should return 500 for failed password update","duration":1.1934579999999642,"failureMessages":[],"location":{"line":843,"column":5},"meta":{}},{"ancestorTitles":["Profile API","/api/profiles/passwords/:userId"],"fullName":"Profile API /api/profiles/passwords/:userId should return 200 for successful password update","status":"passed","title":"should return 200 for successful password update","duration":1.032166000000018,"failureMessages":[],"location":{"line":874,"column":5},"meta":{}}],"startTime":1753943171047,"endTime":1753943171112.0322,"status":"passed","message":"","name":"/Users/christang/Documents/team10/server/src/tests/integration/profile.test.ts"}]}