{"numTotalTestSuites":27,"numPassedTestSuites":27,"numFailedTestSuites":0,"numPendingTestSuites":0,"numTotalTests":100,"numPassedTests":100,"numFailedTests":0,"numPendingTests":0,"numTodoTests":0,"snapshot":{"added":0,"failure":false,"filesAdded":0,"filesRemoved":0,"filesRemovedList":[],"filesUnmatched":0,"filesUpdated":0,"matched":0,"total":0,"unchecked":0,"uncheckedKeysByFile":[],"unmatched":0,"updated":0,"didUpdate":false},"startTime":1754098803422,"success":true,"testResults":[{"assertionResults":[{"ancestorTitles":["Auth API","/api/auth/register POST"],"fullName":"Auth API /api/auth/register POST should return 400 for missing name","status":"passed","title":"should return 400 for missing name","duration":77.1889000000001,"failureMessages":[],"location":{"line":27,"column":5},"meta":{}},{"ancestorTitles":["Auth API","/api/auth/register POST"],"fullName":"Auth API /api/auth/register POST should return 400 for missing email","status":"passed","title":"should return 400 for missing email","duration":12.939699999999903,"failureMessages":[],"location":{"line":42,"column":5},"meta":{}},{"ancestorTitles":["Auth API","/api/auth/register POST"],"fullName":"Auth API /api/auth/register POST should return 400 for missing password","status":"passed","title":"should return 400 for missing password","duration":9.224300000000312,"failureMessages":[],"location":{"line":57,"column":5},"meta":{}},{"ancestorTitles":["Auth API","/api/auth/register POST"],"fullName":"Auth API /api/auth/register POST should return 400 for non string name","status":"passed","title":"should return 400 for non string name","duration":8.859199999999873,"failureMessages":[],"location":{"line":72,"column":5},"meta":{}},{"ancestorTitles":["Auth API","/api/auth/register POST"],"fullName":"Auth API /api/auth/register POST should return 400 for non string email","status":"passed","title":"should return 400 for non string email","duration":13.384599999999864,"failureMessages":[],"location":{"line":88,"column":5},"meta":{}},{"ancestorTitles":["Auth API","/api/auth/register POST"],"fullName":"Auth API /api/auth/register POST should return 400 for non string password","status":"passed","title":"should return 400 for non string password","duration":9.551899999999932,"failureMessages":[],"location":{"line":104,"column":5},"meta":{}},{"ancestorTitles":["Auth API","/api/auth/register POST"],"fullName":"Auth API /api/auth/register POST should return 500 for failed email validation","status":"passed","title":"should return 500 for failed email validation","duration":13.869799999999941,"failureMessages":[],"location":{"line":120,"column":5},"meta":{}},{"ancestorTitles":["Auth API","/api/auth/register POST"],"fullName":"Auth API /api/auth/register POST should return 400 for existing account","status":"passed","title":"should return 400 for existing account","duration":10.1850000000004,"failureMessages":[],"location":{"line":138,"column":5},"meta":{}},{"ancestorTitles":["Auth API","/api/auth/register POST"],"fullName":"Auth API /api/auth/register POST should return 500 for failed register","status":"passed","title":"should return 500 for failed register","duration":19.685500000000047,"failureMessages":[],"location":{"line":162,"column":5},"meta":{}},{"ancestorTitles":["Auth API","/api/auth/register POST"],"fullName":"Auth API /api/auth/register POST should return 201 on successful register","status":"passed","title":"should return 201 on successful register","duration":11.942799999999806,"failureMessages":[],"location":{"line":181,"column":5},"meta":{}},{"ancestorTitles":["Auth API","/api/auth/login POST"],"fullName":"Auth API /api/auth/login POST should return 400 for missing email","status":"passed","title":"should return 400 for missing email","duration":8.115600000000086,"failureMessages":[],"location":{"line":218,"column":5},"meta":{}},{"ancestorTitles":["Auth API","/api/auth/login POST"],"fullName":"Auth API /api/auth/login POST should return 400 for missing password","status":"passed","title":"should return 400 for missing password","duration":8.132799999999861,"failureMessages":[],"location":{"line":232,"column":5},"meta":{}},{"ancestorTitles":["Auth API","/api/auth/login POST"],"fullName":"Auth API /api/auth/login POST should return 400 for non string email","status":"passed","title":"should return 400 for non string email","duration":6.781900000000405,"failureMessages":[],"location":{"line":246,"column":5},"meta":{}},{"ancestorTitles":["Auth API","/api/auth/login POST"],"fullName":"Auth API /api/auth/login POST should return 400 for non string password","status":"passed","title":"should return 400 for non string password","duration":5.102300000000014,"failureMessages":[],"location":{"line":261,"column":5},"meta":{}},{"ancestorTitles":["Auth API","/api/auth/login POST"],"fullName":"Auth API /api/auth/login POST should return 401 for bad email","status":"passed","title":"should return 401 for bad email","duration":6.4164999999998145,"failureMessages":[],"location":{"line":276,"column":5},"meta":{}},{"ancestorTitles":["Auth API","/api/auth/login POST"],"fullName":"Auth API /api/auth/login POST should return 401 for unverified email","status":"passed","title":"should return 401 for unverified email","duration":9.965200000000095,"failureMessages":[],"location":{"line":292,"column":5},"meta":{}},{"ancestorTitles":["Auth API","/api/auth/login POST"],"fullName":"Auth API /api/auth/login POST should return 500 for unknown error during login","status":"passed","title":"should return 500 for unknown error during login","duration":8.092000000000098,"failureMessages":[],"location":{"line":314,"column":5},"meta":{}},{"ancestorTitles":["Auth API","/api/auth/login POST"],"fullName":"Auth API /api/auth/login POST should return 200 with token and user for successful login","status":"passed","title":"should return 200 with token and user for successful login","duration":6.510499999999865,"failureMessages":[],"location":{"line":339,"column":5},"meta":{}}],"startTime":1754098806274,"endTime":1754098806521.5105,"status":"passed","message":"","name":"D:/Uni/C455/Project/team10/server/src/tests/integration/auth.test.ts"},{"assertionResults":[{"ancestorTitles":["Chatbot API","/api/chatbot POST"],"fullName":"Chatbot API /api/chatbot POST should return 401 for no auth token on header","status":"passed","title":"should return 401 for no auth token on header","duration":38.1572000000001,"failureMessages":[],"location":{"line":47,"column":5},"meta":{}},{"ancestorTitles":["Chatbot API","/api/chatbot POST"],"fullName":"Chatbot API /api/chatbot POST returns 400 code for missing message","status":"passed","title":"returns 400 code for missing message","duration":818.3155000000002,"failureMessages":[],"location":{"line":60,"column":5},"meta":{}},{"ancestorTitles":["Chatbot API","/api/chatbot POST"],"fullName":"Chatbot API /api/chatbot POST returns 400 code for wrong data type","status":"passed","title":"returns 400 code for wrong data type","duration":61.831199999999626,"failureMessages":[],"location":{"line":71,"column":5},"meta":{}},{"ancestorTitles":["Chatbot API","/api/chatbot POST"],"fullName":"Chatbot API /api/chatbot POST returns 400 code for empty message","status":"passed","title":"returns 400 code for empty message","duration":52.6259,"failureMessages":[],"location":{"line":82,"column":5},"meta":{}},{"ancestorTitles":["Chatbot API","/api/chatbot POST"],"fullName":"Chatbot API /api/chatbot POST returns 500 code for failed chatbot API call","status":"passed","title":"returns 500 code for failed chatbot API call","duration":56.805099999999584,"failureMessages":[],"location":{"line":93,"column":5},"meta":{}},{"ancestorTitles":["Chatbot API","/api/chatbot POST"],"fullName":"Chatbot API /api/chatbot POST returns 200 code for working chatbot API without products","status":"passed","title":"returns 200 code for working chatbot API without products","duration":58.07899999999972,"failureMessages":[],"location":{"line":105,"column":5},"meta":{}},{"ancestorTitles":["Chatbot API","/api/chatbot POST"],"fullName":"Chatbot API /api/chatbot POST returns 200 code for working chatbot API","status":"passed","title":"returns 200 code for working chatbot API","duration":55.074500000000626,"failureMessages":[],"location":{"line":124,"column":5},"meta":{}}],"startTime":1754098807025,"endTime":1754098808166.0745,"status":"passed","message":"","name":"D:/Uni/C455/Project/team10/server/src/tests/integration/chatbot.test.ts"},{"assertionResults":[{"ancestorTitles":["Chat API","/api/chats POST"],"fullName":"Chat API /api/chats POST should return 401 for no auth token on header","status":"passed","title":"should return 401 for no auth token on header","duration":43.463300000000345,"failureMessages":[],"location":{"line":36,"column":5},"meta":{}},{"ancestorTitles":["Chat API","/api/chats POST"],"fullName":"Chat API /api/chats POST should return 500 for unconfigured JWT","status":"passed","title":"should return 500 for unconfigured JWT","duration":10.625300000000152,"failureMessages":[],"location":{"line":47,"column":5},"meta":{}},{"ancestorTitles":["Chat API","/api/chats POST"],"fullName":"Chat API /api/chats POST should return 401 for JWT verification error","status":"passed","title":"should return 401 for JWT verification error","duration":14.216999999999643,"failureMessages":[],"location":{"line":60,"column":5},"meta":{}},{"ancestorTitles":["Chat API","/api/chats POST"],"fullName":"Chat API /api/chats POST should return 500 for unknown error JWT","status":"passed","title":"should return 500 for unknown error JWT","duration":12.812400000000252,"failureMessages":[],"location":{"line":74,"column":5},"meta":{}},{"ancestorTitles":["Chat API","/api/chats POST"],"fullName":"Chat API /api/chats POST should return 400 for missing messages","status":"passed","title":"should return 400 for missing messages","duration":1220.0270999999998,"failureMessages":[],"location":{"line":88,"column":5},"meta":{}},{"ancestorTitles":["Chat API","/api/chats POST"],"fullName":"Chat API /api/chats POST should return 400 for missing email","status":"passed","title":"should return 400 for missing email","duration":59.10009999999966,"failureMessages":[],"location":{"line":105,"column":5},"meta":{}},{"ancestorTitles":["Chat API","/api/chats POST"],"fullName":"Chat API /api/chats POST should return 400 for non string email","status":"passed","title":"should return 400 for non string email","duration":58.59220000000005,"failureMessages":[],"location":{"line":131,"column":5},"meta":{}},{"ancestorTitles":["Chat API","/api/chats POST"],"fullName":"Chat API /api/chats POST should return 400 for non array messages","status":"passed","title":"should return 400 for non array messages","duration":57.085799999999836,"failureMessages":[],"location":{"line":158,"column":5},"meta":{}},{"ancestorTitles":["Chat API","/api/chats POST"],"fullName":"Chat API /api/chats POST should return 400 for missing text in messages","status":"passed","title":"should return 400 for missing text in messages","duration":58.46989999999914,"failureMessages":[],"location":{"line":176,"column":5},"meta":{}},{"ancestorTitles":["Chat API","/api/chats POST"],"fullName":"Chat API /api/chats POST should return 400 for missing speaker in messages","status":"passed","title":"should return 400 for missing speaker in messages","duration":53.72929999999997,"failureMessages":[],"location":{"line":202,"column":5},"meta":{}},{"ancestorTitles":["Chat API","/api/chats POST"],"fullName":"Chat API /api/chats POST should return 400 for invalid speaker in messages","status":"passed","title":"should return 400 for invalid speaker in messages","duration":56.400400000000445,"failureMessages":[],"location":{"line":228,"column":5},"meta":{}},{"ancestorTitles":["Chat API","/api/chats POST"],"fullName":"Chat API /api/chats POST should return 400 for non string text in messages","status":"passed","title":"should return 400 for non string text in messages","duration":74.6234000000004,"failureMessages":[],"location":{"line":255,"column":5},"meta":{}},{"ancestorTitles":["Chat API","/api/chats POST"],"fullName":"Chat API /api/chats POST should return 500 for failed save chat","status":"passed","title":"should return 500 for failed save chat","duration":66.15830000000005,"failureMessages":[],"location":{"line":282,"column":5},"meta":{}},{"ancestorTitles":["Chat API","/api/chats POST"],"fullName":"Chat API /api/chats POST should return 201 for working save chat","status":"passed","title":"should return 201 for working save chat","duration":63.10289999999986,"failureMessages":[],"location":{"line":310,"column":5},"meta":{}},{"ancestorTitles":["Chat API","/api/chats GET"],"fullName":"Chat API /api/chats GET should return 401 for no auth token on header","status":"passed","title":"should return 401 for no auth token on header","duration":5.115899999999783,"failureMessages":[],"location":{"line":357,"column":6},"meta":{}},{"ancestorTitles":["Chat API","/api/chats GET"],"fullName":"Chat API /api/chats GET should return 500 for unconfigured JWT","status":"passed","title":"should return 500 for unconfigured JWT","duration":3.2157999999999447,"failureMessages":[],"location":{"line":368,"column":5},"meta":{}},{"ancestorTitles":["Chat API","/api/chats GET"],"fullName":"Chat API /api/chats GET should return 401 for JWT verification error","status":"passed","title":"should return 401 for JWT verification error","duration":3.5393000000003667,"failureMessages":[],"location":{"line":381,"column":5},"meta":{}},{"ancestorTitles":["Chat API","/api/chats GET"],"fullName":"Chat API /api/chats GET should return 500 for unknown error JWT","status":"passed","title":"should return 500 for unknown error JWT","duration":5.421099999999569,"failureMessages":[],"location":{"line":395,"column":5},"meta":{}},{"ancestorTitles":["Chat API","/api/chats GET"],"fullName":"Chat API /api/chats GET should return 400 for missing email on query params","status":"passed","title":"should return 400 for missing email on query params","duration":52.32179999999971,"failureMessages":[],"location":{"line":409,"column":5},"meta":{}},{"ancestorTitles":["Chat API","/api/chats GET"],"fullName":"Chat API /api/chats GET should return 500 for unknown error during fetch","status":"passed","title":"should return 500 for unknown error during fetch","duration":51.29669999999987,"failureMessages":[],"location":{"line":423,"column":5},"meta":{}},{"ancestorTitles":["Chat API","/api/chats GET"],"fullName":"Chat API /api/chats GET should return 200 for successful fetch","status":"passed","title":"should return 200 for successful fetch","duration":52.96020000000044,"failureMessages":[],"location":{"line":438,"column":5},"meta":{}}],"startTime":1754098806202,"endTime":1754098808224.9602,"status":"passed","message":"","name":"D:/Uni/C455/Project/team10/server/src/tests/integration/chats.test.ts"},{"assertionResults":[{"ancestorTitles":["Products API","GET /api/products/search"],"fullName":"Products API GET /api/products/search should return 200 and products for a valid search query","status":"passed","title":"should return 200 and products for a valid search query","duration":82.77439999999979,"failureMessages":[],"location":{"line":21,"column":5},"meta":{}},{"ancestorTitles":["Products API","GET /api/products/search"],"fullName":"Products API GET /api/products/search should return 400 if the search query is missing","status":"passed","title":"should return 400 if the search query is missing","duration":10.619700000000194,"failureMessages":[],"location":{"line":66,"column":5},"meta":{}},{"ancestorTitles":["Products API","GET /api/products/search"],"fullName":"Products API GET /api/products/search should return 500 if the ProductService throws an error","status":"passed","title":"should return 500 if the ProductService throws an error","duration":14.846099999999751,"failureMessages":[],"location":{"line":74,"column":5},"meta":{}}],"startTime":1754098805988,"endTime":1754098806096.8462,"status":"passed","message":"","name":"D:/Uni/C455/Project/team10/server/src/tests/integration/products.test.ts"},{"assertionResults":[{"ancestorTitles":["Profile API","/api/profiles/verify/:token GET"],"fullName":"Profile API /api/profiles/verify/:token GET should return 400 for missing token","status":"passed","title":"should return 400 for missing token","duration":47.96209999999974,"failureMessages":[],"location":{"line":27,"column":5},"meta":{}},{"ancestorTitles":["Profile API","/api/profiles/verify/:token GET"],"fullName":"Profile API /api/profiles/verify/:token GET should return 500 for failing to get user","status":"passed","title":"should return 500 for failing to get user","duration":15.21730000000025,"failureMessages":[],"location":{"line":39,"column":5},"meta":{}},{"ancestorTitles":["Profile API","/api/profiles/verify/:token GET"],"fullName":"Profile API /api/profiles/verify/:token GET should return 404 for not finding valid user","status":"passed","title":"should return 404 for not finding valid user","duration":15.450000000000273,"failureMessages":[],"location":{"line":52,"column":5},"meta":{}},{"ancestorTitles":["Profile API","/api/profiles/verify/:token GET"],"fullName":"Profile API /api/profiles/verify/:token GET should return 500 for failing to verify email","status":"passed","title":"should return 500 for failing to verify email","duration":11.72569999999996,"failureMessages":[],"location":{"line":65,"column":5},"meta":{}},{"ancestorTitles":["Profile API","/api/profiles/verify/:token GET"],"fullName":"Profile API /api/profiles/verify/:token GET should return 200 for successfully verifying email","status":"passed","title":"should return 200 for successfully verifying email","duration":11.959299999999985,"failureMessages":[],"location":{"line":89,"column":5},"meta":{}},{"ancestorTitles":["Profile API","/api/profiles/resend-verification POST"],"fullName":"Profile API /api/profiles/resend-verification POST should return 400 for missing email","status":"passed","title":"should return 400 for missing email","duration":28.24479999999994,"failureMessages":[],"location":{"line":115,"column":5},"meta":{}},{"ancestorTitles":["Profile API","/api/profiles/resend-verification POST"],"fullName":"Profile API /api/profiles/resend-verification POST should return 400 for non string email","status":"passed","title":"should return 400 for non string email","duration":9.439700000000357,"failureMessages":[],"location":{"line":127,"column":5},"meta":{}},{"ancestorTitles":["Profile API","/api/profiles/resend-verification POST"],"fullName":"Profile API /api/profiles/resend-verification POST should return 500 for unknown error while getting user","status":"passed","title":"should return 500 for unknown error while getting user","duration":9.317800000000261,"failureMessages":[],"location":{"line":139,"column":5},"meta":{}},{"ancestorTitles":["Profile API","/api/profiles/resend-verification POST"],"fullName":"Profile API /api/profiles/resend-verification POST should return 404 for unknown user","status":"passed","title":"should return 404 for unknown user","duration":9.368399999999838,"failureMessages":[],"location":{"line":153,"column":5},"meta":{}},{"ancestorTitles":["Profile API","/api/profiles/resend-verification POST"],"fullName":"Profile API /api/profiles/resend-verification POST should return 400 for user with verified email","status":"passed","title":"should return 400 for user with verified email","duration":8.443099999999959,"failureMessages":[],"location":{"line":167,"column":5},"meta":{}},{"ancestorTitles":["Profile API","/api/profiles/resend-verification POST"],"fullName":"Profile API /api/profiles/resend-verification POST should return 500 for unknown error during resending verification email","status":"passed","title":"should return 500 for unknown error during resending verification email","duration":9.88149999999996,"failureMessages":[],"location":{"line":188,"column":5},"meta":{}},{"ancestorTitles":["Profile API","/api/profiles/resend-verification POST"],"fullName":"Profile API /api/profiles/resend-verification POST should return 200 for successfully resending email","status":"passed","title":"should return 200 for successfully resending email","duration":8.954400000000078,"failureMessages":[],"location":{"line":210,"column":5},"meta":{}},{"ancestorTitles":["Profile API","/api/profiles/:userId GET"],"fullName":"Profile API /api/profiles/:userId GET should return 401 for no auth token on header","status":"passed","title":"should return 401 for no auth token on header","duration":7.999499999999898,"failureMessages":[],"location":{"line":251,"column":5},"meta":{}},{"ancestorTitles":["Profile API","/api/profiles/:userId GET"],"fullName":"Profile API /api/profiles/:userId GET should return 500 for unconfigured JWT","status":"passed","title":"should return 500 for unconfigured JWT","duration":7.162800000000061,"failureMessages":[],"location":{"line":262,"column":5},"meta":{}},{"ancestorTitles":["Profile API","/api/profiles/:userId GET"],"fullName":"Profile API /api/profiles/:userId GET should return 401 for JWT verification error","status":"passed","title":"should return 401 for JWT verification error","duration":9.257000000000062,"failureMessages":[],"location":{"line":275,"column":5},"meta":{}},{"ancestorTitles":["Profile API","/api/profiles/:userId GET"],"fullName":"Profile API /api/profiles/:userId GET should return 500 for unknown error JWT","status":"passed","title":"should return 500 for unknown error JWT","duration":6.418599999999969,"failureMessages":[],"location":{"line":289,"column":5},"meta":{}},{"ancestorTitles":["Profile API","/api/profiles/:userId GET"],"fullName":"Profile API /api/profiles/:userId GET should return 400 for missing userId on params","status":"passed","title":"should return 400 for missing userId on params","duration":1036.6181000000006,"failureMessages":[],"location":{"line":303,"column":5},"meta":{}},{"ancestorTitles":["Profile API","/api/profiles/:userId GET"],"fullName":"Profile API /api/profiles/:userId GET should return 500 for error during getting profile","status":"passed","title":"should return 500 for error during getting profile","duration":56.299300000000585,"failureMessages":[],"location":{"line":317,"column":5},"meta":{}},{"ancestorTitles":["Profile API","/api/profiles/:userId GET"],"fullName":"Profile API /api/profiles/:userId GET should return 404 for missing profile for userId","status":"passed","title":"should return 404 for missing profile for userId","duration":52.39289999999983,"failureMessages":[],"location":{"line":332,"column":5},"meta":{}},{"ancestorTitles":["Profile API","/api/profiles/:userId GET"],"fullName":"Profile API /api/profiles/:userId GET should return 200 for successfully getting profile","status":"passed","title":"should return 200 for successfully getting profile","duration":61.70980000000054,"failureMessages":[],"location":{"line":347,"column":5},"meta":{}},{"ancestorTitles":["Profile API","/api/profiles/:userId PATCH"],"fullName":"Profile API /api/profiles/:userId PATCH should return 401 for no auth token on header","status":"passed","title":"should return 401 for no auth token on header","duration":3.4706999999998516,"failureMessages":[],"location":{"line":398,"column":5},"meta":{}},{"ancestorTitles":["Profile API","/api/profiles/:userId PATCH"],"fullName":"Profile API /api/profiles/:userId PATCH should return 500 for unconfigured JWT","status":"passed","title":"should return 500 for unconfigured JWT","duration":3.4111000000002605,"failureMessages":[],"location":{"line":409,"column":5},"meta":{}},{"ancestorTitles":["Profile API","/api/profiles/:userId PATCH"],"fullName":"Profile API /api/profiles/:userId PATCH should return 401 for JWT verification error","status":"passed","title":"should return 401 for JWT verification error","duration":3.085700000000543,"failureMessages":[],"location":{"line":422,"column":5},"meta":{}},{"ancestorTitles":["Profile API","/api/profiles/:userId PATCH"],"fullName":"Profile API /api/profiles/:userId PATCH should return 500 for unknown error JWT","status":"passed","title":"should return 500 for unknown error JWT","duration":3.31670000000031,"failureMessages":[],"location":{"line":436,"column":5},"meta":{}},{"ancestorTitles":["Profile API","/api/profiles/:userId PATCH"],"fullName":"Profile API /api/profiles/:userId PATCH should return 400 for missing userId on params","status":"passed","title":"should return 400 for missing userId on params","duration":56.94869999999992,"failureMessages":[],"location":{"line":450,"column":5},"meta":{}},{"ancestorTitles":["Profile API","/api/profiles/:userId PATCH"],"fullName":"Profile API /api/profiles/:userId PATCH should return 400 for missing profileData in body","status":"passed","title":"should return 400 for missing profileData in body","duration":59.33939999999984,"failureMessages":[],"location":{"line":464,"column":5},"meta":{}},{"ancestorTitles":["Profile API","/api/profiles/:userId PATCH"],"fullName":"Profile API /api/profiles/:userId PATCH should return 500 for error during getting profile","status":"passed","title":"should return 500 for error during getting profile","duration":68.21849999999995,"failureMessages":[],"location":{"line":479,"column":5},"meta":{}},{"ancestorTitles":["Profile API","/api/profiles/:userId PATCH"],"fullName":"Profile API /api/profiles/:userId PATCH should return 404 for missing profile for userId","status":"passed","title":"should return 404 for missing profile for userId","duration":61.615600000000086,"failureMessages":[],"location":{"line":511,"column":5},"meta":{}},{"ancestorTitles":["Profile API","/api/profiles/:userId PATCH"],"fullName":"Profile API /api/profiles/:userId PATCH should return 500 for error with updating profile","status":"passed","title":"should return 500 for error with updating profile","duration":64.88790000000063,"failureMessages":[],"location":{"line":543,"column":5},"meta":{}},{"ancestorTitles":["Profile API","/api/profiles/:userId PATCH"],"fullName":"Profile API /api/profiles/:userId PATCH should return 200 for successfully updating profile","status":"passed","title":"should return 200 for successfully updating profile","duration":54.62119999999959,"failureMessages":[],"location":{"line":591,"column":5},"meta":{}},{"ancestorTitles":["Profile API","/api/profiles/passwords/:userId"],"fullName":"Profile API /api/profiles/passwords/:userId should return 400 for userId missing from params","status":"passed","title":"should return 400 for userId missing from params","duration":57.401600000000144,"failureMessages":[],"location":{"line":711,"column":5},"meta":{}},{"ancestorTitles":["Profile API","/api/profiles/passwords/:userId"],"fullName":"Profile API /api/profiles/passwords/:userId should return 400 for missing newPassword","status":"passed","title":"should return 400 for missing newPassword","duration":53.26249999999982,"failureMessages":[],"location":{"line":725,"column":5},"meta":{}},{"ancestorTitles":["Profile API","/api/profiles/passwords/:userId"],"fullName":"Profile API /api/profiles/passwords/:userId should return 400 for missing currentPassword","status":"passed","title":"should return 400 for missing currentPassword","duration":57.45290000000023,"failureMessages":[],"location":{"line":742,"column":5},"meta":{}},{"ancestorTitles":["Profile API","/api/profiles/passwords/:userId"],"fullName":"Profile API /api/profiles/passwords/:userId should return 400 for non string currentPassword","status":"passed","title":"should return 400 for non string currentPassword","duration":54.81590000000051,"failureMessages":[],"location":{"line":759,"column":5},"meta":{}},{"ancestorTitles":["Profile API","/api/profiles/passwords/:userId"],"fullName":"Profile API /api/profiles/passwords/:userId should return 400 for non string currentPassword","status":"passed","title":"should return 400 for non string currentPassword","duration":56.975500000000466,"failureMessages":[],"location":{"line":777,"column":5},"meta":{}},{"ancestorTitles":["Profile API","/api/profiles/passwords/:userId"],"fullName":"Profile API /api/profiles/passwords/:userId should return 500 for unknown error during getting user","status":"passed","title":"should return 500 for unknown error during getting user","duration":58.28099999999995,"failureMessages":[],"location":{"line":795,"column":5},"meta":{}},{"ancestorTitles":["Profile API","/api/profiles/passwords/:userId"],"fullName":"Profile API /api/profiles/passwords/:userId should return 404 for unknown user","status":"passed","title":"should return 404 for unknown user","duration":58.375599999999395,"failureMessages":[],"location":{"line":814,"column":5},"meta":{}},{"ancestorTitles":["Profile API","/api/profiles/passwords/:userId"],"fullName":"Profile API /api/profiles/passwords/:userId should return 401 for invalid currentPassword","status":"passed","title":"should return 401 for invalid currentPassword","duration":63.06600000000071,"failureMessages":[],"location":{"line":833,"column":5},"meta":{}},{"ancestorTitles":["Profile API","/api/profiles/passwords/:userId"],"fullName":"Profile API /api/profiles/passwords/:userId should return 500 for failed password update","status":"passed","title":"should return 500 for failed password update","duration":56.134500000000116,"failureMessages":[],"location":{"line":864,"column":5},"meta":{}},{"ancestorTitles":["Profile API","/api/profiles/passwords/:userId"],"fullName":"Profile API /api/profiles/passwords/:userId should return 200 for successful password update","status":"passed","title":"should return 200 for successful password update","duration":56.76980000000003,"failureMessages":[],"location":{"line":896,"column":5},"meta":{}}],"startTime":1754098806362,"endTime":1754098808739.7698,"status":"passed","message":"","name":"D:/Uni/C455/Project/team10/server/src/tests/integration/profile.test.ts"},{"assertionResults":[{"ancestorTitles":["SearchHistory Service","getOrCreateSearchHistory"],"fullName":"SearchHistory Service getOrCreateSearchHistory should return existing search history for user","status":"passed","title":"should return existing search history for user","duration":11.593199999999797,"failureMessages":[],"location":{"line":13,"column":5},"meta":{}},{"ancestorTitles":["SearchHistory Service","getOrCreateSearchHistory"],"fullName":"SearchHistory Service getOrCreateSearchHistory should create new search history for new user","status":"passed","title":"should create new search history for new user","duration":1.9304999999999382,"failureMessages":[],"location":{"line":29,"column":5},"meta":{}},{"ancestorTitles":["SearchHistory Service","getOrCreateSearchHistory"],"fullName":"SearchHistory Service getOrCreateSearchHistory should throw error for database failure","status":"passed","title":"should throw error for database failure","duration":1.4017000000003463,"failureMessages":[],"location":{"line":45,"column":5},"meta":{}},{"ancestorTitles":["SearchHistory Service","addSearchTerm"],"fullName":"SearchHistory Service addSearchTerm should add new search term to existing history","status":"passed","title":"should add new search term to existing history","duration":1.5760000000000218,"failureMessages":[],"location":{"line":58,"column":5},"meta":{}},{"ancestorTitles":["SearchHistory Service","addSearchTerm"],"fullName":"SearchHistory Service addSearchTerm should enforce 25 search term limit","status":"passed","title":"should enforce 25 search term limit","duration":3.9293000000002394,"failureMessages":[],"location":{"line":74,"column":5},"meta":{}},{"ancestorTitles":["SearchHistory Service","addSearchTerm"],"fullName":"SearchHistory Service addSearchTerm should throw error for database failure during add","status":"passed","title":"should throw error for database failure during add","duration":1.3115999999999985,"failureMessages":[],"location":{"line":91,"column":5},"meta":{}},{"ancestorTitles":["SearchHistory Service","getSearchHistory"],"fullName":"SearchHistory Service getSearchHistory should return search terms array for existing user","status":"passed","title":"should return search terms array for existing user","duration":2.1363000000001193,"failureMessages":[],"location":{"line":104,"column":5},"meta":{}},{"ancestorTitles":["SearchHistory Service","getSearchHistory"],"fullName":"SearchHistory Service getSearchHistory should return empty array for user with no search history","status":"passed","title":"should return empty array for user with no search history","duration":2.675799999999981,"failureMessages":[],"location":{"line":114,"column":5},"meta":{}},{"ancestorTitles":["SearchHistory Service","getSearchHistory"],"fullName":"SearchHistory Service getSearchHistory should throw error for database failure during get","status":"passed","title":"should throw error for database failure during get","duration":3.0199000000002343,"failureMessages":[],"location":{"line":122,"column":5},"meta":{}},{"ancestorTitles":["SearchHistory Service","Edge Cases"],"fullName":"SearchHistory Service Edge Cases should handle special characters in search terms","status":"passed","title":"should handle special characters in search terms","duration":1.4124000000001615,"failureMessages":[],"location":{"line":135,"column":5},"meta":{}},{"ancestorTitles":["SearchHistory Service","Edge Cases"],"fullName":"SearchHistory Service Edge Cases should handle unicode characters in search terms","status":"passed","title":"should handle unicode characters in search terms","duration":1.1616999999996551,"failureMessages":[],"location":{"line":152,"column":5},"meta":{}}],"startTime":1754098805577,"endTime":1754098805611.1616,"status":"passed","message":"","name":"D:/Uni/C455/Project/team10/server/src/tests/integration/searchHistory.test.ts"}]}