{"numTotalTestSuites":4,"numPassedTestSuites":4,"numFailedTestSuites":0,"numPendingTestSuites":0,"numTotalTests":4,"numPassedTests":4,"numFailedTests":0,"numPendingTests":0,"numTodoTests":0,"snapshot":{"added":0,"failure":false,"filesAdded":0,"filesRemoved":0,"filesRemovedList":[],"filesUnmatched":0,"filesUpdated":0,"matched":0,"total":0,"unchecked":0,"uncheckedKeysByFile":[],"unmatched":0,"updated":0,"didUpdate":false},"startTime":1753040732411,"success":true,"testResults":[{"assertionResults":[{"ancestorTitles":["LoginPage Button Tests"],"fullName":"LoginPage Button Tests should render the login button with correct text and attributes","status":"passed","title":"should render the login button with correct text and attributes","duration":54.19958299999996,"failureMessages":[],"location":{"line":35,"column":3},"meta":{}},{"ancestorTitles":["LoginPage Button Tests"],"fullName":"LoginPage Button Tests should show loading spinner when login clicked","status":"passed","title":"should show loading spinner when login clicked","duration":2019.392792,"failureMessages":[],"location":{"line":52,"column":3},"meta":{}}],"startTime":1753040733056,"endTime":1753040735129.3928,"status":"passed","message":"","name":"/Users/brandonkato/team10/client/src/tests/LoginPage.test.jsx"},{"assertionResults":[{"ancestorTitles":["RegistrationPage Tests"],"fullName":"RegistrationPage Tests should show error when password is too short","status":"passed","title":"should show error when password is too short","duration":23.107708000000002,"failureMessages":[],"location":{"line":34,"column":3},"meta":{}},{"ancestorTitles":["RegistrationPage Tests"],"fullName":"RegistrationPage Tests should show loading spinner when submitting","status":"passed","title":"should show loading spinner when submitting","duration":3016.223042,"failureMessages":[],"location":{"line":57,"column":3},"meta":{}}],"startTime":1753040733053,"endTime":1753040736092.2231,"status":"passed","message":"","name":"/Users/brandonkato/team10/client/src/tests/RegistrationPage.test.jsx"}]}