{"numTotalTestSuites":7,"numPassedTestSuites":7,"numFailedTestSuites":0,"numPendingTestSuites":0,"numTotalTests":6,"numPassedTests":6,"numFailedTests":0,"numPendingTests":0,"numTodoTests":0,"snapshot":{"added":0,"failure":false,"filesAdded":0,"filesRemoved":0,"filesRemovedList":[],"filesUnmatched":0,"filesUpdated":0,"matched":0,"total":0,"unchecked":0,"uncheckedKeysByFile":[],"unmatched":0,"updated":0,"didUpdate":false},"startTime":1753909875917,"success":true,"testResults":[{"assertionResults":[{"ancestorTitles":["Login Page","Visuals"],"fullName":"Login Page Visuals should render the login button with correct text and attributes","status":"passed","title":"should render the login button with correct text and attributes","duration":158.6271999999999,"failureMessages":[],"location":{"line":54,"column":5},"meta":{}},{"ancestorTitles":["Login Page","Login functionality"],"fullName":"Login Page Login functionality should show spinner during loading","status":"passed","title":"should show spinner during loading","duration":27.135099999999966,"failureMessages":[],"location":{"line":130,"column":5},"meta":{}},{"ancestorTitles":["Login Page","Login functionality"],"fullName":"Login Page Login functionality should call the auth, profile, and chat APIs","status":"passed","title":"should call the auth, profile, and chat APIs","duration":79.47310000000016,"failureMessages":[],"location":{"line":144,"column":5},"meta":{}},{"ancestorTitles":["Login Page","Login functionality"],"fullName":"Login Page Login functionality should redirect the user to / after login","status":"passed","title":"should redirect the user to / after login","duration":84.68520000000035,"failureMessages":[],"location":{"line":186,"column":5},"meta":{}}],"startTime":1753909878101,"endTime":1753909878451.6853,"status":"passed","message":"","name":"D:/Uni/C455/Project/team10/client/src/tests/unit/LoginPage.test.jsx"},{"assertionResults":[{"ancestorTitles":["RegistrationPage Tests","Register Function"],"fullName":"RegistrationPage Tests Register Function should show error when password is too short","status":"passed","title":"should show error when password is too short","duration":73.69799999999987,"failureMessages":[],"location":{"line":45,"column":5},"meta":{}},{"ancestorTitles":["RegistrationPage Tests","Register Function"],"fullName":"RegistrationPage Tests Register Function should show spinner when loading","status":"passed","title":"should show spinner when loading","duration":3050.1968000000006,"failureMessages":[],"location":{"line":68,"column":5},"meta":{}}],"startTime":1753909878078,"endTime":1753909881202.1968,"status":"passed","message":"","name":"D:/Uni/C455/Project/team10/client/src/tests/unit/RegistrationPage.test.jsx"}]}